  {
    "agent": {
      "ip": "192.168.88.66",
      "name": "Simran-Machine-Host-5th-Sem",
      "id": "053"
    },
    "manager": {
      "name": "vp"
    },
    "data": {
      "win": {
        "eventdata": {
          "originalFileName": "net.exe",
          "image": "C:\\\\Windows\\\\SysWOW64\\\\net.exe",
          "product": "Microsoft\u00ae Windows\u00ae Operating System",
          "parentProcessGuid": "{35c0bd55-a644-6aa2-8500-00000000f904}",
          "description": "Net Command",
          "logonGuid": "{35c0bd55-a640-6aa2-e703-000000000000}",
          "parentCommandLine": "\\\"C:\\\\Program Files (x86)\\\\ossec-agent\\\\wazuh-agent.exe\\\"",
          "processGuid": "{35c0bd55-a66f-6aa2-4401-00000000f904}",
          "logonId": "0x3e7",
          "parentProcessId": "6192",
          "processId": "8268",
          "currentDirectory": "C:\\\\Program Files (x86)\\\\ossec-agent\\\\",
          "utcTime": "2026-09-10 12:45:35.989",
          "hashes": "SHA256=E7A3A04DB13F7D5E65DB45DBED99B80C9AD9907BEEBA3416E2E5428E1EFB791E",
          "parentImage": "C:\\\\Program Files (x86)\\\\ossec-agent\\\\wazuh-agent.exe",
          "company": "Microsoft Corporation",
          "commandLine": "net user",
          "integrityLevel": "System",
          "fileVersion": "10.0.26100.7019 (WinBuild.160101.0800)",
          "user": "NT AUTHORITY\\\\SYSTEM",
          "terminalSessionId": "0",
          "parentUser": "NT AUTHORITY\\\\SYSTEM"
        },
        "system": {
          "eventID": "1",
          "keywords": "0x8000000000000000",
          "providerGuid": "{5770385f-c22a-43e0-bf4c-06f5698ffbd9}",
          "level": "4",
          "channel": "Microsoft-Windows-Sysmon/Operational",
          "opcode": "0",
          "message": "\"Process Create:\r\nRuleName: -\r\nUtcTime: 2026-09-10 12:45:35.989\r\nProcessGuid: {35c0bd55-a66f-6aa2-4401-00000000f904}\r\nProcessId: 8268\r\nImage: C:\\Windows\\SysWOW64\\net.exe\r\nFileVersion: 10.0.26100.7019 (WinBuild.160101.0800)\r\nDescription: Net Command\r\nProduct: Microsoft\u00ae Windows\u00ae Operating System\r\nCompany: Microsoft Corporation\r\nOriginalFileName: net.exe\r\nCommandLine: net user\r\nCurrentDirectory: C:\\Program Files (x86)\\ossec-agent\\\r\nUser: NT AUTHORITY\\SYSTEM\r\nLogonGuid: {35c0bd55-a640-6aa2-e703-000000000000}\r\nLogonId: 0x3E7\r\nTerminalSessionId: 0\r\nIntegrityLevel: System\r\nHashes: SHA256=E7A3A04DB13F7D5E65DB45DBED99B80C9AD9907BEEBA3416E2E5428E1EFB791E\r\nParentProcessGuid: {35c0bd55-a644-6aa2-8500-00000000f904}\r\nParentProcessId: 6192\r\nParentImage: C:\\Program Files (x86)\\ossec-agent\\wazuh-agent.exe\r\nParentCommandLine: \"C:\\Program Files (x86)\\ossec-agent\\wazuh-agent.exe\"\r\nParentUser: NT AUTHORITY\\SYSTEM\"",
          "version": "5",
          "systemTime": "2026-09-10T12:45:35.9984635Z",
          "eventRecordID": "147817",
          "threadID": "7740",
          "computer": "LAPTOP-P8C7UUVI",
          "task": "1",
          "processID": "6208",
          "severityValue": "INFORMATION",
          "providerName": "Microsoft-Windows-Sysmon"
        }
      }
    },
    "rule": {
      "firedtimes": 3,
      "mail": false,
      "level": 10,
      "description": "Discovery command via process creation audit",
      "groups": [
        "windows",
        "security_event",
        "custom_windows"
      ],
      "mitre": {
        "technique": [
          "System Information Discovery"
        ],
        "id": [
          "T1082"
        ],
        "tactic": [
          "Discovery"
        ]
      },
      "id": "200068"
    },
    "decoder": {
      "name": "windows_eventchannel"
    },
    "full_log": "{\"win\":{\"system\":{\"providerName\":\"Microsoft-Windows-Sysmon\",\"providerGuid\":\"{5770385f-c22a-43e0-bf4c-06f5698ffbd9}\",\"eventID\":\"1\",\"version\":\"5\",\"level\":\"4\",\"task\":\"1\",\"opcode\":\"0\",\"keywords\":\"0x8000000000000000\",\"systemTime\":\"2026-09-10T12:45:35.9984635Z\",\"eventRecordID\":\"147817\",\"processID\":\"6208\",\"threadID\":\"7740\",\"channel\":\"Microsoft-Windows-Sysmon/Operational\",\"computer\":\"LAPTOP-P8C7UUVI\",\"severityValue\":\"INFORMATION\",\"message\":\"\\\"Process Create:\\r\\nRuleName: -\\r\\nUtcTime: 2026-09-10 12:45:35.989\\r\\nProcessGuid: {35c0bd55-a66f-6aa2-4401-00000000f904}\\r\\nProcessId: 8268\\r\\nImage: C:\\\\Windows\\\\SysWOW64\\\\net.exe\\r\\nFileVersion: 10.0.26100.7019 (WinBuild.160101.0800)\\r\\nDescription: Net Command\\r\\nProduct: Microsoft\u00ae Windows\u00ae Operating System\\r\\nCompany: Microsoft Corporation\\r\\nOriginalFileName: net.exe\\r\\nCommandLine: net user\\r\\nCurrentDirectory: C:\\\\Program Files (x86)\\\\ossec-agent\\\\\\r\\nUser: NT AUTHORITY\\\\SYSTEM\\r\\nLogonGuid: {35c0bd55-a640-6aa2-e703-000000000000}\\r\\nLogonId: 0x3E7\\r\\nTerminalSessionId: 0\\r\\nIntegrityLevel: System\\r\\nHashes: SHA256=E7A3A04DB13F7D5E65DB45DBED99B80C9AD9907BEEBA3416E2E5428E1EFB791E\\r\\nParentProcessGuid: {35c0bd55-a644-6aa2-8500-00000000f904}\\r\\nParentProcessId: 6192\\r\\nParentImage: C:\\\\Program Files (x86)\\\\ossec-agent\\\\wazuh-agent.exe\\r\\nParentCommandLine: \\\"C:\\\\Program Files (x86)\\\\ossec-agent\\\\wazuh-agent.exe\\\"\\r\\nParentUser: NT AUTHORITY\\\\SYSTEM\\\"\"},\"eventdata\":{\"utcTime\":\"2026-09-10 12:45:35.989\",\"processGuid\":\"{35c0bd55-a66f-6aa2-4401-00000000f904}\",\"processId\":\"8268\",\"image\":\"C:\\\\\\\\Windows\\\\\\\\SysWOW64\\\\\\\\net.exe\",\"fileVersion\":\"10.0.26100.7019 (WinBuild.160101.0800)\",\"description\":\"Net Command\",\"product\":\"Microsoft\u00ae Windows\u00ae Operating System\",\"company\":\"Microsoft Corporation\",\"originalFileName\":\"net.exe\",\"commandLine\":\"net user\",\"currentDirectory\":\"C:\\\\\\\\Program Files (x86)\\\\\\\\ossec-agent\\\\\\\\\",\"user\":\"NT AUTHORITY\\\\\\\\SYSTEM\",\"logonGuid\":\"{35c0bd55-a640-6aa2-e703-000000000000}\",\"logonId\":\"0x3e7\",\"terminalSessionId\":\"0\",\"integrityLevel\":\"System\",\"hashes\":\"SHA256=E7A3A04DB13F7D5E65DB45DBED99B80C9AD9907BEEBA3416E2E5428E1EFB791E\",\"parentProcessGuid\":\"{35c0bd55-a644-6aa2-8500-00000000f904}\",\"parentProcessId\":\"6192\",\"parentImage\":\"C:\\\\\\\\Program Files (x86)\\\\\\\\ossec-agent\\\\\\\\wazuh-agent.exe\",\"parentCommandLine\":\"\\\\\\\"C:\\\\\\\\Program Files (x86)\\\\\\\\ossec-agent\\\\\\\\wazuh-agent.exe\\\\\\\"\",\"parentUser\":\"NT AUTHORITY\\\\\\\\SYSTEM\"}}}",
    "input": {
      "type": "log"
    },
    "@timestamp": "2026-09-10T13:08:37.808Z",
    "location": "EventChannel",
    "id": "1789045717.125782330",
    "timestamp": "2026-09-10T18:38:37.808+0530"
  },
  {
    "agent": {
      "ip": "192.168.88.66",
      "name": "Simran-Machine-Host-5th-Sem",
      "id": "053"
    },
    "manager": {
      "name": "vp"
    },
    "data": {
      "win": {
        "eventdata": {
          "originalFileName": "RUNDLL32.EXE",
          "image": "C:\\\\Windows\\\\System32\\\\rundll32.exe",
          "product": "Microsoft\u00ae Windows\u00ae Operating System",
          "parentProcessGuid": "{35c0bd55-a640-6aa2-0f00-00000000f904}",
          "description": "Windows host process (Rundll32)",
          "logonGuid": "{35c0bd55-a642-6aa2-7ef2-030000000000}",
          "parentCommandLine": "C:\\\\WINDOWS\\\\system32\\\\svchost.exe -k DcomLaunch -p",
          "processGuid": "{35c0bd55-a64e-6aa2-ce00-00000000f904}",
          "logonId": "0x3f27e",
          "parentProcessId": "1628",
          "processId": "11532",
          "currentDirectory": "C:\\\\WINDOWS\\\\system32\\\\",
          "utcTime": "2026-09-10 12:45:02.405",
          "hashes": "SHA256=F3E73F8A59B991FA8CDB91D4B37E11110C33A9EABDB25AF8AC8AB5CCF9E3BBF5",
          "parentImage": "C:\\\\Windows\\\\System32\\\\svchost.exe",
          "company": "Microsoft Corporation",
          "commandLine": "C:\\\\WINDOWS\\\\System32\\\\rundll32.exe C:\\\\WINDOWS\\\\System32\\\\shell32.dll,SHCreateLocalServerRunDll {995C996E-D918-4a8c-A302-45719A6F4EA7} -Embedding",
          "integrityLevel": "Medium",
          "fileVersion": "10.0.26100.9278 (WinBuild.160101.0800)",
          "user": "LAPTOP-P8C7UUVI\\\\simra",
          "terminalSessionId": "1",
          "parentUser": "NT AUTHORITY\\\\SYSTEM"
        },
        "system": {
          "eventID": "1",
          "keywords": "0x8000000000000000",
          "providerGuid": "{5770385f-c22a-43e0-bf4c-06f5698ffbd9}",
          "level": "4",
          "channel": "Microsoft-Windows-Sysmon/Operational",
          "opcode": "0",
          "message": "\"Process Create:\r\nRuleName: -\r\nUtcTime: 2026-09-10 12:45:02.405\r\nProcessGuid: {35c0bd55-a64e-6aa2-ce00-00000000f904}\r\nProcessId: 11532\r\nImage: C:\\Windows\\System32\\rundll32.exe\r\nFileVersion: 10.0.26100.9278 (WinBuild.160101.0800)\r\nDescription: Windows host process (Rundll32)\r\nProduct: Microsoft\u00ae Windows\u00ae Operating System\r\nCompany: Microsoft Corporation\r\nOriginalFileName: RUNDLL32.EXE\r\nCommandLine: C:\\WINDOWS\\System32\\rundll32.exe C:\\WINDOWS\\System32\\shell32.dll,SHCreateLocalServerRunDll {995C996E-D918-4a8c-A302-45719A6F4EA7} -Embedding\r\nCurrentDirectory: C:\\WINDOWS\\system32\\\r\nUser: LAPTOP-P8C7UUVI\\simra\r\nLogonGuid: {35c0bd55-a642-6aa2-7ef2-030000000000}\r\nLogonId: 0x3F27E\r\nTerminalSessionId: 1\r\nIntegrityLevel: Medium\r\nHashes: SHA256=F3E73F8A59B991FA8CDB91D4B37E11110C33A9EABDB25AF8AC8AB5CCF9E3BBF5\r\nParentProcessGuid: {35c0bd55-a640-6aa2-0f00-00000000f904}\r\nParentProcessId: 1628\r\nParentImage: C:\\Windows\\System32\\svchost.exe\r\nParentCommandLine: C:\\WINDOWS\\system32\\svchost.exe -k DcomLaunch -p\r\nParentUser: NT AUTHORITY\\SYSTEM\"",
          "version": "5",
          "systemTime": "2026-09-10T12:45:02.4434178Z",
          "eventRecordID": "147626",
          "threadID": "7740",
          "computer": "LAPTOP-P8C7UUVI",
          "task": "1",
          "processID": "6208",
          "severityValue": "INFORMATION",
          "providerName": "Microsoft-Windows-Sysmon"
        }
      }
    },
    "rule": {
      "firedtimes": 6,
      "mail": true,
      "level": 12,
      "description": "LOLBIN execution detected",
      "groups": [
        "windows",
        "sysmon",
        "custom_windows"
      ],
      "mitre": {
        "technique": [
          "System Binary Proxy Execution"
        ],
        "id": [
          "T1218"
        ],
        "tactic": [
          "Defense Evasion"
        ]
      },
      "id": "200006"
    },
    "decoder": {
      "name": "windows_eventchannel"
    },
    "full_log": "{\"win\":{\"system\":{\"providerName\":\"Microsoft-Windows-Sysmon\",\"providerGuid\":\"{5770385f-c22a-43e0-bf4c-06f5698ffbd9}\",\"eventID\":\"1\",\"version\":\"5\",\"level\":\"4\",\"task\":\"1\",\"opcode\":\"0\",\"keywords\":\"0x8000000000000000\",\"systemTime\":\"2026-09-10T12:45:02.4434178Z\",\"eventRecordID\":\"147626\",\"processID\":\"6208\",\"threadID\":\"7740\",\"channel\":\"Microsoft-Windows-Sysmon/Operational\",\"computer\":\"LAPTOP-P8C7UUVI\",\"severityValue\":\"INFORMATION\",\"message\":\"\\\"Process Create:\\r\\nRuleName: -\\r\\nUtcTime: 2026-09-10 12:45:02.405\\r\\nProcessGuid: {35c0bd55-a64e-6aa2-ce00-00000000f904}\\r\\nProcessId: 11532\\r\\nImage: C:\\\\Windows\\\\System32\\\\rundll32.exe\\r\\nFileVersion: 10.0.26100.9278 (WinBuild.160101.0800)\\r\\nDescription: Windows host process (Rundll32)\\r\\nProduct: Microsoft\u00ae Windows\u00ae Operating System\\r\\nCompany: Microsoft Corporation\\r\\nOriginalFileName: RUNDLL32.EXE\\r\\nCommandLine: C:\\\\WINDOWS\\\\System32\\\\rundll32.exe C:\\\\WINDOWS\\\\System32\\\\shell32.dll,SHCreateLocalServerRunDll {995C996E-D918-4a8c-A302-45719A6F4EA7} -Embedding\\r\\nCurrentDirectory: C:\\\\WINDOWS\\\\system32\\\\\\r\\nUser: LAPTOP-P8C7UUVI\\\\simra\\r\\nLogonGuid: {35c0bd55-a642-6aa2-7ef2-030000000000}\\r\\nLogonId: 0x3F27E\\r\\nTerminalSessionId: 1\\r\\nIntegrityLevel: Medium\\r\\nHashes: SHA256=F3E73F8A59B991FA8CDB91D4B37E11110C33A9EABDB25AF8AC8AB5CCF9E3BBF5\\r\\nParentProcessGuid: {35c0bd55-a640-6aa2-0f00-00000000f904}\\r\\nParentProcessId: 1628\\r\\nParentImage: C:\\\\Windows\\\\System32\\\\svchost.exe\\r\\nParentCommandLine: C:\\\\WINDOWS\\\\system32\\\\svchost.exe -k DcomLaunch -p\\r\\nParentUser: NT AUTHORITY\\\\SYSTEM\\\"\"},\"eventdata\":{\"utcTime\":\"2026-09-10 12:45:02.405\",\"processGuid\":\"{35c0bd55-a64e-6aa2-ce00-00000000f904}\",\"processId\":\"11532\",\"image\":\"C:\\\\\\\\Windows\\\\\\\\System32\\\\\\\\rundll32.exe\",\"fileVersion\":\"10.0.26100.9278 (WinBuild.160101.0800)\",\"description\":\"Windows host process (Rundll32)\",\"product\":\"Microsoft\u00ae Windows\u00ae Operating System\",\"company\":\"Microsoft Corporation\",\"originalFileName\":\"RUNDLL32.EXE\",\"commandLine\":\"C:\\\\\\\\WINDOWS\\\\\\\\System32\\\\\\\\rundll32.exe C:\\\\\\\\WINDOWS\\\\\\\\System32\\\\\\\\shell32.dll,SHCreateLocalServerRunDll {995C996E-D918-4a8c-A302-45719A6F4EA7} -Embedding\",\"currentDirectory\":\"C:\\\\\\\\WINDOWS\\\\\\\\system32\\\\\\\\\",\"user\":\"LAPTOP-P8C7UUVI\\\\\\\\simra\",\"logonGuid\":\"{35c0bd55-a642-6aa2-7ef2-030000000000}\",\"logonId\":\"0x3f27e\",\"terminalSessionId\":\"1\",\"integrityLevel\":\"Medium\",\"hashes\":\"SHA256=F3E73F8A59B991FA8CDB91D4B37E11110C33A9EABDB25AF8AC8AB5CCF9E3BBF5\",\"parentProcessGuid\":\"{35c0bd55-a640-6aa2-0f00-00000000f904}\",\"parentProcessId\":\"1628\",\"parentImage\":\"C:\\\\\\\\Windows\\\\\\\\System32\\\\\\\\svchost.exe\",\"parentCommandLine\":\"C:\\\\\\\\WINDOWS\\\\\\\\system32\\\\\\\\svchost.exe -k DcomLaunch -p\",\"parentUser\":\"NT AUTHORITY\\\\\\\\SYSTEM\"}}}",
    "input": {
      "type": "log"
    },
    "@timestamp": "2026-09-10T13:08:33.986Z",
    "location": "EventChannel",
    "id": "1789045713.125776560",
    "timestamp": "2026-09-10T18:38:33.986+0530"
  },
  {
    "agent": {
      "name": "vp",
      "id": "000"
    },
    "data": {
      "srcip": "62.60.130.253",
      "dstuser": "root",
      "srcport": "25236"
    },
    "rule": {
      "mail": false,
      "level": 5,
      "hipaa": [
        "164.312.b"
      ],
      "pci_dss": [
        "10.2.4",
        "10.2.5"
      ],
      "tsc": [
        "CC6.1",
        "CC6.8",
        "CC7.2",
        "CC7.3"
      ],
      "description": "sshd: authentication failed.",
      "groups": [
        "syslog",
        "sshd",
        "authentication_failed"
      ],
      "nist_800_53": [
        "AU.14",
        "AC.7"
      ],
      "gdpr": [
        "IV_35.7.d",
        "IV_32.2"
      ],
      "firedtimes": 41,
      "mitre": {
        "technique": [
          "Password Guessing",
          "SSH"
        ],
        "id": [
          "T1110.001",
          "T1021.004"
        ],
        "tactic": [
          "Credential Access",
          "Lateral Movement"
        ]
      },
      "id": "5760",
      "gpg13": [
        "7.1"
      ]
    },
    "full_log": "Sep 10 13:07:16 vp sshd[1957538]: Failed password for root from 62.60.130.253 port 25236 ssh2",
    "id": "1789045637.125775409",
    "timestamp": "2026-09-10T18:37:17.947+0530",
    "predecoder": {
      "hostname": "vp",
      "program_name": "sshd",
      "timestamp": "Sep 10 13:07:16"
    },
    "manager": {
      "name": "vp"
    },
    "decoder": {
      "parent": "sshd",
      "name": "sshd"
    },
    "input": {
      "type": "log"
    },
    "@timestamp": "2026-09-10T13:07:17.947Z",
    "location": "journald",
    "GeoLocation": {
      "country_name": "Iran",
      "location": {
        "lon": 51.4231,
        "lat": 35.6961
      }
    }
  },
  {
    "agent": {
      "name": "vp",
      "id": "000"
    },
    "data": {
      "srcip": "62.60.130.253",
      "dstuser": "root",
      "srcport": "25236"
    },
    "rule": {
      "firedtimes": 6,
      "mail": false,
      "level": 10,
      "description": "SSH brute force from 62.60.130.253",
      "groups": [
        "custom_attacks",
        "authentication_failures"
      ],
      "mitre": {
        "technique": [
          "Password Guessing"
        ],
        "id": [
          "T1110.001"
        ],
        "tactic": [
          "Credential Access"
        ]
      },
      "id": "100001",
      "frequency": 5
    },
    "full_log": "Sep 10 13:07:17 vp sshd[1957538]: Failed password for root from 62.60.130.253 port 25236 ssh2",
    "id": "1789045637.125775869",
    "timestamp": "2026-09-10T18:37:17.947+0530",
    "predecoder": {
      "hostname": "vp",
      "program_name": "sshd",
      "timestamp": "Sep 10 13:07:17"
    },
    "previous_output": "Sep 10 13:07:16 vp sshd[1957538]: Failed password for root from 62.60.130.253 port 25236 ssh2\nSep 10 13:07:11 vp sshd[1957538]: Failed password for root from 62.60.130.253 port 25236 ssh2\nSep 10 13:07:08 vp sshd[1957538]: Failed password for root from 62.60.130.253 port 25236 ssh2\nSep 10 13:07:05 vp sshd[1957538]: Failed password for root from 62.60.130.253 port 25236 ssh2",
    "manager": {
      "name": "vp"
    },
    "decoder": {
      "parent": "sshd",
      "name": "sshd"
    },
    "input": {
      "type": "log"
    },
    "@timestamp": "2026-09-10T13:07:17.947Z",
    "location": "journald",
    "GeoLocation": {
      "country_name": "Iran",
      "location": {
        "lon": 51.4231,
        "lat": 35.6961
      }
    }
  },
  {
    "agent": {
      "name": "vp",
      "id": "000"
    },
    "data": {
      "srcip": "62.60.130.253",
      "dstuser": "root",
      "srcport": "25236"
    },
    "rule": {
      "mail": false,
      "level": 5,
      "hipaa": [
        "164.312.b"
      ],
      "pci_dss": [
        "10.2.4",
        "10.2.5"
      ],
      "tsc": [
        "CC6.1",
        "CC6.8",
        "CC7.2",
        "CC7.3"
      ],
      "description": "sshd: authentication failed.",
      "groups": [
        "syslog",
        "sshd",
        "authentication_failed"
      ],
      "nist_800_53": [
        "AU.14",
        "AC.7"
      ],
      "gdpr": [
        "IV_35.7.d",
        "IV_32.2"
      ],
      "firedtimes": 40,
      "mitre": {
        "technique": [
          "Password Guessing",
          "SSH"
        ],
        "id": [
          "T1110.001",
          "T1021.004"
        ],
        "tactic": [
          "Credential Access",
          "Lateral Movement"
        ]
      },
      "id": "5760",
      "gpg13": [
        "7.1"
      ]
    },
    "full_log": "Sep 10 13:07:11 vp sshd[1957538]: Failed password for root from 62.60.130.253 port 25236 ssh2",
    "id": "1789045631.125774949",
    "timestamp": "2026-09-10T18:37:11.944+0530",
    "predecoder": {
      "hostname": "vp",
      "program_name": "sshd",
      "timestamp": "Sep 10 13:07:11"
    },
    "manager": {
      "name": "vp"
    },
    "decoder": {
      "parent": "sshd",
      "name": "sshd"
    },
    "input": {
      "type": "log"
    },
    "@timestamp": "2026-09-10T13:07:11.944Z",
    "location": "journald",
    "GeoLocation": {
      "country_name": "Iran",
      "location": {
        "lon": 51.4231,
        "lat": 35.6961
      }
    }
  },
  {
    "agent": {
      "name": "vp",
      "id": "000"
    },
    "data": {
      "srcip": "62.60.130.253",
      "dstuser": "root",
      "srcport": "25236"
    },
    "rule": {
      "mail": false,
      "level": 5,
      "hipaa": [
        "164.312.b"
      ],
      "pci_dss": [
        "10.2.4",
        "10.2.5"
      ],
      "tsc": [
        "CC6.1",
        "CC6.8",
        "CC7.2",
        "CC7.3"
      ],
      "description": "sshd: authentication failed.",
      "groups": [
        "syslog",
        "sshd",
        "authentication_failed"
      ],
      "nist_800_53": [
        "AU.14",
        "AC.7"
      ],
      "gdpr": [
        "IV_35.7.d",
        "IV_32.2"
      ],
      "firedtimes": 39,
      "mitre": {
        "technique": [
          "Password Guessing",
          "SSH"
        ],
        "id": [
          "T1110.001",
          "T1021.004"
        ],
        "tactic": [
          "Credential Access",
          "Lateral Movement"
        ]
      },
      "id": "5760",
      "gpg13": [
        "7.1"
      ]
    },
    "full_log": "Sep 10 13:07:08 vp sshd[1957538]: Failed password for root from 62.60.130.253 port 25236 ssh2",
    "id": "1789045629.125774489",
    "timestamp": "2026-09-10T18:37:09.944+0530",
    "predecoder": {
      "hostname": "vp",
      "program_name": "sshd",
      "timestamp": "Sep 10 13:07:08"
    },
    "manager": {
      "name": "vp"
    },
    "decoder": {
      "parent": "sshd",
      "name": "sshd"
    },
    "input": {
      "type": "log"
    },
    "@timestamp": "2026-09-10T13:07:09.944Z",
    "location": "journald",
    "GeoLocation": {
      "country_name": "Iran",
      "location": {
        "lon": 51.4231,
        "lat": 35.6961
      }
    }
  },
  {
    "agent": {
      "name": "vp",
      "id": "000"
    },
    "data": {
      "srcip": "62.60.130.253",
      "dstuser": "root",
      "srcport": "25236"
    },
    "rule": {
      "mail": false,
      "level": 5,
      "hipaa": [
        "164.312.b"
      ],
      "pci_dss": [
        "10.2.4",
        "10.2.5"
      ],
      "tsc": [
        "CC6.1",
        "CC6.8",
        "CC7.2",
        "CC7.3"
      ],
      "description": "sshd: authentication failed.",
      "groups": [
        "syslog",
        "sshd",
        "authentication_failed"
      ],
      "nist_800_53": [
        "AU.14",
        "AC.7"
      ],
      "gdpr": [
        "IV_35.7.d",
        "IV_32.2"
      ],
      "firedtimes": 38,
      "mitre": {
        "technique": [
          "Password Guessing",
          "SSH"
        ],
        "id": [
          "T1110.001",
          "T1021.004"
        ],
        "tactic": [
          "Credential Access",
          "Lateral Movement"
        ]
      },
      "id": "5760",
      "gpg13": [
        "7.1"
      ]
    },
    "full_log": "Sep 10 13:07:05 vp sshd[1957538]: Failed password for root from 62.60.130.253 port 25236 ssh2",
    "id": "1789045627.125774029",
    "timestamp": "2026-09-10T18:37:07.943+0530",
    "predecoder": {
      "hostname": "vp",
      "program_name": "sshd",
      "timestamp": "Sep 10 13:07:05"
    },
    "manager": {
      "name": "vp"
    },
    "decoder": {
      "parent": "sshd",
      "name": "sshd"
    },
    "input": {
      "type": "log"
    },
    "@timestamp": "2026-09-10T13:07:07.943Z",
    "location": "journald",
    "GeoLocation": {
      "country_name": "Iran",
      "location": {
        "lon": 51.4231,
        "lat": 35.6961
      }
    }
  },
  {
    "agent": {
      "name": "vp",
      "id": "000"
    },
    "data": {
      "uid": "0",
      "srcip": "62.60.130.253",
      "euid": "0",
      "dstuser": "root",
      "tty": "ssh"
    },
    "rule": {
      "mail": false,
      "level": 5,
      "pci_dss": [
        "10.2.4",
        "10.2.5"
      ],
      "hipaa": [
        "164.312.b"
      ],
      "tsc": [
        "CC6.1",
        "CC6.8",
        "CC7.2",
        "CC7.3"
      ],
      "description": "PAM: User login failed.",
      "groups": [
        "pam",
        "syslog",
        "authentication_failed"
      ],
      "nist_800_53": [
        "AU.14",
        "AC.7"
      ],
      "gdpr": [
        "IV_35.7.d",
        "IV_32.2"
      ],
      "firedtimes": 34,
      "mitre": {
        "technique": [
          "Password Guessing"
        ],
        "id": [
          "T1110.001"
        ],
        "tactic": [
          "Credential Access"
        ]
      },
      "id": "5503",
      "gpg13": [
        "7.8"
      ]
    },
    "full_log": "Sep 10 13:07:04 vp sshd[1957538]: pam_unix(sshd:auth): authentication failure; logname= uid=0 euid=0 tty=ssh ruser= rhost=62.60.130.253  user=root",
    "id": "1789045625.125773514",
    "timestamp": "2026-09-10T18:37:05.943+0530",
    "predecoder": {
      "hostname": "vp",
      "program_name": "sshd",
      "timestamp": "Sep 10 13:07:04"
    },
    "manager": {
      "name": "vp"
    },
    "decoder": {
      "name": "pam"
    },
    "input": {
      "type": "log"
    },
    "@timestamp": "2026-09-10T13:07:05.943Z",
    "location": "journald",
    "GeoLocation": {
      "country_name": "Iran",
      "location": {
        "lon": 51.4231,
        "lat": 35.6961
      }
    }
  },
  {
    "agent": {
      "name": "vp",
      "id": "000"
    },
    "data": {
      "srcip": "138.68.61.2",
      "dstuser": "root",
      "srcport": "35008"
    },
    "rule": {
      "mail": false,
      "level": 5,
      "hipaa": [
        "164.312.b"
      ],
      "pci_dss": [
        "10.2.4",
        "10.2.5"
      ],
      "tsc": [
        "CC6.1",
        "CC6.8",
        "CC7.2",
        "CC7.3"
      ],
      "description": "sshd: authentication failed.",
      "groups": [
        "syslog",
        "sshd",
        "authentication_failed"
      ],
      "nist_800_53": [
        "AU.14",
        "AC.7"
      ],
      "gdpr": [
        "IV_35.7.d",
        "IV_32.2"
      ],
      "firedtimes": 37,
      "mitre": {
        "technique": [
          "Password Guessing",
          "SSH"
        ],
        "id": [
          "T1110.001",
          "T1021.004"
        ],
        "tactic": [
          "Credential Access",
          "Lateral Movement"
        ]
      },
      "id": "5760",
      "gpg13": [
        "7.1"
      ]
    },
    "full_log": "Sep 10 13:06:39 vp sshd[1957461]: Failed password for root from 138.68.61.2 port 35008 ssh2",
    "id": "1789045599.125773058",
    "timestamp": "2026-09-10T18:36:39.932+0530",
    "predecoder": {
      "hostname": "vp",
      "program_name": "sshd",
      "timestamp": "Sep 10 13:06:39"
    },
    "manager": {
      "name": "vp"
    },
    "decoder": {
      "parent": "sshd",
      "name": "sshd"
    },
    "input": {
      "type": "log"
    },
    "@timestamp": "2026-09-10T13:06:39.932Z",
    "location": "journald",
    "GeoLocation": {
      "city_name": "Santa Clara",
      "country_name": "United States",
      "region_name": "California",
      "location": {
        "lon": -121.9753,
        "lat": 37.3417
      }
    }
  },
  {
    "agent": {
      "name": "vp",
      "id": "000"
    },
    "data": {
      "uid": "0",
      "srcip": "138.68.61.2",
      "euid": "0",
      "dstuser": "root",
      "tty": "ssh"
    },
    "rule": {
      "mail": false,
      "level": 5,
      "pci_dss": [
        "10.2.4",
        "10.2.5"
      ],
      "hipaa": [
        "164.312.b"
      ],
      "tsc": [
        "CC6.1",
        "CC6.8",
        "CC7.2",
        "CC7.3"
      ],
      "description": "PAM: User login failed.",
      "groups": [
        "pam",
        "syslog",
        "authentication_failed"
      ],
      "nist_800_53": [
        "AU.14",
        "AC.7"
      ],
      "gdpr": [
        "IV_35.7.d",
        "IV_32.2"
      ],
      "firedtimes": 33,
      "mitre": {
        "technique": [
          "Password Guessing"
        ],
        "id": [
          "T1110.001"
        ],
        "tactic": [
          "Credential Access"
        ]
      },
      "id": "5503",
      "gpg13": [
        "7.8"
      ]
    },
    "full_log": "Sep 10 13:06:37 vp sshd[1957461]: pam_unix(sshd:auth): authentication failure; logname= uid=0 euid=0 tty=ssh ruser= rhost=138.68.61.2  user=root",
    "id": "1789045597.125772547",
    "timestamp": "2026-09-10T18:36:37.932+0530",
    "predecoder": {
      "hostname": "vp",
      "program_name": "sshd",
      "timestamp": "Sep 10 13:06:37"
    },
    "manager": {
      "name": "vp"
    },
    "decoder": {
      "name": "pam"
    },
    "input": {
      "type": "log"
    },
    "@timestamp": "2026-09-10T13:06:37.932Z",
    "location": "journald",
    "GeoLocation": {
      "city_name": "Santa Clara",
      "country_name": "United States",
      "region_name": "California",
      "location": {
        "lon": -121.9753,
        "lat": 37.3417
      }
    }
  },
  {
    "agent": {
      "name": "vp",
      "id": "000"
    },
    "data": {
      "srcip": "179.61.154.216",
      "dstuser": "root",
      "srcport": "32982"
    },
    "rule": {
      "mail": false,
      "level": 5,
      "hipaa": [
        "164.312.b"
      ],
      "pci_dss": [
        "10.2.4",
        "10.2.5"
      ],
      "tsc": [
        "CC6.1",
        "CC6.8",
        "CC7.2",
        "CC7.3"
      ],
      "description": "sshd: authentication failed.",
      "groups": [
        "syslog",
        "sshd",
        "authentication_failed"
      ],
      "nist_800_53": [
        "AU.14",
        "AC.7"
      ],
      "gdpr": [
        "IV_35.7.d",
        "IV_32.2"
      ],
      "firedtimes": 36,
      "mitre": {
        "technique": [
          "Password Guessing",
          "SSH"
        ],
        "id": [
          "T1110.001",
          "T1021.004"
        ],
        "tactic": [
          "Credential Access",
          "Lateral Movement"
        ]
      },
      "id": "5760",
      "gpg13": [
        "7.1"
      ]
    },
    "full_log": "Sep 10 13:04:49 vp sshd[1957445]: Failed password for root from 179.61.154.216 port 32982 ssh2",
    "id": "1789045489.125772085",
    "timestamp": "2026-09-10T18:34:49.908+0530",
    "predecoder": {
      "hostname": "vp",
      "program_name": "sshd",
      "timestamp": "Sep 10 13:04:49"
    },
    "manager": {
      "name": "vp"
    },
    "decoder": {
      "parent": "sshd",
      "name": "sshd"
    },
    "input": {
      "type": "log"
    },
    "@timestamp": "2026-09-10T13:04:49.908Z",
    "location": "journald",
    "GeoLocation": {
      "city_name": "Frankfurt am Main",
      "country_name": "Germany",
      "region_name": "Hesse",
      "location": {
        "lon": 8.6843,
        "lat": 50.1188
      }
    }
  },
  {
    "agent": {
      "name": "vp",
      "id": "000"
    },
    "data": {
      "uid": "0",
      "srcip": "179.61.154.216",
      "euid": "0",
      "dstuser": "root",
      "tty": "ssh"
    },
    "rule": {
      "mail": false,
      "level": 5,
      "pci_dss": [
        "10.2.4",
        "10.2.5"
      ],
      "hipaa": [
        "164.312.b"
      ],
      "tsc": [
        "CC6.1",
        "CC6.8",
        "CC7.2",
        "CC7.3"
      ],
      "description": "PAM: User login failed.",
      "groups": [
        "pam",
        "syslog",
        "authentication_failed"
      ],
      "nist_800_53": [
        "AU.14",
        "AC.7"
      ],
      "gdpr": [
        "IV_35.7.d",
        "IV_32.2"
      ],
      "firedtimes": 32,
      "mitre": {
        "technique": [
          "Password Guessing"
        ],
        "id": [
          "T1110.001"
        ],
        "tactic": [
          "Credential Access"
        ]
      },
      "id": "5503",
      "gpg13": [
        "7.8"
      ]
    },
    "full_log": "Sep 10 13:04:47 vp sshd[1957445]: pam_unix(sshd:auth): authentication failure; logname= uid=0 euid=0 tty=ssh ruser= rhost=179.61.154.216  user=root",
    "id": "1789045487.125771568",
    "timestamp": "2026-09-10T18:34:47.907+0530",
    "predecoder": {
      "hostname": "vp",
      "program_name": "sshd",
      "timestamp": "Sep 10 13:04:47"
    },
    "manager": {
      "name": "vp"
    },
    "decoder": {
      "name": "pam"
    },
    "input": {
      "type": "log"
    },
    "@timestamp": "2026-09-10T13:04:47.907Z",
    "location": "journald",
    "GeoLocation": {
      "city_name": "Frankfurt am Main",
      "country_name": "Germany",
      "region_name": "Hesse",
      "location": {
        "lon": 8.6843,
        "lat": 50.1188
      }
    }
  },
  {
    "agent": {
      "name": "vp",
      "id": "000"
    },
    "data": {
      "srcuser": "Samba",
      "srcip": "87.107.6.203",
      "srcport": "19754"
    },
    "rule": {
      "mail": false,
      "level": 5,
      "hipaa": [
        "164.312.b"
      ],
      "pci_dss": [
        "10.2.4",
        "10.2.5",
        "10.6.1"
      ],
      "tsc": [
        "CC6.1",
        "CC6.8",
        "CC7.2",
        "CC7.3"
      ],
      "description": "sshd: Attempt to login using a non-existent user",
      "groups": [
        "syslog",
        "sshd",
        "authentication_failed",
        "invalid_login"
      ],
      "nist_800_53": [
        "AU.14",
        "AC.7",
        "AU.6"
      ],
      "gdpr": [
        "IV_35.7.d",
        "IV_32.2"
      ],
      "firedtimes": 25,
      "mitre": {
        "technique": [
          "Password Guessing",
          "SSH"
        ],
        "id": [
          "T1110.001",
          "T1021.004"
        ],
        "tactic": [
          "Credential Access",
          "Lateral Movement"
        ]
      },
      "id": "5710",
      "gpg13": [
        "7.1"
      ]
    },
    "full_log": "Sep 10 13:02:33 vp sshd[1957415]: Invalid user Samba from 87.107.6.203 port 19754",
    "id": "1789045353.125771066",
    "timestamp": "2026-09-10T18:32:33.878+0530",
    "predecoder": {
      "hostname": "vp",
      "program_name": "sshd",
      "timestamp": "Sep 10 13:02:33"
    },
    "manager": {
      "name": "vp"
    },
    "decoder": {
      "parent": "sshd",
      "name": "sshd"
    },
    "input": {
      "type": "log"
    },
    "@timestamp": "2026-09-10T13:02:33.878Z",
    "location": "journald",
    "GeoLocation": {
      "city_name": "Shiraz",
      "country_name": "Iran",
      "region_name": "Fars",
      "location": {
        "lon": 52.5388,
        "lat": 29.6036
      }
    }
  },
  {
    "agent": {
      "ip": "192.168.88.66",
      "name": "Simran-Machine-Host-5th-Sem",
      "id": "053"
    },
    "manager": {
      "name": "vp"
    },
    "data": {
      "win": {
        "eventdata": {
          "originalFileName": "REGSVR32.EXE",
          "image": "C:\\\\Windows\\\\System32\\\\regsvr32.exe",
          "product": "Microsoft\u00ae Windows\u00ae Operating System",
          "parentProcessGuid": "{35c0bd55-a644-6aa2-7d00-00000000f904}",
          "description": "Microsoft(C) Register Server",
          "logonGuid": "{35c0bd55-a640-6aa2-e703-000000000000}",
          "parentCommandLine": "\\\"\\\\\\\\?\\\\C:\\\\Program Files\\\\McAfee\\\\WPS\\\\1.40.161.1\\\\mc-fw-host.exe\\\" -service",
          "processGuid": "{35c0bd55-a648-6aa2-a300-00000000f904}",
          "logonId": "0x3e7",
          "parentProcessId": "6096",
          "processId": "9976",
          "currentDirectory": "\\\\\\\\?\\\\C:\\\\Program Files\\\\McAfee\\\\WPS\\\\1.40.161.1\\\\",
          "utcTime": "2026-09-10 12:44:56.212",
          "hashes": "SHA256=E2546FE32071EAA351F1FD188EBF6D3C2787AA186A6A42156A7B75BC881E14D2",
          "parentImage": "C:\\\\Program Files\\\\McAfee\\\\WPS\\\\1.40.161.1\\\\mc-fw-host.exe",
          "company": "Microsoft Corporation",
          "commandLine": " /s \\\"C:\\\\Program Files\\\\McAfee\\\\WPS\\\\1.40.161.1\\\\mc-sec-plugin-x86.dll\\\"",
          "integrityLevel": "System",
          "fileVersion": "10.0.26100.9278 (WinBuild.160101.0800)",
          "user": "NT AUTHORITY\\\\SYSTEM",
          "terminalSessionId": "0",
          "parentUser": "NT AUTHORITY\\\\SYSTEM"
        },
        "system": {
          "eventID": "1",
          "keywords": "0x8000000000000000",
          "providerGuid": "{5770385f-c22a-43e0-bf4c-06f5698ffbd9}",
          "level": "4",
          "channel": "Microsoft-Windows-Sysmon/Operational",
          "opcode": "0",
          "message": "\"Process Create:\r\nRuleName: -\r\nUtcTime: 2026-09-10 12:44:56.212\r\nProcessGuid: {35c0bd55-a648-6aa2-a300-00000000f904}\r\nProcessId: 9976\r\nImage: C:\\Windows\\System32\\regsvr32.exe\r\nFileVersion: 10.0.26100.9278 (WinBuild.160101.0800)\r\nDescription: Microsoft(C) Register Server\r\nProduct: Microsoft\u00ae Windows\u00ae Operating System\r\nCompany: Microsoft Corporation\r\nOriginalFileName: REGSVR32.EXE\r\nCommandLine:  /s \"C:\\Program Files\\McAfee\\WPS\\1.40.161.1\\mc-sec-plugin-x86.dll\"\r\nCurrentDirectory: \\\\?\\C:\\Program Files\\McAfee\\WPS\\1.40.161.1\\\r\nUser: NT AUTHORITY\\SYSTEM\r\nLogonGuid: {35c0bd55-a640-6aa2-e703-000000000000}\r\nLogonId: 0x3E7\r\nTerminalSessionId: 0\r\nIntegrityLevel: System\r\nHashes: SHA256=E2546FE32071EAA351F1FD188EBF6D3C2787AA186A6A42156A7B75BC881E14D2\r\nParentProcessGuid: {35c0bd55-a644-6aa2-7d00-00000000f904}\r\nParentProcessId: 6096\r\nParentImage: C:\\Program Files\\McAfee\\WPS\\1.40.161.1\\mc-fw-host.exe\r\nParentCommandLine: \"\\\\?\\C:\\Program Files\\McAfee\\WPS\\1.40.161.1\\mc-fw-host.exe\" -service\r\nParentUser: NT AUTHORITY\\SYSTEM\"",
          "version": "5",
          "systemTime": "2026-09-10T12:44:56.2187779Z",
          "eventRecordID": "147556",
          "threadID": "7740",
          "computer": "LAPTOP-P8C7UUVI",
          "task": "1",
          "processID": "6208",
          "severityValue": "INFORMATION",
          "providerName": "Microsoft-Windows-Sysmon"
        }
      }
    },
    "rule": {
      "firedtimes": 4,
      "mail": true,
      "level": 12,
      "description": "LOLBIN execution detected",
      "groups": [
        "windows",
        "sysmon",
        "custom_windows"
      ],
      "mitre": {
        "technique": [
          "System Binary Proxy Execution"
        ],
        "id": [
          "T1218"
        ],
        "tactic": [
          "Defense Evasion"
        ]
      },
      "id": "200006"
    },
    "decoder": {
      "name": "windows_eventchannel"
    },
    "full_log": "{\"win\":{\"system\":{\"providerName\":\"Microsoft-Windows-Sysmon\",\"providerGuid\":\"{5770385f-c22a-43e0-bf4c-06f5698ffbd9}\",\"eventID\":\"1\",\"version\":\"5\",\"level\":\"4\",\"task\":\"1\",\"opcode\":\"0\",\"keywords\":\"0x8000000000000000\",\"systemTime\":\"2026-09-10T12:44:56.2187779Z\",\"eventRecordID\":\"147556\",\"processID\":\"6208\",\"threadID\":\"7740\",\"channel\":\"Microsoft-Windows-Sysmon/Operational\",\"computer\":\"LAPTOP-P8C7UUVI\",\"severityValue\":\"INFORMATION\",\"message\":\"\\\"Process Create:\\r\\nRuleName: -\\r\\nUtcTime: 2026-09-10 12:44:56.212\\r\\nProcessGuid: {35c0bd55-a648-6aa2-a300-00000000f904}\\r\\nProcessId: 9976\\r\\nImage: C:\\\\Windows\\\\System32\\\\regsvr32.exe\\r\\nFileVersion: 10.0.26100.9278 (WinBuild.160101.0800)\\r\\nDescription: Microsoft(C) Register Server\\r\\nProduct: Microsoft\u00ae Windows\u00ae Operating System\\r\\nCompany: Microsoft Corporation\\r\\nOriginalFileName: REGSVR32.EXE\\r\\nCommandLine:  /s \\\"C:\\\\Program Files\\\\McAfee\\\\WPS\\\\1.40.161.1\\\\mc-sec-plugin-x86.dll\\\"\\r\\nCurrentDirectory: \\\\\\\\?\\\\C:\\\\Program Files\\\\McAfee\\\\WPS\\\\1.40.161.1\\\\\\r\\nUser: NT AUTHORITY\\\\SYSTEM\\r\\nLogonGuid: {35c0bd55-a640-6aa2-e703-000000000000}\\r\\nLogonId: 0x3E7\\r\\nTerminalSessionId: 0\\r\\nIntegrityLevel: System\\r\\nHashes: SHA256=E2546FE32071EAA351F1FD188EBF6D3C2787AA186A6A42156A7B75BC881E14D2\\r\\nParentProcessGuid: {35c0bd55-a644-6aa2-7d00-00000000f904}\\r\\nParentProcessId: 6096\\r\\nParentImage: C:\\\\Program Files\\\\McAfee\\\\WPS\\\\1.40.161.1\\\\mc-fw-host.exe\\r\\nParentCommandLine: \\\"\\\\\\\\?\\\\C:\\\\Program Files\\\\McAfee\\\\WPS\\\\1.40.161.1\\\\mc-fw-host.exe\\\" -service\\r\\nParentUser: NT AUTHORITY\\\\SYSTEM\\\"\"},\"eventdata\":{\"utcTime\":\"2026-09-10 12:44:56.212\",\"processGuid\":\"{35c0bd55-a648-6aa2-a300-00000000f904}\",\"processId\":\"9976\",\"image\":\"C:\\\\\\\\Windows\\\\\\\\System32\\\\\\\\regsvr32.exe\",\"fileVersion\":\"10.0.26100.9278 (WinBuild.160101.0800)\",\"description\":\"Microsoft(C) Register Server\",\"product\":\"Microsoft\u00ae Windows\u00ae Operating System\",\"company\":\"Microsoft Corporation\",\"originalFileName\":\"REGSVR32.EXE\",\"commandLine\":\" /s \\\\\\\"C:\\\\\\\\Program Files\\\\\\\\McAfee\\\\\\\\WPS\\\\\\\\1.40.161.1\\\\\\\\mc-sec-plugin-x86.dll\\\\\\\"\",\"currentDirectory\":\"\\\\\\\\\\\\\\\\?\\\\\\\\C:\\\\\\\\Program Files\\\\\\\\McAfee\\\\\\\\WPS\\\\\\\\1.40.161.1\\\\\\\\\",\"user\":\"NT AUTHORITY\\\\\\\\SYSTEM\",\"logonGuid\":\"{35c0bd55-a640-6aa2-e703-000000000000}\",\"logonId\":\"0x3e7\",\"terminalSessionId\":\"0\",\"integrityLevel\":\"System\",\"hashes\":\"SHA256=E2546FE32071EAA351F1FD188EBF6D3C2787AA186A6A42156A7B75BC881E14D2\",\"parentProcessGuid\":\"{35c0bd55-a644-6aa2-7d00-00000000f904}\",\"parentProcessId\":\"6096\",\"parentImage\":\"C:\\\\\\\\Program Files\\\\\\\\McAfee\\\\\\\\WPS\\\\\\\\1.40.161.1\\\\\\\\mc-fw-host.exe\",\"parentCommandLine\":\"\\\\\\\"\\\\\\\\\\\\\\\\?\\\\\\\\C:\\\\\\\\Program Files\\\\\\\\McAfee\\\\\\\\WPS\\\\\\\\1.40.161.1\\\\\\\\mc-fw-host.exe\\\\\\\" -service\",\"parentUser\":\"NT AUTHORITY\\\\\\\\SYSTEM\"}}}",
    "input": {
      "type": "log"
    },
    "@timestamp": "2026-09-10T13:02:11.983Z",
    "location": "EventChannel",
    "id": "1789045331.125759625",
    "timestamp": "2026-09-10T18:32:11.983+0530"
  },
  {
    "agent": {
      "ip": "192.168.88.66",
      "name": "Simran-Machine-Host-5th-Sem",
      "id": "053"
    },
    "manager": {
      "name": "vp"
    },
    "data": {
      "win": {
        "eventdata": {
          "originalFileName": "REGSVR32.EXE",
          "image": "C:\\\\Windows\\\\SysWOW64\\\\regsvr32.exe",
          "product": "Microsoft\u00ae Windows\u00ae Operating System",
          "parentProcessGuid": "{35c0bd55-a648-6aa2-a300-00000000f904}",
          "description": "Microsoft(C) Register Server",
          "logonGuid": "{35c0bd55-a640-6aa2-e703-000000000000}",
          "parentCommandLine": " /s \\\"C:\\\\Program Files\\\\McAfee\\\\WPS\\\\1.40.161.1\\\\mc-sec-plugin-x86.dll\\\"",
          "processGuid": "{35c0bd55-a648-6aa2-a400-00000000f904}",
          "logonId": "0x3e7",
          "parentProcessId": "9976",
          "processId": "10056",
          "currentDirectory": "\\\\\\\\?\\\\C:\\\\Program Files\\\\McAfee\\\\WPS\\\\1.40.161.1\\\\",
          "utcTime": "2026-09-10 12:44:56.285",
          "hashes": "SHA256=4F4D821B01138B3D1FB43BB812809EC1062CF3AF440FA770670D4EEEFE4D90C9",
          "parentImage": "C:\\\\Windows\\\\System32\\\\regsvr32.exe",
          "company": "Microsoft Corporation",
          "commandLine": " /s \\\"C:\\\\Program Files\\\\McAfee\\\\WPS\\\\1.40.161.1\\\\mc-sec-plugin-x86.dll\\\"",
          "integrityLevel": "System",
          "fileVersion": "10.0.26100.9278 (WinBuild.160101.0800)",
          "user": "NT AUTHORITY\\\\SYSTEM",
          "terminalSessionId": "0",
          "parentUser": "NT AUTHORITY\\\\SYSTEM"
        },
        "system": {
          "eventID": "1",
          "keywords": "0x8000000000000000",
          "providerGuid": "{5770385f-c22a-43e0-bf4c-06f5698ffbd9}",
          "level": "4",
          "channel": "Microsoft-Windows-Sysmon/Operational",
          "opcode": "0",
          "message": "\"Process Create:\r\nRuleName: -\r\nUtcTime: 2026-09-10 12:44:56.285\r\nProcessGuid: {35c0bd55-a648-6aa2-a400-00000000f904}\r\nProcessId: 10056\r\nImage: C:\\Windows\\SysWOW64\\regsvr32.exe\r\nFileVersion: 10.0.26100.9278 (WinBuild.160101.0800)\r\nDescription: Microsoft(C) Register Server\r\nProduct: Microsoft\u00ae Windows\u00ae Operating System\r\nCompany: Microsoft Corporation\r\nOriginalFileName: REGSVR32.EXE\r\nCommandLine:  /s \"C:\\Program Files\\McAfee\\WPS\\1.40.161.1\\mc-sec-plugin-x86.dll\"\r\nCurrentDirectory: \\\\?\\C:\\Program Files\\McAfee\\WPS\\1.40.161.1\\\r\nUser: NT AUTHORITY\\SYSTEM\r\nLogonGuid: {35c0bd55-a640-6aa2-e703-000000000000}\r\nLogonId: 0x3E7\r\nTerminalSessionId: 0\r\nIntegrityLevel: System\r\nHashes: SHA256=4F4D821B01138B3D1FB43BB812809EC1062CF3AF440FA770670D4EEEFE4D90C9\r\nParentProcessGuid: {35c0bd55-a648-6aa2-a300-00000000f904}\r\nParentProcessId: 9976\r\nParentImage: C:\\Windows\\System32\\regsvr32.exe\r\nParentCommandLine:  /s \"C:\\Program Files\\McAfee\\WPS\\1.40.161.1\\mc-sec-plugin-x86.dll\"\r\nParentUser: NT AUTHORITY\\SYSTEM\"",
          "version": "5",
          "systemTime": "2026-09-10T12:44:56.2884978Z",
          "eventRecordID": "147557",
          "threadID": "7740",
          "computer": "LAPTOP-P8C7UUVI",
          "task": "1",
          "processID": "6208",
          "severityValue": "INFORMATION",
          "providerName": "Microsoft-Windows-Sysmon"
        }
      }
    },
    "rule": {
      "firedtimes": 5,
      "mail": true,
      "level": 12,
      "description": "LOLBIN execution detected",
      "groups": [
        "windows",
        "sysmon",
        "custom_windows"
      ],
      "mitre": {
        "technique": [
          "System Binary Proxy Execution"
        ],
        "id": [
          "T1218"
        ],
        "tactic": [
          "Defense Evasion"
        ]
      },
      "id": "200006"
    },
    "decoder": {
      "name": "windows_eventchannel"
    },
    "full_log": "{\"win\":{\"system\":{\"providerName\":\"Microsoft-Windows-Sysmon\",\"providerGuid\":\"{5770385f-c22a-43e0-bf4c-06f5698ffbd9}\",\"eventID\":\"1\",\"version\":\"5\",\"level\":\"4\",\"task\":\"1\",\"opcode\":\"0\",\"keywords\":\"0x8000000000000000\",\"systemTime\":\"2026-09-10T12:44:56.2884978Z\",\"eventRecordID\":\"147557\",\"processID\":\"6208\",\"threadID\":\"7740\",\"channel\":\"Microsoft-Windows-Sysmon/Operational\",\"computer\":\"LAPTOP-P8C7UUVI\",\"severityValue\":\"INFORMATION\",\"message\":\"\\\"Process Create:\\r\\nRuleName: -\\r\\nUtcTime: 2026-09-10 12:44:56.285\\r\\nProcessGuid: {35c0bd55-a648-6aa2-a400-00000000f904}\\r\\nProcessId: 10056\\r\\nImage: C:\\\\Windows\\\\SysWOW64\\\\regsvr32.exe\\r\\nFileVersion: 10.0.26100.9278 (WinBuild.160101.0800)\\r\\nDescription: Microsoft(C) Register Server\\r\\nProduct: Microsoft\u00ae Windows\u00ae Operating System\\r\\nCompany: Microsoft Corporation\\r\\nOriginalFileName: REGSVR32.EXE\\r\\nCommandLine:  /s \\\"C:\\\\Program Files\\\\McAfee\\\\WPS\\\\1.40.161.1\\\\mc-sec-plugin-x86.dll\\\"\\r\\nCurrentDirectory: \\\\\\\\?\\\\C:\\\\Program Files\\\\McAfee\\\\WPS\\\\1.40.161.1\\\\\\r\\nUser: NT AUTHORITY\\\\SYSTEM\\r\\nLogonGuid: {35c0bd55-a640-6aa2-e703-000000000000}\\r\\nLogonId: 0x3E7\\r\\nTerminalSessionId: 0\\r\\nIntegrityLevel: System\\r\\nHashes: SHA256=4F4D821B01138B3D1FB43BB812809EC1062CF3AF440FA770670D4EEEFE4D90C9\\r\\nParentProcessGuid: {35c0bd55-a648-6aa2-a300-00000000f904}\\r\\nParentProcessId: 9976\\r\\nParentImage: C:\\\\Windows\\\\System32\\\\regsvr32.exe\\r\\nParentCommandLine:  /s \\\"C:\\\\Program Files\\\\McAfee\\\\WPS\\\\1.40.161.1\\\\mc-sec-plugin-x86.dll\\\"\\r\\nParentUser: NT AUTHORITY\\\\SYSTEM\\\"\"},\"eventdata\":{\"utcTime\":\"2026-09-10 12:44:56.285\",\"processGuid\":\"{35c0bd55-a648-6aa2-a400-00000000f904}\",\"processId\":\"10056\",\"image\":\"C:\\\\\\\\Windows\\\\\\\\SysWOW64\\\\\\\\regsvr32.exe\",\"fileVersion\":\"10.0.26100.9278 (WinBuild.160101.0800)\",\"description\":\"Microsoft(C) Register Server\",\"product\":\"Microsoft\u00ae Windows\u00ae Operating System\",\"company\":\"Microsoft Corporation\",\"originalFileName\":\"REGSVR32.EXE\",\"commandLine\":\" /s \\\\\\\"C:\\\\\\\\Program Files\\\\\\\\McAfee\\\\\\\\WPS\\\\\\\\1.40.161.1\\\\\\\\mc-sec-plugin-x86.dll\\\\\\\"\",\"currentDirectory\":\"\\\\\\\\\\\\\\\\?\\\\\\\\C:\\\\\\\\Program Files\\\\\\\\McAfee\\\\\\\\WPS\\\\\\\\1.40.161.1\\\\\\\\\",\"user\":\"NT AUTHORITY\\\\\\\\SYSTEM\",\"logonGuid\":\"{35c0bd55-a640-6aa2-e703-000000000000}\",\"logonId\":\"0x3e7\",\"terminalSessionId\":\"0\",\"integrityLevel\":\"System\",\"hashes\":\"SHA256=4F4D821B01138B3D1FB43BB812809EC1062CF3AF440FA770670D4EEEFE4D90C9\",\"parentProcessGuid\":\"{35c0bd55-a648-6aa2-a300-00000000f904}\",\"parentProcessId\":\"9976\",\"parentImage\":\"C:\\\\\\\\Windows\\\\\\\\System32\\\\\\\\regsvr32.exe\",\"parentCommandLine\":\" /s \\\\\\\"C:\\\\\\\\Program Files\\\\\\\\McAfee\\\\\\\\WPS\\\\\\\\1.40.161.1\\\\\\\\mc-sec-plugin-x86.dll\\\\\\\"\",\"parentUser\":\"NT AUTHORITY\\\\\\\\SYSTEM\"}}}",
    "input": {
      "type": "log"
    },
    "@timestamp": "2026-09-10T13:02:11.983Z",
    "location": "EventChannel",
    "id": "1789045331.125765402",
    "timestamp": "2026-09-10T18:32:11.983+0530"
  },
