  {
    "agent": {
      "ip": "192.168.88.66",
      "name": "Simran-Machine-Host-5th-Sem",
      "id": "053"
    },
    "manager": {
      "name": "vp"
    },
    "data": {
      "win": {
        "eventdata": {
          "subjectLogonId": "0x3e7",
          "subjectDomainName": "WORKGROUP",
          "targetLinkedLogonId": "0xe429c5",
          "impersonationLevel": "%%1833",
          "ipAddress": "127.0.0.1",
          "authenticationPackageName": "Negotiate",
          "workstationName": "LAPTOP-P8C7UUVI",
          "targetLogonId": "0xe426d9",
          "logonProcessName": "User32",
          "logonGuid": "{00000000-0000-0000-0000-000000000000}",
          "targetUserName": "simranrauniyar387@gmail.com",
          "keyLength": "0",
          "elevatedToken": "%%1842",
          "subjectUserSid": "S-1-5-18",
          "processId": "0xa74",
          "processName": "C:\\\\Windows\\\\System32\\\\svchost.exe",
          "ipPort": "0",
          "targetDomainName": "MicrosoftAccount",
          "targetUserSid": "S-1-5-21-2097721581-3874961944-690806462-1001",
          "virtualAccount": "%%1843",
          "logonType": "11",
          "subjectUserName": "LAPTOP-P8C7UUVI$"
        },
        "system": {
          "eventID": "4624",
          "keywords": "0x8020000000000000",
          "providerGuid": "{54849625-5478-4994-a5ba-3e3b0328c30d}",
          "level": "0",
          "channel": "Security",
          "opcode": "0",
          "message": "\"An account was successfully logged on.\r\n\r\nSubject:\r\n\tSecurity ID:\t\tS-1-5-18\r\n\tAccount Name:\t\tLAPTOP-P8C7UUVI$\r\n\tAccount Domain:\t\tWORKGROUP\r\n\tLogon ID:\t\t0x3E7\r\n\r\nLogon Information:\r\n\tLogon Type:\t\t11\r\n\tRestricted Admin Mode:\t-\r\n\tRemote Credential Guard:\t-\r\n\tVirtual Account:\t\tNo\r\n\tElevated Token:\t\tYes\r\n\r\nImpersonation Level:\t\tImpersonation\r\n\r\nNew Logon:\r\n\tSecurity ID:\t\tS-1-5-21-2097721581-3874961944-690806462-1001\r\n\tAccount Name:\t\tsimranrauniyar387@gmail.com\r\n\tAccount Domain:\t\tMicrosoftAccount\r\n\tLogon ID:\t\t0xE426D9\r\n\tLinked Logon ID:\t\t0xE429C5\r\n\tNetwork Account Name:\t-\r\n\tNetwork Account Domain:\t-\r\n\tLogon GUID:\t\t{00000000-0000-0000-0000-000000000000}\r\n\r\nProcess Information:\r\n\tProcess ID:\t\t0xa74\r\n\tProcess Name:\t\tC:\\Windows\\System32\\svchost.exe\r\n\r\nNetwork Information:\r\n\tWorkstation Name:\tLAPTOP-P8C7UUVI\r\n\tSource Network Address:\t127.0.0.1\r\n\tSource Port:\t\t0\r\n\r\nDetailed Authentication Information:\r\n\tLogon Process:\t\tUser32 \r\n\tAuthentication Package:\tNegotiate\r\n\tTransited Services:\t-\r\n\tPackage Name (NTLM only):\t-\r\n\tKey Length:\t\t0\r\n\r\nThis event is generated when a logon session is created. It is generated on the computer that was accessed.\r\n\r\nThe subject fields indicate the account on the local system which requested the logon. This is most commonly a service such as the Server service, or a local process such as Winlogon.exe or Services.exe.\r\n\r\nThe logon type field indicates the kind of logon that occurred. The most common types are 2 (interactive) and 3 (network).\r\n\r\nThe New Logon fields indicate the account for whom the new logon was created, i.e. the account that was logged on.\r\n\r\nThe network fields indicate where a remote logon request originated. Workstation name is not always available and may be left blank in some cases.\r\n\r\nThe impersonation level field indicates the extent to which a process in the logon session can impersonate.\r\n\r\nThe authentication information fields provide detailed information about this specific logon request.\r\n\t- Logon GUID is a unique identifier that can be used to correlate this event with a KDC event.\r\n\t- Transited services indicate which intermediate services have participated in this logon request.\r\n\t- Package name indicates which sub-protocol was used among the NTLM protocols.\r\n\t- Key length indicates the length of the generated session key. This will be 0 if no session key was requested.\"",
          "version": "3",
          "systemTime": "2026-09-10T13:01:30.4559299Z",
          "eventRecordID": "5839074",
          "threadID": "1144",
          "computer": "LAPTOP-P8C7UUVI",
          "task": "12544",
          "processID": "1480",
          "severityValue": "AUDIT_SUCCESS",
          "providerName": "Microsoft-Windows-Security-Auditing"
        }
      }
    },
    "rule": {
      "firedtimes": 3,
      "mail": true,
      "level": 12,
      "description": "Windows: Pass-the-hash / logon anomaly",
      "groups": [
        "custom_attacks",
        "windows"
      ],
      "mitre": {
        "technique": [
          "Pass the Hash"
        ],
        "id": [
          "T1550.002"
        ],
        "tactic": [
          "Defense Evasion",
          "Lateral Movement"
        ]
      },
      "id": "100140"
    },
    "decoder": {
      "name": "windows_eventchannel"
    },
    "full_log": "{\"win\":{\"system\":{\"providerName\":\"Microsoft-Windows-Security-Auditing\",\"providerGuid\":\"{54849625-5478-4994-a5ba-3e3b0328c30d}\",\"eventID\":\"4624\",\"version\":\"3\",\"level\":\"0\",\"task\":\"12544\",\"opcode\":\"0\",\"keywords\":\"0x8020000000000000\",\"systemTime\":\"2026-09-10T13:01:30.4559299Z\",\"eventRecordID\":\"5839074\",\"processID\":\"1480\",\"threadID\":\"1144\",\"channel\":\"Security\",\"computer\":\"LAPTOP-P8C7UUVI\",\"severityValue\":\"AUDIT_SUCCESS\",\"message\":\"\\\"An account was successfully logged on.\\r\\n\\r\\nSubject:\\r\\n\\tSecurity ID:\\t\\tS-1-5-18\\r\\n\\tAccount Name:\\t\\tLAPTOP-P8C7UUVI$\\r\\n\\tAccount Domain:\\t\\tWORKGROUP\\r\\n\\tLogon ID:\\t\\t0x3E7\\r\\n\\r\\nLogon Information:\\r\\n\\tLogon Type:\\t\\t11\\r\\n\\tRestricted Admin Mode:\\t-\\r\\n\\tRemote Credential Guard:\\t-\\r\\n\\tVirtual Account:\\t\\tNo\\r\\n\\tElevated Token:\\t\\tYes\\r\\n\\r\\nImpersonation Level:\\t\\tImpersonation\\r\\n\\r\\nNew Logon:\\r\\n\\tSecurity ID:\\t\\tS-1-5-21-2097721581-3874961944-690806462-1001\\r\\n\\tAccount Name:\\t\\tsimranrauniyar387@gmail.com\\r\\n\\tAccount Domain:\\t\\tMicrosoftAccount\\r\\n\\tLogon ID:\\t\\t0xE426D9\\r\\n\\tLinked Logon ID:\\t\\t0xE429C5\\r\\n\\tNetwork Account Name:\\t-\\r\\n\\tNetwork Account Domain:\\t-\\r\\n\\tLogon GUID:\\t\\t{00000000-0000-0000-0000-000000000000}\\r\\n\\r\\nProcess Information:\\r\\n\\tProcess ID:\\t\\t0xa74\\r\\n\\tProcess Name:\\t\\tC:\\\\Windows\\\\System32\\\\svchost.exe\\r\\n\\r\\nNetwork Information:\\r\\n\\tWorkstation Name:\\tLAPTOP-P8C7UUVI\\r\\n\\tSource Network Address:\\t127.0.0.1\\r\\n\\tSource Port:\\t\\t0\\r\\n\\r\\nDetailed Authentication Information:\\r\\n\\tLogon Process:\\t\\tUser32 \\r\\n\\tAuthentication Package:\\tNegotiate\\r\\n\\tTransited Services:\\t-\\r\\n\\tPackage Name (NTLM only):\\t-\\r\\n\\tKey Length:\\t\\t0\\r\\n\\r\\nThis event is generated when a logon session is created. It is generated on the computer that was accessed.\\r\\n\\r\\nThe subject fields indicate the account on the local system which requested the logon. This is most commonly a service such as the Server service, or a local process such as Winlogon.exe or Services.exe.\\r\\n\\r\\nThe logon type field indicates the kind of logon that occurred. The most common types are 2 (interactive) and 3 (network).\\r\\n\\r\\nThe New Logon fields indicate the account for whom the new logon was created, i.e. the account that was logged on.\\r\\n\\r\\nThe network fields indicate where a remote logon request originated. Workstation name is not always available and may be left blank in some cases.\\r\\n\\r\\nThe impersonation level field indicates the extent to which a process in the logon session can impersonate.\\r\\n\\r\\nThe authentication information fields provide detailed information about this specific logon request.\\r\\n\\t- Logon GUID is a unique identifier that can be used to correlate this event with a KDC event.\\r\\n\\t- Transited services indicate which intermediate services have participated in this logon request.\\r\\n\\t- Package name indicates which sub-protocol was used among the NTLM protocols.\\r\\n\\t- Key length indicates the length of the generated session key. This will be 0 if no session key was requested.\\\"\"},\"eventdata\":{\"subjectUserSid\":\"S-1-5-18\",\"subjectUserName\":\"LAPTOP-P8C7UUVI$\",\"subjectDomainName\":\"WORKGROUP\",\"subjectLogonId\":\"0x3e7\",\"targetUserSid\":\"S-1-5-21-2097721581-3874961944-690806462-1001\",\"targetUserName\":\"simranrauniyar387@gmail.com\",\"targetDomainName\":\"MicrosoftAccount\",\"targetLogonId\":\"0xe426d9\",\"logonType\":\"11\",\"logonProcessName\":\"User32\",\"authenticationPackageName\":\"Negotiate\",\"workstationName\":\"LAPTOP-P8C7UUVI\",\"logonGuid\":\"{00000000-0000-0000-0000-000000000000}\",\"keyLength\":\"0\",\"processId\":\"0xa74\",\"processName\":\"C:\\\\\\\\Windows\\\\\\\\System32\\\\\\\\svchost.exe\",\"ipAddress\":\"127.0.0.1\",\"ipPort\":\"0\",\"impersonationLevel\":\"%%1833\",\"virtualAccount\":\"%%1843\",\"targetLinkedLogonId\":\"0xe429c5\",\"elevatedToken\":\"%%1842\"}}}",
    "input": {
      "type": "log"
    },
    "@timestamp": "2026-09-10T13:09:03.182Z",
    "location": "EventChannel",
    "id": "1789045743.125869918",
    "timestamp": "2026-09-10T18:39:03.182+0530"
  },
  {
    "agent": {
      "ip": "192.168.88.66",
      "name": "Simran-Machine-Host-5th-Sem",
      "id": "053"
    },
    "manager": {
      "name": "vp"
    },
    "data": {
      "win": {
        "eventdata": {
          "subjectLogonId": "0x3e7",
          "targetUserName": "simra",
          "subjectUserSid": "S-1-5-18",
          "subjectDomainName": "WORKGROUP",
          "displayName": "Simran Rauniyar",
          "targetDomainName": "LAPTOP-P8C7UUVI",
          "targetSid": "S-1-5-21-2097721581-3874961944-690806462-1001",
          "subjectUserName": "LAPTOP-P8C7UUVI$"
        },
        "system": {
          "eventID": "4738",
          "keywords": "0x8020000000000000",
          "providerGuid": "{54849625-5478-4994-a5ba-3e3b0328c30d}",
          "level": "0",
          "channel": "Security",
          "opcode": "0",
          "message": "\"A user account was changed.\r\n\r\nSubject:\r\n\tSecurity ID:\t\tS-1-5-18\r\n\tAccount Name:\t\tLAPTOP-P8C7UUVI$\r\n\tAccount Domain:\t\tWORKGROUP\r\n\tLogon ID:\t\t0x3E7\r\n\r\nTarget Account:\r\n\tSecurity ID:\t\tS-1-5-21-2097721581-3874961944-690806462-1001\r\n\tAccount Name:\t\tsimra\r\n\tAccount Domain:\t\tLAPTOP-P8C7UUVI\r\n\r\nChanged Attributes:\r\n\tSAM Account Name:\t-\r\n\tDisplay Name:\t\tSimran Rauniyar\r\n\tUser Principal Name:\t-\r\n\tHome Directory:\t\t-\r\n\tHome Drive:\t\t-\r\n\tScript Path:\t\t-\r\n\tProfile Path:\t\t-\r\n\tUser Workstations:\t-\r\n\tPassword Last Set:\t-\r\n\tAccount Expires:\t\t-\r\n\tPrimary Group ID:\t-\r\n\tAllowedToDelegateTo:\t-\r\n\tOld UAC Value:\t\t-\r\n\tNew UAC Value:\t\t-\r\n\tUser Account Control:\t-\r\n\tUser Parameters:\t-\r\n\tSID History:\t\t-\r\n\tLogon Hours:\t\t-\r\n\r\nAdditional Information:\r\n\tPrivileges:\t\t-\"",
          "version": "0",
          "systemTime": "2026-09-10T13:01:30.4290086Z",
          "eventRecordID": "5839072",
          "threadID": "1144",
          "computer": "LAPTOP-P8C7UUVI",
          "task": "13824",
          "processID": "1480",
          "severityValue": "AUDIT_SUCCESS",
          "providerName": "Microsoft-Windows-Security-Auditing"
        }
      }
    },
    "rule": {
      "mail": false,
      "level": 8,
      "pci_dss": [
        "8.1.2",
        "10.2.5"
      ],
      "hipaa": [
        "164.312.a.2.I",
        "164.312.a.2.II",
        "164.312.b"
      ],
      "tsc": [
        "CC6.8",
        "CC7.2",
        "CC7.3"
      ],
      "description": "User account changed",
      "groups": [
        "windows",
        "windows_security",
        "account_changed"
      ],
      "nist_800_53": [
        "AC.2",
        "IA.4",
        "AU.14",
        "AC.7"
      ],
      "gdpr": [
        "IV_35.7.d",
        "IV_32.2"
      ],
      "firedtimes": 1,
      "mitre": {
        "technique": [
          "Account Manipulation"
        ],
        "id": [
          "T1098"
        ],
        "tactic": [
          "Persistence"
        ]
      },
      "id": "60110",
      "gpg13": [
        "7.10"
      ]
    },
    "decoder": {
      "name": "windows_eventchannel"
    },
    "input": {
      "type": "log"
    },
    "@timestamp": "2026-09-10T13:09:03.168Z",
    "location": "EventChannel",
    "id": "1789045743.125866236",
    "timestamp": "2026-09-10T18:39:03.168+0530"
  },
  {
    "agent": {
      "ip": "192.168.88.66",
      "name": "Simran-Machine-Host-5th-Sem",
      "id": "053"
    },
    "manager": {
      "name": "vp"
    },
    "data": {
      "win": {
        "eventdata": {
          "serviceType": "user mode service",
          "accountName": "LocalSystem",
          "imagePath": "\\\"C:\\\\Program Files\\\\McAfee\\\\wps\\\\1.40.161.1\\\\dad\\\\mc-dad.exe\\\"",
          "startType": "demand start",
          "serviceName": "McAfee Scheduled Task - (McAfee-Dynamicappdownloader)"
        },
        "system": {
          "eventID": "7045",
          "eventSourceName": "Service Control Manager",
          "keywords": "0x8080000000000000",
          "providerGuid": "{555908d1-a6d7-4695-8e1e-26931d2012f4}",
          "level": "4",
          "channel": "System",
          "opcode": "0",
          "message": "\"A service was installed in the system.\r\n\r\nService Name:  McAfee Scheduled Task - (McAfee-Dynamicappdownloader)\r\nService File Name:  \"C:\\Program Files\\McAfee\\wps\\1.40.161.1\\dad\\mc-dad.exe\"\r\nService Type:  user mode service\r\nService Start Type:  demand start\r\nService Account:  LocalSystem\"",
          "version": "0",
          "systemTime": "2026-09-10T13:08:36.4116887Z",
          "eventRecordID": "318963",
          "threadID": "16336",
          "computer": "LAPTOP-P8C7UUVI",
          "task": "0",
          "processID": "1428",
          "severityValue": "INFORMATION",
          "providerName": "Service Control Manager"
        }
      }
    },
    "rule": {
      "firedtimes": 5,
      "mail": false,
      "level": 5,
      "description": "New Windows Service Created",
      "groups": [
        "windows",
        "windows_system"
      ],
      "mitre": {
        "technique": [
          "Windows Service"
        ],
        "id": [
          "T1543.003"
        ],
        "tactic": [
          "Persistence",
          "Privilege Escalation"
        ]
      },
      "id": "61138"
    },
    "decoder": {
      "name": "windows_eventchannel"
    },
    "input": {
      "type": "log"
    },
    "@timestamp": "2026-09-10T13:09:02.445Z",
    "location": "EventChannel",
    "id": "1789045742.125863862",
    "timestamp": "2026-09-10T18:39:02.445+0530"
  },
  {
    "agent": {
      "name": "vp",
      "id": "000"
    },
    "data": {
      "srcip": "101.53.149.227",
      "dstuser": "root",
      "srcport": "33226"
    },
    "rule": {
      "mail": false,
      "level": 5,
      "hipaa": [
        "164.312.b"
      ],
      "pci_dss": [
        "10.2.4",
        "10.2.5"
      ],
      "tsc": [
        "CC6.1",
        "CC6.8",
        "CC7.2",
        "CC7.3"
      ],
      "description": "sshd: authentication failed.",
      "groups": [
        "syslog",
        "sshd",
        "authentication_failed"
      ],
      "nist_800_53": [
        "AU.14",
        "AC.7"
      ],
      "gdpr": [
        "IV_35.7.d",
        "IV_32.2"
      ],
      "firedtimes": 43,
      "mitre": {
        "technique": [
          "Password Guessing",
          "SSH"
        ],
        "id": [
          "T1110.001",
          "T1021.004"
        ],
        "tactic": [
          "Credential Access",
          "Lateral Movement"
        ]
      },
      "id": "5760",
      "gpg13": [
        "7.1"
      ]
    },
    "full_log": "Sep 10 13:08:52 vp sshd[1957574]: Failed password for root from 101.53.149.227 port 33226 ssh2",
    "id": "1789045733.125863400",
    "timestamp": "2026-09-10T18:38:53.974+0530",
    "predecoder": {
      "hostname": "vp",
      "program_name": "sshd",
      "timestamp": "Sep 10 13:08:52"
    },
    "manager": {
      "name": "vp"
    },
    "decoder": {
      "parent": "sshd",
      "name": "sshd"
    },
    "input": {
      "type": "log"
    },
    "@timestamp": "2026-09-10T13:08:53.974Z",
    "location": "journald",
    "GeoLocation": {
      "country_name": "India",
      "location": {
        "lon": 77.0,
        "lat": 20.0
      }
    }
  },
  {
    "agent": {
      "name": "vp",
      "id": "000"
    },
    "data": {
      "uid": "0",
      "srcip": "101.53.149.227",
      "euid": "0",
      "dstuser": "root",
      "tty": "ssh"
    },
    "rule": {
      "mail": false,
      "level": 5,
      "pci_dss": [
        "10.2.4",
        "10.2.5"
      ],
      "hipaa": [
        "164.312.b"
      ],
      "tsc": [
        "CC6.1",
        "CC6.8",
        "CC7.2",
        "CC7.3"
      ],
      "description": "PAM: User login failed.",
      "groups": [
        "pam",
        "syslog",
        "authentication_failed"
      ],
      "nist_800_53": [
        "AU.14",
        "AC.7"
      ],
      "gdpr": [
        "IV_35.7.d",
        "IV_32.2"
      ],
      "firedtimes": 36,
      "mitre": {
        "technique": [
          "Password Guessing"
        ],
        "id": [
          "T1110.001"
        ],
        "tactic": [
          "Credential Access"
        ]
      },
      "id": "5503",
      "gpg13": [
        "7.8"
      ]
    },
    "full_log": "Sep 10 13:08:49 vp sshd[1957574]: pam_unix(sshd:auth): authentication failure; logname= uid=0 euid=0 tty=ssh ruser= rhost=101.53.149.227  user=root",
    "id": "1789045731.125862883",
    "timestamp": "2026-09-10T18:38:51.973+0530",
    "predecoder": {
      "hostname": "vp",
      "program_name": "sshd",
      "timestamp": "Sep 10 13:08:49"
    },
    "manager": {
      "name": "vp"
    },
    "decoder": {
      "name": "pam"
    },
    "input": {
      "type": "log"
    },
    "@timestamp": "2026-09-10T13:08:51.973Z",
    "location": "journald",
    "GeoLocation": {
      "country_name": "India",
      "location": {
        "lon": 77.0,
        "lat": 20.0
      }
    }
  },
  {
    "agent": {
      "ip": "192.168.88.66",
      "name": "Simran-Machine-Host-5th-Sem",
      "id": "053"
    },
    "manager": {
      "name": "vp"
    },
    "data": {
      "win": {
        "eventdata": {
          "originalFileName": "reg.exe",
          "image": "C:\\\\Windows\\\\System32\\\\reg.exe",
          "product": "Microsoft\u00ae Windows\u00ae Operating System",
          "parentProcessGuid": "{35c0bd55-a710-6aa2-a902-00000000f904}",
          "description": "Registry Console Tool",
          "logonGuid": "{35c0bd55-a642-6aa2-7ef2-030000000000}",
          "parentCommandLine": "\\\"C:\\\\Program Files\\\\WindowsApps\\\\com.notion.app.desktop.notion_7.33.0.0_x64__87smfmv0eebam\\\\Notion\\\\Notion.exe\\\" --open-at-login",
          "processGuid": "{35c0bd55-a712-6aa2-af02-00000000f904}",
          "logonId": "0x3f27e",
          "parentProcessId": "10696",
          "processId": "18440",
          "currentDirectory": "C:\\\\WINDOWS\\\\system32\\\\",
          "utcTime": "2026-09-10 12:48:18.806",
          "hashes": "SHA256=EF37663B44AC66920C6F33694DEEA01ACB78AE3F3012884819373FA04C3EB5F0",
          "parentImage": "C:\\\\Program Files\\\\WindowsApps\\\\com.notion.app.desktop.notion_7.33.0.0_x64__87smfmv0eebam\\\\Notion\\\\Notion.exe",
          "company": "Microsoft Corporation",
          "commandLine": "reg.exe add HKCU\\\\Software\\\\Google\\\\Chrome\\\\NativeMessagingHosts\\\\com.notion.meeting_notes /ve /t REG_SZ /d C:\\\\Users\\\\simra\\\\AppData\\\\Roaming\\\\Notion\\\\NativeMessagingHosts\\\\com.notion.meeting_notes.json /f",
          "integrityLevel": "Medium",
          "fileVersion": "10.0.26100.5074 (WinBuild.160101.0800)",
          "user": "LAPTOP-P8C7UUVI\\\\simra",
          "terminalSessionId": "1",
          "parentUser": "LAPTOP-P8C7UUVI\\\\simra"
        },
        "system": {
          "eventID": "1",
          "keywords": "0x8000000000000000",
          "providerGuid": "{5770385f-c22a-43e0-bf4c-06f5698ffbd9}",
          "level": "4",
          "channel": "Microsoft-Windows-Sysmon/Operational",
          "opcode": "0",
          "message": "\"Process Create:\r\nRuleName: -\r\nUtcTime: 2026-09-10 12:48:18.806\r\nProcessGuid: {35c0bd55-a712-6aa2-af02-00000000f904}\r\nProcessId: 18440\r\nImage: C:\\Windows\\System32\\reg.exe\r\nFileVersion: 10.0.26100.5074 (WinBuild.160101.0800)\r\nDescription: Registry Console Tool\r\nProduct: Microsoft\u00ae Windows\u00ae Operating System\r\nCompany: Microsoft Corporation\r\nOriginalFileName: reg.exe\r\nCommandLine: reg.exe add HKCU\\Software\\Google\\Chrome\\NativeMessagingHosts\\com.notion.meeting_notes /ve /t REG_SZ /d C:\\Users\\simra\\AppData\\Roaming\\Notion\\NativeMessagingHosts\\com.notion.meeting_notes.json /f\r\nCurrentDirectory: C:\\WINDOWS\\system32\\\r\nUser: LAPTOP-P8C7UUVI\\simra\r\nLogonGuid: {35c0bd55-a642-6aa2-7ef2-030000000000}\r\nLogonId: 0x3F27E\r\nTerminalSessionId: 1\r\nIntegrityLevel: Medium\r\nHashes: SHA256=EF37663B44AC66920C6F33694DEEA01ACB78AE3F3012884819373FA04C3EB5F0\r\nParentProcessGuid: {35c0bd55-a710-6aa2-a902-00000000f904}\r\nParentProcessId: 10696\r\nParentImage: C:\\Program Files\\WindowsApps\\com.notion.app.desktop.notion_7.33.0.0_x64__87smfmv0eebam\\Notion\\Notion.exe\r\nParentCommandLine: \"C:\\Program Files\\WindowsApps\\com.notion.app.desktop.notion_7.33.0.0_x64__87smfmv0eebam\\Notion\\Notion.exe\" --open-at-login\r\nParentUser: LAPTOP-P8C7UUVI\\simra\"",
          "version": "5",
          "systemTime": "2026-09-10T12:48:18.8275018Z",
          "eventRecordID": "148444",
          "threadID": "7740",
          "computer": "LAPTOP-P8C7UUVI",
          "task": "1",
          "processID": "6208",
          "severityValue": "INFORMATION",
          "providerName": "Microsoft-Windows-Sysmon"
        }
      }
    },
    "rule": {
      "firedtimes": 4,
      "mail": false,
      "level": 10,
      "description": "Value added to registry key has Base64-like pattern",
      "groups": [
        "sysmon",
        "sysmon_eid1_detections",
        "windows"
      ],
      "mitre": {
        "technique": [
          "Obfuscated Files or Information",
          "Modify Registry"
        ],
        "id": [
          "T1027",
          "T1112"
        ],
        "tactic": [
          "Defense Evasion"
        ]
      },
      "id": "92041"
    },
    "decoder": {
      "name": "windows_eventchannel"
    },
    "input": {
      "type": "log"
    },
    "@timestamp": "2026-09-10T13:08:47.748Z",
    "location": "EventChannel",
    "id": "1789045727.125856290",
    "timestamp": "2026-09-10T18:38:47.748+0530"
  },
  {
    "agent": {
      "ip": "192.168.88.66",
      "name": "Simran-Machine-Host-5th-Sem",
      "id": "053"
    },
    "manager": {
      "name": "vp"
    },
    "data": {
      "win": {
        "eventdata": {
          "originalFileName": "reg.exe",
          "image": "C:\\\\Windows\\\\System32\\\\reg.exe",
          "product": "Microsoft\u00ae Windows\u00ae Operating System",
          "parentProcessGuid": "{35c0bd55-a710-6aa2-a902-00000000f904}",
          "description": "Registry Console Tool",
          "logonGuid": "{35c0bd55-a642-6aa2-7ef2-030000000000}",
          "parentCommandLine": "\\\"C:\\\\Program Files\\\\WindowsApps\\\\com.notion.app.desktop.notion_7.33.0.0_x64__87smfmv0eebam\\\\Notion\\\\Notion.exe\\\" --open-at-login",
          "processGuid": "{35c0bd55-a712-6aa2-ad02-00000000f904}",
          "logonId": "0x3f27e",
          "parentProcessId": "10696",
          "processId": "16652",
          "currentDirectory": "C:\\\\WINDOWS\\\\system32\\\\",
          "utcTime": "2026-09-10 12:48:18.671",
          "hashes": "SHA256=EF37663B44AC66920C6F33694DEEA01ACB78AE3F3012884819373FA04C3EB5F0",
          "parentImage": "C:\\\\Program Files\\\\WindowsApps\\\\com.notion.app.desktop.notion_7.33.0.0_x64__87smfmv0eebam\\\\Notion\\\\Notion.exe",
          "company": "Microsoft Corporation",
          "commandLine": "reg.exe add HKCU\\\\Software\\\\Google\\\\Chrome\\\\NativeMessagingHosts\\\\com.notion.meeting_notes.v2 /ve /t REG_SZ /d C:\\\\Users\\\\simra\\\\AppData\\\\Roaming\\\\Notion\\\\NativeMessagingHosts\\\\com.notion.meeting_notes.v2.json /f",
          "integrityLevel": "Medium",
          "fileVersion": "10.0.26100.5074 (WinBuild.160101.0800)",
          "user": "LAPTOP-P8C7UUVI\\\\simra",
          "terminalSessionId": "1",
          "parentUser": "LAPTOP-P8C7UUVI\\\\simra"
        },
        "system": {
          "eventID": "1",
          "keywords": "0x8000000000000000",
          "providerGuid": "{5770385f-c22a-43e0-bf4c-06f5698ffbd9}",
          "level": "4",
          "channel": "Microsoft-Windows-Sysmon/Operational",
          "opcode": "0",
          "message": "\"Process Create:\r\nRuleName: -\r\nUtcTime: 2026-09-10 12:48:18.671\r\nProcessGuid: {35c0bd55-a712-6aa2-ad02-00000000f904}\r\nProcessId: 16652\r\nImage: C:\\Windows\\System32\\reg.exe\r\nFileVersion: 10.0.26100.5074 (WinBuild.160101.0800)\r\nDescription: Registry Console Tool\r\nProduct: Microsoft\u00ae Windows\u00ae Operating System\r\nCompany: Microsoft Corporation\r\nOriginalFileName: reg.exe\r\nCommandLine: reg.exe add HKCU\\Software\\Google\\Chrome\\NativeMessagingHosts\\com.notion.meeting_notes.v2 /ve /t REG_SZ /d C:\\Users\\simra\\AppData\\Roaming\\Notion\\NativeMessagingHosts\\com.notion.meeting_notes.v2.json /f\r\nCurrentDirectory: C:\\WINDOWS\\system32\\\r\nUser: LAPTOP-P8C7UUVI\\simra\r\nLogonGuid: {35c0bd55-a642-6aa2-7ef2-030000000000}\r\nLogonId: 0x3F27E\r\nTerminalSessionId: 1\r\nIntegrityLevel: Medium\r\nHashes: SHA256=EF37663B44AC66920C6F33694DEEA01ACB78AE3F3012884819373FA04C3EB5F0\r\nParentProcessGuid: {35c0bd55-a710-6aa2-a902-00000000f904}\r\nParentProcessId: 10696\r\nParentImage: C:\\Program Files\\WindowsApps\\com.notion.app.desktop.notion_7.33.0.0_x64__87smfmv0eebam\\Notion\\Notion.exe\r\nParentCommandLine: \"C:\\Program Files\\WindowsApps\\com.notion.app.desktop.notion_7.33.0.0_x64__87smfmv0eebam\\Notion\\Notion.exe\" --open-at-login\r\nParentUser: LAPTOP-P8C7UUVI\\simra\"",
          "version": "5",
          "systemTime": "2026-09-10T12:48:18.7082472Z",
          "eventRecordID": "148440",
          "threadID": "7740",
          "computer": "LAPTOP-P8C7UUVI",
          "task": "1",
          "processID": "6208",
          "severityValue": "INFORMATION",
          "providerName": "Microsoft-Windows-Sysmon"
        }
      }
    },
    "rule": {
      "firedtimes": 3,
      "mail": false,
      "level": 10,
      "description": "Value added to registry key has Base64-like pattern",
      "groups": [
        "sysmon",
        "sysmon_eid1_detections",
        "windows"
      ],
      "mitre": {
        "technique": [
          "Obfuscated Files or Information",
          "Modify Registry"
        ],
        "id": [
          "T1027",
          "T1112"
        ],
        "tactic": [
          "Defense Evasion"
        ]
      },
      "id": "92041"
    },
    "decoder": {
      "name": "windows_eventchannel"
    },
    "input": {
      "type": "log"
    },
    "@timestamp": "2026-09-10T13:08:47.739Z",
    "location": "EventChannel",
    "id": "1789045727.125849673",
    "timestamp": "2026-09-10T18:38:47.739+0530"
  },
  {
    "agent": {
      "ip": "192.168.88.66",
      "name": "Simran-Machine-Host-5th-Sem",
      "id": "053"
    },
    "manager": {
      "name": "vp"
    },
    "data": {
      "win": {
        "eventdata": {
          "originalFileName": "RUNDLL32.EXE",
          "image": "C:\\\\Windows\\\\System32\\\\rundll32.exe",
          "product": "Microsoft\u00ae Windows\u00ae Operating System",
          "parentProcessGuid": "{00000000-0000-0000-0000-000000000000}",
          "description": "Windows host process (Rundll32)",
          "logonGuid": "{35c0bd55-a642-6aa2-7ef2-030000000000}",
          "processGuid": "{35c0bd55-a6dc-6aa2-8502-00000000f904}",
          "logonId": "0x3f27e",
          "parentProcessId": "10912",
          "processId": "24228",
          "currentDirectory": "C:\\\\WINDOWS\\\\system32\\\\",
          "utcTime": "2026-09-10 12:47:24.278",
          "hashes": "SHA256=F3E73F8A59B991FA8CDB91D4B37E11110C33A9EABDB25AF8AC8AB5CCF9E3BBF5",
          "company": "Microsoft Corporation",
          "commandLine": "C:\\\\WINDOWS\\\\system32\\\\rundll32.exe C:\\\\WINDOWS\\\\system32\\\\AppXDeploymentExtensions.OneCore.dll,ShellRefresh",
          "integrityLevel": "Medium",
          "fileVersion": "10.0.26100.9278 (WinBuild.160101.0800)",
          "user": "LAPTOP-P8C7UUVI\\\\simra",
          "terminalSessionId": "1"
        },
        "system": {
          "eventID": "1",
          "keywords": "0x8000000000000000",
          "providerGuid": "{5770385f-c22a-43e0-bf4c-06f5698ffbd9}",
          "level": "4",
          "channel": "Microsoft-Windows-Sysmon/Operational",
          "opcode": "0",
          "message": "\"Process Create:\r\nRuleName: -\r\nUtcTime: 2026-09-10 12:47:24.278\r\nProcessGuid: {35c0bd55-a6dc-6aa2-8502-00000000f904}\r\nProcessId: 24228\r\nImage: C:\\Windows\\System32\\rundll32.exe\r\nFileVersion: 10.0.26100.9278 (WinBuild.160101.0800)\r\nDescription: Windows host process (Rundll32)\r\nProduct: Microsoft\u00ae Windows\u00ae Operating System\r\nCompany: Microsoft Corporation\r\nOriginalFileName: RUNDLL32.EXE\r\nCommandLine: C:\\WINDOWS\\system32\\rundll32.exe C:\\WINDOWS\\system32\\AppXDeploymentExtensions.OneCore.dll,ShellRefresh\r\nCurrentDirectory: C:\\WINDOWS\\system32\\\r\nUser: LAPTOP-P8C7UUVI\\simra\r\nLogonGuid: {35c0bd55-a642-6aa2-7ef2-030000000000}\r\nLogonId: 0x3F27E\r\nTerminalSessionId: 1\r\nIntegrityLevel: Medium\r\nHashes: SHA256=F3E73F8A59B991FA8CDB91D4B37E11110C33A9EABDB25AF8AC8AB5CCF9E3BBF5\r\nParentProcessGuid: {00000000-0000-0000-0000-000000000000}\r\nParentProcessId: 10912\r\nParentImage: -\r\nParentCommandLine: -\r\nParentUser: -\"",
          "version": "5",
          "systemTime": "2026-09-10T12:47:24.3085280Z",
          "eventRecordID": "148357",
          "threadID": "7740",
          "computer": "LAPTOP-P8C7UUVI",
          "task": "1",
          "processID": "6208",
          "severityValue": "INFORMATION",
          "providerName": "Microsoft-Windows-Sysmon"
        }
      }
    },
    "rule": {
      "firedtimes": 10,
      "mail": true,
      "level": 12,
      "description": "LOLBIN execution detected",
      "groups": [
        "windows",
        "sysmon",
        "custom_windows"
      ],
      "mitre": {
        "technique": [
          "System Binary Proxy Execution"
        ],
        "id": [
          "T1218"
        ],
        "tactic": [
          "Defense Evasion"
        ]
      },
      "id": "200006"
    },
    "decoder": {
      "name": "windows_eventchannel"
    },
    "full_log": "{\"win\":{\"system\":{\"providerName\":\"Microsoft-Windows-Sysmon\",\"providerGuid\":\"{5770385f-c22a-43e0-bf4c-06f5698ffbd9}\",\"eventID\":\"1\",\"version\":\"5\",\"level\":\"4\",\"task\":\"1\",\"opcode\":\"0\",\"keywords\":\"0x8000000000000000\",\"systemTime\":\"2026-09-10T12:47:24.3085280Z\",\"eventRecordID\":\"148357\",\"processID\":\"6208\",\"threadID\":\"7740\",\"channel\":\"Microsoft-Windows-Sysmon/Operational\",\"computer\":\"LAPTOP-P8C7UUVI\",\"severityValue\":\"INFORMATION\",\"message\":\"\\\"Process Create:\\r\\nRuleName: -\\r\\nUtcTime: 2026-09-10 12:47:24.278\\r\\nProcessGuid: {35c0bd55-a6dc-6aa2-8502-00000000f904}\\r\\nProcessId: 24228\\r\\nImage: C:\\\\Windows\\\\System32\\\\rundll32.exe\\r\\nFileVersion: 10.0.26100.9278 (WinBuild.160101.0800)\\r\\nDescription: Windows host process (Rundll32)\\r\\nProduct: Microsoft\u00ae Windows\u00ae Operating System\\r\\nCompany: Microsoft Corporation\\r\\nOriginalFileName: RUNDLL32.EXE\\r\\nCommandLine: C:\\\\WINDOWS\\\\system32\\\\rundll32.exe C:\\\\WINDOWS\\\\system32\\\\AppXDeploymentExtensions.OneCore.dll,ShellRefresh\\r\\nCurrentDirectory: C:\\\\WINDOWS\\\\system32\\\\\\r\\nUser: LAPTOP-P8C7UUVI\\\\simra\\r\\nLogonGuid: {35c0bd55-a642-6aa2-7ef2-030000000000}\\r\\nLogonId: 0x3F27E\\r\\nTerminalSessionId: 1\\r\\nIntegrityLevel: Medium\\r\\nHashes: SHA256=F3E73F8A59B991FA8CDB91D4B37E11110C33A9EABDB25AF8AC8AB5CCF9E3BBF5\\r\\nParentProcessGuid: {00000000-0000-0000-0000-000000000000}\\r\\nParentProcessId: 10912\\r\\nParentImage: -\\r\\nParentCommandLine: -\\r\\nParentUser: -\\\"\"},\"eventdata\":{\"utcTime\":\"2026-09-10 12:47:24.278\",\"processGuid\":\"{35c0bd55-a6dc-6aa2-8502-00000000f904}\",\"processId\":\"24228\",\"image\":\"C:\\\\\\\\Windows\\\\\\\\System32\\\\\\\\rundll32.exe\",\"fileVersion\":\"10.0.26100.9278 (WinBuild.160101.0800)\",\"description\":\"Windows host process (Rundll32)\",\"product\":\"Microsoft\u00ae Windows\u00ae Operating System\",\"company\":\"Microsoft Corporation\",\"originalFileName\":\"RUNDLL32.EXE\",\"commandLine\":\"C:\\\\\\\\WINDOWS\\\\\\\\system32\\\\\\\\rundll32.exe C:\\\\\\\\WINDOWS\\\\\\\\system32\\\\\\\\AppXDeploymentExtensions.OneCore.dll,ShellRefresh\",\"currentDirectory\":\"C:\\\\\\\\WINDOWS\\\\\\\\system32\\\\\\\\\",\"user\":\"LAPTOP-P8C7UUVI\\\\\\\\simra\",\"logonGuid\":\"{35c0bd55-a642-6aa2-7ef2-030000000000}\",\"logonId\":\"0x3f27e\",\"terminalSessionId\":\"1\",\"integrityLevel\":\"Medium\",\"hashes\":\"SHA256=F3E73F8A59B991FA8CDB91D4B37E11110C33A9EABDB25AF8AC8AB5CCF9E3BBF5\",\"parentProcessGuid\":\"{00000000-0000-0000-0000-000000000000}\",\"parentProcessId\":\"10912\"}}}",
    "input": {
      "type": "log"
    },
    "@timestamp": "2026-09-10T13:08:46.209Z",
    "location": "EventChannel",
    "id": "1789045726.125844617",
    "timestamp": "2026-09-10T18:38:46.209+0530"
  },
  {
    "predecoder": {
      "hostname": "vp",
      "program_name": "sshd",
      "timestamp": "Sep 10 13:08:42"
    },
    "agent": {
      "name": "vp",
      "id": "000"
    },
    "manager": {
      "name": "vp"
    },
    "data": {
      "srcip": "103.60.204.198",
      "dstuser": "root",
      "srcport": "32976"
    },
    "rule": {
      "mail": false,
      "level": 5,
      "hipaa": [
        "164.312.b"
      ],
      "pci_dss": [
        "10.2.4",
        "10.2.5"
      ],
      "tsc": [
        "CC6.1",
        "CC6.8",
        "CC7.2",
        "CC7.3"
      ],
      "description": "sshd: authentication failed.",
      "groups": [
        "syslog",
        "sshd",
        "authentication_failed"
      ],
      "nist_800_53": [
        "AU.14",
        "AC.7"
      ],
      "gdpr": [
        "IV_35.7.d",
        "IV_32.2"
      ],
      "firedtimes": 42,
      "mitre": {
        "technique": [
          "Password Guessing",
          "SSH"
        ],
        "id": [
          "T1110.001",
          "T1021.004"
        ],
        "tactic": [
          "Credential Access",
          "Lateral Movement"
        ]
      },
      "id": "5760",
      "gpg13": [
        "7.1"
      ]
    },
    "decoder": {
      "parent": "sshd",
      "name": "sshd"
    },
    "full_log": "Sep 10 13:08:42 vp sshd[1957562]: Failed password for root from 103.60.204.198 port 32976 ssh2",
    "input": {
      "type": "log"
    },
    "@timestamp": "2026-09-10T13:08:43.971Z",
    "location": "journald",
    "id": "1789045723.125844155",
    "timestamp": "2026-09-10T18:38:43.971+0530"
  },
  {
    "agent": {
      "ip": "192.168.88.66",
      "name": "Simran-Machine-Host-5th-Sem",
      "id": "053"
    },
    "manager": {
      "name": "vp"
    },
    "data": {
      "win": {
        "eventdata": {
          "serviceType": "user mode service",
          "accountName": "LocalSystem",
          "imagePath": "\\\"C:\\\\Program Files\\\\McAfee\\\\wps\\\\1.40.161.1\\\\dad\\\\mc-dad.exe\\\"",
          "startType": "demand start",
          "serviceName": "McAfee Scheduled Task - (McAfee-Dynamicappdownloader)"
        },
        "system": {
          "eventID": "7045",
          "eventSourceName": "Service Control Manager",
          "keywords": "0x8080000000000000",
          "providerGuid": "{555908d1-a6d7-4695-8e1e-26931d2012f4}",
          "level": "4",
          "channel": "System",
          "opcode": "0",
          "message": "\"A service was installed in the system.\r\n\r\nService Name:  McAfee Scheduled Task - (McAfee-Dynamicappdownloader)\r\nService File Name:  \"C:\\Program Files\\McAfee\\wps\\1.40.161.1\\dad\\mc-dad.exe\"\r\nService Type:  user mode service\r\nService Start Type:  demand start\r\nService Account:  LocalSystem\"",
          "version": "0",
          "systemTime": "2026-09-10T13:08:06.8647527Z",
          "eventRecordID": "318961",
          "threadID": "16336",
          "computer": "LAPTOP-P8C7UUVI",
          "task": "0",
          "processID": "1428",
          "severityValue": "INFORMATION",
          "providerName": "Service Control Manager"
        }
      }
    },
    "rule": {
      "firedtimes": 4,
      "mail": false,
      "level": 5,
      "description": "New Windows Service Created",
      "groups": [
        "windows",
        "windows_system"
      ],
      "mitre": {
        "technique": [
          "Windows Service"
        ],
        "id": [
          "T1543.003"
        ],
        "tactic": [
          "Persistence",
          "Privilege Escalation"
        ]
      },
      "id": "61138"
    },
    "decoder": {
      "name": "windows_eventchannel"
    },
    "input": {
      "type": "log"
    },
    "@timestamp": "2026-09-10T13:08:43.720Z",
    "location": "EventChannel",
    "id": "1789045723.125841781",
    "timestamp": "2026-09-10T18:38:43.720+0530"
  },
  {
    "agent": {
      "ip": "192.168.88.66",
      "name": "Simran-Machine-Host-5th-Sem",
      "id": "053"
    },
    "manager": {
      "name": "vp"
    },
    "data": {
      "win": {
        "eventdata": {
          "binary": "000000000100000000000000BD020080000000000000000000000000000000000000000000000000"
        },
        "system": {
          "eventID": "701",
          "keywords": "0x80000000000000",
          "level": "3",
          "channel": "System",
          "opcode": "0",
          "message": "\"Power Manager has not requested suppression of all input (INPUT_SUPPRESS_REQUEST=0)\"",
          "version": "0",
          "systemTime": "2026-09-10T13:08:04.8232278Z",
          "eventRecordID": "318957",
          "threadID": "18248",
          "computer": "LAPTOP-P8C7UUVI",
          "task": "0",
          "processID": "4",
          "severityValue": "WARNING",
          "providerName": "Win32k"
        }
      }
    },
    "rule": {
      "firedtimes": 22,
      "mail": false,
      "level": 10,
      "description": "Windows: Mimikatz credential dump (EventID 4624)",
      "groups": [
        "custom_attacks",
        "windows",
        "credential_access"
      ],
      "mitre": {
        "technique": [
          "LSASS Memory"
        ],
        "id": [
          "T1003.001"
        ],
        "tactic": [
          "Credential Access"
        ]
      },
      "id": "100141"
    },
    "decoder": {
      "name": "windows_eventchannel"
    },
    "full_log": "{\"win\":{\"system\":{\"providerName\":\"Win32k\",\"eventID\":\"701\",\"version\":\"0\",\"level\":\"3\",\"task\":\"0\",\"opcode\":\"0\",\"keywords\":\"0x80000000000000\",\"systemTime\":\"2026-09-10T13:08:04.8232278Z\",\"eventRecordID\":\"318957\",\"processID\":\"4\",\"threadID\":\"18248\",\"channel\":\"System\",\"computer\":\"LAPTOP-P8C7UUVI\",\"severityValue\":\"WARNING\",\"message\":\"\\\"Power Manager has not requested suppression of all input (INPUT_SUPPRESS_REQUEST=0)\\\"\"},\"eventdata\":{\"binary\":\"000000000100000000000000BD020080000000000000000000000000000000000000000000000000\"}}}",
    "input": {
      "type": "log"
    },
    "@timestamp": "2026-09-10T13:08:43.648Z",
    "location": "EventChannel",
    "id": "1789045723.125840414",
    "timestamp": "2026-09-10T18:38:43.648+0530"
  },
  {
    "agent": {
      "ip": "192.168.88.66",
      "name": "Simran-Machine-Host-5th-Sem",
      "id": "053"
    },
    "manager": {
      "name": "vp"
    },
    "data": {
      "win": {
        "eventdata": {
          "binary": "000000000100000000000000BD020080000000000000000000000000000000000000000000000000"
        },
        "system": {
          "eventID": "701",
          "keywords": "0x80000000000000",
          "level": "3",
          "channel": "System",
          "opcode": "0",
          "message": "\"Power Manager has not requested suppression of all input (INPUT_SUPPRESS_REQUEST=0)\"",
          "version": "0",
          "systemTime": "2026-09-10T13:08:04.8232278Z",
          "eventRecordID": "318956",
          "threadID": "18248",
          "computer": "LAPTOP-P8C7UUVI",
          "task": "0",
          "processID": "4",
          "severityValue": "WARNING",
          "providerName": "Win32k"
        }
      }
    },
    "rule": {
      "firedtimes": 21,
      "mail": false,
      "level": 10,
      "description": "Windows: Mimikatz credential dump (EventID 4624)",
      "groups": [
        "custom_attacks",
        "windows",
        "credential_access"
      ],
      "mitre": {
        "technique": [
          "LSASS Memory"
        ],
        "id": [
          "T1003.001"
        ],
        "tactic": [
          "Credential Access"
        ]
      },
      "id": "100141"
    },
    "decoder": {
      "name": "windows_eventchannel"
    },
    "full_log": "{\"win\":{\"system\":{\"providerName\":\"Win32k\",\"eventID\":\"701\",\"version\":\"0\",\"level\":\"3\",\"task\":\"0\",\"opcode\":\"0\",\"keywords\":\"0x80000000000000\",\"systemTime\":\"2026-09-10T13:08:04.8232278Z\",\"eventRecordID\":\"318956\",\"processID\":\"4\",\"threadID\":\"18248\",\"channel\":\"System\",\"computer\":\"LAPTOP-P8C7UUVI\",\"severityValue\":\"WARNING\",\"message\":\"\\\"Power Manager has not requested suppression of all input (INPUT_SUPPRESS_REQUEST=0)\\\"\"},\"eventdata\":{\"binary\":\"000000000100000000000000BD020080000000000000000000000000000000000000000000000000\"}}}",
    "input": {
      "type": "log"
    },
    "@timestamp": "2026-09-10T13:08:43.624Z",
    "location": "EventChannel",
    "id": "1789045723.125839047",
    "timestamp": "2026-09-10T18:38:43.624+0530"
  },
  {
    "agent": {
      "ip": "192.168.88.66",
      "name": "Simran-Machine-Host-5th-Sem",
      "id": "053"
    },
    "manager": {
      "name": "vp"
    },
    "data": {
      "win": {
        "eventdata": {
          "param1": "{08728914-3F57-4D52-9E31-49DAECA5A80A}"
        },
        "system": {
          "eventID": "10010",
          "eventSourceName": "DCOM",
          "keywords": "0x8080000000000000",
          "providerGuid": "{1B562E86-B7AA-4131-BADC-B6F3A001407E}",
          "level": "2",
          "channel": "System",
          "opcode": "0",
          "message": "\"The server {08728914-3F57-4D52-9E31-49DAECA5A80A} did not register with DCOM within the required timeout.\"",
          "version": "0",
          "systemTime": "2026-09-10T13:04:06.5742979Z",
          "eventRecordID": "318955",
          "threadID": "22816",
          "computer": "LAPTOP-P8C7UUVI",
          "task": "0",
          "processID": "1804",
          "severityValue": "ERROR",
          "providerName": "Microsoft-Windows-DistributedCOM"
        }
      }
    },
    "rule": {
      "firedtimes": 4,
      "mail": false,
      "level": 5,
      "description": "Windows System error event",
      "groups": [
        "windows",
        "windows_system",
        "system_error"
      ],
      "id": "61102",
      "gpg13": [
        "4.3"
      ],
      "gdpr": [
        "IV_35.7.d"
      ]
    },
    "decoder": {
      "name": "windows_eventchannel"
    },
    "input": {
      "type": "log"
    },
    "@timestamp": "2026-09-10T13:08:43.609Z",
    "location": "EventChannel",
    "id": "1789045723.125837484",
    "timestamp": "2026-09-10T18:38:43.609+0530"
  },
  {
    "agent": {
      "ip": "192.168.88.66",
      "name": "Simran-Machine-Host-5th-Sem",
      "id": "053"
    },
    "manager": {
      "name": "vp"
    },
    "data": {
      "win": {
        "eventdata": {
          "param1": "{69B7FE84-6361-4423-B948-1D64820B1E96}"
        },
        "system": {
          "eventID": "10010",
          "eventSourceName": "DCOM",
          "keywords": "0x8080000000000000",
          "providerGuid": "{1B562E86-B7AA-4131-BADC-B6F3A001407E}",
          "level": "2",
          "channel": "System",
          "opcode": "0",
          "message": "\"The server {69B7FE84-6361-4423-B948-1D64820B1E96} did not register with DCOM within the required timeout.\"",
          "version": "0",
          "systemTime": "2026-09-10T13:03:47.9126409Z",
          "eventRecordID": "318954",
          "threadID": "19144",
          "computer": "LAPTOP-P8C7UUVI",
          "task": "0",
          "processID": "1804",
          "severityValue": "ERROR",
          "providerName": "Microsoft-Windows-DistributedCOM"
        }
      }
    },
    "rule": {
      "firedtimes": 3,
      "mail": false,
      "level": 5,
      "description": "Windows System error event",
      "groups": [
        "windows",
        "windows_system",
        "system_error"
      ],
      "id": "61102",
      "gpg13": [
        "4.3"
      ],
      "gdpr": [
        "IV_35.7.d"
      ]
    },
    "decoder": {
      "name": "windows_eventchannel"
    },
    "input": {
      "type": "log"
    },
    "@timestamp": "2026-09-10T13:08:43.578Z",
    "location": "EventChannel",
    "id": "1789045723.125835921",
    "timestamp": "2026-09-10T18:38:43.578+0530"
  },
  {
    "agent": {
      "ip": "192.168.88.66",
      "name": "Simran-Machine-Host-5th-Sem",
      "id": "053"
    },
    "manager": {
      "name": "vp"
    },
    "data": {
      "win": {
        "eventdata": {
          "data": "SessionEnv",
          "binary": "D9060000"
        },
        "system": {
          "eventID": "6000",
          "eventSourceName": "Wlclntfy",
          "keywords": "0x80000000000000",
          "providerGuid": "{DBE9B383-7CF3-4331-91CC-A3CB16A3B538}",
          "level": "4",
          "channel": "Application",
          "opcode": "0",
          "message": "\"The winlogon notification subscriber <SessionEnv> was unavailable to handle a notification event.\"",
          "version": "0",
          "systemTime": "2026-09-10T12:45:02.1278958Z",
          "eventRecordID": "240549",
          "threadID": "0",
          "computer": "LAPTOP-P8C7UUVI",
          "task": "0",
          "processID": "1408",
          "severityValue": "INFORMATION",
          "providerName": "Microsoft-Windows-Winlogon"
        }
      }
    },
    "rule": {
      "firedtimes": 6,
      "mail": false,
      "level": 5,
      "description": "SessionEnv was unavailable to handle a notification event.",
      "groups": [
        "windows",
        "windows_application"
      ],
      "id": "60775"
    },
    "decoder": {
      "name": "windows_eventchannel"
    },
    "input": {
      "type": "log"
    },
    "@timestamp": "2026-09-10T13:08:43.539Z",
    "location": "EventChannel",
    "id": "1789045723.125834380",
    "timestamp": "2026-09-10T18:38:43.539+0530"
  },
