  {
    "agent": {
      "ip": "192.168.88.66",
      "name": "Simran-Machine-Host-5th-Sem",
      "id": "053"
    },
    "manager": {
      "name": "vp"
    },
    "data": {
      "win": {
        "eventdata": {
          "originalFileName": "REGSVR32.EXE",
          "image": "C:\\\\Windows\\\\System32\\\\regsvr32.exe",
          "product": "Microsoft\u00ae Windows\u00ae Operating System",
          "parentProcessGuid": "{35c0bd55-a644-6aa2-7d00-00000000f904}",
          "description": "Microsoft(C) Register Server",
          "logonGuid": "{35c0bd55-a640-6aa2-e703-000000000000}",
          "parentCommandLine": "\\\"\\\\\\\\?\\\\C:\\\\Program Files\\\\McAfee\\\\WPS\\\\1.40.161.1\\\\mc-fw-host.exe\\\" -service",
          "processGuid": "{35c0bd55-a648-6aa2-a200-00000000f904}",
          "logonId": "0x3e7",
          "parentProcessId": "6096",
          "processId": "9928",
          "currentDirectory": "\\\\\\\\?\\\\C:\\\\Program Files\\\\McAfee\\\\WPS\\\\1.40.161.1\\\\",
          "utcTime": "2026-09-10 12:44:56.172",
          "hashes": "SHA256=E2546FE32071EAA351F1FD188EBF6D3C2787AA186A6A42156A7B75BC881E14D2",
          "parentImage": "C:\\\\Program Files\\\\McAfee\\\\WPS\\\\1.40.161.1\\\\mc-fw-host.exe",
          "company": "Microsoft Corporation",
          "commandLine": " /s \\\"C:\\\\Program Files\\\\McAfee\\\\WPS\\\\1.40.161.1\\\\mc-sec-plugin-x64.dll\\\"",
          "integrityLevel": "System",
          "fileVersion": "10.0.26100.9278 (WinBuild.160101.0800)",
          "user": "NT AUTHORITY\\\\SYSTEM",
          "terminalSessionId": "0",
          "parentUser": "NT AUTHORITY\\\\SYSTEM"
        },
        "system": {
          "eventID": "1",
          "keywords": "0x8000000000000000",
          "providerGuid": "{5770385f-c22a-43e0-bf4c-06f5698ffbd9}",
          "level": "4",
          "channel": "Microsoft-Windows-Sysmon/Operational",
          "opcode": "0",
          "message": "\"Process Create:\r\nRuleName: -\r\nUtcTime: 2026-09-10 12:44:56.172\r\nProcessGuid: {35c0bd55-a648-6aa2-a200-00000000f904}\r\nProcessId: 9928\r\nImage: C:\\Windows\\System32\\regsvr32.exe\r\nFileVersion: 10.0.26100.9278 (WinBuild.160101.0800)\r\nDescription: Microsoft(C) Register Server\r\nProduct: Microsoft\u00ae Windows\u00ae Operating System\r\nCompany: Microsoft Corporation\r\nOriginalFileName: REGSVR32.EXE\r\nCommandLine:  /s \"C:\\Program Files\\McAfee\\WPS\\1.40.161.1\\mc-sec-plugin-x64.dll\"\r\nCurrentDirectory: \\\\?\\C:\\Program Files\\McAfee\\WPS\\1.40.161.1\\\r\nUser: NT AUTHORITY\\SYSTEM\r\nLogonGuid: {35c0bd55-a640-6aa2-e703-000000000000}\r\nLogonId: 0x3E7\r\nTerminalSessionId: 0\r\nIntegrityLevel: System\r\nHashes: SHA256=E2546FE32071EAA351F1FD188EBF6D3C2787AA186A6A42156A7B75BC881E14D2\r\nParentProcessGuid: {35c0bd55-a644-6aa2-7d00-00000000f904}\r\nParentProcessId: 6096\r\nParentImage: C:\\Program Files\\McAfee\\WPS\\1.40.161.1\\mc-fw-host.exe\r\nParentCommandLine: \"\\\\?\\C:\\Program Files\\McAfee\\WPS\\1.40.161.1\\mc-fw-host.exe\" -service\r\nParentUser: NT AUTHORITY\\SYSTEM\"",
          "version": "5",
          "systemTime": "2026-09-10T12:44:56.1779933Z",
          "eventRecordID": "147555",
          "threadID": "7740",
          "computer": "LAPTOP-P8C7UUVI",
          "task": "1",
          "processID": "6208",
          "severityValue": "INFORMATION",
          "providerName": "Microsoft-Windows-Sysmon"
        }
      }
    },
    "rule": {
      "firedtimes": 3,
      "mail": true,
      "level": 12,
      "description": "LOLBIN execution detected",
      "groups": [
        "windows",
        "sysmon",
        "custom_windows"
      ],
      "mitre": {
        "technique": [
          "System Binary Proxy Execution"
        ],
        "id": [
          "T1218"
        ],
        "tactic": [
          "Defense Evasion"
        ]
      },
      "id": "200006"
    },
    "decoder": {
      "name": "windows_eventchannel"
    },
    "full_log": "{\"win\":{\"system\":{\"providerName\":\"Microsoft-Windows-Sysmon\",\"providerGuid\":\"{5770385f-c22a-43e0-bf4c-06f5698ffbd9}\",\"eventID\":\"1\",\"version\":\"5\",\"level\":\"4\",\"task\":\"1\",\"opcode\":\"0\",\"keywords\":\"0x8000000000000000\",\"systemTime\":\"2026-09-10T12:44:56.1779933Z\",\"eventRecordID\":\"147555\",\"processID\":\"6208\",\"threadID\":\"7740\",\"channel\":\"Microsoft-Windows-Sysmon/Operational\",\"computer\":\"LAPTOP-P8C7UUVI\",\"severityValue\":\"INFORMATION\",\"message\":\"\\\"Process Create:\\r\\nRuleName: -\\r\\nUtcTime: 2026-09-10 12:44:56.172\\r\\nProcessGuid: {35c0bd55-a648-6aa2-a200-00000000f904}\\r\\nProcessId: 9928\\r\\nImage: C:\\\\Windows\\\\System32\\\\regsvr32.exe\\r\\nFileVersion: 10.0.26100.9278 (WinBuild.160101.0800)\\r\\nDescription: Microsoft(C) Register Server\\r\\nProduct: Microsoft\u00ae Windows\u00ae Operating System\\r\\nCompany: Microsoft Corporation\\r\\nOriginalFileName: REGSVR32.EXE\\r\\nCommandLine:  /s \\\"C:\\\\Program Files\\\\McAfee\\\\WPS\\\\1.40.161.1\\\\mc-sec-plugin-x64.dll\\\"\\r\\nCurrentDirectory: \\\\\\\\?\\\\C:\\\\Program Files\\\\McAfee\\\\WPS\\\\1.40.161.1\\\\\\r\\nUser: NT AUTHORITY\\\\SYSTEM\\r\\nLogonGuid: {35c0bd55-a640-6aa2-e703-000000000000}\\r\\nLogonId: 0x3E7\\r\\nTerminalSessionId: 0\\r\\nIntegrityLevel: System\\r\\nHashes: SHA256=E2546FE32071EAA351F1FD188EBF6D3C2787AA186A6A42156A7B75BC881E14D2\\r\\nParentProcessGuid: {35c0bd55-a644-6aa2-7d00-00000000f904}\\r\\nParentProcessId: 6096\\r\\nParentImage: C:\\\\Program Files\\\\McAfee\\\\WPS\\\\1.40.161.1\\\\mc-fw-host.exe\\r\\nParentCommandLine: \\\"\\\\\\\\?\\\\C:\\\\Program Files\\\\McAfee\\\\WPS\\\\1.40.161.1\\\\mc-fw-host.exe\\\" -service\\r\\nParentUser: NT AUTHORITY\\\\SYSTEM\\\"\"},\"eventdata\":{\"utcTime\":\"2026-09-10 12:44:56.172\",\"processGuid\":\"{35c0bd55-a648-6aa2-a200-00000000f904}\",\"processId\":\"9928\",\"image\":\"C:\\\\\\\\Windows\\\\\\\\System32\\\\\\\\regsvr32.exe\",\"fileVersion\":\"10.0.26100.9278 (WinBuild.160101.0800)\",\"description\":\"Microsoft(C) Register Server\",\"product\":\"Microsoft\u00ae Windows\u00ae Operating System\",\"company\":\"Microsoft Corporation\",\"originalFileName\":\"REGSVR32.EXE\",\"commandLine\":\" /s \\\\\\\"C:\\\\\\\\Program Files\\\\\\\\McAfee\\\\\\\\WPS\\\\\\\\1.40.161.1\\\\\\\\mc-sec-plugin-x64.dll\\\\\\\"\",\"currentDirectory\":\"\\\\\\\\\\\\\\\\?\\\\\\\\C:\\\\\\\\Program Files\\\\\\\\McAfee\\\\\\\\WPS\\\\\\\\1.40.161.1\\\\\\\\\",\"user\":\"NT AUTHORITY\\\\\\\\SYSTEM\",\"logonGuid\":\"{35c0bd55-a640-6aa2-e703-000000000000}\",\"logonId\":\"0x3e7\",\"terminalSessionId\":\"0\",\"integrityLevel\":\"System\",\"hashes\":\"SHA256=E2546FE32071EAA351F1FD188EBF6D3C2787AA186A6A42156A7B75BC881E14D2\",\"parentProcessGuid\":\"{35c0bd55-a644-6aa2-7d00-00000000f904}\",\"parentProcessId\":\"6096\",\"parentImage\":\"C:\\\\\\\\Program Files\\\\\\\\McAfee\\\\\\\\WPS\\\\\\\\1.40.161.1\\\\\\\\mc-fw-host.exe\",\"parentCommandLine\":\"\\\\\\\"\\\\\\\\\\\\\\\\?\\\\\\\\C:\\\\\\\\Program Files\\\\\\\\McAfee\\\\\\\\WPS\\\\\\\\1.40.161.1\\\\\\\\mc-fw-host.exe\\\\\\\" -service\",\"parentUser\":\"NT AUTHORITY\\\\\\\\SYSTEM\"}}}",
    "input": {
      "type": "log"
    },
    "@timestamp": "2026-09-10T13:02:11.933Z",
    "location": "EventChannel",
    "id": "1789045331.125753848",
    "timestamp": "2026-09-10T18:32:11.933+0530"
  },
  {
    "agent": {
      "ip": "192.168.88.66",
      "name": "Simran-Machine-Host-5th-Sem",
      "id": "053"
    },
    "manager": {
      "name": "vp"
    },
    "data": {
      "win": {
        "eventdata": {
          "data": "Local Hostname LAPTOP-P8C7UUVI.local already in use; will try LAPTOP-P8C7UUVI-2.local instead"
        },
        "system": {
          "eventID": "100",
          "keywords": "0x80000000000000",
          "level": "2",
          "channel": "Application",
          "opcode": "0",
          "message": "\"Local Hostname LAPTOP-P8C7UUVI.local already in use; will try LAPTOP-P8C7UUVI-2.local instead\"",
          "version": "0",
          "systemTime": "2026-09-10T12:45:00.1671403Z",
          "eventRecordID": "240544",
          "threadID": "0",
          "computer": "LAPTOP-P8C7UUVI",
          "task": "0",
          "processID": "5808",
          "severityValue": "ERROR",
          "providerName": "Bonjour Service"
        }
      }
    },
    "rule": {
      "firedtimes": 3,
      "mail": false,
      "level": 9,
      "description": "Windows application error event.",
      "groups": [
        "windows",
        "windows_application",
        "system_error"
      ],
      "id": "60602",
      "gdpr": [
        "IV_35.7.d"
      ],
      "gpg13": [
        "4.3"
      ]
    },
    "decoder": {
      "name": "windows_eventchannel"
    },
    "input": {
      "type": "log"
    },
    "@timestamp": "2026-09-10T13:02:11.649Z",
    "location": "EventChannel",
    "id": "1789045331.125752410",
    "timestamp": "2026-09-10T18:32:11.649+0530"
  },
  {
    "agent": {
      "ip": "192.168.88.66",
      "name": "Simran-Machine-Host-5th-Sem",
      "id": "053"
    },
    "manager": {
      "name": "vp"
    },
    "data": {
      "win": {
        "eventdata": {
          "data": "mDNSCoreReceiveResponse: ProbeCount 0; will deregister    4 LAPTOP-P8C7UUVI.local. Addr 172.20.10.3"
        },
        "system": {
          "eventID": "100",
          "keywords": "0x80000000000000",
          "level": "2",
          "channel": "Application",
          "opcode": "0",
          "message": "\"mDNSCoreReceiveResponse: ProbeCount 0; will deregister    4 LAPTOP-P8C7UUVI.local. Addr 172.20.10.3\"",
          "version": "0",
          "systemTime": "2026-09-10T12:45:00.1669437Z",
          "eventRecordID": "240543",
          "threadID": "0",
          "computer": "LAPTOP-P8C7UUVI",
          "task": "0",
          "processID": "5808",
          "severityValue": "ERROR",
          "providerName": "Bonjour Service"
        }
      }
    },
    "rule": {
      "firedtimes": 2,
      "mail": false,
      "level": 9,
      "description": "Windows application error event.",
      "groups": [
        "windows",
        "windows_application",
        "system_error"
      ],
      "id": "60602",
      "gdpr": [
        "IV_35.7.d"
      ],
      "gpg13": [
        "4.3"
      ]
    },
    "decoder": {
      "name": "windows_eventchannel"
    },
    "input": {
      "type": "log"
    },
    "@timestamp": "2026-09-10T13:02:11.586Z",
    "location": "EventChannel",
    "id": "1789045331.125750948",
    "timestamp": "2026-09-10T18:32:11.586+0530"
  },
  {
    "agent": {
      "ip": "192.168.88.66",
      "name": "Simran-Machine-Host-5th-Sem",
      "id": "053"
    },
    "manager": {
      "name": "vp"
    },
    "data": {
      "win": {
        "eventdata": {
          "data": "mDNSCoreReceiveResponse: Received from 172.20.10.3:5353   16 LAPTOP-P8C7UUVI.local. AAAA 2401:4900:D969:7F7F:99AE:0431:28DA:482D"
        },
        "system": {
          "eventID": "100",
          "keywords": "0x80000000000000",
          "level": "2",
          "channel": "Application",
          "opcode": "0",
          "message": "\"mDNSCoreReceiveResponse: Received from 172.20.10.3:5353   16 LAPTOP-P8C7UUVI.local. AAAA 2401:4900:D969:7F7F:99AE:0431:28DA:482D\"",
          "version": "0",
          "systemTime": "2026-09-10T12:45:00.1666037Z",
          "eventRecordID": "240542",
          "threadID": "0",
          "computer": "LAPTOP-P8C7UUVI",
          "task": "0",
          "processID": "5808",
          "severityValue": "ERROR",
          "providerName": "Bonjour Service"
        }
      }
    },
    "rule": {
      "firedtimes": 1,
      "mail": false,
      "level": 9,
      "description": "Windows application error event.",
      "groups": [
        "windows",
        "windows_application",
        "system_error"
      ],
      "id": "60602",
      "gdpr": [
        "IV_35.7.d"
      ],
      "gpg13": [
        "4.3"
      ]
    },
    "decoder": {
      "name": "windows_eventchannel"
    },
    "input": {
      "type": "log"
    },
    "@timestamp": "2026-09-10T13:02:11.538Z",
    "location": "EventChannel",
    "id": "1789045331.125749370",
    "timestamp": "2026-09-10T18:32:11.538+0530"
  },
  {
    "agent": {
      "name": "vp",
      "id": "000"
    },
    "data": {
      "srcuser": "admin",
      "srcip": "80.94.95.116"
    },
    "rule": {
      "mail": false,
      "level": 5,
      "hipaa": [
        "164.312.b"
      ],
      "pci_dss": [
        "10.2.4",
        "10.2.5",
        "10.6.1"
      ],
      "tsc": [
        "CC6.1",
        "CC6.8",
        "CC7.2",
        "CC7.3"
      ],
      "description": "sshd: Attempt to login using a non-existent user",
      "groups": [
        "syslog",
        "sshd",
        "authentication_failed",
        "invalid_login"
      ],
      "nist_800_53": [
        "AU.14",
        "AC.7",
        "AU.6"
      ],
      "gdpr": [
        "IV_35.7.d",
        "IV_32.2"
      ],
      "firedtimes": 24,
      "mitre": {
        "technique": [
          "Password Guessing",
          "SSH"
        ],
        "id": [
          "T1110.001",
          "T1021.004"
        ],
        "tactic": [
          "Credential Access",
          "Lateral Movement"
        ]
      },
      "id": "5710",
      "gpg13": [
        "7.1"
      ]
    },
    "full_log": "Sep 10 13:02:08 vp sshd[1957405]: Failed password for invalid user admin from 80.94.95.116 port 63122 ssh2",
    "id": "1789045329.125748859",
    "timestamp": "2026-09-10T18:32:09.870+0530",
    "predecoder": {
      "hostname": "vp",
      "program_name": "sshd",
      "timestamp": "Sep 10 13:02:08"
    },
    "manager": {
      "name": "vp"
    },
    "decoder": {
      "parent": "sshd",
      "name": "sshd"
    },
    "input": {
      "type": "log"
    },
    "@timestamp": "2026-09-10T13:02:09.870Z",
    "location": "journald",
    "GeoLocation": {
      "country_name": "United Kingdom",
      "location": {
        "lon": -0.1224,
        "lat": 51.4964
      }
    }
  },
  {
    "agent": {
      "ip": "192.168.88.66",
      "name": "Simran-Machine-Host-5th-Sem",
      "id": "053"
    },
    "manager": {
      "name": "vp"
    },
    "data": {
      "win": {
        "eventdata": {
          "subjectLogonId": "0x3e7",
          "compatibleIds": "    USB\\\\COMPAT_VID_05ac&amp;Class_06&amp;SubClass_01&amp;Prot_01    USB\\\\COMPAT_VID_05ac&amp;Class_06&amp;SubClass_01    USB\\\\COMPAT_VID_05ac&amp;Class_06    USB\\\\Class_06&amp;SubClass_01&amp;Prot_01    USB\\\\Class_06&amp;SubClass_01    USB\\\\Class_06",
          "classId": "{eec5ad98-8080-425f-922a-dabf3de3f69a}",
          "subjectUserSid": "S-1-5-18",
          "deviceDescription": "Apple iPhone",
          "vendorIds": "    USB\\\\VID_05AC&amp;PID_12A8&amp;REV_1405&amp;MI_00    USB\\\\VID_05AC&amp;PID_12A8&amp;MI_00",
          "subjectDomainName": "WORKGROUP",
          "locationInformation": "    0003.0000.0003.001.000.000.000.000.000",
          "className": "WPD",
          "deviceId": "USB\\\\VID_05AC&amp;PID_12A8&amp;MI_00\\\\7&amp;3a219d19&amp;0&amp;0000",
          "subjectUserName": "LAPTOP-P8C7UUVI$"
        },
        "system": {
          "eventID": "6416",
          "keywords": "0x8020000000000000",
          "providerGuid": "{54849625-5478-4994-a5ba-3e3b0328c30d}",
          "level": "0",
          "channel": "Security",
          "opcode": "0",
          "message": "\"A new external device was recognized by the system.\r\n\r\nSubject:\r\n\tSecurity ID:\t\tS-1-5-18\r\n\tAccount Name:\t\tLAPTOP-P8C7UUVI$\r\n\tAccount Domain:\t\tWORKGROUP\r\n\tLogon ID:\t\t0x3E7\r\n\r\nDevice ID:\tUSB\\VID_05AC&PID_12A8&MI_00\\7&3a219d19&0&0000\r\n\r\nDevice Name:\tApple iPhone\r\n\r\nClass ID:\t\t{eec5ad98-8080-425f-922a-dabf3de3f69a}\r\n\r\nClass Name:\tWPD\r\n\r\nVendor IDs:\t\r\n\t\tUSB\\VID_05AC&PID_12A8&REV_1405&MI_00\r\n\t\tUSB\\VID_05AC&PID_12A8&MI_00\r\n\t\t\r\n\t\t\r\n\r\nCompatible IDs:\t\r\n\t\tUSB\\COMPAT_VID_05ac&Class_06&SubClass_01&Prot_01\r\n\t\tUSB\\COMPAT_VID_05ac&Class_06&SubClass_01\r\n\t\tUSB\\COMPAT_VID_05ac&Class_06\r\n\t\tUSB\\Class_06&SubClass_01&Prot_01\r\n\t\tUSB\\Class_06&SubClass_01\r\n\t\tUSB\\Class_06\r\n\t\t\r\n\t\t\r\n\r\nLocation Information:\t\r\n\t\t0003.0000.0003.001.000.000.000.000.000\r\n\t\t\"",
          "version": "1",
          "systemTime": "2026-09-10T12:44:59.6112349Z",
          "eventRecordID": "5837490",
          "threadID": "752",
          "computer": "LAPTOP-P8C7UUVI",
          "task": "13316",
          "processID": "4",
          "severityValue": "AUDIT_SUCCESS",
          "providerName": "Microsoft-Windows-Security-Auditing"
        }
      }
    },
    "rule": {
      "firedtimes": 1,
      "mail": false,
      "level": 8,
      "description": "A new external device was recognized by the system",
      "groups": [
        "windows",
        "windows_security",
        "ipsec"
      ],
      "mitre": {
        "technique": [
          "Communication Through Removable Media"
        ],
        "id": [
          "T1092"
        ],
        "tactic": [
          "Command and Control"
        ]
      },
      "id": "60227"
    },
    "decoder": {
      "name": "windows_eventchannel"
    },
    "input": {
      "type": "log"
    },
    "@timestamp": "2026-09-10T13:02:09.060Z",
    "location": "EventChannel",
    "id": "1789045329.125744420",
    "timestamp": "2026-09-10T18:32:09.060+0530"
  },
  {
    "agent": {
      "ip": "192.168.88.66",
      "name": "Simran-Machine-Host-5th-Sem",
      "id": "053"
    },
    "manager": {
      "name": "vp"
    },
    "data": {
      "win": {
        "eventdata": {
          "binary": "000000000100000000000000BC020080000000000000000000000000000000000000000000000000"
        },
        "system": {
          "eventID": "700",
          "keywords": "0x80000000000000",
          "level": "3",
          "channel": "System",
          "opcode": "0",
          "message": "\"Power Manager has requested suppression of all input (INPUT_SUPPRESS_REQUEST=1)\"",
          "version": "0",
          "systemTime": "2026-09-10T13:01:57.3587373Z",
          "eventRecordID": "318947",
          "threadID": "132",
          "computer": "LAPTOP-P8C7UUVI",
          "task": "0",
          "processID": "4",
          "severityValue": "WARNING",
          "providerName": "Win32k"
        }
      }
    },
    "rule": {
      "firedtimes": 18,
      "mail": false,
      "level": 10,
      "description": "Windows: Mimikatz credential dump (EventID 4624)",
      "groups": [
        "custom_attacks",
        "windows",
        "credential_access"
      ],
      "mitre": {
        "technique": [
          "LSASS Memory"
        ],
        "id": [
          "T1003.001"
        ],
        "tactic": [
          "Credential Access"
        ]
      },
      "id": "100141"
    },
    "decoder": {
      "name": "windows_eventchannel"
    },
    "full_log": "{\"win\":{\"system\":{\"providerName\":\"Win32k\",\"eventID\":\"700\",\"version\":\"0\",\"level\":\"3\",\"task\":\"0\",\"opcode\":\"0\",\"keywords\":\"0x80000000000000\",\"systemTime\":\"2026-09-10T13:01:57.3587373Z\",\"eventRecordID\":\"318947\",\"processID\":\"4\",\"threadID\":\"132\",\"channel\":\"System\",\"computer\":\"LAPTOP-P8C7UUVI\",\"severityValue\":\"WARNING\",\"message\":\"\\\"Power Manager has requested suppression of all input (INPUT_SUPPRESS_REQUEST=1)\\\"\"},\"eventdata\":{\"binary\":\"000000000100000000000000BC020080000000000000000000000000000000000000000000000000\"}}}",
    "input": {
      "type": "log"
    },
    "@timestamp": "2026-09-10T13:02:07.960Z",
    "location": "EventChannel",
    "id": "1789045327.125734610",
    "timestamp": "2026-09-10T18:32:07.960+0530"
  },
  {
    "agent": {
      "ip": "192.168.88.66",
      "name": "Simran-Machine-Host-5th-Sem",
      "id": "053"
    },
    "manager": {
      "name": "vp"
    },
    "data": {
      "win": {
        "eventdata": {
          "binary": "000000000100000000000000BC020080000000000000000000000000000000000000000000000000"
        },
        "system": {
          "eventID": "700",
          "keywords": "0x80000000000000",
          "level": "3",
          "channel": "System",
          "opcode": "0",
          "message": "\"Power Manager has requested suppression of all input (INPUT_SUPPRESS_REQUEST=1)\"",
          "version": "0",
          "systemTime": "2026-09-10T13:01:57.3567297Z",
          "eventRecordID": "318946",
          "threadID": "132",
          "computer": "LAPTOP-P8C7UUVI",
          "task": "0",
          "processID": "4",
          "severityValue": "WARNING",
          "providerName": "Win32k"
        }
      }
    },
    "rule": {
      "firedtimes": 20,
      "mail": false,
      "level": 10,
      "description": "Windows: Mimikatz credential dump (EventID 4624)",
      "groups": [
        "custom_attacks",
        "windows",
        "credential_access"
      ],
      "mitre": {
        "technique": [
          "LSASS Memory"
        ],
        "id": [
          "T1003.001"
        ],
        "tactic": [
          "Credential Access"
        ]
      },
      "id": "100141"
    },
    "decoder": {
      "name": "windows_eventchannel"
    },
    "full_log": "{\"win\":{\"system\":{\"providerName\":\"Win32k\",\"eventID\":\"700\",\"version\":\"0\",\"level\":\"3\",\"task\":\"0\",\"opcode\":\"0\",\"keywords\":\"0x80000000000000\",\"systemTime\":\"2026-09-10T13:01:57.3567297Z\",\"eventRecordID\":\"318946\",\"processID\":\"4\",\"threadID\":\"132\",\"channel\":\"System\",\"computer\":\"LAPTOP-P8C7UUVI\",\"severityValue\":\"WARNING\",\"message\":\"\\\"Power Manager has requested suppression of all input (INPUT_SUPPRESS_REQUEST=1)\\\"\"},\"eventdata\":{\"binary\":\"000000000100000000000000BC020080000000000000000000000000000000000000000000000000\"}}}",
    "input": {
      "type": "log"
    },
    "@timestamp": "2026-09-10T13:02:07.960Z",
    "location": "EventChannel",
    "id": "1789045327.125739061",
    "timestamp": "2026-09-10T18:32:07.960+0530"
  },
  {
    "agent": {
      "ip": "192.168.88.66",
      "name": "Simran-Machine-Host-5th-Sem",
      "id": "053"
    },
    "manager": {
      "name": "vp"
    },
    "data": {
      "win": {
        "eventdata": {
          "serviceType": "user mode service",
          "accountName": "LocalSystem",
          "imagePath": "\\\"C:\\\\Program Files\\\\McAfee\\\\wps\\\\1.40.161.1\\\\dad\\\\mc-dad.exe\\\"",
          "startType": "demand start",
          "serviceName": "McAfee Scheduled Task - (McAfee-Dynamicappdownloader)"
        },
        "system": {
          "eventID": "7045",
          "eventSourceName": "Service Control Manager",
          "keywords": "0x8080000000000000",
          "providerGuid": "{555908d1-a6d7-4695-8e1e-26931d2012f4}",
          "level": "4",
          "channel": "System",
          "opcode": "0",
          "message": "\"A service was installed in the system.\r\n\r\nService Name:  McAfee Scheduled Task - (McAfee-Dynamicappdownloader)\r\nService File Name:  \"C:\\Program Files\\McAfee\\wps\\1.40.161.1\\dad\\mc-dad.exe\"\r\nService Type:  user mode service\r\nService Start Type:  demand start\r\nService Account:  LocalSystem\"",
          "version": "0",
          "systemTime": "2026-09-10T13:01:58.0201225Z",
          "eventRecordID": "318951",
          "threadID": "1668",
          "computer": "LAPTOP-P8C7UUVI",
          "task": "0",
          "processID": "1428",
          "severityValue": "INFORMATION",
          "providerName": "Service Control Manager"
        }
      }
    },
    "rule": {
      "firedtimes": 3,
      "mail": false,
      "level": 5,
      "description": "New Windows Service Created",
      "groups": [
        "windows",
        "windows_system"
      ],
      "mitre": {
        "technique": [
          "Windows Service"
        ],
        "id": [
          "T1543.003"
        ],
        "tactic": [
          "Persistence",
          "Privilege Escalation"
        ]
      },
      "id": "61138"
    },
    "decoder": {
      "name": "windows_eventchannel"
    },
    "input": {
      "type": "log"
    },
    "@timestamp": "2026-09-10T13:02:07.960Z",
    "location": "EventChannel",
    "id": "1789045327.125742048",
    "timestamp": "2026-09-10T18:32:07.960+0530"
  },
  {
    "agent": {
      "ip": "192.168.88.66",
      "name": "Simran-Machine-Host-5th-Sem",
      "id": "053"
    },
    "manager": {
      "name": "vp"
    },
    "data": {
      "win": {
        "eventdata": {
          "serviceType": "user mode service",
          "accountName": "LocalSystem",
          "imagePath": "\\\"C:\\\\Program Files\\\\McAfee\\\\wps\\\\1.40.161.1\\\\dad\\\\mc-dad.exe\\\"",
          "startType": "demand start",
          "serviceName": "McAfee Scheduled Task - (McAfee-Dynamicappdownloader)"
        },
        "system": {
          "eventID": "7045",
          "eventSourceName": "Service Control Manager",
          "keywords": "0x8080000000000000",
          "providerGuid": "{555908d1-a6d7-4695-8e1e-26931d2012f4}",
          "level": "4",
          "channel": "System",
          "opcode": "0",
          "message": "\"A service was installed in the system.\r\n\r\nService Name:  McAfee Scheduled Task - (McAfee-Dynamicappdownloader)\r\nService File Name:  \"C:\\Program Files\\McAfee\\wps\\1.40.161.1\\dad\\mc-dad.exe\"\r\nService Type:  user mode service\r\nService Start Type:  demand start\r\nService Account:  LocalSystem\"",
          "version": "0",
          "systemTime": "2026-09-10T12:55:48.8477271Z",
          "eventRecordID": "318933",
          "threadID": "3956",
          "computer": "LAPTOP-P8C7UUVI",
          "task": "0",
          "processID": "1428",
          "severityValue": "INFORMATION",
          "providerName": "Service Control Manager"
        }
      }
    },
    "rule": {
      "firedtimes": 2,
      "mail": false,
      "level": 5,
      "description": "New Windows Service Created",
      "groups": [
        "windows",
        "windows_system"
      ],
      "mitre": {
        "technique": [
          "Windows Service"
        ],
        "id": [
          "T1543.003"
        ],
        "tactic": [
          "Persistence",
          "Privilege Escalation"
        ]
      },
      "id": "61138"
    },
    "decoder": {
      "name": "windows_eventchannel"
    },
    "input": {
      "type": "log"
    },
    "@timestamp": "2026-09-10T13:02:07.959Z",
    "location": "EventChannel",
    "id": "1789045327.125732238",
    "timestamp": "2026-09-10T18:32:07.959+0530"
  },
  {
    "agent": {
      "ip": "192.168.88.66",
      "name": "Simran-Machine-Host-5th-Sem",
      "id": "053"
    },
    "manager": {
      "name": "vp"
    },
    "data": {
      "win": {
        "eventdata": {
          "param7": "simra",
          "param8": "S-1-5-21-2097721581-3874961944-690806462-1001",
          "param5": "{15C20B67-12E7-4BB6-92BB-7AFF07997402}",
          "param6": "LAPTOP-P8C7UUVI",
          "param9": "LocalHost (Using LRPC)",
          "param10": "Unavailable",
          "param11": "Unavailable",
          "param3": "Activation",
          "param4": "{2593F8B9-4EAF-457C-B68A-50F6B8EA6B54}",
          "param1": "application-specific",
          "param2": "Local"
        },
        "system": {
          "eventID": "10016",
          "eventSourceName": "DCOM",
          "keywords": "0x8080000000000000",
          "providerGuid": "{1B562E86-B7AA-4131-BADC-B6F3A001407E}",
          "level": "3",
          "channel": "System",
          "opcode": "0",
          "message": "\"The application-specific permission settings do not grant Local Activation permission for the COM Server application with CLSID \r\n{2593F8B9-4EAF-457C-B68A-50F6B8EA6B54}\r\n and APPID \r\n{15C20B67-12E7-4BB6-92BB-7AFF07997402}\r\n to the user LAPTOP-P8C7UUVI\\simra SID (S-1-5-21-2097721581-3874961944-690806462-1001) from address LocalHost (Using LRPC) running in the application container Unavailable SID (Unavailable). This security permission can be modified using the Component Services administrative tool.\"",
          "version": "0",
          "systemTime": "2026-09-10T13:01:50.1310765Z",
          "eventRecordID": "318944",
          "threadID": "22816",
          "computer": "LAPTOP-P8C7UUVI",
          "task": "0",
          "processID": "1804",
          "severityValue": "WARNING",
          "providerName": "Microsoft-Windows-DistributedCOM"
        }
      }
    },
    "rule": {
      "firedtimes": 19,
      "mail": false,
      "level": 10,
      "description": "Windows: Mimikatz credential dump (EventID 4624)",
      "groups": [
        "custom_attacks",
        "windows",
        "credential_access"
      ],
      "mitre": {
        "technique": [
          "LSASS Memory"
        ],
        "id": [
          "T1003.001"
        ],
        "tactic": [
          "Credential Access"
        ]
      },
      "id": "100141"
    },
    "decoder": {
      "name": "windows_eventchannel"
    },
    "full_log": "{\"win\":{\"system\":{\"providerName\":\"Microsoft-Windows-DistributedCOM\",\"providerGuid\":\"{1B562E86-B7AA-4131-BADC-B6F3A001407E}\",\"eventSourceName\":\"DCOM\",\"eventID\":\"10016\",\"version\":\"0\",\"level\":\"3\",\"task\":\"0\",\"opcode\":\"0\",\"keywords\":\"0x8080000000000000\",\"systemTime\":\"2026-09-10T13:01:50.1310765Z\",\"eventRecordID\":\"318944\",\"processID\":\"1804\",\"threadID\":\"22816\",\"channel\":\"System\",\"computer\":\"LAPTOP-P8C7UUVI\",\"severityValue\":\"WARNING\",\"message\":\"\\\"The application-specific permission settings do not grant Local Activation permission for the COM Server application with CLSID \\r\\n{2593F8B9-4EAF-457C-B68A-50F6B8EA6B54}\\r\\n and APPID \\r\\n{15C20B67-12E7-4BB6-92BB-7AFF07997402}\\r\\n to the user LAPTOP-P8C7UUVI\\\\simra SID (S-1-5-21-2097721581-3874961944-690806462-1001) from address LocalHost (Using LRPC) running in the application container Unavailable SID (Unavailable). This security permission can be modified using the Component Services administrative tool.\\\"\"},\"eventdata\":{\"param1\":\"application-specific\",\"param2\":\"Local\",\"param3\":\"Activation\",\"param4\":\"{2593F8B9-4EAF-457C-B68A-50F6B8EA6B54}\",\"param5\":\"{15C20B67-12E7-4BB6-92BB-7AFF07997402}\",\"param6\":\"LAPTOP-P8C7UUVI\",\"param7\":\"simra\",\"param8\":\"S-1-5-21-2097721581-3874961944-690806462-1001\",\"param9\":\"LocalHost (Using LRPC)\",\"param10\":\"Unavailable\",\"param11\":\"Unavailable\"}}}",
    "input": {
      "type": "log"
    },
    "@timestamp": "2026-09-10T13:02:07.959Z",
    "location": "EventChannel",
    "id": "1789045327.125735965",
    "timestamp": "2026-09-10T18:32:07.959+0530"
  },
  {
    "agent": {
      "ip": "192.168.88.66",
      "name": "Simran-Machine-Host-5th-Sem",
      "id": "053"
    },
    "manager": {
      "name": "vp"
    },
    "data": {
      "win": {
        "eventdata": {
          "param7": "SYSTEM",
          "param8": "S-1-5-18",
          "param5": "Unavailable",
          "param6": "NT AUTHORITY",
          "param9": "LocalHost (Using LRPC)",
          "param10": "Unavailable",
          "param11": "Unavailable",
          "param3": "Launch",
          "param4": "Windows.SecurityCenter.WscBrokerManager",
          "param1": "application-specific",
          "param2": "Local"
        },
        "system": {
          "eventID": "10016",
          "eventSourceName": "DCOM",
          "keywords": "0x8080000000000000",
          "providerGuid": "{1B562E86-B7AA-4131-BADC-B6F3A001407E}",
          "level": "3",
          "channel": "System",
          "opcode": "0",
          "message": "\"The application-specific permission settings do not grant Local Launch permission for the COM Server application with CLSID \r\nWindows.SecurityCenter.WscBrokerManager\r\n and APPID \r\nUnavailable\r\n to the user NT AUTHORITY\\SYSTEM SID (S-1-5-18) from address LocalHost (Using LRPC) running in the application container Unavailable SID (Unavailable). This security permission can be modified using the Component Services administrative tool.\"",
          "version": "0",
          "systemTime": "2026-09-10T12:46:35.2689133Z",
          "eventRecordID": "318916",
          "threadID": "1816",
          "computer": "LAPTOP-P8C7UUVI",
          "task": "0",
          "processID": "1804",
          "severityValue": "WARNING",
          "providerName": "Microsoft-Windows-DistributedCOM"
        }
      }
    },
    "rule": {
      "firedtimes": 17,
      "mail": false,
      "level": 10,
      "description": "Windows: Mimikatz credential dump (EventID 4624)",
      "groups": [
        "custom_attacks",
        "windows",
        "credential_access"
      ],
      "mitre": {
        "technique": [
          "LSASS Memory"
        ],
        "id": [
          "T1003.001"
        ],
        "tactic": [
          "Credential Access"
        ]
      },
      "id": "100141"
    },
    "decoder": {
      "name": "windows_eventchannel"
    },
    "full_log": "{\"win\":{\"system\":{\"providerName\":\"Microsoft-Windows-DistributedCOM\",\"providerGuid\":\"{1B562E86-B7AA-4131-BADC-B6F3A001407E}\",\"eventSourceName\":\"DCOM\",\"eventID\":\"10016\",\"version\":\"0\",\"level\":\"3\",\"task\":\"0\",\"opcode\":\"0\",\"keywords\":\"0x8080000000000000\",\"systemTime\":\"2026-09-10T12:46:35.2689133Z\",\"eventRecordID\":\"318916\",\"processID\":\"1804\",\"threadID\":\"1816\",\"channel\":\"System\",\"computer\":\"LAPTOP-P8C7UUVI\",\"severityValue\":\"WARNING\",\"message\":\"\\\"The application-specific permission settings do not grant Local Launch permission for the COM Server application with CLSID \\r\\nWindows.SecurityCenter.WscBrokerManager\\r\\n and APPID \\r\\nUnavailable\\r\\n to the user NT AUTHORITY\\\\SYSTEM SID (S-1-5-18) from address LocalHost (Using LRPC) running in the application container Unavailable SID (Unavailable). This security permission can be modified using the Component Services administrative tool.\\\"\"},\"eventdata\":{\"param1\":\"application-specific\",\"param2\":\"Local\",\"param3\":\"Launch\",\"param4\":\"Windows.SecurityCenter.WscBrokerManager\",\"param5\":\"Unavailable\",\"param6\":\"NT AUTHORITY\",\"param7\":\"SYSTEM\",\"param8\":\"S-1-5-18\",\"param9\":\"LocalHost (Using LRPC)\",\"param10\":\"Unavailable\",\"param11\":\"Unavailable\"}}}",
    "input": {
      "type": "log"
    },
    "@timestamp": "2026-09-10T13:02:07.958Z",
    "location": "EventChannel",
    "id": "1789045327.125727859",
    "timestamp": "2026-09-10T18:32:07.958+0530"
  },
  {
    "agent": {
      "ip": "192.168.88.66",
      "name": "Simran-Machine-Host-5th-Sem",
      "id": "053"
    },
    "manager": {
      "name": "vp"
    },
    "data": {
      "win": {
        "eventdata": {
          "param1": "{283EDD52-69B2-473D-BEB6-2C0B4C01FD73}"
        },
        "system": {
          "eventID": "10010",
          "eventSourceName": "DCOM",
          "keywords": "0x8080000000000000",
          "providerGuid": "{1B562E86-B7AA-4131-BADC-B6F3A001407E}",
          "level": "2",
          "channel": "System",
          "opcode": "0",
          "message": "\"The server {283EDD52-69B2-473D-BEB6-2C0B4C01FD73} did not register with DCOM within the required timeout.\"",
          "version": "0",
          "systemTime": "2026-09-10T12:52:35.5535703Z",
          "eventRecordID": "318926",
          "threadID": "2120",
          "computer": "LAPTOP-P8C7UUVI",
          "task": "0",
          "processID": "1804",
          "severityValue": "ERROR",
          "providerName": "Microsoft-Windows-DistributedCOM"
        }
      }
    },
    "rule": {
      "firedtimes": 1,
      "mail": false,
      "level": 5,
      "description": "Windows System error event",
      "groups": [
        "windows",
        "windows_system",
        "system_error"
      ],
      "id": "61102",
      "gpg13": [
        "4.3"
      ],
      "gdpr": [
        "IV_35.7.d"
      ]
    },
    "decoder": {
      "name": "windows_eventchannel"
    },
    "input": {
      "type": "log"
    },
    "@timestamp": "2026-09-10T13:02:07.958Z",
    "location": "EventChannel",
    "id": "1789045327.125730677",
    "timestamp": "2026-09-10T18:32:07.958+0530"
  },
  {
    "agent": {
      "ip": "192.168.88.66",
      "name": "Simran-Machine-Host-5th-Sem",
      "id": "053"
    },
    "manager": {
      "name": "vp"
    },
    "data": {
      "win": {
        "eventdata": {
          "updateType": "SBAT",
          "hResult": "-1878589247"
        },
        "system": {
          "eventID": "1796",
          "keywords": "0x8000000000000000",
          "providerGuid": "{7d5387b0-cbe0-11da-a94d-0800200c9a66}",
          "level": "2",
          "channel": "System",
          "opcode": "0",
          "message": "\"The Secure Boot update failed to update SBAT with error Unknown HResult Error code: 0x800700c1. For more information, please see https://go.microsoft.com/fwlink/?linkid=2169931\"",
          "version": "3",
          "systemTime": "2026-09-10T12:50:03.4802761Z",
          "eventRecordID": "318921",
          "threadID": "11884",
          "computer": "LAPTOP-P8C7UUVI",
          "task": "0",
          "processID": "11200",
          "severityValue": "ERROR",
          "providerName": "Microsoft-Windows-TPM-WMI"
        }
      }
    },
    "rule": {
      "firedtimes": 2,
      "mail": false,
      "level": 5,
      "description": "Windows System error event",
      "groups": [
        "windows",
        "windows_system",
        "system_error"
      ],
      "id": "61102",
      "gpg13": [
        "4.3"
      ],
      "gdpr": [
        "IV_35.7.d"
      ]
    },
    "decoder": {
      "name": "windows_eventchannel"
    },
    "input": {
      "type": "log"
    },
    "@timestamp": "2026-09-10T13:02:07.958Z",
    "location": "EventChannel",
    "id": "1789045327.125740416",
    "timestamp": "2026-09-10T18:32:07.958+0530"
  },
  {
    "agent": {
      "ip": "192.168.88.66",
      "name": "Simran-Machine-Host-5th-Sem",
      "id": "053"
    },
    "manager": {
      "name": "vp"
    },
    "data": {
      "win": {
        "eventdata": {
          "addressLength": "128",
          "clientPID": "19220",
          "address": "1700000000000000FE8000000000000098B379FFFE6B50640400000000000000000000000000000000000000000000000000000000000000000000000000000000000000000000000000000000000000000000000000000000000000000000000000000000000000000000000000000000000000000000000000000000000000",
          "queryName": "365.kdocs.cn"
        },
        "system": {
          "eventID": "1014",
          "keywords": "0x4000000010000000",
          "providerGuid": "{1c95126e-7eea-49a9-a3fe-a378b03ddb4d}",
          "level": "3",
          "channel": "System",
          "opcode": "0",
          "message": "\"Name resolution for the name 365.kdocs.cn timed out after none of the configured DNS servers responded. Client PID 19220.\"",
          "version": "1",
          "systemTime": "2026-09-10T12:46:20.1781854Z",
          "eventRecordID": "318910",
          "threadID": "10184",
          "computer": "LAPTOP-P8C7UUVI",
          "task": "1014",
          "processID": "2260",
          "severityValue": "WARNING",
          "providerName": "Microsoft-Windows-DNS-Client"
        }
      }
    },
    "rule": {
      "firedtimes": 11,
      "mail": false,
      "level": 10,
      "description": "Windows: Mimikatz credential dump (EventID 4624)",
      "groups": [
        "custom_attacks",
        "windows",
        "credential_access"
      ],
      "mitre": {
        "technique": [
          "LSASS Memory"
        ],
        "id": [
          "T1003.001"
        ],
        "tactic": [
          "Credential Access"
        ]
      },
      "id": "100141"
    },
    "decoder": {
      "name": "windows_eventchannel"
    },
    "full_log": "{\"win\":{\"system\":{\"providerName\":\"Microsoft-Windows-DNS-Client\",\"providerGuid\":\"{1c95126e-7eea-49a9-a3fe-a378b03ddb4d}\",\"eventID\":\"1014\",\"version\":\"1\",\"level\":\"3\",\"task\":\"1014\",\"opcode\":\"0\",\"keywords\":\"0x4000000010000000\",\"systemTime\":\"2026-09-10T12:46:20.1781854Z\",\"eventRecordID\":\"318910\",\"processID\":\"2260\",\"threadID\":\"10184\",\"channel\":\"System\",\"computer\":\"LAPTOP-P8C7UUVI\",\"severityValue\":\"WARNING\",\"message\":\"\\\"Name resolution for the name 365.kdocs.cn timed out after none of the configured DNS servers responded. Client PID 19220.\\\"\"},\"eventdata\":{\"queryName\":\"365.kdocs.cn\",\"addressLength\":\"128\",\"address\":\"1700000000000000FE8000000000000098B379FFFE6B50640400000000000000000000000000000000000000000000000000000000000000000000000000000000000000000000000000000000000000000000000000000000000000000000000000000000000000000000000000000000000000000000000000000000000000\",\"clientPID\":\"19220\"}}}",
    "input": {
      "type": "log"
    },
    "@timestamp": "2026-09-10T13:02:07.957Z",
    "location": "EventChannel",
    "id": "1789045327.125710783",
    "timestamp": "2026-09-10T18:32:07.957+0530"
  },
  {
    "agent": {
      "ip": "192.168.88.66",
      "name": "Simran-Machine-Host-5th-Sem",
      "id": "053"
    },
    "manager": {
      "name": "vp"
    },
    "data": {
      "win": {
        "eventdata": {
          "param7": "simra",
          "param8": "S-1-5-21-2097721581-3874961944-690806462-1001",
          "param5": "{15C20B67-12E7-4BB6-92BB-7AFF07997402}",
          "param6": "LAPTOP-P8C7UUVI",
          "param9": "LocalHost (Using LRPC)",
          "param10": "Unavailable",
          "param11": "Unavailable",
          "param3": "Activation",
          "param4": "{2593F8B9-4EAF-457C-B68A-50F6B8EA6B54}",
          "param1": "application-specific",
          "param2": "Local"
        },
        "system": {
          "eventID": "10016",
          "eventSourceName": "DCOM",
          "keywords": "0x8080000000000000",
          "providerGuid": "{1B562E86-B7AA-4131-BADC-B6F3A001407E}",
          "level": "3",
          "channel": "System",
          "opcode": "0",
          "message": "\"The application-specific permission settings do not grant Local Activation permission for the COM Server application with CLSID \r\n{2593F8B9-4EAF-457C-B68A-50F6B8EA6B54}\r\n and APPID \r\n{15C20B67-12E7-4BB6-92BB-7AFF07997402}\r\n to the user LAPTOP-P8C7UUVI\\simra SID (S-1-5-21-2097721581-3874961944-690806462-1001) from address LocalHost (Using LRPC) running in the application container Unavailable SID (Unavailable). This security permission can be modified using the Component Services administrative tool.\"",
          "version": "0",
          "systemTime": "2026-09-10T12:46:25.1025511Z",
          "eventRecordID": "318913",
          "threadID": "2120",
          "computer": "LAPTOP-P8C7UUVI",
          "task": "0",
          "processID": "1804",
          "severityValue": "WARNING",
          "providerName": "Microsoft-Windows-DistributedCOM"
        }
      }
    },
    "rule": {
      "firedtimes": 12,
      "mail": false,
      "level": 10,
      "description": "Windows: Mimikatz credential dump (EventID 4624)",
      "groups": [
        "custom_attacks",
        "windows",
        "credential_access"
      ],
      "mitre": {
        "technique": [
          "LSASS Memory"
        ],
        "id": [
          "T1003.001"
        ],
        "tactic": [
          "Credential Access"
        ]
      },
      "id": "100141"
    },
    "decoder": {
      "name": "windows_eventchannel"
    },
    "full_log": "{\"win\":{\"system\":{\"providerName\":\"Microsoft-Windows-DistributedCOM\",\"providerGuid\":\"{1B562E86-B7AA-4131-BADC-B6F3A001407E}\",\"eventSourceName\":\"DCOM\",\"eventID\":\"10016\",\"version\":\"0\",\"level\":\"3\",\"task\":\"0\",\"opcode\":\"0\",\"keywords\":\"0x8080000000000000\",\"systemTime\":\"2026-09-10T12:46:25.1025511Z\",\"eventRecordID\":\"318913\",\"processID\":\"1804\",\"threadID\":\"2120\",\"channel\":\"System\",\"computer\":\"LAPTOP-P8C7UUVI\",\"severityValue\":\"WARNING\",\"message\":\"\\\"The application-specific permission settings do not grant Local Activation permission for the COM Server application with CLSID \\r\\n{2593F8B9-4EAF-457C-B68A-50F6B8EA6B54}\\r\\n and APPID \\r\\n{15C20B67-12E7-4BB6-92BB-7AFF07997402}\\r\\n to the user LAPTOP-P8C7UUVI\\\\simra SID (S-1-5-21-2097721581-3874961944-690806462-1001) from address LocalHost (Using LRPC) running in the application container Unavailable SID (Unavailable). This security permission can be modified using the Component Services administrative tool.\\\"\"},\"eventdata\":{\"param1\":\"application-specific\",\"param2\":\"Local\",\"param3\":\"Activation\",\"param4\":\"{2593F8B9-4EAF-457C-B68A-50F6B8EA6B54}\",\"param5\":\"{15C20B67-12E7-4BB6-92BB-7AFF07997402}\",\"param6\":\"LAPTOP-P8C7UUVI\",\"param7\":\"simra\",\"param8\":\"S-1-5-21-2097721581-3874961944-690806462-1001\",\"param9\":\"LocalHost (Using LRPC)\",\"param10\":\"Unavailable\",\"param11\":\"Unavailable\"}}}",
    "input": {
      "type": "log"
    },
    "@timestamp": "2026-09-10T13:02:07.957Z",
    "location": "EventChannel",
    "id": "1789045327.125712933",
    "timestamp": "2026-09-10T18:32:07.957+0530"
  },
  {
    "agent": {
      "ip": "192.168.88.66",
      "name": "Simran-Machine-Host-5th-Sem",
      "id": "053"
    },
    "manager": {
      "name": "vp"
    },
    "data": {
      "win": {
        "eventdata": {
          "param7": "simra",
          "param8": "S-1-5-21-2097721581-3874961944-690806462-1001",
          "param5": "{15C20B67-12E7-4BB6-92BB-7AFF07997402}",
          "param6": "LAPTOP-P8C7UUVI",
          "param9": "LocalHost (Using LRPC)",
          "param10": "Unavailable",
          "param11": "Unavailable",
          "param3": "Activation",
          "param4": "{2593F8B9-4EAF-457C-B68A-50F6B8EA6B54}",
          "param1": "application-specific",
          "param2": "Local"
        },
        "system": {
          "eventID": "10016",
          "eventSourceName": "DCOM",
          "keywords": "0x8080000000000000",
          "providerGuid": "{1B562E86-B7AA-4131-BADC-B6F3A001407E}",
          "level": "3",
          "channel": "System",
          "opcode": "0",
          "message": "\"The application-specific permission settings do not grant Local Activation permission for the COM Server application with CLSID \r\n{2593F8B9-4EAF-457C-B68A-50F6B8EA6B54}\r\n and APPID \r\n{15C20B67-12E7-4BB6-92BB-7AFF07997402}\r\n to the user LAPTOP-P8C7UUVI\\simra SID (S-1-5-21-2097721581-3874961944-690806462-1001) from address LocalHost (Using LRPC) running in the application container Unavailable SID (Unavailable). This security permission can be modified using the Component Services administrative tool.\"",
          "version": "0",
          "systemTime": "2026-09-10T12:46:24.6595099Z",
          "eventRecordID": "318911",
          "threadID": "7988",
          "computer": "LAPTOP-P8C7UUVI",
          "task": "0",
          "processID": "1804",
          "severityValue": "WARNING",
          "providerName": "Microsoft-Windows-DistributedCOM"
        }
      }
    },
    "rule": {
      "firedtimes": 13,
      "mail": false,
      "level": 10,
      "description": "Windows: Mimikatz credential dump (EventID 4624)",
      "groups": [
        "custom_attacks",
        "windows",
        "credential_access"
      ],
      "mitre": {
        "technique": [
          "LSASS Memory"
        ],
        "id": [
          "T1003.001"
        ],
        "tactic": [
          "Credential Access"
        ]
      },
      "id": "100141"
    },
    "decoder": {
      "name": "windows_eventchannel"
    },
    "full_log": "{\"win\":{\"system\":{\"providerName\":\"Microsoft-Windows-DistributedCOM\",\"providerGuid\":\"{1B562E86-B7AA-4131-BADC-B6F3A001407E}\",\"eventSourceName\":\"DCOM\",\"eventID\":\"10016\",\"version\":\"0\",\"level\":\"3\",\"task\":\"0\",\"opcode\":\"0\",\"keywords\":\"0x8080000000000000\",\"systemTime\":\"2026-09-10T12:46:24.6595099Z\",\"eventRecordID\":\"318911\",\"processID\":\"1804\",\"threadID\":\"7988\",\"channel\":\"System\",\"computer\":\"LAPTOP-P8C7UUVI\",\"severityValue\":\"WARNING\",\"message\":\"\\\"The application-specific permission settings do not grant Local Activation permission for the COM Server application with CLSID \\r\\n{2593F8B9-4EAF-457C-B68A-50F6B8EA6B54}\\r\\n and APPID \\r\\n{15C20B67-12E7-4BB6-92BB-7AFF07997402}\\r\\n to the user LAPTOP-P8C7UUVI\\\\simra SID (S-1-5-21-2097721581-3874961944-690806462-1001) from address LocalHost (Using LRPC) running in the application container Unavailable SID (Unavailable). This security permission can be modified using the Component Services administrative tool.\\\"\"},\"eventdata\":{\"param1\":\"application-specific\",\"param2\":\"Local\",\"param3\":\"Activation\",\"param4\":\"{2593F8B9-4EAF-457C-B68A-50F6B8EA6B54}\",\"param5\":\"{15C20B67-12E7-4BB6-92BB-7AFF07997402}\",\"param6\":\"LAPTOP-P8C7UUVI\",\"param7\":\"simra\",\"param8\":\"S-1-5-21-2097721581-3874961944-690806462-1001\",\"param9\":\"LocalHost (Using LRPC)\",\"param10\":\"Unavailable\",\"param11\":\"Unavailable\"}}}",
    "input": {
      "type": "log"
    },
    "@timestamp": "2026-09-10T13:02:07.957Z",
    "location": "EventChannel",
    "id": "1789045327.125716027",
    "timestamp": "2026-09-10T18:32:07.957+0530"
  },
