  {
    "agent": {
      "ip": "192.168.88.66",
      "name": "Simran-Machine-Host-5th-Sem",
      "id": "053"
    },
    "manager": {
      "name": "vp"
    },
    "data": {
      "win": {
        "eventdata": {
          "originalFileName": "REGSVR32.EXE",
          "image": "C:\\\\Windows\\\\System32\\\\regsvr32.exe",
          "product": "Microsoft\u00ae Windows\u00ae Operating System",
          "parentProcessGuid": "{35c0bd55-a69b-6aa2-1102-00000000f904}",
          "description": "Microsoft(C) Register Server",
          "logonGuid": "{35c0bd55-a642-6aa2-7ef2-030000000000}",
          "parentCommandLine": "\\\"C:\\\\Users\\\\simra\\\\AppData\\\\Local\\\\Kingsoft\\\\WPS Office\\\\12.1.0.28485\\\\office6\\\\ksomisc.exe\\\" -regpdfwspv",
          "processGuid": "{35c0bd55-a69d-6aa2-1902-00000000f904}",
          "logonId": "0x3f27e",
          "parentProcessId": "22228",
          "processId": "16312",
          "currentDirectory": "C:\\\\Users\\\\simra\\\\AppData\\\\Local\\\\Kingsoft\\\\WPS Office\\\\12.1.0.28485\\\\office6\\\\",
          "utcTime": "2026-09-10 12:46:21.095",
          "hashes": "SHA256=E2546FE32071EAA351F1FD188EBF6D3C2787AA186A6A42156A7B75BC881E14D2",
          "parentImage": "C:\\\\Users\\\\simra\\\\AppData\\\\Local\\\\Kingsoft\\\\WPS Office\\\\12.1.0.28485\\\\office6\\\\ksomisc.exe",
          "company": "Microsoft Corporation",
          "commandLine": "\\\"C:\\\\WINDOWS\\\\system32\\\\regsvr32.exe\\\" /s \\\"C:\\\\Users\\\\simra\\\\AppData\\\\Roaming\\\\Kingsoft\\\\wps_intl\\\\addons\\\\pool\\\\win-x64\\\\pdfwspv_3.1.0.10568\\\\pdfwspv.dll\\\"",
          "integrityLevel": "Medium",
          "fileVersion": "10.0.26100.9278 (WinBuild.160101.0800)",
          "user": "LAPTOP-P8C7UUVI\\\\simra",
          "terminalSessionId": "1",
          "parentUser": "LAPTOP-P8C7UUVI\\\\simra"
        },
        "system": {
          "eventID": "1",
          "keywords": "0x8000000000000000",
          "providerGuid": "{5770385f-c22a-43e0-bf4c-06f5698ffbd9}",
          "level": "4",
          "channel": "Microsoft-Windows-Sysmon/Operational",
          "opcode": "0",
          "message": "\"Process Create:\r\nRuleName: -\r\nUtcTime: 2026-09-10 12:46:21.095\r\nProcessGuid: {35c0bd55-a69d-6aa2-1902-00000000f904}\r\nProcessId: 16312\r\nImage: C:\\Windows\\System32\\regsvr32.exe\r\nFileVersion: 10.0.26100.9278 (WinBuild.160101.0800)\r\nDescription: Microsoft(C) Register Server\r\nProduct: Microsoft\u00ae Windows\u00ae Operating System\r\nCompany: Microsoft Corporation\r\nOriginalFileName: REGSVR32.EXE\r\nCommandLine: \"C:\\WINDOWS\\system32\\regsvr32.exe\" /s \"C:\\Users\\simra\\AppData\\Roaming\\Kingsoft\\wps_intl\\addons\\pool\\win-x64\\pdfwspv_3.1.0.10568\\pdfwspv.dll\"\r\nCurrentDirectory: C:\\Users\\simra\\AppData\\Local\\Kingsoft\\WPS Office\\12.1.0.28485\\office6\\\r\nUser: LAPTOP-P8C7UUVI\\simra\r\nLogonGuid: {35c0bd55-a642-6aa2-7ef2-030000000000}\r\nLogonId: 0x3F27E\r\nTerminalSessionId: 1\r\nIntegrityLevel: Medium\r\nHashes: SHA256=E2546FE32071EAA351F1FD188EBF6D3C2787AA186A6A42156A7B75BC881E14D2\r\nParentProcessGuid: {35c0bd55-a69b-6aa2-1102-00000000f904}\r\nParentProcessId: 22228\r\nParentImage: C:\\Users\\simra\\AppData\\Local\\Kingsoft\\WPS Office\\12.1.0.28485\\office6\\ksomisc.exe\r\nParentCommandLine: \"C:\\Users\\simra\\AppData\\Local\\Kingsoft\\WPS Office\\12.1.0.28485\\office6\\ksomisc.exe\" -regpdfwspv\r\nParentUser: LAPTOP-P8C7UUVI\\simra\"",
          "version": "5",
          "systemTime": "2026-09-10T12:46:21.1037194Z",
          "eventRecordID": "148182",
          "threadID": "7740",
          "computer": "LAPTOP-P8C7UUVI",
          "task": "1",
          "processID": "6208",
          "severityValue": "INFORMATION",
          "providerName": "Microsoft-Windows-Sysmon"
        }
      }
    },
    "rule": {
      "firedtimes": 9,
      "mail": true,
      "level": 12,
      "description": "LOLBIN execution detected",
      "groups": [
        "windows",
        "sysmon",
        "custom_windows"
      ],
      "mitre": {
        "technique": [
          "System Binary Proxy Execution"
        ],
        "id": [
          "T1218"
        ],
        "tactic": [
          "Defense Evasion"
        ]
      },
      "id": "200006"
    },
    "decoder": {
      "name": "windows_eventchannel"
    },
    "full_log": "{\"win\":{\"system\":{\"providerName\":\"Microsoft-Windows-Sysmon\",\"providerGuid\":\"{5770385f-c22a-43e0-bf4c-06f5698ffbd9}\",\"eventID\":\"1\",\"version\":\"5\",\"level\":\"4\",\"task\":\"1\",\"opcode\":\"0\",\"keywords\":\"0x8000000000000000\",\"systemTime\":\"2026-09-10T12:46:21.1037194Z\",\"eventRecordID\":\"148182\",\"processID\":\"6208\",\"threadID\":\"7740\",\"channel\":\"Microsoft-Windows-Sysmon/Operational\",\"computer\":\"LAPTOP-P8C7UUVI\",\"severityValue\":\"INFORMATION\",\"message\":\"\\\"Process Create:\\r\\nRuleName: -\\r\\nUtcTime: 2026-09-10 12:46:21.095\\r\\nProcessGuid: {35c0bd55-a69d-6aa2-1902-00000000f904}\\r\\nProcessId: 16312\\r\\nImage: C:\\\\Windows\\\\System32\\\\regsvr32.exe\\r\\nFileVersion: 10.0.26100.9278 (WinBuild.160101.0800)\\r\\nDescription: Microsoft(C) Register Server\\r\\nProduct: Microsoft\u00ae Windows\u00ae Operating System\\r\\nCompany: Microsoft Corporation\\r\\nOriginalFileName: REGSVR32.EXE\\r\\nCommandLine: \\\"C:\\\\WINDOWS\\\\system32\\\\regsvr32.exe\\\" /s \\\"C:\\\\Users\\\\simra\\\\AppData\\\\Roaming\\\\Kingsoft\\\\wps_intl\\\\addons\\\\pool\\\\win-x64\\\\pdfwspv_3.1.0.10568\\\\pdfwspv.dll\\\"\\r\\nCurrentDirectory: C:\\\\Users\\\\simra\\\\AppData\\\\Local\\\\Kingsoft\\\\WPS Office\\\\12.1.0.28485\\\\office6\\\\\\r\\nUser: LAPTOP-P8C7UUVI\\\\simra\\r\\nLogonGuid: {35c0bd55-a642-6aa2-7ef2-030000000000}\\r\\nLogonId: 0x3F27E\\r\\nTerminalSessionId: 1\\r\\nIntegrityLevel: Medium\\r\\nHashes: SHA256=E2546FE32071EAA351F1FD188EBF6D3C2787AA186A6A42156A7B75BC881E14D2\\r\\nParentProcessGuid: {35c0bd55-a69b-6aa2-1102-00000000f904}\\r\\nParentProcessId: 22228\\r\\nParentImage: C:\\\\Users\\\\simra\\\\AppData\\\\Local\\\\Kingsoft\\\\WPS Office\\\\12.1.0.28485\\\\office6\\\\ksomisc.exe\\r\\nParentCommandLine: \\\"C:\\\\Users\\\\simra\\\\AppData\\\\Local\\\\Kingsoft\\\\WPS Office\\\\12.1.0.28485\\\\office6\\\\ksomisc.exe\\\" -regpdfwspv\\r\\nParentUser: LAPTOP-P8C7UUVI\\\\simra\\\"\"},\"eventdata\":{\"utcTime\":\"2026-09-10 12:46:21.095\",\"processGuid\":\"{35c0bd55-a69d-6aa2-1902-00000000f904}\",\"processId\":\"16312\",\"image\":\"C:\\\\\\\\Windows\\\\\\\\System32\\\\\\\\regsvr32.exe\",\"fileVersion\":\"10.0.26100.9278 (WinBuild.160101.0800)\",\"description\":\"Microsoft(C) Register Server\",\"product\":\"Microsoft\u00ae Windows\u00ae Operating System\",\"company\":\"Microsoft Corporation\",\"originalFileName\":\"REGSVR32.EXE\",\"commandLine\":\"\\\\\\\"C:\\\\\\\\WINDOWS\\\\\\\\system32\\\\\\\\regsvr32.exe\\\\\\\" /s \\\\\\\"C:\\\\\\\\Users\\\\\\\\simra\\\\\\\\AppData\\\\\\\\Roaming\\\\\\\\Kingsoft\\\\\\\\wps_intl\\\\\\\\addons\\\\\\\\pool\\\\\\\\win-x64\\\\\\\\pdfwspv_3.1.0.10568\\\\\\\\pdfwspv.dll\\\\\\\"\",\"currentDirectory\":\"C:\\\\\\\\Users\\\\\\\\simra\\\\\\\\AppData\\\\\\\\Local\\\\\\\\Kingsoft\\\\\\\\WPS Office\\\\\\\\12.1.0.28485\\\\\\\\office6\\\\\\\\\",\"user\":\"LAPTOP-P8C7UUVI\\\\\\\\simra\",\"logonGuid\":\"{35c0bd55-a642-6aa2-7ef2-030000000000}\",\"logonId\":\"0x3f27e\",\"terminalSessionId\":\"1\",\"integrityLevel\":\"Medium\",\"hashes\":\"SHA256=E2546FE32071EAA351F1FD188EBF6D3C2787AA186A6A42156A7B75BC881E14D2\",\"parentProcessGuid\":\"{35c0bd55-a69b-6aa2-1102-00000000f904}\",\"parentProcessId\":\"22228\",\"parentImage\":\"C:\\\\\\\\Users\\\\\\\\simra\\\\\\\\AppData\\\\\\\\Local\\\\\\\\Kingsoft\\\\\\\\WPS Office\\\\\\\\12.1.0.28485\\\\\\\\office6\\\\\\\\ksomisc.exe\",\"parentCommandLine\":\"\\\\\\\"C:\\\\\\\\Users\\\\\\\\simra\\\\\\\\AppData\\\\\\\\Local\\\\\\\\Kingsoft\\\\\\\\WPS Office\\\\\\\\12.1.0.28485\\\\\\\\office6\\\\\\\\ksomisc.exe\\\\\\\" -regpdfwspv\",\"parentUser\":\"LAPTOP-P8C7UUVI\\\\\\\\simra\"}}}",
    "input": {
      "type": "log"
    },
    "@timestamp": "2026-09-10T13:08:43.220Z",
    "location": "EventChannel",
    "id": "1789045723.125827862",
    "timestamp": "2026-09-10T18:38:43.220+0530"
  },
  {
    "agent": {
      "ip": "192.168.88.66",
      "name": "Simran-Machine-Host-5th-Sem",
      "id": "053"
    },
    "manager": {
      "name": "vp"
    },
    "data": {
      "win": {
        "eventdata": {
          "originalFileName": "REGSVR32.EXE",
          "image": "C:\\\\Windows\\\\System32\\\\regsvr32.exe",
          "product": "Microsoft\u00ae Windows\u00ae Operating System",
          "parentProcessGuid": "{35c0bd55-a69b-6aa2-1102-00000000f904}",
          "description": "Microsoft(C) Register Server",
          "logonGuid": "{35c0bd55-a642-6aa2-7ef2-030000000000}",
          "parentCommandLine": "\\\"C:\\\\Users\\\\simra\\\\AppData\\\\Local\\\\Kingsoft\\\\WPS Office\\\\12.1.0.28485\\\\office6\\\\ksomisc.exe\\\" -regpdfwspv",
          "processGuid": "{35c0bd55-a69c-6aa2-1802-00000000f904}",
          "logonId": "0x3f27e",
          "parentProcessId": "22228",
          "processId": "21616",
          "currentDirectory": "C:\\\\Users\\\\simra\\\\AppData\\\\Local\\\\Kingsoft\\\\WPS Office\\\\12.1.0.28485\\\\office6\\\\",
          "utcTime": "2026-09-10 12:46:20.905",
          "hashes": "SHA256=E2546FE32071EAA351F1FD188EBF6D3C2787AA186A6A42156A7B75BC881E14D2",
          "parentImage": "C:\\\\Users\\\\simra\\\\AppData\\\\Local\\\\Kingsoft\\\\WPS Office\\\\12.1.0.28485\\\\office6\\\\ksomisc.exe",
          "company": "Microsoft Corporation",
          "commandLine": "\\\"C:\\\\WINDOWS\\\\system32\\\\regsvr32.exe\\\" /s \\\"C:\\\\Users\\\\simra\\\\AppData\\\\Roaming\\\\Kingsoft\\\\wps_intl\\\\addons\\\\pool\\\\win-x64\\\\pdfwspv_3.1.0.10568\\\\pdfwspv.dll\\\"",
          "integrityLevel": "Medium",
          "fileVersion": "10.0.26100.9278 (WinBuild.160101.0800)",
          "user": "LAPTOP-P8C7UUVI\\\\simra",
          "terminalSessionId": "1",
          "parentUser": "LAPTOP-P8C7UUVI\\\\simra"
        },
        "system": {
          "eventID": "1",
          "keywords": "0x8000000000000000",
          "providerGuid": "{5770385f-c22a-43e0-bf4c-06f5698ffbd9}",
          "level": "4",
          "channel": "Microsoft-Windows-Sysmon/Operational",
          "opcode": "0",
          "message": "\"Process Create:\r\nRuleName: -\r\nUtcTime: 2026-09-10 12:46:20.905\r\nProcessGuid: {35c0bd55-a69c-6aa2-1802-00000000f904}\r\nProcessId: 21616\r\nImage: C:\\Windows\\System32\\regsvr32.exe\r\nFileVersion: 10.0.26100.9278 (WinBuild.160101.0800)\r\nDescription: Microsoft(C) Register Server\r\nProduct: Microsoft\u00ae Windows\u00ae Operating System\r\nCompany: Microsoft Corporation\r\nOriginalFileName: REGSVR32.EXE\r\nCommandLine: \"C:\\WINDOWS\\system32\\regsvr32.exe\" /s \"C:\\Users\\simra\\AppData\\Roaming\\Kingsoft\\wps_intl\\addons\\pool\\win-x64\\pdfwspv_3.1.0.10568\\pdfwspv.dll\"\r\nCurrentDirectory: C:\\Users\\simra\\AppData\\Local\\Kingsoft\\WPS Office\\12.1.0.28485\\office6\\\r\nUser: LAPTOP-P8C7UUVI\\simra\r\nLogonGuid: {35c0bd55-a642-6aa2-7ef2-030000000000}\r\nLogonId: 0x3F27E\r\nTerminalSessionId: 1\r\nIntegrityLevel: Medium\r\nHashes: SHA256=E2546FE32071EAA351F1FD188EBF6D3C2787AA186A6A42156A7B75BC881E14D2\r\nParentProcessGuid: {35c0bd55-a69b-6aa2-1102-00000000f904}\r\nParentProcessId: 22228\r\nParentImage: C:\\Users\\simra\\AppData\\Local\\Kingsoft\\WPS Office\\12.1.0.28485\\office6\\ksomisc.exe\r\nParentCommandLine: \"C:\\Users\\simra\\AppData\\Local\\Kingsoft\\WPS Office\\12.1.0.28485\\office6\\ksomisc.exe\" -regpdfwspv\r\nParentUser: LAPTOP-P8C7UUVI\\simra\"",
          "version": "5",
          "systemTime": "2026-09-10T12:46:20.9150775Z",
          "eventRecordID": "148180",
          "threadID": "7740",
          "computer": "LAPTOP-P8C7UUVI",
          "task": "1",
          "processID": "6208",
          "severityValue": "INFORMATION",
          "providerName": "Microsoft-Windows-Sysmon"
        }
      }
    },
    "rule": {
      "firedtimes": 8,
      "mail": true,
      "level": 12,
      "description": "LOLBIN execution detected",
      "groups": [
        "windows",
        "sysmon",
        "custom_windows"
      ],
      "mitre": {
        "technique": [
          "System Binary Proxy Execution"
        ],
        "id": [
          "T1218"
        ],
        "tactic": [
          "Defense Evasion"
        ]
      },
      "id": "200006"
    },
    "decoder": {
      "name": "windows_eventchannel"
    },
    "full_log": "{\"win\":{\"system\":{\"providerName\":\"Microsoft-Windows-Sysmon\",\"providerGuid\":\"{5770385f-c22a-43e0-bf4c-06f5698ffbd9}\",\"eventID\":\"1\",\"version\":\"5\",\"level\":\"4\",\"task\":\"1\",\"opcode\":\"0\",\"keywords\":\"0x8000000000000000\",\"systemTime\":\"2026-09-10T12:46:20.9150775Z\",\"eventRecordID\":\"148180\",\"processID\":\"6208\",\"threadID\":\"7740\",\"channel\":\"Microsoft-Windows-Sysmon/Operational\",\"computer\":\"LAPTOP-P8C7UUVI\",\"severityValue\":\"INFORMATION\",\"message\":\"\\\"Process Create:\\r\\nRuleName: -\\r\\nUtcTime: 2026-09-10 12:46:20.905\\r\\nProcessGuid: {35c0bd55-a69c-6aa2-1802-00000000f904}\\r\\nProcessId: 21616\\r\\nImage: C:\\\\Windows\\\\System32\\\\regsvr32.exe\\r\\nFileVersion: 10.0.26100.9278 (WinBuild.160101.0800)\\r\\nDescription: Microsoft(C) Register Server\\r\\nProduct: Microsoft\u00ae Windows\u00ae Operating System\\r\\nCompany: Microsoft Corporation\\r\\nOriginalFileName: REGSVR32.EXE\\r\\nCommandLine: \\\"C:\\\\WINDOWS\\\\system32\\\\regsvr32.exe\\\" /s \\\"C:\\\\Users\\\\simra\\\\AppData\\\\Roaming\\\\Kingsoft\\\\wps_intl\\\\addons\\\\pool\\\\win-x64\\\\pdfwspv_3.1.0.10568\\\\pdfwspv.dll\\\"\\r\\nCurrentDirectory: C:\\\\Users\\\\simra\\\\AppData\\\\Local\\\\Kingsoft\\\\WPS Office\\\\12.1.0.28485\\\\office6\\\\\\r\\nUser: LAPTOP-P8C7UUVI\\\\simra\\r\\nLogonGuid: {35c0bd55-a642-6aa2-7ef2-030000000000}\\r\\nLogonId: 0x3F27E\\r\\nTerminalSessionId: 1\\r\\nIntegrityLevel: Medium\\r\\nHashes: SHA256=E2546FE32071EAA351F1FD188EBF6D3C2787AA186A6A42156A7B75BC881E14D2\\r\\nParentProcessGuid: {35c0bd55-a69b-6aa2-1102-00000000f904}\\r\\nParentProcessId: 22228\\r\\nParentImage: C:\\\\Users\\\\simra\\\\AppData\\\\Local\\\\Kingsoft\\\\WPS Office\\\\12.1.0.28485\\\\office6\\\\ksomisc.exe\\r\\nParentCommandLine: \\\"C:\\\\Users\\\\simra\\\\AppData\\\\Local\\\\Kingsoft\\\\WPS Office\\\\12.1.0.28485\\\\office6\\\\ksomisc.exe\\\" -regpdfwspv\\r\\nParentUser: LAPTOP-P8C7UUVI\\\\simra\\\"\"},\"eventdata\":{\"utcTime\":\"2026-09-10 12:46:20.905\",\"processGuid\":\"{35c0bd55-a69c-6aa2-1802-00000000f904}\",\"processId\":\"21616\",\"image\":\"C:\\\\\\\\Windows\\\\\\\\System32\\\\\\\\regsvr32.exe\",\"fileVersion\":\"10.0.26100.9278 (WinBuild.160101.0800)\",\"description\":\"Microsoft(C) Register Server\",\"product\":\"Microsoft\u00ae Windows\u00ae Operating System\",\"company\":\"Microsoft Corporation\",\"originalFileName\":\"REGSVR32.EXE\",\"commandLine\":\"\\\\\\\"C:\\\\\\\\WINDOWS\\\\\\\\system32\\\\\\\\regsvr32.exe\\\\\\\" /s \\\\\\\"C:\\\\\\\\Users\\\\\\\\simra\\\\\\\\AppData\\\\\\\\Roaming\\\\\\\\Kingsoft\\\\\\\\wps_intl\\\\\\\\addons\\\\\\\\pool\\\\\\\\win-x64\\\\\\\\pdfwspv_3.1.0.10568\\\\\\\\pdfwspv.dll\\\\\\\"\",\"currentDirectory\":\"C:\\\\\\\\Users\\\\\\\\simra\\\\\\\\AppData\\\\\\\\Local\\\\\\\\Kingsoft\\\\\\\\WPS Office\\\\\\\\12.1.0.28485\\\\\\\\office6\\\\\\\\\",\"user\":\"LAPTOP-P8C7UUVI\\\\\\\\simra\",\"logonGuid\":\"{35c0bd55-a642-6aa2-7ef2-030000000000}\",\"logonId\":\"0x3f27e\",\"terminalSessionId\":\"1\",\"integrityLevel\":\"Medium\",\"hashes\":\"SHA256=E2546FE32071EAA351F1FD188EBF6D3C2787AA186A6A42156A7B75BC881E14D2\",\"parentProcessGuid\":\"{35c0bd55-a69b-6aa2-1102-00000000f904}\",\"parentProcessId\":\"22228\",\"parentImage\":\"C:\\\\\\\\Users\\\\\\\\simra\\\\\\\\AppData\\\\\\\\Local\\\\\\\\Kingsoft\\\\\\\\WPS Office\\\\\\\\12.1.0.28485\\\\\\\\office6\\\\\\\\ksomisc.exe\",\"parentCommandLine\":\"\\\\\\\"C:\\\\\\\\Users\\\\\\\\simra\\\\\\\\AppData\\\\\\\\Local\\\\\\\\Kingsoft\\\\\\\\WPS Office\\\\\\\\12.1.0.28485\\\\\\\\office6\\\\\\\\ksomisc.exe\\\\\\\" -regpdfwspv\",\"parentUser\":\"LAPTOP-P8C7UUVI\\\\\\\\simra\"}}}",
    "input": {
      "type": "log"
    },
    "@timestamp": "2026-09-10T13:08:43.173Z",
    "location": "EventChannel",
    "id": "1789045723.125821344",
    "timestamp": "2026-09-10T18:38:43.173+0530"
  },
  {
    "agent": {
      "ip": "192.168.88.66",
      "name": "Simran-Machine-Host-5th-Sem",
      "id": "053"
    },
    "manager": {
      "name": "vp"
    },
    "data": {
      "win": {
        "eventdata": {
          "originalFileName": "REGSVR32.EXE",
          "image": "C:\\\\Windows\\\\System32\\\\regsvr32.exe",
          "product": "Microsoft\u00ae Windows\u00ae Operating System",
          "parentProcessGuid": "{35c0bd55-a69b-6aa2-1102-00000000f904}",
          "description": "Microsoft(C) Register Server",
          "logonGuid": "{35c0bd55-a642-6aa2-7ef2-030000000000}",
          "parentCommandLine": "\\\"C:\\\\Users\\\\simra\\\\AppData\\\\Local\\\\Kingsoft\\\\WPS Office\\\\12.1.0.28485\\\\office6\\\\ksomisc.exe\\\" -regpdfwspv",
          "processGuid": "{35c0bd55-a69c-6aa2-1702-00000000f904}",
          "logonId": "0x3f27e",
          "parentProcessId": "22228",
          "processId": "21668",
          "currentDirectory": "C:\\\\Users\\\\simra\\\\AppData\\\\Local\\\\Kingsoft\\\\WPS Office\\\\12.1.0.28485\\\\office6\\\\",
          "utcTime": "2026-09-10 12:46:20.631",
          "hashes": "SHA256=E2546FE32071EAA351F1FD188EBF6D3C2787AA186A6A42156A7B75BC881E14D2",
          "parentImage": "C:\\\\Users\\\\simra\\\\AppData\\\\Local\\\\Kingsoft\\\\WPS Office\\\\12.1.0.28485\\\\office6\\\\ksomisc.exe",
          "company": "Microsoft Corporation",
          "commandLine": "\\\"C:\\\\WINDOWS\\\\system32\\\\regsvr32.exe\\\" /s \\\"C:\\\\Users\\\\simra\\\\AppData\\\\Roaming\\\\Kingsoft\\\\wps_intl\\\\addons\\\\pool\\\\win-x64\\\\pdfwspv_3.1.0.10568\\\\pdfwspv.dll\\\"",
          "integrityLevel": "Medium",
          "fileVersion": "10.0.26100.9278 (WinBuild.160101.0800)",
          "user": "LAPTOP-P8C7UUVI\\\\simra",
          "terminalSessionId": "1",
          "parentUser": "LAPTOP-P8C7UUVI\\\\simra"
        },
        "system": {
          "eventID": "1",
          "keywords": "0x8000000000000000",
          "providerGuid": "{5770385f-c22a-43e0-bf4c-06f5698ffbd9}",
          "level": "4",
          "channel": "Microsoft-Windows-Sysmon/Operational",
          "opcode": "0",
          "message": "\"Process Create:\r\nRuleName: -\r\nUtcTime: 2026-09-10 12:46:20.631\r\nProcessGuid: {35c0bd55-a69c-6aa2-1702-00000000f904}\r\nProcessId: 21668\r\nImage: C:\\Windows\\System32\\regsvr32.exe\r\nFileVersion: 10.0.26100.9278 (WinBuild.160101.0800)\r\nDescription: Microsoft(C) Register Server\r\nProduct: Microsoft\u00ae Windows\u00ae Operating System\r\nCompany: Microsoft Corporation\r\nOriginalFileName: REGSVR32.EXE\r\nCommandLine: \"C:\\WINDOWS\\system32\\regsvr32.exe\" /s \"C:\\Users\\simra\\AppData\\Roaming\\Kingsoft\\wps_intl\\addons\\pool\\win-x64\\pdfwspv_3.1.0.10568\\pdfwspv.dll\"\r\nCurrentDirectory: C:\\Users\\simra\\AppData\\Local\\Kingsoft\\WPS Office\\12.1.0.28485\\office6\\\r\nUser: LAPTOP-P8C7UUVI\\simra\r\nLogonGuid: {35c0bd55-a642-6aa2-7ef2-030000000000}\r\nLogonId: 0x3F27E\r\nTerminalSessionId: 1\r\nIntegrityLevel: Medium\r\nHashes: SHA256=E2546FE32071EAA351F1FD188EBF6D3C2787AA186A6A42156A7B75BC881E14D2\r\nParentProcessGuid: {35c0bd55-a69b-6aa2-1102-00000000f904}\r\nParentProcessId: 22228\r\nParentImage: C:\\Users\\simra\\AppData\\Local\\Kingsoft\\WPS Office\\12.1.0.28485\\office6\\ksomisc.exe\r\nParentCommandLine: \"C:\\Users\\simra\\AppData\\Local\\Kingsoft\\WPS Office\\12.1.0.28485\\office6\\ksomisc.exe\" -regpdfwspv\r\nParentUser: LAPTOP-P8C7UUVI\\simra\"",
          "version": "5",
          "systemTime": "2026-09-10T12:46:20.6618161Z",
          "eventRecordID": "148178",
          "threadID": "7740",
          "computer": "LAPTOP-P8C7UUVI",
          "task": "1",
          "processID": "6208",
          "severityValue": "INFORMATION",
          "providerName": "Microsoft-Windows-Sysmon"
        }
      }
    },
    "rule": {
      "firedtimes": 7,
      "mail": true,
      "level": 12,
      "description": "LOLBIN execution detected",
      "groups": [
        "windows",
        "sysmon",
        "custom_windows"
      ],
      "mitre": {
        "technique": [
          "System Binary Proxy Execution"
        ],
        "id": [
          "T1218"
        ],
        "tactic": [
          "Defense Evasion"
        ]
      },
      "id": "200006"
    },
    "decoder": {
      "name": "windows_eventchannel"
    },
    "full_log": "{\"win\":{\"system\":{\"providerName\":\"Microsoft-Windows-Sysmon\",\"providerGuid\":\"{5770385f-c22a-43e0-bf4c-06f5698ffbd9}\",\"eventID\":\"1\",\"version\":\"5\",\"level\":\"4\",\"task\":\"1\",\"opcode\":\"0\",\"keywords\":\"0x8000000000000000\",\"systemTime\":\"2026-09-10T12:46:20.6618161Z\",\"eventRecordID\":\"148178\",\"processID\":\"6208\",\"threadID\":\"7740\",\"channel\":\"Microsoft-Windows-Sysmon/Operational\",\"computer\":\"LAPTOP-P8C7UUVI\",\"severityValue\":\"INFORMATION\",\"message\":\"\\\"Process Create:\\r\\nRuleName: -\\r\\nUtcTime: 2026-09-10 12:46:20.631\\r\\nProcessGuid: {35c0bd55-a69c-6aa2-1702-00000000f904}\\r\\nProcessId: 21668\\r\\nImage: C:\\\\Windows\\\\System32\\\\regsvr32.exe\\r\\nFileVersion: 10.0.26100.9278 (WinBuild.160101.0800)\\r\\nDescription: Microsoft(C) Register Server\\r\\nProduct: Microsoft\u00ae Windows\u00ae Operating System\\r\\nCompany: Microsoft Corporation\\r\\nOriginalFileName: REGSVR32.EXE\\r\\nCommandLine: \\\"C:\\\\WINDOWS\\\\system32\\\\regsvr32.exe\\\" /s \\\"C:\\\\Users\\\\simra\\\\AppData\\\\Roaming\\\\Kingsoft\\\\wps_intl\\\\addons\\\\pool\\\\win-x64\\\\pdfwspv_3.1.0.10568\\\\pdfwspv.dll\\\"\\r\\nCurrentDirectory: C:\\\\Users\\\\simra\\\\AppData\\\\Local\\\\Kingsoft\\\\WPS Office\\\\12.1.0.28485\\\\office6\\\\\\r\\nUser: LAPTOP-P8C7UUVI\\\\simra\\r\\nLogonGuid: {35c0bd55-a642-6aa2-7ef2-030000000000}\\r\\nLogonId: 0x3F27E\\r\\nTerminalSessionId: 1\\r\\nIntegrityLevel: Medium\\r\\nHashes: SHA256=E2546FE32071EAA351F1FD188EBF6D3C2787AA186A6A42156A7B75BC881E14D2\\r\\nParentProcessGuid: {35c0bd55-a69b-6aa2-1102-00000000f904}\\r\\nParentProcessId: 22228\\r\\nParentImage: C:\\\\Users\\\\simra\\\\AppData\\\\Local\\\\Kingsoft\\\\WPS Office\\\\12.1.0.28485\\\\office6\\\\ksomisc.exe\\r\\nParentCommandLine: \\\"C:\\\\Users\\\\simra\\\\AppData\\\\Local\\\\Kingsoft\\\\WPS Office\\\\12.1.0.28485\\\\office6\\\\ksomisc.exe\\\" -regpdfwspv\\r\\nParentUser: LAPTOP-P8C7UUVI\\\\simra\\\"\"},\"eventdata\":{\"utcTime\":\"2026-09-10 12:46:20.631\",\"processGuid\":\"{35c0bd55-a69c-6aa2-1702-00000000f904}\",\"processId\":\"21668\",\"image\":\"C:\\\\\\\\Windows\\\\\\\\System32\\\\\\\\regsvr32.exe\",\"fileVersion\":\"10.0.26100.9278 (WinBuild.160101.0800)\",\"description\":\"Microsoft(C) Register Server\",\"product\":\"Microsoft\u00ae Windows\u00ae Operating System\",\"company\":\"Microsoft Corporation\",\"originalFileName\":\"REGSVR32.EXE\",\"commandLine\":\"\\\\\\\"C:\\\\\\\\WINDOWS\\\\\\\\system32\\\\\\\\regsvr32.exe\\\\\\\" /s \\\\\\\"C:\\\\\\\\Users\\\\\\\\simra\\\\\\\\AppData\\\\\\\\Roaming\\\\\\\\Kingsoft\\\\\\\\wps_intl\\\\\\\\addons\\\\\\\\pool\\\\\\\\win-x64\\\\\\\\pdfwspv_3.1.0.10568\\\\\\\\pdfwspv.dll\\\\\\\"\",\"currentDirectory\":\"C:\\\\\\\\Users\\\\\\\\simra\\\\\\\\AppData\\\\\\\\Local\\\\\\\\Kingsoft\\\\\\\\WPS Office\\\\\\\\12.1.0.28485\\\\\\\\office6\\\\\\\\\",\"user\":\"LAPTOP-P8C7UUVI\\\\\\\\simra\",\"logonGuid\":\"{35c0bd55-a642-6aa2-7ef2-030000000000}\",\"logonId\":\"0x3f27e\",\"terminalSessionId\":\"1\",\"integrityLevel\":\"Medium\",\"hashes\":\"SHA256=E2546FE32071EAA351F1FD188EBF6D3C2787AA186A6A42156A7B75BC881E14D2\",\"parentProcessGuid\":\"{35c0bd55-a69b-6aa2-1102-00000000f904}\",\"parentProcessId\":\"22228\",\"parentImage\":\"C:\\\\\\\\Users\\\\\\\\simra\\\\\\\\AppData\\\\\\\\Local\\\\\\\\Kingsoft\\\\\\\\WPS Office\\\\\\\\12.1.0.28485\\\\\\\\office6\\\\\\\\ksomisc.exe\",\"parentCommandLine\":\"\\\\\\\"C:\\\\\\\\Users\\\\\\\\simra\\\\\\\\AppData\\\\\\\\Local\\\\\\\\Kingsoft\\\\\\\\WPS Office\\\\\\\\12.1.0.28485\\\\\\\\office6\\\\\\\\ksomisc.exe\\\\\\\" -regpdfwspv\",\"parentUser\":\"LAPTOP-P8C7UUVI\\\\\\\\simra\"}}}",
    "input": {
      "type": "log"
    },
    "@timestamp": "2026-09-10T13:08:43.126Z",
    "location": "EventChannel",
    "id": "1789045723.125814826",
    "timestamp": "2026-09-10T18:38:43.126+0530"
  },
  {
    "predecoder": {
      "hostname": "vp",
      "program_name": "sshd",
      "timestamp": "Sep 10 13:08:41"
    },
    "agent": {
      "name": "vp",
      "id": "000"
    },
    "manager": {
      "name": "vp"
    },
    "data": {
      "uid": "0",
      "srcip": "103.60.204.198",
      "euid": "0",
      "dstuser": "root",
      "tty": "ssh"
    },
    "rule": {
      "mail": false,
      "level": 5,
      "pci_dss": [
        "10.2.4",
        "10.2.5"
      ],
      "hipaa": [
        "164.312.b"
      ],
      "tsc": [
        "CC6.1",
        "CC6.8",
        "CC7.2",
        "CC7.3"
      ],
      "description": "PAM: User login failed.",
      "groups": [
        "pam",
        "syslog",
        "authentication_failed"
      ],
      "nist_800_53": [
        "AU.14",
        "AC.7"
      ],
      "gdpr": [
        "IV_35.7.d",
        "IV_32.2"
      ],
      "firedtimes": 35,
      "mitre": {
        "technique": [
          "Password Guessing"
        ],
        "id": [
          "T1110.001"
        ],
        "tactic": [
          "Credential Access"
        ]
      },
      "id": "5503",
      "gpg13": [
        "7.8"
      ]
    },
    "decoder": {
      "name": "pam"
    },
    "full_log": "Sep 10 13:08:41 vp sshd[1957562]: pam_unix(sshd:auth): authentication failure; logname= uid=0 euid=0 tty=ssh ruser= rhost=103.60.204.198  user=root",
    "input": {
      "type": "log"
    },
    "@timestamp": "2026-09-10T13:08:41.970Z",
    "location": "journald",
    "id": "1789045721.125814309",
    "timestamp": "2026-09-10T18:38:41.970+0530"
  },
  {
    "agent": {
      "ip": "192.168.88.66",
      "name": "Simran-Machine-Host-5th-Sem",
      "id": "053"
    },
    "manager": {
      "name": "vp"
    },
    "data": {
      "win": {
        "eventdata": {
          "originalFileName": "reg.exe",
          "image": "C:\\\\Windows\\\\System32\\\\reg.exe",
          "product": "Microsoft\u00ae Windows\u00ae Operating System",
          "parentProcessGuid": "{35c0bd55-a681-6aa2-9f01-00000000f904}",
          "description": "Registry Console Tool",
          "logonGuid": "{35c0bd55-a642-6aa2-a4ef-030000000000}",
          "parentCommandLine": "\\\"C:\\\\Program Files\\\\WindowsApps\\\\AD2F1837.HPSystemEventUtility_3.2.24.0_x64__v10z8vjag6ke6\\\\SystemEventUtility\\\\CmdHelper.exe\\\" InstallHostLauncher",
          "processGuid": "{35c0bd55-a682-6aa2-b601-00000000f904}",
          "logonId": "0x3efa4",
          "parentProcessId": "18852",
          "processId": "9592",
          "currentDirectory": "C:\\\\Program Files\\\\WindowsApps\\\\AD2F1837.HPSystemEventUtility_3.2.24.0_x64__v10z8vjag6ke6\\\\SystemEventUtility\\\\",
          "utcTime": "2026-09-10 12:45:54.468",
          "hashes": "SHA256=EF37663B44AC66920C6F33694DEEA01ACB78AE3F3012884819373FA04C3EB5F0",
          "parentImage": "C:\\\\Program Files\\\\WindowsApps\\\\AD2F1837.HPSystemEventUtility_3.2.24.0_x64__v10z8vjag6ke6\\\\SystemEventUtility\\\\CmdHelper.exe",
          "company": "Microsoft Corporation",
          "commandLine": "\\\"reg\\\" add HKCU\\\\SOFTWARE\\\\Microsoft\\\\Windows\\\\CurrentVersion\\\\Run /v HPSEU_Host_Launcher /t REG_SZ /d \\\"C:\\\\Program Files\\\\HP\\\\HP System Event Utility\\\\Host Launcher\\\\HpseuHostLauncher.exe\\\" /f",
          "integrityLevel": "High",
          "fileVersion": "10.0.26100.5074 (WinBuild.160101.0800)",
          "user": "LAPTOP-P8C7UUVI\\\\simra",
          "terminalSessionId": "1",
          "parentUser": "LAPTOP-P8C7UUVI\\\\simra"
        },
        "system": {
          "eventID": "1",
          "keywords": "0x8000000000000000",
          "providerGuid": "{5770385f-c22a-43e0-bf4c-06f5698ffbd9}",
          "level": "4",
          "channel": "Microsoft-Windows-Sysmon/Operational",
          "opcode": "0",
          "message": "\"Process Create:\r\nRuleName: -\r\nUtcTime: 2026-09-10 12:45:54.468\r\nProcessGuid: {35c0bd55-a682-6aa2-b601-00000000f904}\r\nProcessId: 9592\r\nImage: C:\\Windows\\System32\\reg.exe\r\nFileVersion: 10.0.26100.5074 (WinBuild.160101.0800)\r\nDescription: Registry Console Tool\r\nProduct: Microsoft\u00ae Windows\u00ae Operating System\r\nCompany: Microsoft Corporation\r\nOriginalFileName: reg.exe\r\nCommandLine: \"reg\" add HKCU\\SOFTWARE\\Microsoft\\Windows\\CurrentVersion\\Run /v HPSEU_Host_Launcher /t REG_SZ /d \"C:\\Program Files\\HP\\HP System Event Utility\\Host Launcher\\HpseuHostLauncher.exe\" /f\r\nCurrentDirectory: C:\\Program Files\\WindowsApps\\AD2F1837.HPSystemEventUtility_3.2.24.0_x64__v10z8vjag6ke6\\SystemEventUtility\\\r\nUser: LAPTOP-P8C7UUVI\\simra\r\nLogonGuid: {35c0bd55-a642-6aa2-a4ef-030000000000}\r\nLogonId: 0x3EFA4\r\nTerminalSessionId: 1\r\nIntegrityLevel: High\r\nHashes: SHA256=EF37663B44AC66920C6F33694DEEA01ACB78AE3F3012884819373FA04C3EB5F0\r\nParentProcessGuid: {35c0bd55-a681-6aa2-9f01-00000000f904}\r\nParentProcessId: 18852\r\nParentImage: C:\\Program Files\\WindowsApps\\AD2F1837.HPSystemEventUtility_3.2.24.0_x64__v10z8vjag6ke6\\SystemEventUtility\\CmdHelper.exe\r\nParentCommandLine: \"C:\\Program Files\\WindowsApps\\AD2F1837.HPSystemEventUtility_3.2.24.0_x64__v10z8vjag6ke6\\SystemEventUtility\\CmdHelper.exe\" InstallHostLauncher\r\nParentUser: LAPTOP-P8C7UUVI\\simra\"",
          "version": "5",
          "systemTime": "2026-09-10T12:45:54.4928946Z",
          "eventRecordID": "148020",
          "threadID": "7740",
          "computer": "LAPTOP-P8C7UUVI",
          "task": "1",
          "processID": "6208",
          "severityValue": "INFORMATION",
          "providerName": "Microsoft-Windows-Sysmon"
        }
      }
    },
    "rule": {
      "firedtimes": 2,
      "mail": false,
      "level": 10,
      "description": "Value added to registry key has Base64-like pattern",
      "groups": [
        "sysmon",
        "sysmon_eid1_detections",
        "windows"
      ],
      "mitre": {
        "technique": [
          "Obfuscated Files or Information",
          "Modify Registry"
        ],
        "id": [
          "T1027",
          "T1112"
        ],
        "tactic": [
          "Defense Evasion"
        ]
      },
      "id": "92041"
    },
    "decoder": {
      "name": "windows_eventchannel"
    },
    "input": {
      "type": "log"
    },
    "@timestamp": "2026-09-10T13:08:40.498Z",
    "location": "EventChannel",
    "id": "1789045720.125807280",
    "timestamp": "2026-09-10T18:38:40.498+0530"
  },
  {
    "agent": {
      "ip": "192.168.88.66",
      "name": "Simran-Machine-Host-5th-Sem",
      "id": "053"
    },
    "manager": {
      "name": "vp"
    },
    "data": {
      "win": {
        "eventdata": {
          "originalFileName": "reg.exe",
          "image": "C:\\\\Windows\\\\System32\\\\reg.exe",
          "product": "Microsoft\u00ae Windows\u00ae Operating System",
          "parentProcessGuid": "{35c0bd55-a681-6aa2-9f01-00000000f904}",
          "description": "Registry Console Tool",
          "logonGuid": "{35c0bd55-a642-6aa2-a4ef-030000000000}",
          "parentCommandLine": "\\\"C:\\\\Program Files\\\\WindowsApps\\\\AD2F1837.HPSystemEventUtility_3.2.24.0_x64__v10z8vjag6ke6\\\\SystemEventUtility\\\\CmdHelper.exe\\\" InstallHostLauncher",
          "processGuid": "{35c0bd55-a682-6aa2-b101-00000000f904}",
          "logonId": "0x3efa4",
          "parentProcessId": "18852",
          "processId": "5688",
          "currentDirectory": "C:\\\\Program Files\\\\WindowsApps\\\\AD2F1837.HPSystemEventUtility_3.2.24.0_x64__v10z8vjag6ke6\\\\SystemEventUtility\\\\",
          "utcTime": "2026-09-10 12:45:54.213",
          "hashes": "SHA256=EF37663B44AC66920C6F33694DEEA01ACB78AE3F3012884819373FA04C3EB5F0",
          "parentImage": "C:\\\\Program Files\\\\WindowsApps\\\\AD2F1837.HPSystemEventUtility_3.2.24.0_x64__v10z8vjag6ke6\\\\SystemEventUtility\\\\CmdHelper.exe",
          "company": "Microsoft Corporation",
          "commandLine": "\\\"reg\\\" add HKLM\\\\TEMP_HPSEU\\\\SOFTWARE\\\\Microsoft\\\\Windows\\\\CurrentVersion\\\\Run /v HPSEU_Host_Launcher /t REG_SZ /d \\\"C:\\\\Program Files\\\\HP\\\\HP System Event Utility\\\\Host Launcher\\\\HpseuHostLauncher.exe\\\" /f",
          "integrityLevel": "High",
          "fileVersion": "10.0.26100.5074 (WinBuild.160101.0800)",
          "user": "LAPTOP-P8C7UUVI\\\\simra",
          "terminalSessionId": "1",
          "parentUser": "LAPTOP-P8C7UUVI\\\\simra"
        },
        "system": {
          "eventID": "1",
          "keywords": "0x8000000000000000",
          "providerGuid": "{5770385f-c22a-43e0-bf4c-06f5698ffbd9}",
          "level": "4",
          "channel": "Microsoft-Windows-Sysmon/Operational",
          "opcode": "0",
          "message": "\"Process Create:\r\nRuleName: -\r\nUtcTime: 2026-09-10 12:45:54.213\r\nProcessGuid: {35c0bd55-a682-6aa2-b101-00000000f904}\r\nProcessId: 5688\r\nImage: C:\\Windows\\System32\\reg.exe\r\nFileVersion: 10.0.26100.5074 (WinBuild.160101.0800)\r\nDescription: Registry Console Tool\r\nProduct: Microsoft\u00ae Windows\u00ae Operating System\r\nCompany: Microsoft Corporation\r\nOriginalFileName: reg.exe\r\nCommandLine: \"reg\" add HKLM\\TEMP_HPSEU\\SOFTWARE\\Microsoft\\Windows\\CurrentVersion\\Run /v HPSEU_Host_Launcher /t REG_SZ /d \"C:\\Program Files\\HP\\HP System Event Utility\\Host Launcher\\HpseuHostLauncher.exe\" /f\r\nCurrentDirectory: C:\\Program Files\\WindowsApps\\AD2F1837.HPSystemEventUtility_3.2.24.0_x64__v10z8vjag6ke6\\SystemEventUtility\\\r\nUser: LAPTOP-P8C7UUVI\\simra\r\nLogonGuid: {35c0bd55-a642-6aa2-a4ef-030000000000}\r\nLogonId: 0x3EFA4\r\nTerminalSessionId: 1\r\nIntegrityLevel: High\r\nHashes: SHA256=EF37663B44AC66920C6F33694DEEA01ACB78AE3F3012884819373FA04C3EB5F0\r\nParentProcessGuid: {35c0bd55-a681-6aa2-9f01-00000000f904}\r\nParentProcessId: 18852\r\nParentImage: C:\\Program Files\\WindowsApps\\AD2F1837.HPSystemEventUtility_3.2.24.0_x64__v10z8vjag6ke6\\SystemEventUtility\\CmdHelper.exe\r\nParentCommandLine: \"C:\\Program Files\\WindowsApps\\AD2F1837.HPSystemEventUtility_3.2.24.0_x64__v10z8vjag6ke6\\SystemEventUtility\\CmdHelper.exe\" InstallHostLauncher\r\nParentUser: LAPTOP-P8C7UUVI\\simra\"",
          "version": "5",
          "systemTime": "2026-09-10T12:45:54.2717860Z",
          "eventRecordID": "148009",
          "threadID": "7740",
          "computer": "LAPTOP-P8C7UUVI",
          "task": "1",
          "processID": "6208",
          "severityValue": "INFORMATION",
          "providerName": "Microsoft-Windows-Sysmon"
        }
      }
    },
    "rule": {
      "firedtimes": 1,
      "mail": false,
      "level": 10,
      "description": "Value added to registry key has Base64-like pattern",
      "groups": [
        "sysmon",
        "sysmon_eid1_detections",
        "windows"
      ],
      "mitre": {
        "technique": [
          "Obfuscated Files or Information",
          "Modify Registry"
        ],
        "id": [
          "T1027",
          "T1112"
        ],
        "tactic": [
          "Defense Evasion"
        ]
      },
      "id": "92041"
    },
    "decoder": {
      "name": "windows_eventchannel"
    },
    "input": {
      "type": "log"
    },
    "@timestamp": "2026-09-10T13:08:40.305Z",
    "location": "EventChannel",
    "id": "1789045720.125800202",
    "timestamp": "2026-09-10T18:38:40.305+0530"
  },
  {
    "agent": {
      "ip": "192.168.88.66",
      "name": "Simran-Machine-Host-5th-Sem",
      "id": "053"
    },
    "manager": {
      "name": "vp"
    },
    "data": {
      "win": {
        "eventdata": {
          "subjectLogonId": "0x3e7",
          "compatibleIds": "    GenPrintQueue    SWD\\\\GenericRaw    SWD\\\\Generic",
          "classId": "{1ed2bbf9-11f0-4084-b21f-ad83a8e6dcdc}",
          "subjectUserSid": "S-1-5-18",
          "deviceDescription": "Microsoft Print to PDF",
          "vendorIds": "    PRINTENUM\\\\{084f01fa-e634-4d77-83ee-074817c03581}    PRINTENUM\\\\LocalPrintQueue    {084f01fa-e634-4d77-83ee-074817c03581}",
          "subjectDomainName": "WORKGROUP",
          "className": "PrintQueue",
          "deviceId": "SWD\\\\PRINTENUM\\\\{78A790D7-2793-4C03-B16F-7EB3AE427883}",
          "subjectUserName": "LAPTOP-P8C7UUVI$"
        },
        "system": {
          "eventID": "6416",
          "keywords": "0x8020000000000000",
          "providerGuid": "{54849625-5478-4994-a5ba-3e3b0328c30d}",
          "level": "0",
          "channel": "Security",
          "opcode": "0",
          "message": "\"A new external device was recognized by the system.\r\n\r\nSubject:\r\n\tSecurity ID:\t\tS-1-5-18\r\n\tAccount Name:\t\tLAPTOP-P8C7UUVI$\r\n\tAccount Domain:\t\tWORKGROUP\r\n\tLogon ID:\t\t0x3E7\r\n\r\nDevice ID:\tSWD\\PRINTENUM\\{78A790D7-2793-4C03-B16F-7EB3AE427883}\r\n\r\nDevice Name:\tMicrosoft Print to PDF\r\n\r\nClass ID:\t\t{1ed2bbf9-11f0-4084-b21f-ad83a8e6dcdc}\r\n\r\nClass Name:\tPrintQueue\r\n\r\nVendor IDs:\t\r\n\t\tPRINTENUM\\{084f01fa-e634-4d77-83ee-074817c03581}\r\n\t\tPRINTENUM\\LocalPrintQueue\r\n\t\t{084f01fa-e634-4d77-83ee-074817c03581}\r\n\t\t\r\n\t\t\r\n\r\nCompatible IDs:\t\r\n\t\tGenPrintQueue\r\n\t\tSWD\\GenericRaw\r\n\t\tSWD\\Generic\r\n\t\t\r\n\t\t\r\n\r\nLocation Information:\t-\"",
          "version": "1",
          "systemTime": "2026-09-10T12:45:42.4374628Z",
          "eventRecordID": "5838162",
          "threadID": "13488",
          "computer": "LAPTOP-P8C7UUVI",
          "task": "13316",
          "processID": "4",
          "severityValue": "AUDIT_SUCCESS",
          "providerName": "Microsoft-Windows-Security-Auditing"
        }
      }
    },
    "rule": {
      "firedtimes": 3,
      "mail": false,
      "level": 8,
      "description": "A new external device was recognized by the system",
      "groups": [
        "windows",
        "windows_security",
        "ipsec"
      ],
      "mitre": {
        "technique": [
          "Communication Through Removable Media"
        ],
        "id": [
          "T1092"
        ],
        "tactic": [
          "Command and Control"
        ]
      },
      "id": "60227"
    },
    "decoder": {
      "name": "windows_eventchannel"
    },
    "input": {
      "type": "log"
    },
    "@timestamp": "2026-09-10T13:08:40.026Z",
    "location": "EventChannel",
    "id": "1789045720.125796510",
    "timestamp": "2026-09-10T18:38:40.026+0530"
  },
  {
    "agent": {
      "ip": "192.168.88.66",
      "name": "Simran-Machine-Host-5th-Sem",
      "id": "053"
    },
    "manager": {
      "name": "vp"
    },
    "data": {
      "win": {
        "eventdata": {
          "subjectLogonId": "0x3e7",
          "compatibleIds": "    GenPrintQueue    SWD\\\\GenericRaw    SWD\\\\Generic",
          "classId": "{1ed2bbf9-11f0-4084-b21f-ad83a8e6dcdc}",
          "subjectUserSid": "S-1-5-18",
          "deviceDescription": "OneNote (Desktop)",
          "vendorIds": "    PRINTENUM\\\\{3ee39114-30b4-45a4-a109-19d4a40fcc22}    PRINTENUM\\\\LocalPrintQueue    {3ee39114-30b4-45a4-a109-19d4a40fcc22}",
          "subjectDomainName": "WORKGROUP",
          "className": "PrintQueue",
          "deviceId": "SWD\\\\PRINTENUM\\\\{EA85A2A9-C42B-4328-A531-5DA075AC5F47}",
          "subjectUserName": "LAPTOP-P8C7UUVI$"
        },
        "system": {
          "eventID": "6416",
          "keywords": "0x8020000000000000",
          "providerGuid": "{54849625-5478-4994-a5ba-3e3b0328c30d}",
          "level": "0",
          "channel": "Security",
          "opcode": "0",
          "message": "\"A new external device was recognized by the system.\r\n\r\nSubject:\r\n\tSecurity ID:\t\tS-1-5-18\r\n\tAccount Name:\t\tLAPTOP-P8C7UUVI$\r\n\tAccount Domain:\t\tWORKGROUP\r\n\tLogon ID:\t\t0x3E7\r\n\r\nDevice ID:\tSWD\\PRINTENUM\\{EA85A2A9-C42B-4328-A531-5DA075AC5F47}\r\n\r\nDevice Name:\tOneNote (Desktop)\r\n\r\nClass ID:\t\t{1ed2bbf9-11f0-4084-b21f-ad83a8e6dcdc}\r\n\r\nClass Name:\tPrintQueue\r\n\r\nVendor IDs:\t\r\n\t\tPRINTENUM\\{3ee39114-30b4-45a4-a109-19d4a40fcc22}\r\n\t\tPRINTENUM\\LocalPrintQueue\r\n\t\t{3ee39114-30b4-45a4-a109-19d4a40fcc22}\r\n\t\t\r\n\t\t\r\n\r\nCompatible IDs:\t\r\n\t\tGenPrintQueue\r\n\t\tSWD\\GenericRaw\r\n\t\tSWD\\Generic\r\n\t\t\r\n\t\t\r\n\r\nLocation Information:\t-\"",
          "version": "1",
          "systemTime": "2026-09-10T12:45:42.4257567Z",
          "eventRecordID": "5838161",
          "threadID": "6168",
          "computer": "LAPTOP-P8C7UUVI",
          "task": "13316",
          "processID": "4",
          "severityValue": "AUDIT_SUCCESS",
          "providerName": "Microsoft-Windows-Security-Auditing"
        }
      }
    },
    "rule": {
      "firedtimes": 2,
      "mail": false,
      "level": 8,
      "description": "A new external device was recognized by the system",
      "groups": [
        "windows",
        "windows_security",
        "ipsec"
      ],
      "mitre": {
        "technique": [
          "Communication Through Removable Media"
        ],
        "id": [
          "T1092"
        ],
        "tactic": [
          "Command and Control"
        ]
      },
      "id": "60227"
    },
    "decoder": {
      "name": "windows_eventchannel"
    },
    "input": {
      "type": "log"
    },
    "@timestamp": "2026-09-10T13:08:39.976Z",
    "location": "EventChannel",
    "id": "1789045719.125792840",
    "timestamp": "2026-09-10T18:38:39.976+0530"
  },
  {
    "agent": {
      "ip": "192.168.88.66",
      "name": "Simran-Machine-Host-5th-Sem",
      "id": "053"
    },
    "manager": {
      "name": "vp"
    },
    "data": {
      "win": {
        "eventdata": {
          "originalFileName": "net.exe",
          "image": "C:\\\\Windows\\\\SysWOW64\\\\net.exe",
          "product": "Microsoft\u00ae Windows\u00ae Operating System",
          "parentProcessGuid": "{35c0bd55-a644-6aa2-8500-00000000f904}",
          "description": "Net Command",
          "logonGuid": "{35c0bd55-a640-6aa2-e703-000000000000}",
          "parentCommandLine": "\\\"C:\\\\Program Files (x86)\\\\ossec-agent\\\\wazuh-agent.exe\\\"",
          "processGuid": "{35c0bd55-a670-6aa2-4701-00000000f904}",
          "logonId": "0x3e7",
          "parentProcessId": "6192",
          "processId": "7468",
          "currentDirectory": "C:\\\\Program Files (x86)\\\\ossec-agent\\\\",
          "utcTime": "2026-09-10 12:45:36.089",
          "hashes": "SHA256=E7A3A04DB13F7D5E65DB45DBED99B80C9AD9907BEEBA3416E2E5428E1EFB791E",
          "parentImage": "C:\\\\Program Files (x86)\\\\ossec-agent\\\\wazuh-agent.exe",
          "company": "Microsoft Corporation",
          "commandLine": "net user",
          "integrityLevel": "System",
          "fileVersion": "10.0.26100.7019 (WinBuild.160101.0800)",
          "user": "NT AUTHORITY\\\\SYSTEM",
          "terminalSessionId": "0",
          "parentUser": "NT AUTHORITY\\\\SYSTEM"
        },
        "system": {
          "eventID": "1",
          "keywords": "0x8000000000000000",
          "providerGuid": "{5770385f-c22a-43e0-bf4c-06f5698ffbd9}",
          "level": "4",
          "channel": "Microsoft-Windows-Sysmon/Operational",
          "opcode": "0",
          "message": "\"Process Create:\r\nRuleName: -\r\nUtcTime: 2026-09-10 12:45:36.089\r\nProcessGuid: {35c0bd55-a670-6aa2-4701-00000000f904}\r\nProcessId: 7468\r\nImage: C:\\Windows\\SysWOW64\\net.exe\r\nFileVersion: 10.0.26100.7019 (WinBuild.160101.0800)\r\nDescription: Net Command\r\nProduct: Microsoft\u00ae Windows\u00ae Operating System\r\nCompany: Microsoft Corporation\r\nOriginalFileName: net.exe\r\nCommandLine: net user\r\nCurrentDirectory: C:\\Program Files (x86)\\ossec-agent\\\r\nUser: NT AUTHORITY\\SYSTEM\r\nLogonGuid: {35c0bd55-a640-6aa2-e703-000000000000}\r\nLogonId: 0x3E7\r\nTerminalSessionId: 0\r\nIntegrityLevel: System\r\nHashes: SHA256=E7A3A04DB13F7D5E65DB45DBED99B80C9AD9907BEEBA3416E2E5428E1EFB791E\r\nParentProcessGuid: {35c0bd55-a644-6aa2-8500-00000000f904}\r\nParentProcessId: 6192\r\nParentImage: C:\\Program Files (x86)\\ossec-agent\\wazuh-agent.exe\r\nParentCommandLine: \"C:\\Program Files (x86)\\ossec-agent\\wazuh-agent.exe\"\r\nParentUser: NT AUTHORITY\\SYSTEM\"",
          "version": "5",
          "systemTime": "2026-09-10T12:45:36.0922349Z",
          "eventRecordID": "147823",
          "threadID": "7740",
          "computer": "LAPTOP-P8C7UUVI",
          "task": "1",
          "processID": "6208",
          "severityValue": "INFORMATION",
          "providerName": "Microsoft-Windows-Sysmon"
        }
      }
    },
    "rule": {
      "firedtimes": 4,
      "mail": false,
      "level": 10,
      "description": "Discovery command via process creation audit",
      "groups": [
        "windows",
        "security_event",
        "custom_windows"
      ],
      "mitre": {
        "technique": [
          "System Information Discovery"
        ],
        "id": [
          "T1082"
        ],
        "tactic": [
          "Discovery"
        ]
      },
      "id": "200068"
    },
    "decoder": {
      "name": "windows_eventchannel"
    },
    "full_log": "{\"win\":{\"system\":{\"providerName\":\"Microsoft-Windows-Sysmon\",\"providerGuid\":\"{5770385f-c22a-43e0-bf4c-06f5698ffbd9}\",\"eventID\":\"1\",\"version\":\"5\",\"level\":\"4\",\"task\":\"1\",\"opcode\":\"0\",\"keywords\":\"0x8000000000000000\",\"systemTime\":\"2026-09-10T12:45:36.0922349Z\",\"eventRecordID\":\"147823\",\"processID\":\"6208\",\"threadID\":\"7740\",\"channel\":\"Microsoft-Windows-Sysmon/Operational\",\"computer\":\"LAPTOP-P8C7UUVI\",\"severityValue\":\"INFORMATION\",\"message\":\"\\\"Process Create:\\r\\nRuleName: -\\r\\nUtcTime: 2026-09-10 12:45:36.089\\r\\nProcessGuid: {35c0bd55-a670-6aa2-4701-00000000f904}\\r\\nProcessId: 7468\\r\\nImage: C:\\\\Windows\\\\SysWOW64\\\\net.exe\\r\\nFileVersion: 10.0.26100.7019 (WinBuild.160101.0800)\\r\\nDescription: Net Command\\r\\nProduct: Microsoft\u00ae Windows\u00ae Operating System\\r\\nCompany: Microsoft Corporation\\r\\nOriginalFileName: net.exe\\r\\nCommandLine: net user\\r\\nCurrentDirectory: C:\\\\Program Files (x86)\\\\ossec-agent\\\\\\r\\nUser: NT AUTHORITY\\\\SYSTEM\\r\\nLogonGuid: {35c0bd55-a640-6aa2-e703-000000000000}\\r\\nLogonId: 0x3E7\\r\\nTerminalSessionId: 0\\r\\nIntegrityLevel: System\\r\\nHashes: SHA256=E7A3A04DB13F7D5E65DB45DBED99B80C9AD9907BEEBA3416E2E5428E1EFB791E\\r\\nParentProcessGuid: {35c0bd55-a644-6aa2-8500-00000000f904}\\r\\nParentProcessId: 6192\\r\\nParentImage: C:\\\\Program Files (x86)\\\\ossec-agent\\\\wazuh-agent.exe\\r\\nParentCommandLine: \\\"C:\\\\Program Files (x86)\\\\ossec-agent\\\\wazuh-agent.exe\\\"\\r\\nParentUser: NT AUTHORITY\\\\SYSTEM\\\"\"},\"eventdata\":{\"utcTime\":\"2026-09-10 12:45:36.089\",\"processGuid\":\"{35c0bd55-a670-6aa2-4701-00000000f904}\",\"processId\":\"7468\",\"image\":\"C:\\\\\\\\Windows\\\\\\\\SysWOW64\\\\\\\\net.exe\",\"fileVersion\":\"10.0.26100.7019 (WinBuild.160101.0800)\",\"description\":\"Net Command\",\"product\":\"Microsoft\u00ae Windows\u00ae Operating System\",\"company\":\"Microsoft Corporation\",\"originalFileName\":\"net.exe\",\"commandLine\":\"net user\",\"currentDirectory\":\"C:\\\\\\\\Program Files (x86)\\\\\\\\ossec-agent\\\\\\\\\",\"user\":\"NT AUTHORITY\\\\\\\\SYSTEM\",\"logonGuid\":\"{35c0bd55-a640-6aa2-e703-000000000000}\",\"logonId\":\"0x3e7\",\"terminalSessionId\":\"0\",\"integrityLevel\":\"System\",\"hashes\":\"SHA256=E7A3A04DB13F7D5E65DB45DBED99B80C9AD9907BEEBA3416E2E5428E1EFB791E\",\"parentProcessGuid\":\"{35c0bd55-a644-6aa2-8500-00000000f904}\",\"parentProcessId\":\"6192\",\"parentImage\":\"C:\\\\\\\\Program Files (x86)\\\\\\\\ossec-agent\\\\\\\\wazuh-agent.exe\",\"parentCommandLine\":\"\\\\\\\"C:\\\\\\\\Program Files (x86)\\\\\\\\ossec-agent\\\\\\\\wazuh-agent.exe\\\\\\\"\",\"parentUser\":\"NT AUTHORITY\\\\\\\\SYSTEM\"}}}",
    "input": {
      "type": "log"
    },
    "@timestamp": "2026-09-10T13:08:37.892Z",
    "location": "EventChannel",
    "id": "1789045717.125787585",
    "timestamp": "2026-09-10T18:38:37.892+0530"
  },
