  {
    "agent": {
      "ip": "192.168.88.66",
      "name": "Simran-Machine-Host-5th-Sem",
      "id": "053"
    },
    "manager": {
      "name": "vp"
    },
    "data": {
      "win": {
        "eventdata": {
          "subjectLogonId": "0x3e7",
          "subjectDomainName": "WORKGROUP",
          "targetLinkedLogonId": "0x13fe135",
          "impersonationLevel": "%%1833",
          "authenticationPackageName": "Negotiate",
          "workstationName": "LAPTOP-P8C7UUVI",
          "targetLogonId": "0x13fdfb6",
          "logonProcessName": "Negotiat",
          "logonGuid": "{00000000-0000-0000-0000-000000000000}",
          "targetUserName": "simranrauniyar387@gmail.com",
          "keyLength": "0",
          "elevatedToken": "%%1842",
          "subjectUserSid": "S-1-5-18",
          "processId": "0x5c8",
          "processName": "C:\\\\Windows\\\\System32\\\\lsass.exe",
          "targetDomainName": "MicrosoftAccount",
          "targetUserSid": "S-1-5-21-2097721581-3874961944-690806462-1001",
          "virtualAccount": "%%1843",
          "logonType": "7",
          "subjectUserName": "LAPTOP-P8C7UUVI$"
        },
        "system": {
          "eventID": "4624",
          "keywords": "0x8020000000000000",
          "providerGuid": "{54849625-5478-4994-a5ba-3e3b0328c30d}",
          "level": "0",
          "channel": "Security",
          "opcode": "0",
          "message": "\"An account was successfully logged on.\r\n\r\nSubject:\r\n\tSecurity ID:\t\tS-1-5-18\r\n\tAccount Name:\t\tLAPTOP-P8C7UUVI$\r\n\tAccount Domain:\t\tWORKGROUP\r\n\tLogon ID:\t\t0x3E7\r\n\r\nLogon Information:\r\n\tLogon Type:\t\t7\r\n\tRestricted Admin Mode:\t-\r\n\tRemote Credential Guard:\t-\r\n\tVirtual Account:\t\tNo\r\n\tElevated Token:\t\tYes\r\n\r\nImpersonation Level:\t\tImpersonation\r\n\r\nNew Logon:\r\n\tSecurity ID:\t\tS-1-5-21-2097721581-3874961944-690806462-1001\r\n\tAccount Name:\t\tsimranrauniyar387@gmail.com\r\n\tAccount Domain:\t\tMicrosoftAccount\r\n\tLogon ID:\t\t0x13FDFB6\r\n\tLinked Logon ID:\t\t0x13FE135\r\n\tNetwork Account Name:\t-\r\n\tNetwork Account Domain:\t-\r\n\tLogon GUID:\t\t{00000000-0000-0000-0000-000000000000}\r\n\r\nProcess Information:\r\n\tProcess ID:\t\t0x5c8\r\n\tProcess Name:\t\tC:\\Windows\\System32\\lsass.exe\r\n\r\nNetwork Information:\r\n\tWorkstation Name:\tLAPTOP-P8C7UUVI\r\n\tSource Network Address:\t-\r\n\tSource Port:\t\t-\r\n\r\nDetailed Authentication Information:\r\n\tLogon Process:\t\tNegotiat\r\n\tAuthentication Package:\tNegotiate\r\n\tTransited Services:\t-\r\n\tPackage Name (NTLM only):\t-\r\n\tKey Length:\t\t0\r\n\r\nThis event is generated when a logon session is created. It is generated on the computer that was accessed.\r\n\r\nThe subject fields indicate the account on the local system which requested the logon. This is most commonly a service such as the Server service, or a local process such as Winlogon.exe or Services.exe.\r\n\r\nThe logon type field indicates the kind of logon that occurred. The most common types are 2 (interactive) and 3 (network).\r\n\r\nThe New Logon fields indicate the account for whom the new logon was created, i.e. the account that was logged on.\r\n\r\nThe network fields indicate where a remote logon request originated. Workstation name is not always available and may be left blank in some cases.\r\n\r\nThe impersonation level field indicates the extent to which a process in the logon session can impersonate.\r\n\r\nThe authentication information fields provide detailed information about this specific logon request.\r\n\t- Logon GUID is a unique identifier that can be used to correlate this event with a KDC event.\r\n\t- Transited services indicate which intermediate services have participated in this logon request.\r\n\t- Package name indicates which sub-protocol was used among the NTLM protocols.\r\n\t- Key length indicates the length of the generated session key. This will be 0 if no session key was requested.\"",
          "version": "3",
          "systemTime": "2026-09-10T13:12:26.4009724Z",
          "eventRecordID": "5839761",
          "threadID": "11228",
          "computer": "LAPTOP-P8C7UUVI",
          "task": "12544",
          "processID": "1480",
          "severityValue": "AUDIT_SUCCESS",
          "providerName": "Microsoft-Windows-Security-Auditing"
        }
      }
    },
    "rule": {
      "firedtimes": 9,
      "mail": true,
      "level": 12,
      "description": "Windows: Pass-the-hash / logon anomaly",
      "groups": [
        "custom_attacks",
        "windows"
      ],
      "mitre": {
        "technique": [
          "Pass the Hash"
        ],
        "id": [
          "T1550.002"
        ],
        "tactic": [
          "Defense Evasion",
          "Lateral Movement"
        ]
      },
      "id": "100140"
    },
    "decoder": {
      "name": "windows_eventchannel"
    },
    "full_log": "{\"win\":{\"system\":{\"providerName\":\"Microsoft-Windows-Security-Auditing\",\"providerGuid\":\"{54849625-5478-4994-a5ba-3e3b0328c30d}\",\"eventID\":\"4624\",\"version\":\"3\",\"level\":\"0\",\"task\":\"12544\",\"opcode\":\"0\",\"keywords\":\"0x8020000000000000\",\"systemTime\":\"2026-09-10T13:12:26.4009724Z\",\"eventRecordID\":\"5839761\",\"processID\":\"1480\",\"threadID\":\"11228\",\"channel\":\"Security\",\"computer\":\"LAPTOP-P8C7UUVI\",\"severityValue\":\"AUDIT_SUCCESS\",\"message\":\"\\\"An account was successfully logged on.\\r\\n\\r\\nSubject:\\r\\n\\tSecurity ID:\\t\\tS-1-5-18\\r\\n\\tAccount Name:\\t\\tLAPTOP-P8C7UUVI$\\r\\n\\tAccount Domain:\\t\\tWORKGROUP\\r\\n\\tLogon ID:\\t\\t0x3E7\\r\\n\\r\\nLogon Information:\\r\\n\\tLogon Type:\\t\\t7\\r\\n\\tRestricted Admin Mode:\\t-\\r\\n\\tRemote Credential Guard:\\t-\\r\\n\\tVirtual Account:\\t\\tNo\\r\\n\\tElevated Token:\\t\\tYes\\r\\n\\r\\nImpersonation Level:\\t\\tImpersonation\\r\\n\\r\\nNew Logon:\\r\\n\\tSecurity ID:\\t\\tS-1-5-21-2097721581-3874961944-690806462-1001\\r\\n\\tAccount Name:\\t\\tsimranrauniyar387@gmail.com\\r\\n\\tAccount Domain:\\t\\tMicrosoftAccount\\r\\n\\tLogon ID:\\t\\t0x13FDFB6\\r\\n\\tLinked Logon ID:\\t\\t0x13FE135\\r\\n\\tNetwork Account Name:\\t-\\r\\n\\tNetwork Account Domain:\\t-\\r\\n\\tLogon GUID:\\t\\t{00000000-0000-0000-0000-000000000000}\\r\\n\\r\\nProcess Information:\\r\\n\\tProcess ID:\\t\\t0x5c8\\r\\n\\tProcess Name:\\t\\tC:\\\\Windows\\\\System32\\\\lsass.exe\\r\\n\\r\\nNetwork Information:\\r\\n\\tWorkstation Name:\\tLAPTOP-P8C7UUVI\\r\\n\\tSource Network Address:\\t-\\r\\n\\tSource Port:\\t\\t-\\r\\n\\r\\nDetailed Authentication Information:\\r\\n\\tLogon Process:\\t\\tNegotiat\\r\\n\\tAuthentication Package:\\tNegotiate\\r\\n\\tTransited Services:\\t-\\r\\n\\tPackage Name (NTLM only):\\t-\\r\\n\\tKey Length:\\t\\t0\\r\\n\\r\\nThis event is generated when a logon session is created. It is generated on the computer that was accessed.\\r\\n\\r\\nThe subject fields indicate the account on the local system which requested the logon. This is most commonly a service such as the Server service, or a local process such as Winlogon.exe or Services.exe.\\r\\n\\r\\nThe logon type field indicates the kind of logon that occurred. The most common types are 2 (interactive) and 3 (network).\\r\\n\\r\\nThe New Logon fields indicate the account for whom the new logon was created, i.e. the account that was logged on.\\r\\n\\r\\nThe network fields indicate where a remote logon request originated. Workstation name is not always available and may be left blank in some cases.\\r\\n\\r\\nThe impersonation level field indicates the extent to which a process in the logon session can impersonate.\\r\\n\\r\\nThe authentication information fields provide detailed information about this specific logon request.\\r\\n\\t- Logon GUID is a unique identifier that can be used to correlate this event with a KDC event.\\r\\n\\t- Transited services indicate which intermediate services have participated in this logon request.\\r\\n\\t- Package name indicates which sub-protocol was used among the NTLM protocols.\\r\\n\\t- Key length indicates the length of the generated session key. This will be 0 if no session key was requested.\\\"\"},\"eventdata\":{\"subjectUserSid\":\"S-1-5-18\",\"subjectUserName\":\"LAPTOP-P8C7UUVI$\",\"subjectDomainName\":\"WORKGROUP\",\"subjectLogonId\":\"0x3e7\",\"targetUserSid\":\"S-1-5-21-2097721581-3874961944-690806462-1001\",\"targetUserName\":\"simranrauniyar387@gmail.com\",\"targetDomainName\":\"MicrosoftAccount\",\"targetLogonId\":\"0x13fdfb6\",\"logonType\":\"7\",\"logonProcessName\":\"Negotiat\",\"authenticationPackageName\":\"Negotiate\",\"workstationName\":\"LAPTOP-P8C7UUVI\",\"logonGuid\":\"{00000000-0000-0000-0000-000000000000}\",\"keyLength\":\"0\",\"processId\":\"0x5c8\",\"processName\":\"C:\\\\\\\\Windows\\\\\\\\System32\\\\\\\\lsass.exe\",\"impersonationLevel\":\"%%1833\",\"virtualAccount\":\"%%1843\",\"targetLinkedLogonId\":\"0x13fe135\",\"elevatedToken\":\"%%1842\"}}}",
    "input": {
      "type": "log"
    },
    "@timestamp": "2026-09-10T13:12:32.996Z",
    "location": "EventChannel",
    "id": "1789045952.125944380",
    "timestamp": "2026-09-10T18:42:32.996+0530"
  },
  {
    "agent": {
      "ip": "192.168.88.66",
      "name": "Simran-Machine-Host-5th-Sem",
      "id": "053"
    },
    "manager": {
      "name": "vp"
    },
    "data": {
      "win": {
        "eventdata": {
          "subjectLogonId": "0x3e7",
          "targetUserName": "simra",
          "subjectUserSid": "S-1-5-18",
          "subjectDomainName": "WORKGROUP",
          "displayName": "Simran Rauniyar",
          "targetDomainName": "LAPTOP-P8C7UUVI",
          "targetSid": "S-1-5-21-2097721581-3874961944-690806462-1001",
          "subjectUserName": "LAPTOP-P8C7UUVI$"
        },
        "system": {
          "eventID": "4738",
          "keywords": "0x8020000000000000",
          "providerGuid": "{54849625-5478-4994-a5ba-3e3b0328c30d}",
          "level": "0",
          "channel": "Security",
          "opcode": "0",
          "message": "\"A user account was changed.\r\n\r\nSubject:\r\n\tSecurity ID:\t\tS-1-5-18\r\n\tAccount Name:\t\tLAPTOP-P8C7UUVI$\r\n\tAccount Domain:\t\tWORKGROUP\r\n\tLogon ID:\t\t0x3E7\r\n\r\nTarget Account:\r\n\tSecurity ID:\t\tS-1-5-21-2097721581-3874961944-690806462-1001\r\n\tAccount Name:\t\tsimra\r\n\tAccount Domain:\t\tLAPTOP-P8C7UUVI\r\n\r\nChanged Attributes:\r\n\tSAM Account Name:\t-\r\n\tDisplay Name:\t\tSimran Rauniyar\r\n\tUser Principal Name:\t-\r\n\tHome Directory:\t\t-\r\n\tHome Drive:\t\t-\r\n\tScript Path:\t\t-\r\n\tProfile Path:\t\t-\r\n\tUser Workstations:\t-\r\n\tPassword Last Set:\t-\r\n\tAccount Expires:\t\t-\r\n\tPrimary Group ID:\t-\r\n\tAllowedToDelegateTo:\t-\r\n\tOld UAC Value:\t\t-\r\n\tNew UAC Value:\t\t-\r\n\tUser Account Control:\t-\r\n\tUser Parameters:\t-\r\n\tSID History:\t\t-\r\n\tLogon Hours:\t\t-\r\n\r\nAdditional Information:\r\n\tPrivileges:\t\t-\"",
          "version": "0",
          "systemTime": "2026-09-10T13:12:26.3851069Z",
          "eventRecordID": "5839759",
          "threadID": "11228",
          "computer": "LAPTOP-P8C7UUVI",
          "task": "13824",
          "processID": "1480",
          "severityValue": "AUDIT_SUCCESS",
          "providerName": "Microsoft-Windows-Security-Auditing"
        }
      }
    },
    "rule": {
      "mail": false,
      "level": 8,
      "pci_dss": [
        "8.1.2",
        "10.2.5"
      ],
      "hipaa": [
        "164.312.a.2.I",
        "164.312.a.2.II",
        "164.312.b"
      ],
      "tsc": [
        "CC6.8",
        "CC7.2",
        "CC7.3"
      ],
      "description": "User account changed",
      "groups": [
        "windows",
        "windows_security",
        "account_changed"
      ],
      "nist_800_53": [
        "AC.2",
        "IA.4",
        "AU.14",
        "AC.7"
      ],
      "gdpr": [
        "IV_35.7.d",
        "IV_32.2"
      ],
      "firedtimes": 4,
      "mitre": {
        "technique": [
          "Account Manipulation"
        ],
        "id": [
          "T1098"
        ],
        "tactic": [
          "Persistence"
        ]
      },
      "id": "60110",
      "gpg13": [
        "7.10"
      ]
    },
    "decoder": {
      "name": "windows_eventchannel"
    },
    "input": {
      "type": "log"
    },
    "@timestamp": "2026-09-10T13:12:32.977Z",
    "location": "EventChannel",
    "id": "1789045952.125940696",
    "timestamp": "2026-09-10T18:42:32.977+0530"
  },
  {
    "agent": {
      "ip": "192.168.88.66",
      "name": "Simran-Machine-Host-5th-Sem",
      "id": "053"
    },
    "manager": {
      "name": "vp"
    },
    "data": {
      "win": {
        "eventdata": {
          "subjectLogonId": "0x3e7",
          "subjectDomainName": "WORKGROUP",
          "targetLinkedLogonId": "0x13fc93a",
          "impersonationLevel": "%%1833",
          "ipAddress": "127.0.0.1",
          "authenticationPackageName": "Negotiate",
          "workstationName": "LAPTOP-P8C7UUVI",
          "targetLogonId": "0x13fc98f",
          "logonProcessName": "User32",
          "logonGuid": "{00000000-0000-0000-0000-000000000000}",
          "targetUserName": "simranrauniyar387@gmail.com",
          "keyLength": "0",
          "elevatedToken": "%%1843",
          "subjectUserSid": "S-1-5-18",
          "processId": "0xa74",
          "processName": "C:\\\\Windows\\\\System32\\\\svchost.exe",
          "ipPort": "0",
          "targetDomainName": "MicrosoftAccount",
          "targetUserSid": "S-1-5-21-2097721581-3874961944-690806462-1001",
          "virtualAccount": "%%1843",
          "logonType": "11",
          "subjectUserName": "LAPTOP-P8C7UUVI$"
        },
        "system": {
          "eventID": "4624",
          "keywords": "0x8020000000000000",
          "providerGuid": "{54849625-5478-4994-a5ba-3e3b0328c30d}",
          "level": "0",
          "channel": "Security",
          "opcode": "0",
          "message": "\"An account was successfully logged on.\r\n\r\nSubject:\r\n\tSecurity ID:\t\tS-1-5-18\r\n\tAccount Name:\t\tLAPTOP-P8C7UUVI$\r\n\tAccount Domain:\t\tWORKGROUP\r\n\tLogon ID:\t\t0x3E7\r\n\r\nLogon Information:\r\n\tLogon Type:\t\t11\r\n\tRestricted Admin Mode:\t-\r\n\tRemote Credential Guard:\t-\r\n\tVirtual Account:\t\tNo\r\n\tElevated Token:\t\tNo\r\n\r\nImpersonation Level:\t\tImpersonation\r\n\r\nNew Logon:\r\n\tSecurity ID:\t\tS-1-5-21-2097721581-3874961944-690806462-1001\r\n\tAccount Name:\t\tsimranrauniyar387@gmail.com\r\n\tAccount Domain:\t\tMicrosoftAccount\r\n\tLogon ID:\t\t0x13FC98F\r\n\tLinked Logon ID:\t\t0x13FC93A\r\n\tNetwork Account Name:\t-\r\n\tNetwork Account Domain:\t-\r\n\tLogon GUID:\t\t{00000000-0000-0000-0000-000000000000}\r\n\r\nProcess Information:\r\n\tProcess ID:\t\t0xa74\r\n\tProcess Name:\t\tC:\\Windows\\System32\\svchost.exe\r\n\r\nNetwork Information:\r\n\tWorkstation Name:\tLAPTOP-P8C7UUVI\r\n\tSource Network Address:\t127.0.0.1\r\n\tSource Port:\t\t0\r\n\r\nDetailed Authentication Information:\r\n\tLogon Process:\t\tUser32 \r\n\tAuthentication Package:\tNegotiate\r\n\tTransited Services:\t-\r\n\tPackage Name (NTLM only):\t-\r\n\tKey Length:\t\t0\r\n\r\nThis event is generated when a logon session is created. It is generated on the computer that was accessed.\r\n\r\nThe subject fields indicate the account on the local system which requested the logon. This is most commonly a service such as the Server service, or a local process such as Winlogon.exe or Services.exe.\r\n\r\nThe logon type field indicates the kind of logon that occurred. The most common types are 2 (interactive) and 3 (network).\r\n\r\nThe New Logon fields indicate the account for whom the new logon was created, i.e. the account that was logged on.\r\n\r\nThe network fields indicate where a remote logon request originated. Workstation name is not always available and may be left blank in some cases.\r\n\r\nThe impersonation level field indicates the extent to which a process in the logon session can impersonate.\r\n\r\nThe authentication information fields provide detailed information about this specific logon request.\r\n\t- Logon GUID is a unique identifier that can be used to correlate this event with a KDC event.\r\n\t- Transited services indicate which intermediate services have participated in this logon request.\r\n\t- Package name indicates which sub-protocol was used among the NTLM protocols.\r\n\t- Key length indicates the length of the generated session key. This will be 0 if no session key was requested.\"",
          "version": "3",
          "systemTime": "2026-09-10T13:12:26.2835591Z",
          "eventRecordID": "5839755",
          "threadID": "12320",
          "computer": "LAPTOP-P8C7UUVI",
          "task": "12544",
          "processID": "1480",
          "severityValue": "AUDIT_SUCCESS",
          "providerName": "Microsoft-Windows-Security-Auditing"
        }
      }
    },
    "rule": {
      "firedtimes": 8,
      "mail": true,
      "level": 12,
      "description": "Windows: Pass-the-hash / logon anomaly",
      "groups": [
        "custom_attacks",
        "windows"
      ],
      "mitre": {
        "technique": [
          "Pass the Hash"
        ],
        "id": [
          "T1550.002"
        ],
        "tactic": [
          "Defense Evasion",
          "Lateral Movement"
        ]
      },
      "id": "100140"
    },
    "decoder": {
      "name": "windows_eventchannel"
    },
    "full_log": "{\"win\":{\"system\":{\"providerName\":\"Microsoft-Windows-Security-Auditing\",\"providerGuid\":\"{54849625-5478-4994-a5ba-3e3b0328c30d}\",\"eventID\":\"4624\",\"version\":\"3\",\"level\":\"0\",\"task\":\"12544\",\"opcode\":\"0\",\"keywords\":\"0x8020000000000000\",\"systemTime\":\"2026-09-10T13:12:26.2835591Z\",\"eventRecordID\":\"5839755\",\"processID\":\"1480\",\"threadID\":\"12320\",\"channel\":\"Security\",\"computer\":\"LAPTOP-P8C7UUVI\",\"severityValue\":\"AUDIT_SUCCESS\",\"message\":\"\\\"An account was successfully logged on.\\r\\n\\r\\nSubject:\\r\\n\\tSecurity ID:\\t\\tS-1-5-18\\r\\n\\tAccount Name:\\t\\tLAPTOP-P8C7UUVI$\\r\\n\\tAccount Domain:\\t\\tWORKGROUP\\r\\n\\tLogon ID:\\t\\t0x3E7\\r\\n\\r\\nLogon Information:\\r\\n\\tLogon Type:\\t\\t11\\r\\n\\tRestricted Admin Mode:\\t-\\r\\n\\tRemote Credential Guard:\\t-\\r\\n\\tVirtual Account:\\t\\tNo\\r\\n\\tElevated Token:\\t\\tNo\\r\\n\\r\\nImpersonation Level:\\t\\tImpersonation\\r\\n\\r\\nNew Logon:\\r\\n\\tSecurity ID:\\t\\tS-1-5-21-2097721581-3874961944-690806462-1001\\r\\n\\tAccount Name:\\t\\tsimranrauniyar387@gmail.com\\r\\n\\tAccount Domain:\\t\\tMicrosoftAccount\\r\\n\\tLogon ID:\\t\\t0x13FC98F\\r\\n\\tLinked Logon ID:\\t\\t0x13FC93A\\r\\n\\tNetwork Account Name:\\t-\\r\\n\\tNetwork Account Domain:\\t-\\r\\n\\tLogon GUID:\\t\\t{00000000-0000-0000-0000-000000000000}\\r\\n\\r\\nProcess Information:\\r\\n\\tProcess ID:\\t\\t0xa74\\r\\n\\tProcess Name:\\t\\tC:\\\\Windows\\\\System32\\\\svchost.exe\\r\\n\\r\\nNetwork Information:\\r\\n\\tWorkstation Name:\\tLAPTOP-P8C7UUVI\\r\\n\\tSource Network Address:\\t127.0.0.1\\r\\n\\tSource Port:\\t\\t0\\r\\n\\r\\nDetailed Authentication Information:\\r\\n\\tLogon Process:\\t\\tUser32 \\r\\n\\tAuthentication Package:\\tNegotiate\\r\\n\\tTransited Services:\\t-\\r\\n\\tPackage Name (NTLM only):\\t-\\r\\n\\tKey Length:\\t\\t0\\r\\n\\r\\nThis event is generated when a logon session is created. It is generated on the computer that was accessed.\\r\\n\\r\\nThe subject fields indicate the account on the local system which requested the logon. This is most commonly a service such as the Server service, or a local process such as Winlogon.exe or Services.exe.\\r\\n\\r\\nThe logon type field indicates the kind of logon that occurred. The most common types are 2 (interactive) and 3 (network).\\r\\n\\r\\nThe New Logon fields indicate the account for whom the new logon was created, i.e. the account that was logged on.\\r\\n\\r\\nThe network fields indicate where a remote logon request originated. Workstation name is not always available and may be left blank in some cases.\\r\\n\\r\\nThe impersonation level field indicates the extent to which a process in the logon session can impersonate.\\r\\n\\r\\nThe authentication information fields provide detailed information about this specific logon request.\\r\\n\\t- Logon GUID is a unique identifier that can be used to correlate this event with a KDC event.\\r\\n\\t- Transited services indicate which intermediate services have participated in this logon request.\\r\\n\\t- Package name indicates which sub-protocol was used among the NTLM protocols.\\r\\n\\t- Key length indicates the length of the generated session key. This will be 0 if no session key was requested.\\\"\"},\"eventdata\":{\"subjectUserSid\":\"S-1-5-18\",\"subjectUserName\":\"LAPTOP-P8C7UUVI$\",\"subjectDomainName\":\"WORKGROUP\",\"subjectLogonId\":\"0x3e7\",\"targetUserSid\":\"S-1-5-21-2097721581-3874961944-690806462-1001\",\"targetUserName\":\"simranrauniyar387@gmail.com\",\"targetDomainName\":\"MicrosoftAccount\",\"targetLogonId\":\"0x13fc98f\",\"logonType\":\"11\",\"logonProcessName\":\"User32\",\"authenticationPackageName\":\"Negotiate\",\"workstationName\":\"LAPTOP-P8C7UUVI\",\"logonGuid\":\"{00000000-0000-0000-0000-000000000000}\",\"keyLength\":\"0\",\"processId\":\"0xa74\",\"processName\":\"C:\\\\\\\\Windows\\\\\\\\System32\\\\\\\\svchost.exe\",\"ipAddress\":\"127.0.0.1\",\"ipPort\":\"0\",\"impersonationLevel\":\"%%1833\",\"virtualAccount\":\"%%1843\",\"targetLinkedLogonId\":\"0x13fc93a\",\"elevatedToken\":\"%%1843\"}}}",
    "input": {
      "type": "log"
    },
    "@timestamp": "2026-09-10T13:12:32.953Z",
    "location": "EventChannel",
    "id": "1789045952.125932911",
    "timestamp": "2026-09-10T18:42:32.953+0530"
  },
  {
    "agent": {
      "ip": "192.168.88.66",
      "name": "Simran-Machine-Host-5th-Sem",
      "id": "053"
    },
    "manager": {
      "name": "vp"
    },
    "data": {
      "win": {
        "eventdata": {
          "subjectLogonId": "0x3e7",
          "subjectDomainName": "WORKGROUP",
          "targetLinkedLogonId": "0x13fc98f",
          "impersonationLevel": "%%1833",
          "ipAddress": "127.0.0.1",
          "authenticationPackageName": "Negotiate",
          "workstationName": "LAPTOP-P8C7UUVI",
          "targetLogonId": "0x13fc93a",
          "logonProcessName": "User32",
          "logonGuid": "{00000000-0000-0000-0000-000000000000}",
          "targetUserName": "simranrauniyar387@gmail.com",
          "keyLength": "0",
          "elevatedToken": "%%1842",
          "subjectUserSid": "S-1-5-18",
          "processId": "0xa74",
          "processName": "C:\\\\Windows\\\\System32\\\\svchost.exe",
          "ipPort": "0",
          "targetDomainName": "MicrosoftAccount",
          "targetUserSid": "S-1-5-21-2097721581-3874961944-690806462-1001",
          "virtualAccount": "%%1843",
          "logonType": "11",
          "subjectUserName": "LAPTOP-P8C7UUVI$"
        },
        "system": {
          "eventID": "4624",
          "keywords": "0x8020000000000000",
          "providerGuid": "{54849625-5478-4994-a5ba-3e3b0328c30d}",
          "level": "0",
          "channel": "Security",
          "opcode": "0",
          "message": "\"An account was successfully logged on.\r\n\r\nSubject:\r\n\tSecurity ID:\t\tS-1-5-18\r\n\tAccount Name:\t\tLAPTOP-P8C7UUVI$\r\n\tAccount Domain:\t\tWORKGROUP\r\n\tLogon ID:\t\t0x3E7\r\n\r\nLogon Information:\r\n\tLogon Type:\t\t11\r\n\tRestricted Admin Mode:\t-\r\n\tRemote Credential Guard:\t-\r\n\tVirtual Account:\t\tNo\r\n\tElevated Token:\t\tYes\r\n\r\nImpersonation Level:\t\tImpersonation\r\n\r\nNew Logon:\r\n\tSecurity ID:\t\tS-1-5-21-2097721581-3874961944-690806462-1001\r\n\tAccount Name:\t\tsimranrauniyar387@gmail.com\r\n\tAccount Domain:\t\tMicrosoftAccount\r\n\tLogon ID:\t\t0x13FC93A\r\n\tLinked Logon ID:\t\t0x13FC98F\r\n\tNetwork Account Name:\t-\r\n\tNetwork Account Domain:\t-\r\n\tLogon GUID:\t\t{00000000-0000-0000-0000-000000000000}\r\n\r\nProcess Information:\r\n\tProcess ID:\t\t0xa74\r\n\tProcess Name:\t\tC:\\Windows\\System32\\svchost.exe\r\n\r\nNetwork Information:\r\n\tWorkstation Name:\tLAPTOP-P8C7UUVI\r\n\tSource Network Address:\t127.0.0.1\r\n\tSource Port:\t\t0\r\n\r\nDetailed Authentication Information:\r\n\tLogon Process:\t\tUser32 \r\n\tAuthentication Package:\tNegotiate\r\n\tTransited Services:\t-\r\n\tPackage Name (NTLM only):\t-\r\n\tKey Length:\t\t0\r\n\r\nThis event is generated when a logon session is created. It is generated on the computer that was accessed.\r\n\r\nThe subject fields indicate the account on the local system which requested the logon. This is most commonly a service such as the Server service, or a local process such as Winlogon.exe or Services.exe.\r\n\r\nThe logon type field indicates the kind of logon that occurred. The most common types are 2 (interactive) and 3 (network).\r\n\r\nThe New Logon fields indicate the account for whom the new logon was created, i.e. the account that was logged on.\r\n\r\nThe network fields indicate where a remote logon request originated. Workstation name is not always available and may be left blank in some cases.\r\n\r\nThe impersonation level field indicates the extent to which a process in the logon session can impersonate.\r\n\r\nThe authentication information fields provide detailed information about this specific logon request.\r\n\t- Logon GUID is a unique identifier that can be used to correlate this event with a KDC event.\r\n\t- Transited services indicate which intermediate services have participated in this logon request.\r\n\t- Package name indicates which sub-protocol was used among the NTLM protocols.\r\n\t- Key length indicates the length of the generated session key. This will be 0 if no session key was requested.\"",
          "version": "3",
          "systemTime": "2026-09-10T13:12:26.2835277Z",
          "eventRecordID": "5839754",
          "threadID": "12320",
          "computer": "LAPTOP-P8C7UUVI",
          "task": "12544",
          "processID": "1480",
          "severityValue": "AUDIT_SUCCESS",
          "providerName": "Microsoft-Windows-Security-Auditing"
        }
      }
    },
    "rule": {
      "firedtimes": 7,
      "mail": true,
      "level": 12,
      "description": "Windows: Pass-the-hash / logon anomaly",
      "groups": [
        "custom_attacks",
        "windows"
      ],
      "mitre": {
        "technique": [
          "Pass the Hash"
        ],
        "id": [
          "T1550.002"
        ],
        "tactic": [
          "Defense Evasion",
          "Lateral Movement"
        ]
      },
      "id": "100140"
    },
    "decoder": {
      "name": "windows_eventchannel"
    },
    "full_log": "{\"win\":{\"system\":{\"providerName\":\"Microsoft-Windows-Security-Auditing\",\"providerGuid\":\"{54849625-5478-4994-a5ba-3e3b0328c30d}\",\"eventID\":\"4624\",\"version\":\"3\",\"level\":\"0\",\"task\":\"12544\",\"opcode\":\"0\",\"keywords\":\"0x8020000000000000\",\"systemTime\":\"2026-09-10T13:12:26.2835277Z\",\"eventRecordID\":\"5839754\",\"processID\":\"1480\",\"threadID\":\"12320\",\"channel\":\"Security\",\"computer\":\"LAPTOP-P8C7UUVI\",\"severityValue\":\"AUDIT_SUCCESS\",\"message\":\"\\\"An account was successfully logged on.\\r\\n\\r\\nSubject:\\r\\n\\tSecurity ID:\\t\\tS-1-5-18\\r\\n\\tAccount Name:\\t\\tLAPTOP-P8C7UUVI$\\r\\n\\tAccount Domain:\\t\\tWORKGROUP\\r\\n\\tLogon ID:\\t\\t0x3E7\\r\\n\\r\\nLogon Information:\\r\\n\\tLogon Type:\\t\\t11\\r\\n\\tRestricted Admin Mode:\\t-\\r\\n\\tRemote Credential Guard:\\t-\\r\\n\\tVirtual Account:\\t\\tNo\\r\\n\\tElevated Token:\\t\\tYes\\r\\n\\r\\nImpersonation Level:\\t\\tImpersonation\\r\\n\\r\\nNew Logon:\\r\\n\\tSecurity ID:\\t\\tS-1-5-21-2097721581-3874961944-690806462-1001\\r\\n\\tAccount Name:\\t\\tsimranrauniyar387@gmail.com\\r\\n\\tAccount Domain:\\t\\tMicrosoftAccount\\r\\n\\tLogon ID:\\t\\t0x13FC93A\\r\\n\\tLinked Logon ID:\\t\\t0x13FC98F\\r\\n\\tNetwork Account Name:\\t-\\r\\n\\tNetwork Account Domain:\\t-\\r\\n\\tLogon GUID:\\t\\t{00000000-0000-0000-0000-000000000000}\\r\\n\\r\\nProcess Information:\\r\\n\\tProcess ID:\\t\\t0xa74\\r\\n\\tProcess Name:\\t\\tC:\\\\Windows\\\\System32\\\\svchost.exe\\r\\n\\r\\nNetwork Information:\\r\\n\\tWorkstation Name:\\tLAPTOP-P8C7UUVI\\r\\n\\tSource Network Address:\\t127.0.0.1\\r\\n\\tSource Port:\\t\\t0\\r\\n\\r\\nDetailed Authentication Information:\\r\\n\\tLogon Process:\\t\\tUser32 \\r\\n\\tAuthentication Package:\\tNegotiate\\r\\n\\tTransited Services:\\t-\\r\\n\\tPackage Name (NTLM only):\\t-\\r\\n\\tKey Length:\\t\\t0\\r\\n\\r\\nThis event is generated when a logon session is created. It is generated on the computer that was accessed.\\r\\n\\r\\nThe subject fields indicate the account on the local system which requested the logon. This is most commonly a service such as the Server service, or a local process such as Winlogon.exe or Services.exe.\\r\\n\\r\\nThe logon type field indicates the kind of logon that occurred. The most common types are 2 (interactive) and 3 (network).\\r\\n\\r\\nThe New Logon fields indicate the account for whom the new logon was created, i.e. the account that was logged on.\\r\\n\\r\\nThe network fields indicate where a remote logon request originated. Workstation name is not always available and may be left blank in some cases.\\r\\n\\r\\nThe impersonation level field indicates the extent to which a process in the logon session can impersonate.\\r\\n\\r\\nThe authentication information fields provide detailed information about this specific logon request.\\r\\n\\t- Logon GUID is a unique identifier that can be used to correlate this event with a KDC event.\\r\\n\\t- Transited services indicate which intermediate services have participated in this logon request.\\r\\n\\t- Package name indicates which sub-protocol was used among the NTLM protocols.\\r\\n\\t- Key length indicates the length of the generated session key. This will be 0 if no session key was requested.\\\"\"},\"eventdata\":{\"subjectUserSid\":\"S-1-5-18\",\"subjectUserName\":\"LAPTOP-P8C7UUVI$\",\"subjectDomainName\":\"WORKGROUP\",\"subjectLogonId\":\"0x3e7\",\"targetUserSid\":\"S-1-5-21-2097721581-3874961944-690806462-1001\",\"targetUserName\":\"simranrauniyar387@gmail.com\",\"targetDomainName\":\"MicrosoftAccount\",\"targetLogonId\":\"0x13fc93a\",\"logonType\":\"11\",\"logonProcessName\":\"User32\",\"authenticationPackageName\":\"Negotiate\",\"workstationName\":\"LAPTOP-P8C7UUVI\",\"logonGuid\":\"{00000000-0000-0000-0000-000000000000}\",\"keyLength\":\"0\",\"processId\":\"0xa74\",\"processName\":\"C:\\\\\\\\Windows\\\\\\\\System32\\\\\\\\svchost.exe\",\"ipAddress\":\"127.0.0.1\",\"ipPort\":\"0\",\"impersonationLevel\":\"%%1833\",\"virtualAccount\":\"%%1843\",\"targetLinkedLogonId\":\"0x13fc98f\",\"elevatedToken\":\"%%1842\"}}}",
    "input": {
      "type": "log"
    },
    "@timestamp": "2026-09-10T13:12:32.943Z",
    "location": "EventChannel",
    "id": "1789045952.125925124",
    "timestamp": "2026-09-10T18:42:32.943+0530"
  },
  {
    "agent": {
      "ip": "192.168.88.66",
      "name": "Simran-Machine-Host-5th-Sem",
      "id": "053"
    },
    "manager": {
      "name": "vp"
    },
    "data": {
      "win": {
        "eventdata": {
          "subjectLogonId": "0x3e7",
          "targetUserName": "simra",
          "subjectUserSid": "S-1-5-18",
          "subjectDomainName": "WORKGROUP",
          "displayName": "Simran Rauniyar",
          "targetDomainName": "LAPTOP-P8C7UUVI",
          "targetSid": "S-1-5-21-2097721581-3874961944-690806462-1001",
          "subjectUserName": "LAPTOP-P8C7UUVI$"
        },
        "system": {
          "eventID": "4738",
          "keywords": "0x8020000000000000",
          "providerGuid": "{54849625-5478-4994-a5ba-3e3b0328c30d}",
          "level": "0",
          "channel": "Security",
          "opcode": "0",
          "message": "\"A user account was changed.\r\n\r\nSubject:\r\n\tSecurity ID:\t\tS-1-5-18\r\n\tAccount Name:\t\tLAPTOP-P8C7UUVI$\r\n\tAccount Domain:\t\tWORKGROUP\r\n\tLogon ID:\t\t0x3E7\r\n\r\nTarget Account:\r\n\tSecurity ID:\t\tS-1-5-21-2097721581-3874961944-690806462-1001\r\n\tAccount Name:\t\tsimra\r\n\tAccount Domain:\t\tLAPTOP-P8C7UUVI\r\n\r\nChanged Attributes:\r\n\tSAM Account Name:\t-\r\n\tDisplay Name:\t\tSimran Rauniyar\r\n\tUser Principal Name:\t-\r\n\tHome Directory:\t\t-\r\n\tHome Drive:\t\t-\r\n\tScript Path:\t\t-\r\n\tProfile Path:\t\t-\r\n\tUser Workstations:\t-\r\n\tPassword Last Set:\t-\r\n\tAccount Expires:\t\t-\r\n\tPrimary Group ID:\t-\r\n\tAllowedToDelegateTo:\t-\r\n\tOld UAC Value:\t\t-\r\n\tNew UAC Value:\t\t-\r\n\tUser Account Control:\t-\r\n\tUser Parameters:\t-\r\n\tSID History:\t\t-\r\n\tLogon Hours:\t\t-\r\n\r\nAdditional Information:\r\n\tPrivileges:\t\t-\"",
          "version": "0",
          "systemTime": "2026-09-10T13:12:26.2770594Z",
          "eventRecordID": "5839752",
          "threadID": "12320",
          "computer": "LAPTOP-P8C7UUVI",
          "task": "13824",
          "processID": "1480",
          "severityValue": "AUDIT_SUCCESS",
          "providerName": "Microsoft-Windows-Security-Auditing"
        }
      }
    },
    "rule": {
      "mail": false,
      "level": 8,
      "pci_dss": [
        "8.1.2",
        "10.2.5"
      ],
      "hipaa": [
        "164.312.a.2.I",
        "164.312.a.2.II",
        "164.312.b"
      ],
      "tsc": [
        "CC6.8",
        "CC7.2",
        "CC7.3"
      ],
      "description": "User account changed",
      "groups": [
        "windows",
        "windows_security",
        "account_changed"
      ],
      "nist_800_53": [
        "AC.2",
        "IA.4",
        "AU.14",
        "AC.7"
      ],
      "gdpr": [
        "IV_35.7.d",
        "IV_32.2"
      ],
      "firedtimes": 3,
      "mitre": {
        "technique": [
          "Account Manipulation"
        ],
        "id": [
          "T1098"
        ],
        "tactic": [
          "Persistence"
        ]
      },
      "id": "60110",
      "gpg13": [
        "7.10"
      ]
    },
    "decoder": {
      "name": "windows_eventchannel"
    },
    "input": {
      "type": "log"
    },
    "@timestamp": "2026-09-10T13:12:32.926Z",
    "location": "EventChannel",
    "id": "1789045952.125921440",
    "timestamp": "2026-09-10T18:42:32.926+0530"
  },
  {
    "predecoder": {
      "hostname": "vp",
      "program_name": "sshd",
      "timestamp": "Sep 10 13:11:34"
    },
    "agent": {
      "name": "vp",
      "id": "000"
    },
    "manager": {
      "name": "vp"
    },
    "data": {
      "srcip": "103.60.204.198",
      "dstuser": "root",
      "srcport": "42366"
    },
    "rule": {
      "mail": false,
      "level": 5,
      "hipaa": [
        "164.312.b"
      ],
      "pci_dss": [
        "10.2.4",
        "10.2.5"
      ],
      "tsc": [
        "CC6.1",
        "CC6.8",
        "CC7.2",
        "CC7.3"
      ],
      "description": "sshd: authentication failed.",
      "groups": [
        "syslog",
        "sshd",
        "authentication_failed"
      ],
      "nist_800_53": [
        "AU.14",
        "AC.7"
      ],
      "gdpr": [
        "IV_35.7.d",
        "IV_32.2"
      ],
      "firedtimes": 44,
      "mitre": {
        "technique": [
          "Password Guessing",
          "SSH"
        ],
        "id": [
          "T1110.001",
          "T1021.004"
        ],
        "tactic": [
          "Credential Access",
          "Lateral Movement"
        ]
      },
      "id": "5760",
      "gpg13": [
        "7.1"
      ]
    },
    "decoder": {
      "parent": "sshd",
      "name": "sshd"
    },
    "full_log": "Sep 10 13:11:34 vp sshd[1957600]: Failed password for root from 103.60.204.198 port 42366 ssh2",
    "input": {
      "type": "log"
    },
    "@timestamp": "2026-09-10T13:11:36.014Z",
    "location": "journald",
    "id": "1789045896.125920978",
    "timestamp": "2026-09-10T18:41:36.014+0530"
  },
  {
    "predecoder": {
      "hostname": "vp",
      "program_name": "sshd",
      "timestamp": "Sep 10 13:11:32"
    },
    "agent": {
      "name": "vp",
      "id": "000"
    },
    "manager": {
      "name": "vp"
    },
    "data": {
      "uid": "0",
      "srcip": "103.60.204.198",
      "euid": "0",
      "dstuser": "root",
      "tty": "ssh"
    },
    "rule": {
      "mail": false,
      "level": 5,
      "pci_dss": [
        "10.2.4",
        "10.2.5"
      ],
      "hipaa": [
        "164.312.b"
      ],
      "tsc": [
        "CC6.1",
        "CC6.8",
        "CC7.2",
        "CC7.3"
      ],
      "description": "PAM: User login failed.",
      "groups": [
        "pam",
        "syslog",
        "authentication_failed"
      ],
      "nist_800_53": [
        "AU.14",
        "AC.7"
      ],
      "gdpr": [
        "IV_35.7.d",
        "IV_32.2"
      ],
      "firedtimes": 37,
      "mitre": {
        "technique": [
          "Password Guessing"
        ],
        "id": [
          "T1110.001"
        ],
        "tactic": [
          "Credential Access"
        ]
      },
      "id": "5503",
      "gpg13": [
        "7.8"
      ]
    },
    "decoder": {
      "name": "pam"
    },
    "full_log": "Sep 10 13:11:32 vp sshd[1957600]: pam_unix(sshd:auth): authentication failure; logname= uid=0 euid=0 tty=ssh ruser= rhost=103.60.204.198  user=root",
    "input": {
      "type": "log"
    },
    "@timestamp": "2026-09-10T13:11:34.013Z",
    "location": "journald",
    "id": "1789045894.125920461",
    "timestamp": "2026-09-10T18:41:34.013+0530"
  },
  {
    "agent": {
      "ip": "192.168.88.147",
      "name": "aayat-host-5th-sem",
      "id": "052"
    },
    "manager": {
      "name": "vp"
    },
    "data": {
      "win": {
        "eventdata": {
          "originalFileName": "RUNDLL32.EXE",
          "image": "C:\\\\Windows\\\\System32\\\\rundll32.exe",
          "product": "Microsoft\u00ae Windows\u00ae Operating System",
          "parentProcessGuid": "{d42fb54e-a8d9-6aa2-1e00-00000000ae05}",
          "description": "Windows host process (Rundll32)",
          "logonGuid": "{d42fb54e-a8d9-6aa2-e703-000000000000}",
          "parentCommandLine": "C:\\\\WINDOWS\\\\system32\\\\svchost.exe -k netsvcs -p -s Schedule",
          "processGuid": "{d42fb54e-ac02-6aa2-c102-00000000ae05}",
          "logonId": "0x3e7",
          "parentProcessId": "2260",
          "processId": "17860",
          "currentDirectory": "C:\\\\WINDOWS\\\\system32\\\\",
          "utcTime": "2026-09-10 13:09:22.482",
          "hashes": "SHA256=F3E73F8A59B991FA8CDB91D4B37E11110C33A9EABDB25AF8AC8AB5CCF9E3BBF5",
          "parentImage": "C:\\\\Windows\\\\System32\\\\svchost.exe",
          "company": "Microsoft Corporation",
          "commandLine": "\\\"C:\\\\WINDOWS\\\\system32\\\\rundll32.exe\\\" C:\\\\WINDOWS\\\\system32\\\\CapabilityAccessManager.dll,CapabilityAccessManagerDoStoreMaintenance",
          "integrityLevel": "System",
          "fileVersion": "10.0.26100.9278 (WinBuild.160101.0800)",
          "user": "NT AUTHORITY\\\\SYSTEM",
          "terminalSessionId": "0",
          "parentUser": "NT AUTHORITY\\\\SYSTEM"
        },
        "system": {
          "eventID": "1",
          "keywords": "0x8000000000000000",
          "providerGuid": "{5770385f-c22a-43e0-bf4c-06f5698ffbd9}",
          "level": "4",
          "channel": "Microsoft-Windows-Sysmon/Operational",
          "opcode": "0",
          "message": "\"Process Create:\r\nRuleName: -\r\nUtcTime: 2026-09-10 13:09:22.482\r\nProcessGuid: {d42fb54e-ac02-6aa2-c102-00000000ae05}\r\nProcessId: 17860\r\nImage: C:\\Windows\\System32\\rundll32.exe\r\nFileVersion: 10.0.26100.9278 (WinBuild.160101.0800)\r\nDescription: Windows host process (Rundll32)\r\nProduct: Microsoft\u00ae Windows\u00ae Operating System\r\nCompany: Microsoft Corporation\r\nOriginalFileName: RUNDLL32.EXE\r\nCommandLine: \"C:\\WINDOWS\\system32\\rundll32.exe\" C:\\WINDOWS\\system32\\CapabilityAccessManager.dll,CapabilityAccessManagerDoStoreMaintenance\r\nCurrentDirectory: C:\\WINDOWS\\system32\\\r\nUser: NT AUTHORITY\\SYSTEM\r\nLogonGuid: {d42fb54e-a8d9-6aa2-e703-000000000000}\r\nLogonId: 0x3E7\r\nTerminalSessionId: 0\r\nIntegrityLevel: System\r\nHashes: SHA256=F3E73F8A59B991FA8CDB91D4B37E11110C33A9EABDB25AF8AC8AB5CCF9E3BBF5\r\nParentProcessGuid: {d42fb54e-a8d9-6aa2-1e00-00000000ae05}\r\nParentProcessId: 2260\r\nParentImage: C:\\Windows\\System32\\svchost.exe\r\nParentCommandLine: C:\\WINDOWS\\system32\\svchost.exe -k netsvcs -p -s Schedule\r\nParentUser: NT AUTHORITY\\SYSTEM\"",
          "version": "5",
          "systemTime": "2026-09-10T13:09:22.4933582Z",
          "eventRecordID": "116884",
          "threadID": "7600",
          "computer": "Aayat",
          "task": "1",
          "processID": "6792",
          "severityValue": "INFORMATION",
          "providerName": "Microsoft-Windows-Sysmon"
        }
      }
    },
    "rule": {
      "firedtimes": 11,
      "mail": true,
      "level": 12,
      "description": "LOLBIN execution detected",
      "groups": [
        "windows",
        "sysmon",
        "custom_windows"
      ],
      "mitre": {
        "technique": [
          "System Binary Proxy Execution"
        ],
        "id": [
          "T1218"
        ],
        "tactic": [
          "Defense Evasion"
        ]
      },
      "id": "200006"
    },
    "decoder": {
      "name": "windows_eventchannel"
    },
    "full_log": "{\"win\":{\"system\":{\"providerName\":\"Microsoft-Windows-Sysmon\",\"providerGuid\":\"{5770385f-c22a-43e0-bf4c-06f5698ffbd9}\",\"eventID\":\"1\",\"version\":\"5\",\"level\":\"4\",\"task\":\"1\",\"opcode\":\"0\",\"keywords\":\"0x8000000000000000\",\"systemTime\":\"2026-09-10T13:09:22.4933582Z\",\"eventRecordID\":\"116884\",\"processID\":\"6792\",\"threadID\":\"7600\",\"channel\":\"Microsoft-Windows-Sysmon/Operational\",\"computer\":\"Aayat\",\"severityValue\":\"INFORMATION\",\"message\":\"\\\"Process Create:\\r\\nRuleName: -\\r\\nUtcTime: 2026-09-10 13:09:22.482\\r\\nProcessGuid: {d42fb54e-ac02-6aa2-c102-00000000ae05}\\r\\nProcessId: 17860\\r\\nImage: C:\\\\Windows\\\\System32\\\\rundll32.exe\\r\\nFileVersion: 10.0.26100.9278 (WinBuild.160101.0800)\\r\\nDescription: Windows host process (Rundll32)\\r\\nProduct: Microsoft\u00ae Windows\u00ae Operating System\\r\\nCompany: Microsoft Corporation\\r\\nOriginalFileName: RUNDLL32.EXE\\r\\nCommandLine: \\\"C:\\\\WINDOWS\\\\system32\\\\rundll32.exe\\\" C:\\\\WINDOWS\\\\system32\\\\CapabilityAccessManager.dll,CapabilityAccessManagerDoStoreMaintenance\\r\\nCurrentDirectory: C:\\\\WINDOWS\\\\system32\\\\\\r\\nUser: NT AUTHORITY\\\\SYSTEM\\r\\nLogonGuid: {d42fb54e-a8d9-6aa2-e703-000000000000}\\r\\nLogonId: 0x3E7\\r\\nTerminalSessionId: 0\\r\\nIntegrityLevel: System\\r\\nHashes: SHA256=F3E73F8A59B991FA8CDB91D4B37E11110C33A9EABDB25AF8AC8AB5CCF9E3BBF5\\r\\nParentProcessGuid: {d42fb54e-a8d9-6aa2-1e00-00000000ae05}\\r\\nParentProcessId: 2260\\r\\nParentImage: C:\\\\Windows\\\\System32\\\\svchost.exe\\r\\nParentCommandLine: C:\\\\WINDOWS\\\\system32\\\\svchost.exe -k netsvcs -p -s Schedule\\r\\nParentUser: NT AUTHORITY\\\\SYSTEM\\\"\"},\"eventdata\":{\"utcTime\":\"2026-09-10 13:09:22.482\",\"processGuid\":\"{d42fb54e-ac02-6aa2-c102-00000000ae05}\",\"processId\":\"17860\",\"image\":\"C:\\\\\\\\Windows\\\\\\\\System32\\\\\\\\rundll32.exe\",\"fileVersion\":\"10.0.26100.9278 (WinBuild.160101.0800)\",\"description\":\"Windows host process (Rundll32)\",\"product\":\"Microsoft\u00ae Windows\u00ae Operating System\",\"company\":\"Microsoft Corporation\",\"originalFileName\":\"RUNDLL32.EXE\",\"commandLine\":\"\\\\\\\"C:\\\\\\\\WINDOWS\\\\\\\\system32\\\\\\\\rundll32.exe\\\\\\\" C:\\\\\\\\WINDOWS\\\\\\\\system32\\\\\\\\CapabilityAccessManager.dll,CapabilityAccessManagerDoStoreMaintenance\",\"currentDirectory\":\"C:\\\\\\\\WINDOWS\\\\\\\\system32\\\\\\\\\",\"user\":\"NT AUTHORITY\\\\\\\\SYSTEM\",\"logonGuid\":\"{d42fb54e-a8d9-6aa2-e703-000000000000}\",\"logonId\":\"0x3e7\",\"terminalSessionId\":\"0\",\"integrityLevel\":\"System\",\"hashes\":\"SHA256=F3E73F8A59B991FA8CDB91D4B37E11110C33A9EABDB25AF8AC8AB5CCF9E3BBF5\",\"parentProcessGuid\":\"{d42fb54e-a8d9-6aa2-1e00-00000000ae05}\",\"parentProcessId\":\"2260\",\"parentImage\":\"C:\\\\\\\\Windows\\\\\\\\System32\\\\\\\\svchost.exe\",\"parentCommandLine\":\"C:\\\\\\\\WINDOWS\\\\\\\\system32\\\\\\\\svchost.exe -k netsvcs -p -s Schedule\",\"parentUser\":\"NT AUTHORITY\\\\\\\\SYSTEM\"}}}",
    "input": {
      "type": "log"
    },
    "@timestamp": "2026-09-10T13:09:26.707Z",
    "location": "EventChannel",
    "id": "1789045766.125909059",
    "timestamp": "2026-09-10T18:39:26.707+0530"
  },
