  {
    "agent": {
      "name": "vp",
      "id": "000"
    },
    "data": {
      "srcip": "101.53.149.227",
      "dstuser": "root",
      "srcport": "57222"
    },
    "rule": {
      "mail": false,
      "level": 5,
      "hipaa": [
        "164.312.b"
      ],
      "pci_dss": [
        "10.2.4",
        "10.2.5"
      ],
      "tsc": [
        "CC6.1",
        "CC6.8",
        "CC7.2",
        "CC7.3"
      ],
      "description": "sshd: authentication failed.",
      "groups": [
        "syslog",
        "sshd",
        "authentication_failed"
      ],
      "nist_800_53": [
        "AU.14",
        "AC.7"
      ],
      "gdpr": [
        "IV_35.7.d",
        "IV_32.2"
      ],
      "firedtimes": 41,
      "mitre": {
        "technique": [
          "Password Guessing",
          "SSH"
        ],
        "id": [
          "T1110.001",
          "T1021.004"
        ],
        "tactic": [
          "Credential Access",
          "Lateral Movement"
        ]
      },
      "id": "5760",
      "gpg13": [
        "7.1"
      ]
    },
    "full_log": "Sep 10 13:53:54 vp sshd[1958221]: Failed password for root from 101.53.149.227 port 57222 ssh2",
    "id": "1789048434.126120365",
    "timestamp": "2026-09-10T19:23:54.670+0530",
    "predecoder": {
      "hostname": "vp",
      "program_name": "sshd",
      "timestamp": "Sep 10 13:53:54"
    },
    "manager": {
      "name": "vp"
    },
    "decoder": {
      "parent": "sshd",
      "name": "sshd"
    },
    "input": {
      "type": "log"
    },
    "@timestamp": "2026-09-10T13:53:54.670Z",
    "location": "journald",
    "GeoLocation": {
      "country_name": "India",
      "location": {
        "lon": 77.0,
        "lat": 20.0
      }
    }
  },
  {
    "agent": {
      "name": "vp",
      "id": "000"
    },
    "data": {
      "uid": "0",
      "srcip": "101.53.149.227",
      "euid": "0",
      "dstuser": "root",
      "tty": "ssh"
    },
    "rule": {
      "mail": false,
      "level": 5,
      "pci_dss": [
        "10.2.4",
        "10.2.5"
      ],
      "hipaa": [
        "164.312.b"
      ],
      "tsc": [
        "CC6.1",
        "CC6.8",
        "CC7.2",
        "CC7.3"
      ],
      "description": "PAM: User login failed.",
      "groups": [
        "pam",
        "syslog",
        "authentication_failed"
      ],
      "nist_800_53": [
        "AU.14",
        "AC.7"
      ],
      "gdpr": [
        "IV_35.7.d",
        "IV_32.2"
      ],
      "firedtimes": 33,
      "mitre": {
        "technique": [
          "Password Guessing"
        ],
        "id": [
          "T1110.001"
        ],
        "tactic": [
          "Credential Access"
        ]
      },
      "id": "5503",
      "gpg13": [
        "7.8"
      ]
    },
    "full_log": "Sep 10 13:53:51 vp sshd[1958221]: pam_unix(sshd:auth): authentication failure; logname= uid=0 euid=0 tty=ssh ruser= rhost=101.53.149.227  user=root",
    "id": "1789048432.126119848",
    "timestamp": "2026-09-10T19:23:52.669+0530",
    "predecoder": {
      "hostname": "vp",
      "program_name": "sshd",
      "timestamp": "Sep 10 13:53:51"
    },
    "manager": {
      "name": "vp"
    },
    "decoder": {
      "name": "pam"
    },
    "input": {
      "type": "log"
    },
    "@timestamp": "2026-09-10T13:53:52.669Z",
    "location": "journald",
    "GeoLocation": {
      "country_name": "India",
      "location": {
        "lon": 77.0,
        "lat": 20.0
      }
    }
  },
  {
    "agent": {
      "name": "vp",
      "id": "000"
    },
    "data": {
      "srcip": "193.47.62.69",
      "dstuser": "root",
      "srcport": "50552"
    },
    "rule": {
      "firedtimes": 6,
      "mail": false,
      "level": 10,
      "description": "SSH brute force from 193.47.62.69",
      "groups": [
        "custom_attacks",
        "authentication_failures"
      ],
      "mitre": {
        "technique": [
          "Password Guessing"
        ],
        "id": [
          "T1110.001"
        ],
        "tactic": [
          "Credential Access"
        ]
      },
      "id": "100001",
      "frequency": 5
    },
    "full_log": "Sep 10 13:53:24 vp sshd[1958210]: Failed password for root from 193.47.62.69 port 50552 ssh2",
    "id": "1789048404.126119164",
    "timestamp": "2026-09-10T19:23:24.659+0530",
    "predecoder": {
      "hostname": "vp",
      "program_name": "sshd",
      "timestamp": "Sep 10 13:53:24"
    },
    "previous_output": "Sep 10 13:53:21 vp sshd[1958210]: Failed password for root from 193.47.62.69 port 50552 ssh2\nSep 10 13:53:18 vp sshd[1958210]: Failed password for root from 193.47.62.69 port 50552 ssh2\nSep 10 13:53:17 vp sshd[1958210]: Failed password for root from 193.47.62.69 port 50552 ssh2\nSep 10 13:53:14 vp sshd[1958210]: Failed password for root from 193.47.62.69 port 50552 ssh2",
    "manager": {
      "name": "vp"
    },
    "decoder": {
      "parent": "sshd",
      "name": "sshd"
    },
    "input": {
      "type": "log"
    },
    "@timestamp": "2026-09-10T13:53:24.659Z",
    "location": "journald",
    "GeoLocation": {
      "country_name": "Hong Kong",
      "location": {
        "lon": 114.15,
        "lat": 22.2909
      }
    }
  },
  {
    "agent": {
      "name": "vp",
      "id": "000"
    },
    "data": {
      "srcip": "193.47.62.69",
      "dstuser": "root",
      "srcport": "50552"
    },
    "rule": {
      "mail": false,
      "level": 5,
      "hipaa": [
        "164.312.b"
      ],
      "pci_dss": [
        "10.2.4",
        "10.2.5"
      ],
      "tsc": [
        "CC6.1",
        "CC6.8",
        "CC7.2",
        "CC7.3"
      ],
      "description": "sshd: authentication failed.",
      "groups": [
        "syslog",
        "sshd",
        "authentication_failed"
      ],
      "nist_800_53": [
        "AU.14",
        "AC.7"
      ],
      "gdpr": [
        "IV_35.7.d",
        "IV_32.2"
      ],
      "firedtimes": 40,
      "mitre": {
        "technique": [
          "Password Guessing",
          "SSH"
        ],
        "id": [
          "T1110.001",
          "T1021.004"
        ],
        "tactic": [
          "Credential Access",
          "Lateral Movement"
        ]
      },
      "id": "5760",
      "gpg13": [
        "7.1"
      ]
    },
    "full_log": "Sep 10 13:53:21 vp sshd[1958210]: Failed password for root from 193.47.62.69 port 50552 ssh2",
    "id": "1789048402.126118706",
    "timestamp": "2026-09-10T19:23:22.658+0530",
    "predecoder": {
      "hostname": "vp",
      "program_name": "sshd",
      "timestamp": "Sep 10 13:53:21"
    },
    "manager": {
      "name": "vp"
    },
    "decoder": {
      "parent": "sshd",
      "name": "sshd"
    },
    "input": {
      "type": "log"
    },
    "@timestamp": "2026-09-10T13:53:22.658Z",
    "location": "journald",
    "GeoLocation": {
      "country_name": "Hong Kong",
      "location": {
        "lon": 114.15,
        "lat": 22.2909
      }
    }
  },
  {
    "agent": {
      "name": "vp",
      "id": "000"
    },
    "data": {
      "srcip": "193.47.62.69",
      "dstuser": "root",
      "srcport": "50552"
    },
    "rule": {
      "mail": false,
      "level": 5,
      "hipaa": [
        "164.312.b"
      ],
      "pci_dss": [
        "10.2.4",
        "10.2.5"
      ],
      "tsc": [
        "CC6.1",
        "CC6.8",
        "CC7.2",
        "CC7.3"
      ],
      "description": "sshd: authentication failed.",
      "groups": [
        "syslog",
        "sshd",
        "authentication_failed"
      ],
      "nist_800_53": [
        "AU.14",
        "AC.7"
      ],
      "gdpr": [
        "IV_35.7.d",
        "IV_32.2"
      ],
      "firedtimes": 39,
      "mitre": {
        "technique": [
          "Password Guessing",
          "SSH"
        ],
        "id": [
          "T1110.001",
          "T1021.004"
        ],
        "tactic": [
          "Credential Access",
          "Lateral Movement"
        ]
      },
      "id": "5760",
      "gpg13": [
        "7.1"
      ]
    },
    "full_log": "Sep 10 13:53:18 vp sshd[1958210]: Failed password for root from 193.47.62.69 port 50552 ssh2",
    "id": "1789048400.126118248",
    "timestamp": "2026-09-10T19:23:20.658+0530",
    "predecoder": {
      "hostname": "vp",
      "program_name": "sshd",
      "timestamp": "Sep 10 13:53:18"
    },
    "manager": {
      "name": "vp"
    },
    "decoder": {
      "parent": "sshd",
      "name": "sshd"
    },
    "input": {
      "type": "log"
    },
    "@timestamp": "2026-09-10T13:53:20.658Z",
    "location": "journald",
    "GeoLocation": {
      "country_name": "Hong Kong",
      "location": {
        "lon": 114.15,
        "lat": 22.2909
      }
    }
  },
  {
    "agent": {
      "name": "vp",
      "id": "000"
    },
    "data": {
      "srcip": "193.47.62.69",
      "dstuser": "root",
      "srcport": "50552"
    },
    "rule": {
      "mail": false,
      "level": 5,
      "hipaa": [
        "164.312.b"
      ],
      "pci_dss": [
        "10.2.4",
        "10.2.5"
      ],
      "tsc": [
        "CC6.1",
        "CC6.8",
        "CC7.2",
        "CC7.3"
      ],
      "description": "sshd: authentication failed.",
      "groups": [
        "syslog",
        "sshd",
        "authentication_failed"
      ],
      "nist_800_53": [
        "AU.14",
        "AC.7"
      ],
      "gdpr": [
        "IV_35.7.d",
        "IV_32.2"
      ],
      "firedtimes": 38,
      "mitre": {
        "technique": [
          "Password Guessing",
          "SSH"
        ],
        "id": [
          "T1110.001",
          "T1021.004"
        ],
        "tactic": [
          "Credential Access",
          "Lateral Movement"
        ]
      },
      "id": "5760",
      "gpg13": [
        "7.1"
      ]
    },
    "full_log": "Sep 10 13:53:17 vp sshd[1958210]: Failed password for root from 193.47.62.69 port 50552 ssh2",
    "id": "1789048398.126117790",
    "timestamp": "2026-09-10T19:23:18.657+0530",
    "predecoder": {
      "hostname": "vp",
      "program_name": "sshd",
      "timestamp": "Sep 10 13:53:17"
    },
    "manager": {
      "name": "vp"
    },
    "decoder": {
      "parent": "sshd",
      "name": "sshd"
    },
    "input": {
      "type": "log"
    },
    "@timestamp": "2026-09-10T13:53:18.657Z",
    "location": "journald",
    "GeoLocation": {
      "country_name": "Hong Kong",
      "location": {
        "lon": 114.15,
        "lat": 22.2909
      }
    }
  },
  {
    "agent": {
      "name": "vp",
      "id": "000"
    },
    "data": {
      "srcip": "193.47.62.69",
      "dstuser": "root",
      "srcport": "50552"
    },
    "rule": {
      "mail": false,
      "level": 5,
      "hipaa": [
        "164.312.b"
      ],
      "pci_dss": [
        "10.2.4",
        "10.2.5"
      ],
      "tsc": [
        "CC6.1",
        "CC6.8",
        "CC7.2",
        "CC7.3"
      ],
      "description": "sshd: authentication failed.",
      "groups": [
        "syslog",
        "sshd",
        "authentication_failed"
      ],
      "nist_800_53": [
        "AU.14",
        "AC.7"
      ],
      "gdpr": [
        "IV_35.7.d",
        "IV_32.2"
      ],
      "firedtimes": 37,
      "mitre": {
        "technique": [
          "Password Guessing",
          "SSH"
        ],
        "id": [
          "T1110.001",
          "T1021.004"
        ],
        "tactic": [
          "Credential Access",
          "Lateral Movement"
        ]
      },
      "id": "5760",
      "gpg13": [
        "7.1"
      ]
    },
    "full_log": "Sep 10 13:53:14 vp sshd[1958210]: Failed password for root from 193.47.62.69 port 50552 ssh2",
    "id": "1789048394.126117332",
    "timestamp": "2026-09-10T19:23:14.657+0530",
    "predecoder": {
      "hostname": "vp",
      "program_name": "sshd",
      "timestamp": "Sep 10 13:53:14"
    },
    "manager": {
      "name": "vp"
    },
    "decoder": {
      "parent": "sshd",
      "name": "sshd"
    },
    "input": {
      "type": "log"
    },
    "@timestamp": "2026-09-10T13:53:14.657Z",
    "location": "journald",
    "GeoLocation": {
      "country_name": "Hong Kong",
      "location": {
        "lon": 114.15,
        "lat": 22.2909
      }
    }
  },
  {
    "agent": {
      "name": "vp",
      "id": "000"
    },
    "data": {
      "uid": "0",
      "srcip": "193.47.62.69",
      "euid": "0",
      "dstuser": "root",
      "tty": "ssh"
    },
    "rule": {
      "mail": false,
      "level": 5,
      "pci_dss": [
        "10.2.4",
        "10.2.5"
      ],
      "hipaa": [
        "164.312.b"
      ],
      "tsc": [
        "CC6.1",
        "CC6.8",
        "CC7.2",
        "CC7.3"
      ],
      "description": "PAM: User login failed.",
      "groups": [
        "pam",
        "syslog",
        "authentication_failed"
      ],
      "nist_800_53": [
        "AU.14",
        "AC.7"
      ],
      "gdpr": [
        "IV_35.7.d",
        "IV_32.2"
      ],
      "firedtimes": 32,
      "mitre": {
        "technique": [
          "Password Guessing"
        ],
        "id": [
          "T1110.001"
        ],
        "tactic": [
          "Credential Access"
        ]
      },
      "id": "5503",
      "gpg13": [
        "7.8"
      ]
    },
    "full_log": "Sep 10 13:53:12 vp sshd[1958210]: pam_unix(sshd:auth): authentication failure; logname= uid=0 euid=0 tty=ssh ruser= rhost=193.47.62.69  user=root",
    "id": "1789048394.126116819",
    "timestamp": "2026-09-10T19:23:14.656+0530",
    "predecoder": {
      "hostname": "vp",
      "program_name": "sshd",
      "timestamp": "Sep 10 13:53:12"
    },
    "manager": {
      "name": "vp"
    },
    "decoder": {
      "name": "pam"
    },
    "input": {
      "type": "log"
    },
    "@timestamp": "2026-09-10T13:53:14.656Z",
    "location": "journald",
    "GeoLocation": {
      "country_name": "Hong Kong",
      "location": {
        "lon": 114.15,
        "lat": 22.2909
      }
    }
  },
  {
    "agent": {
      "ip": "192.168.81.14",
      "name": "BOB",
      "id": "056"
    },
    "manager": {
      "name": "vp"
    },
    "data": {
      "win": {
        "eventdata": {
          "changeReason": "5",
          "errorCode": "0x0",
          "ipFamily": "0",
          "event": "4"
        },
        "system": {
          "eventID": "4003",
          "keywords": "0x4000000000000000",
          "providerGuid": "{9580d7dd-0379-4658-9870-d5be7d52d6de}",
          "level": "3",
          "channel": "System",
          "opcode": "0",
          "message": "\"WLAN AutoConfig detected limited connectivity, attempting automatic recovery.\r\n\r\nRecovery Type: 4\r\nError Code: 0x0\r\nTrigger Reason: 5\r\nIP Family: 0\r\n\"",
          "version": "0",
          "systemTime": "2026-09-10T13:52:54.5749275Z",
          "eventRecordID": "58893",
          "threadID": "14036",
          "computer": "BOB",
          "task": "0",
          "processID": "4656",
          "severityValue": "WARNING",
          "providerName": "Microsoft-Windows-WLAN-AutoConfig"
        }
      }
    },
    "rule": {
      "firedtimes": 5,
      "mail": false,
      "level": 10,
      "description": "Windows: Mimikatz credential dump (EventID 4624)",
      "groups": [
        "custom_attacks",
        "windows",
        "credential_access"
      ],
      "mitre": {
        "technique": [
          "LSASS Memory"
        ],
        "id": [
          "T1003.001"
        ],
        "tactic": [
          "Credential Access"
        ]
      },
      "id": "100141"
    },
    "decoder": {
      "name": "windows_eventchannel"
    },
    "full_log": "{\"win\":{\"system\":{\"providerName\":\"Microsoft-Windows-WLAN-AutoConfig\",\"providerGuid\":\"{9580d7dd-0379-4658-9870-d5be7d52d6de}\",\"eventID\":\"4003\",\"version\":\"0\",\"level\":\"3\",\"task\":\"0\",\"opcode\":\"0\",\"keywords\":\"0x4000000000000000\",\"systemTime\":\"2026-09-10T13:52:54.5749275Z\",\"eventRecordID\":\"58893\",\"processID\":\"4656\",\"threadID\":\"14036\",\"channel\":\"System\",\"computer\":\"BOB\",\"severityValue\":\"WARNING\",\"message\":\"\\\"WLAN AutoConfig detected limited connectivity, attempting automatic recovery.\\r\\n\\r\\nRecovery Type: 4\\r\\nError Code: 0x0\\r\\nTrigger Reason: 5\\r\\nIP Family: 0\\r\\n\\\"\"},\"eventdata\":{\"event\":\"4\",\"errorCode\":\"0x0\",\"changeReason\":\"5\",\"ipFamily\":\"0\"}}}",
    "input": {
      "type": "log"
    },
    "@timestamp": "2026-09-10T13:52:55.603Z",
    "location": "EventChannel",
    "id": "1789048375.126115195",
    "timestamp": "2026-09-10T19:22:55.603+0530"
  },
  {
    "agent": {
      "ip": "192.168.81.14",
      "name": "BOB",
      "id": "056"
    },
    "manager": {
      "name": "vp"
    },
    "data": {
      "win": {
        "eventdata": {
          "serviceType": "user mode service",
          "accountName": "LocalSystem",
          "imagePath": "\\\"C:\\\\Program Files\\\\McAfee\\\\wps\\\\1.40.161.1\\\\dad\\\\mc-dad.exe\\\"",
          "startType": "demand start",
          "serviceName": "McAfee Scheduled Task - (McAfee-Dynamicappdownloader)"
        },
        "system": {
          "eventID": "7045",
          "eventSourceName": "Service Control Manager",
          "keywords": "0x8080000000000000",
          "providerGuid": "{555908d1-a6d7-4695-8e1e-26931d2012f4}",
          "level": "4",
          "channel": "System",
          "opcode": "0",
          "message": "\"A service was installed in the system.\r\n\r\nService Name:  McAfee Scheduled Task - (McAfee-Dynamicappdownloader)\r\nService File Name:  \"C:\\Program Files\\McAfee\\wps\\1.40.161.1\\dad\\mc-dad.exe\"\r\nService Type:  user mode service\r\nService Start Type:  demand start\r\nService Account:  LocalSystem\"",
          "version": "0",
          "systemTime": "2026-09-10T13:52:51.8846977Z",
          "eventRecordID": "58892",
          "threadID": "26004",
          "computer": "BOB",
          "task": "0",
          "processID": "1204",
          "severityValue": "INFORMATION",
          "providerName": "Service Control Manager"
        }
      }
    },
    "rule": {
      "firedtimes": 3,
      "mail": false,
      "level": 5,
      "description": "New Windows Service Created",
      "groups": [
        "windows",
        "windows_system"
      ],
      "mitre": {
        "technique": [
          "Windows Service"
        ],
        "id": [
          "T1543.003"
        ],
        "tactic": [
          "Persistence",
          "Privilege Escalation"
        ]
      },
      "id": "61138"
    },
    "decoder": {
      "name": "windows_eventchannel"
    },
    "input": {
      "type": "log"
    },
    "@timestamp": "2026-09-10T13:52:52.921Z",
    "location": "EventChannel",
    "id": "1789048372.126112871",
    "timestamp": "2026-09-10T19:22:52.921+0530"
  },
  {
    "agent": {
      "ip": "192.168.81.14",
      "name": "BOB",
      "id": "056"
    },
    "manager": {
      "name": "vp"
    },
    "data": {
      "win": {
        "eventdata": {
          "subjectLogonId": "0x3e5",
          "previousTime": "2026-09-10T13:52:39.1522967Z",
          "subjectUserSid": "S-1-5-19",
          "processId": "0x4624",
          "processName": "C:\\\\Windows\\\\System32\\\\svchost.exe",
          "subjectDomainName": "NT AUTHORITY",
          "newTime": "2026-09-10T13:52:39.1528129Z",
          "subjectUserName": "LOCAL SERVICE"
        },
        "system": {
          "eventID": "4616",
          "keywords": "0x8020000000000000",
          "providerGuid": "{54849625-5478-4994-a5ba-3e3b0328c30d}",
          "level": "0",
          "channel": "Security",
          "opcode": "0",
          "message": "\"The system time was changed.\r\n\r\nSubject:\r\n\tSecurity ID:\t\tS-1-5-19\r\n\tAccount Name:\t\tLOCAL SERVICE\r\n\tAccount Domain:\t\tNT AUTHORITY\r\n\tLogon ID:\t\t0x3E5\r\n\r\nProcess Information:\r\n\tProcess ID:\t0x4624\r\n\tName:\t\tC:\\Windows\\System32\\svchost.exe\r\n\r\nPrevious Time:\t\t\u200e2026\u200e-\u200e09\u200e-\u200e10T13:52:39.152296700Z\r\nNew Time:\t\t\u200e2026\u200e-\u200e09\u200e-\u200e10T13:52:39.152812900Z\r\n\r\nThis event is generated when the system time is changed. It is normal for the Windows Time Service, which runs with System privilege, to change the system time on a regular basis. Other system time changes may be indicative of attempts to tamper with the computer.\"",
          "version": "1",
          "systemTime": "2026-09-10T13:52:39.1574315Z",
          "eventRecordID": "2682462",
          "threadID": "23208",
          "computer": "BOB",
          "task": "12288",
          "processID": "4",
          "severityValue": "AUDIT_SUCCESS",
          "providerName": "Microsoft-Windows-Security-Auditing"
        }
      }
    },
    "rule": {
      "firedtimes": 3,
      "mail": false,
      "level": 5,
      "pci_dss": [
        "10.6.1"
      ],
      "hipaa": [
        "164.312.b"
      ],
      "tsc": [
        "CC7.2",
        "CC7.3"
      ],
      "description": "System time changed",
      "groups": [
        "windows",
        "windows_security",
        "time_changed"
      ],
      "id": "60132",
      "nist_800_53": [
        "AU.6"
      ],
      "gpg13": [
        "1.3",
        "4.13"
      ],
      "gdpr": [
        "IV_35.7.d"
      ]
    },
    "decoder": {
      "name": "windows_eventchannel"
    },
    "input": {
      "type": "log"
    },
    "@timestamp": "2026-09-10T13:52:40.191Z",
    "location": "EventChannel",
    "id": "1789048360.126109675",
    "timestamp": "2026-09-10T19:22:40.191+0530"
  },
  {
    "agent": {
      "ip": "192.168.81.14",
      "name": "BOB",
      "id": "056"
    },
    "manager": {
      "name": "vp"
    },
    "data": {
      "win": {
        "eventdata": {
          "subjectLogonId": "0x3e5",
          "previousTime": "2026-09-10T13:52:39.1473588Z",
          "subjectUserSid": "S-1-5-19",
          "processId": "0x4624",
          "processName": "C:\\\\Windows\\\\System32\\\\svchost.exe",
          "subjectDomainName": "NT AUTHORITY",
          "newTime": "2026-09-10T13:52:39.1473843Z",
          "subjectUserName": "LOCAL SERVICE"
        },
        "system": {
          "eventID": "4616",
          "keywords": "0x8020000000000000",
          "providerGuid": "{54849625-5478-4994-a5ba-3e3b0328c30d}",
          "level": "0",
          "channel": "Security",
          "opcode": "0",
          "message": "\"The system time was changed.\r\n\r\nSubject:\r\n\tSecurity ID:\t\tS-1-5-19\r\n\tAccount Name:\t\tLOCAL SERVICE\r\n\tAccount Domain:\t\tNT AUTHORITY\r\n\tLogon ID:\t\t0x3E5\r\n\r\nProcess Information:\r\n\tProcess ID:\t0x4624\r\n\tName:\t\tC:\\Windows\\System32\\svchost.exe\r\n\r\nPrevious Time:\t\t\u200e2026\u200e-\u200e09\u200e-\u200e10T13:52:39.147358800Z\r\nNew Time:\t\t\u200e2026\u200e-\u200e09\u200e-\u200e10T13:52:39.147384300Z\r\n\r\nThis event is generated when the system time is changed. It is normal for the Windows Time Service, which runs with System privilege, to change the system time on a regular basis. Other system time changes may be indicative of attempts to tamper with the computer.\"",
          "version": "1",
          "systemTime": "2026-09-10T13:52:39.1520168Z",
          "eventRecordID": "2682461",
          "threadID": "22360",
          "computer": "BOB",
          "task": "12288",
          "processID": "4",
          "severityValue": "AUDIT_SUCCESS",
          "providerName": "Microsoft-Windows-Security-Auditing"
        }
      }
    },
    "rule": {
      "firedtimes": 2,
      "mail": false,
      "level": 5,
      "pci_dss": [
        "10.6.1"
      ],
      "hipaa": [
        "164.312.b"
      ],
      "tsc": [
        "CC7.2",
        "CC7.3"
      ],
      "description": "System time changed",
      "groups": [
        "windows",
        "windows_security",
        "time_changed"
      ],
      "id": "60132",
      "nist_800_53": [
        "AU.6"
      ],
      "gpg13": [
        "1.3",
        "4.13"
      ],
      "gdpr": [
        "IV_35.7.d"
      ]
    },
    "decoder": {
      "name": "windows_eventchannel"
    },
    "input": {
      "type": "log"
    },
    "@timestamp": "2026-09-10T13:52:40.184Z",
    "location": "EventChannel",
    "id": "1789048360.126106479",
    "timestamp": "2026-09-10T19:22:40.184+0530"
  },
  {
    "agent": {
      "ip": "192.168.81.14",
      "name": "BOB",
      "id": "056"
    },
    "manager": {
      "name": "vp"
    },
    "data": {
      "win": {
        "eventdata": {
          "subjectLogonId": "0x3e5",
          "previousTime": "2026-09-10T13:52:37.0718748Z",
          "subjectUserSid": "S-1-5-19",
          "processId": "0x4624",
          "processName": "C:\\\\Windows\\\\System32\\\\svchost.exe",
          "subjectDomainName": "NT AUTHORITY",
          "newTime": "2026-09-10T13:52:39.1411880Z",
          "subjectUserName": "LOCAL SERVICE"
        },
        "system": {
          "eventID": "4616",
          "keywords": "0x8020000000000000",
          "providerGuid": "{54849625-5478-4994-a5ba-3e3b0328c30d}",
          "level": "0",
          "channel": "Security",
          "opcode": "0",
          "message": "\"The system time was changed.\r\n\r\nSubject:\r\n\tSecurity ID:\t\tS-1-5-19\r\n\tAccount Name:\t\tLOCAL SERVICE\r\n\tAccount Domain:\t\tNT AUTHORITY\r\n\tLogon ID:\t\t0x3E5\r\n\r\nProcess Information:\r\n\tProcess ID:\t0x4624\r\n\tName:\t\tC:\\Windows\\System32\\svchost.exe\r\n\r\nPrevious Time:\t\t\u200e2026\u200e-\u200e09\u200e-\u200e10T13:52:37.071874800Z\r\nNew Time:\t\t\u200e2026\u200e-\u200e09\u200e-\u200e10T13:52:39.141188000Z\r\n\r\nThis event is generated when the system time is changed. It is normal for the Windows Time Service, which runs with System privilege, to change the system time on a regular basis. Other system time changes may be indicative of attempts to tamper with the computer.\"",
          "version": "1",
          "systemTime": "2026-09-10T13:52:39.1459308Z",
          "eventRecordID": "2682460",
          "threadID": "23208",
          "computer": "BOB",
          "task": "12288",
          "processID": "4",
          "severityValue": "AUDIT_SUCCESS",
          "providerName": "Microsoft-Windows-Security-Auditing"
        }
      }
    },
    "rule": {
      "firedtimes": 1,
      "mail": false,
      "level": 5,
      "pci_dss": [
        "10.6.1"
      ],
      "hipaa": [
        "164.312.b"
      ],
      "tsc": [
        "CC7.2",
        "CC7.3"
      ],
      "description": "System time changed",
      "groups": [
        "windows",
        "windows_security",
        "time_changed"
      ],
      "id": "60132",
      "nist_800_53": [
        "AU.6"
      ],
      "gpg13": [
        "1.3",
        "4.13"
      ],
      "gdpr": [
        "IV_35.7.d"
      ]
    },
    "decoder": {
      "name": "windows_eventchannel"
    },
    "input": {
      "type": "log"
    },
    "@timestamp": "2026-09-10T13:52:40.176Z",
    "location": "EventChannel",
    "id": "1789048360.126103283",
    "timestamp": "2026-09-10T19:22:40.176+0530"
  },
  {
    "agent": {
      "ip": "192.168.81.14",
      "name": "BOB",
      "id": "056"
    },
    "manager": {
      "name": "vp"
    },
    "data": {
      "win": {
        "eventdata": {
          "subjectLogonId": "0x3e7",
          "compatibleIds": "    GenericAudioEndpoint    SWD\\\\GenericRaw    SWD\\\\Generic",
          "classId": "{c166523c-fe0c-4a94-a586-f1a80cfbbf3e}",
          "subjectUserSid": "S-1-5-18",
          "deviceDescription": "Headset (OnePlus Nord Buds 2r)",
          "vendorIds": "    MMDEVAPI\\\\AudioEndpoints",
          "subjectDomainName": "WORKGROUP",
          "className": "AudioEndpoint",
          "deviceId": "SWD\\\\MMDEVAPI\\\\{0.0.1.00000000}.{98813205-97b8-4779-9394-9d22fa875291}",
          "subjectUserName": "BOB$"
        },
        "system": {
          "eventID": "6416",
          "keywords": "0x8020000000000000",
          "providerGuid": "{54849625-5478-4994-a5ba-3e3b0328c30d}",
          "level": "0",
          "channel": "Security",
          "opcode": "0",
          "message": "\"A new external device was recognized by the system.\r\n\r\nSubject:\r\n\tSecurity ID:\t\tS-1-5-18\r\n\tAccount Name:\t\tBOB$\r\n\tAccount Domain:\t\tWORKGROUP\r\n\tLogon ID:\t\t0x3E7\r\n\r\nDevice ID:\tSWD\\MMDEVAPI\\{0.0.1.00000000}.{98813205-97b8-4779-9394-9d22fa875291}\r\n\r\nDevice Name:\tHeadset (OnePlus Nord Buds 2r)\r\n\r\nClass ID:\t\t{c166523c-fe0c-4a94-a586-f1a80cfbbf3e}\r\n\r\nClass Name:\tAudioEndpoint\r\n\r\nVendor IDs:\t\r\n\t\tMMDEVAPI\\AudioEndpoints\r\n\t\t\r\n\t\t\r\n\r\nCompatible IDs:\t\r\n\t\tGenericAudioEndpoint\r\n\t\tSWD\\GenericRaw\r\n\t\tSWD\\Generic\r\n\t\t\r\n\t\t\r\n\r\nLocation Information:\t-\"",
          "version": "1",
          "systemTime": "2026-09-10T13:52:25.4826686Z",
          "eventRecordID": "2682446",
          "threadID": "11976",
          "computer": "BOB",
          "task": "13316",
          "processID": "4",
          "severityValue": "AUDIT_SUCCESS",
          "providerName": "Microsoft-Windows-Security-Auditing"
        }
      }
    },
    "rule": {
      "firedtimes": 3,
      "mail": false,
      "level": 8,
      "description": "A new external device was recognized by the system",
      "groups": [
        "windows",
        "windows_security",
        "ipsec"
      ],
      "mitre": {
        "technique": [
          "Communication Through Removable Media"
        ],
        "id": [
          "T1092"
        ],
        "tactic": [
          "Command and Control"
        ]
      },
      "id": "60227"
    },
    "decoder": {
      "name": "windows_eventchannel"
    },
    "input": {
      "type": "log"
    },
    "@timestamp": "2026-09-10T13:52:32.335Z",
    "location": "EventChannel",
    "id": "1789048352.126099948",
    "timestamp": "2026-09-10T19:22:32.335+0530"
  },
  {
    "agent": {
      "ip": "192.168.81.14",
      "name": "BOB",
      "id": "056"
    },
    "manager": {
      "name": "vp"
    },
    "data": {
      "win": {
        "eventdata": {
          "subjectLogonId": "0x3e7",
          "compatibleIds": "    GenericAudioEndpoint    SWD\\\\GenericRaw    SWD\\\\Generic",
          "classId": "{c166523c-fe0c-4a94-a586-f1a80cfbbf3e}",
          "subjectUserSid": "S-1-5-18",
          "deviceDescription": "Headphones (OnePlus Nord Buds 2r)",
          "vendorIds": "    MMDEVAPI\\\\AudioEndpoints",
          "subjectDomainName": "WORKGROUP",
          "className": "AudioEndpoint",
          "deviceId": "SWD\\\\MMDEVAPI\\\\{0.0.0.00000000}.{0406337f-7054-41ce-80f6-781f18399f27}",
          "subjectUserName": "BOB$"
        },
        "system": {
          "eventID": "6416",
          "keywords": "0x8020000000000000",
          "providerGuid": "{54849625-5478-4994-a5ba-3e3b0328c30d}",
          "level": "0",
          "channel": "Security",
          "opcode": "0",
          "message": "\"A new external device was recognized by the system.\r\n\r\nSubject:\r\n\tSecurity ID:\t\tS-1-5-18\r\n\tAccount Name:\t\tBOB$\r\n\tAccount Domain:\t\tWORKGROUP\r\n\tLogon ID:\t\t0x3E7\r\n\r\nDevice ID:\tSWD\\MMDEVAPI\\{0.0.0.00000000}.{0406337f-7054-41ce-80f6-781f18399f27}\r\n\r\nDevice Name:\tHeadphones (OnePlus Nord Buds 2r)\r\n\r\nClass ID:\t\t{c166523c-fe0c-4a94-a586-f1a80cfbbf3e}\r\n\r\nClass Name:\tAudioEndpoint\r\n\r\nVendor IDs:\t\r\n\t\tMMDEVAPI\\AudioEndpoints\r\n\t\t\r\n\t\t\r\n\r\nCompatible IDs:\t\r\n\t\tGenericAudioEndpoint\r\n\t\tSWD\\GenericRaw\r\n\t\tSWD\\Generic\r\n\t\t\r\n\t\t\r\n\r\nLocation Information:\t-\"",
          "version": "1",
          "systemTime": "2026-09-10T13:52:25.4734586Z",
          "eventRecordID": "2682445",
          "threadID": "23208",
          "computer": "BOB",
          "task": "13316",
          "processID": "4",
          "severityValue": "AUDIT_SUCCESS",
          "providerName": "Microsoft-Windows-Security-Auditing"
        }
      }
    },
    "rule": {
      "firedtimes": 2,
      "mail": false,
      "level": 8,
      "description": "A new external device was recognized by the system",
      "groups": [
        "windows",
        "windows_security",
        "ipsec"
      ],
      "mitre": {
        "technique": [
          "Communication Through Removable Media"
        ],
        "id": [
          "T1092"
        ],
        "tactic": [
          "Command and Control"
        ]
      },
      "id": "60227"
    },
    "decoder": {
      "name": "windows_eventchannel"
    },
    "input": {
      "type": "log"
    },
    "@timestamp": "2026-09-10T13:52:32.291Z",
    "location": "EventChannel",
    "id": "1789048352.126096601",
    "timestamp": "2026-09-10T19:22:32.291+0530"
  },
  {
    "agent": {
      "ip": "192.168.81.14",
      "name": "BOB",
      "id": "056"
    },
    "manager": {
      "name": "vp"
    },
    "data": {
      "win": {
        "eventdata": {
          "subjectLogonId": "0x3e7",
          "compatibleIds": "    GenericAudioEndpoint    SWD\\\\GenericRaw    SWD\\\\Generic",
          "classId": "{c166523c-fe0c-4a94-a586-f1a80cfbbf3e}",
          "subjectUserSid": "S-1-5-18",
          "deviceDescription": "Headset (OnePlus Nord Buds 2r Hands-Free)",
          "vendorIds": "    MMDEVAPI\\\\AudioEndpoints",
          "subjectDomainName": "WORKGROUP",
          "className": "AudioEndpoint",
          "deviceId": "SWD\\\\MMDEVAPI\\\\{0.0.0.00000000}.{f3673ee0-f0b8-4182-90e8-bfb0be8a4a00}",
          "subjectUserName": "BOB$"
        },
        "system": {
          "eventID": "6416",
          "keywords": "0x8020000000000000",
          "providerGuid": "{54849625-5478-4994-a5ba-3e3b0328c30d}",
          "level": "0",
          "channel": "Security",
          "opcode": "0",
          "message": "\"A new external device was recognized by the system.\r\n\r\nSubject:\r\n\tSecurity ID:\t\tS-1-5-18\r\n\tAccount Name:\t\tBOB$\r\n\tAccount Domain:\t\tWORKGROUP\r\n\tLogon ID:\t\t0x3E7\r\n\r\nDevice ID:\tSWD\\MMDEVAPI\\{0.0.0.00000000}.{f3673ee0-f0b8-4182-90e8-bfb0be8a4a00}\r\n\r\nDevice Name:\tHeadset (OnePlus Nord Buds 2r Hands-Free)\r\n\r\nClass ID:\t\t{c166523c-fe0c-4a94-a586-f1a80cfbbf3e}\r\n\r\nClass Name:\tAudioEndpoint\r\n\r\nVendor IDs:\t\r\n\t\tMMDEVAPI\\AudioEndpoints\r\n\t\t\r\n\t\t\r\n\r\nCompatible IDs:\t\r\n\t\tGenericAudioEndpoint\r\n\t\tSWD\\GenericRaw\r\n\t\tSWD\\Generic\r\n\t\t\r\n\t\t\r\n\r\nLocation Information:\t-\"",
          "version": "1",
          "systemTime": "2026-09-10T13:52:25.1556513Z",
          "eventRecordID": "2682444",
          "threadID": "16196",
          "computer": "BOB",
          "task": "13316",
          "processID": "4",
          "severityValue": "AUDIT_SUCCESS",
          "providerName": "Microsoft-Windows-Security-Auditing"
        }
      }
    },
    "rule": {
      "firedtimes": 1,
      "mail": false,
      "level": 8,
      "description": "A new external device was recognized by the system",
      "groups": [
        "windows",
        "windows_security",
        "ipsec"
      ],
      "mitre": {
        "technique": [
          "Communication Through Removable Media"
        ],
        "id": [
          "T1092"
        ],
        "tactic": [
          "Command and Control"
        ]
      },
      "id": "60227"
    },
    "decoder": {
      "name": "windows_eventchannel"
    },
    "input": {
      "type": "log"
    },
    "@timestamp": "2026-09-10T13:52:32.244Z",
    "location": "EventChannel",
    "id": "1789048352.126093222",
    "timestamp": "2026-09-10T19:22:32.244+0530"
  },
  {
    "agent": {
      "ip": "192.168.81.14",
      "name": "BOB",
      "id": "056"
    },
    "manager": {
      "name": "vp"
    },
    "data": {
      "win": {
        "eventdata": {
          "subjectLogonId": "0x3e7",
          "subjectDomainName": "WORKGROUP",
          "targetLinkedLogonId": "0xfd7d8c0",
          "impersonationLevel": "%%1833",
          "ipAddress": "127.0.0.1",
          "authenticationPackageName": "Negotiate",
          "workstationName": "BOB",
          "targetLogonId": "0xfd7d8f9",
          "logonProcessName": "User32",
          "logonGuid": "{00000000-0000-0000-0000-000000000000}",
          "targetUserName": "HP",
          "keyLength": "0",
          "elevatedToken": "%%1843",
          "subjectUserSid": "S-1-5-18",
          "processId": "0x8c8",
          "processName": "C:\\\\Windows\\\\System32\\\\svchost.exe",
          "ipPort": "0",
          "targetDomainName": "BOB",
          "targetUserSid": "S-1-5-21-3127869352-4109643852-3915393271-1001",
          "virtualAccount": "%%1843",
          "logonType": "2",
          "subjectUserName": "BOB$"
        },
        "system": {
          "eventID": "4624",
          "keywords": "0x8020000000000000",
          "providerGuid": "{54849625-5478-4994-a5ba-3e3b0328c30d}",
          "level": "0",
          "channel": "Security",
          "opcode": "0",
          "message": "\"An account was successfully logged on.\r\n\r\nSubject:\r\n\tSecurity ID:\t\tS-1-5-18\r\n\tAccount Name:\t\tBOB$\r\n\tAccount Domain:\t\tWORKGROUP\r\n\tLogon ID:\t\t0x3E7\r\n\r\nLogon Information:\r\n\tLogon Type:\t\t2\r\n\tRestricted Admin Mode:\t-\r\n\tRemote Credential Guard:\t-\r\n\tVirtual Account:\t\tNo\r\n\tElevated Token:\t\tNo\r\n\r\nImpersonation Level:\t\tImpersonation\r\n\r\nNew Logon:\r\n\tSecurity ID:\t\tS-1-5-21-3127869352-4109643852-3915393271-1001\r\n\tAccount Name:\t\tHP\r\n\tAccount Domain:\t\tBOB\r\n\tLogon ID:\t\t0xFD7D8F9\r\n\tLinked Logon ID:\t\t0xFD7D8C0\r\n\tNetwork Account Name:\t-\r\n\tNetwork Account Domain:\t-\r\n\tLogon GUID:\t\t{00000000-0000-0000-0000-000000000000}\r\n\r\nProcess Information:\r\n\tProcess ID:\t\t0x8c8\r\n\tProcess Name:\t\tC:\\Windows\\System32\\svchost.exe\r\n\r\nNetwork Information:\r\n\tWorkstation Name:\tBOB\r\n\tSource Network Address:\t127.0.0.1\r\n\tSource Port:\t\t0\r\n\r\nDetailed Authentication Information:\r\n\tLogon Process:\t\tUser32 \r\n\tAuthentication Package:\tNegotiate\r\n\tTransited Services:\t-\r\n\tPackage Name (NTLM only):\t-\r\n\tKey Length:\t\t0\r\n\r\nThis event is generated when a logon session is created. It is generated on the computer that was accessed.\r\n\r\nThe subject fields indicate the account on the local system which requested the logon. This is most commonly a service such as the Server service, or a local process such as Winlogon.exe or Services.exe.\r\n\r\nThe logon type field indicates the kind of logon that occurred. The most common types are 2 (interactive) and 3 (network).\r\n\r\nThe New Logon fields indicate the account for whom the new logon was created, i.e. the account that was logged on.\r\n\r\nThe network fields indicate where a remote logon request originated. Workstation name is not always available and may be left blank in some cases.\r\n\r\nThe impersonation level field indicates the extent to which a process in the logon session can impersonate.\r\n\r\nThe authentication information fields provide detailed information about this specific logon request.\r\n\t- Logon GUID is a unique identifier that can be used to correlate this event with a KDC event.\r\n\t- Transited services indicate which intermediate services have participated in this logon request.\r\n\t- Package name indicates which sub-protocol was used among the NTLM protocols.\r\n\t- Key length indicates the length of the generated session key. This will be 0 if no session key was requested.\"",
          "version": "3",
          "systemTime": "2026-09-10T13:52:07.7472194Z",
          "eventRecordID": "2682436",
          "threadID": "10732",
          "computer": "BOB",
          "task": "12544",
          "processID": "1232",
          "severityValue": "AUDIT_SUCCESS",
          "providerName": "Microsoft-Windows-Security-Auditing"
        }
      }
    },
    "rule": {
      "firedtimes": 4,
      "mail": true,
      "level": 12,
      "description": "Windows: Pass-the-hash / logon anomaly",
      "groups": [
        "custom_attacks",
        "windows"
      ],
      "mitre": {
        "technique": [
          "Pass the Hash"
        ],
        "id": [
          "T1550.002"
        ],
        "tactic": [
          "Defense Evasion",
          "Lateral Movement"
        ]
      },
      "id": "100140"
    },
    "decoder": {
      "name": "windows_eventchannel"
    },
    "full_log": "{\"win\":{\"system\":{\"providerName\":\"Microsoft-Windows-Security-Auditing\",\"providerGuid\":\"{54849625-5478-4994-a5ba-3e3b0328c30d}\",\"eventID\":\"4624\",\"version\":\"3\",\"level\":\"0\",\"task\":\"12544\",\"opcode\":\"0\",\"keywords\":\"0x8020000000000000\",\"systemTime\":\"2026-09-10T13:52:07.7472194Z\",\"eventRecordID\":\"2682436\",\"processID\":\"1232\",\"threadID\":\"10732\",\"channel\":\"Security\",\"computer\":\"BOB\",\"severityValue\":\"AUDIT_SUCCESS\",\"message\":\"\\\"An account was successfully logged on.\\r\\n\\r\\nSubject:\\r\\n\\tSecurity ID:\\t\\tS-1-5-18\\r\\n\\tAccount Name:\\t\\tBOB$\\r\\n\\tAccount Domain:\\t\\tWORKGROUP\\r\\n\\tLogon ID:\\t\\t0x3E7\\r\\n\\r\\nLogon Information:\\r\\n\\tLogon Type:\\t\\t2\\r\\n\\tRestricted Admin Mode:\\t-\\r\\n\\tRemote Credential Guard:\\t-\\r\\n\\tVirtual Account:\\t\\tNo\\r\\n\\tElevated Token:\\t\\tNo\\r\\n\\r\\nImpersonation Level:\\t\\tImpersonation\\r\\n\\r\\nNew Logon:\\r\\n\\tSecurity ID:\\t\\tS-1-5-21-3127869352-4109643852-3915393271-1001\\r\\n\\tAccount Name:\\t\\tHP\\r\\n\\tAccount Domain:\\t\\tBOB\\r\\n\\tLogon ID:\\t\\t0xFD7D8F9\\r\\n\\tLinked Logon ID:\\t\\t0xFD7D8C0\\r\\n\\tNetwork Account Name:\\t-\\r\\n\\tNetwork Account Domain:\\t-\\r\\n\\tLogon GUID:\\t\\t{00000000-0000-0000-0000-000000000000}\\r\\n\\r\\nProcess Information:\\r\\n\\tProcess ID:\\t\\t0x8c8\\r\\n\\tProcess Name:\\t\\tC:\\\\Windows\\\\System32\\\\svchost.exe\\r\\n\\r\\nNetwork Information:\\r\\n\\tWorkstation Name:\\tBOB\\r\\n\\tSource Network Address:\\t127.0.0.1\\r\\n\\tSource Port:\\t\\t0\\r\\n\\r\\nDetailed Authentication Information:\\r\\n\\tLogon Process:\\t\\tUser32 \\r\\n\\tAuthentication Package:\\tNegotiate\\r\\n\\tTransited Services:\\t-\\r\\n\\tPackage Name (NTLM only):\\t-\\r\\n\\tKey Length:\\t\\t0\\r\\n\\r\\nThis event is generated when a logon session is created. It is generated on the computer that was accessed.\\r\\n\\r\\nThe subject fields indicate the account on the local system which requested the logon. This is most commonly a service such as the Server service, or a local process such as Winlogon.exe or Services.exe.\\r\\n\\r\\nThe logon type field indicates the kind of logon that occurred. The most common types are 2 (interactive) and 3 (network).\\r\\n\\r\\nThe New Logon fields indicate the account for whom the new logon was created, i.e. the account that was logged on.\\r\\n\\r\\nThe network fields indicate where a remote logon request originated. Workstation name is not always available and may be left blank in some cases.\\r\\n\\r\\nThe impersonation level field indicates the extent to which a process in the logon session can impersonate.\\r\\n\\r\\nThe authentication information fields provide detailed information about this specific logon request.\\r\\n\\t- Logon GUID is a unique identifier that can be used to correlate this event with a KDC event.\\r\\n\\t- Transited services indicate which intermediate services have participated in this logon request.\\r\\n\\t- Package name indicates which sub-protocol was used among the NTLM protocols.\\r\\n\\t- Key length indicates the length of the generated session key. This will be 0 if no session key was requested.\\\"\"},\"eventdata\":{\"subjectUserSid\":\"S-1-5-18\",\"subjectUserName\":\"BOB$\",\"subjectDomainName\":\"WORKGROUP\",\"subjectLogonId\":\"0x3e7\",\"targetUserSid\":\"S-1-5-21-3127869352-4109643852-3915393271-1001\",\"targetUserName\":\"HP\",\"targetDomainName\":\"BOB\",\"targetLogonId\":\"0xfd7d8f9\",\"logonType\":\"2\",\"logonProcessName\":\"User32\",\"authenticationPackageName\":\"Negotiate\",\"workstationName\":\"BOB\",\"logonGuid\":\"{00000000-0000-0000-0000-000000000000}\",\"keyLength\":\"0\",\"processId\":\"0x8c8\",\"processName\":\"C:\\\\\\\\Windows\\\\\\\\System32\\\\\\\\svchost.exe\",\"ipAddress\":\"127.0.0.1\",\"ipPort\":\"0\",\"impersonationLevel\":\"%%1833\",\"virtualAccount\":\"%%1843\",\"targetLinkedLogonId\":\"0xfd7d8c0\",\"elevatedToken\":\"%%1843\"}}}",
    "input": {
      "type": "log"
    },
    "@timestamp": "2026-09-10T13:52:32.073Z",
    "location": "EventChannel",
    "id": "1789048352.126085733",
    "timestamp": "2026-09-10T19:22:32.073+0530"
  },
