  {
    "agent": {
      "name": "vp",
      "id": "000"
    },
    "data": {
      "uid": "0",
      "srcip": "80.94.95.116",
      "euid": "0",
      "tty": "ssh"
    },
    "rule": {
      "mail": false,
      "level": 5,
      "pci_dss": [
        "10.2.4",
        "10.2.5"
      ],
      "hipaa": [
        "164.312.b"
      ],
      "tsc": [
        "CC6.1",
        "CC6.8",
        "CC7.2",
        "CC7.3"
      ],
      "description": "PAM: User login failed.",
      "groups": [
        "pam",
        "syslog",
        "authentication_failed"
      ],
      "nist_800_53": [
        "AU.14",
        "AC.7"
      ],
      "gdpr": [
        "IV_35.7.d",
        "IV_32.2"
      ],
      "firedtimes": 31,
      "mitre": {
        "technique": [
          "Password Guessing"
        ],
        "id": [
          "T1110.001"
        ],
        "tactic": [
          "Credential Access"
        ]
      },
      "id": "5503",
      "gpg13": [
        "7.8"
      ]
    },
    "full_log": "Sep 10 13:02:06 vp sshd[1957405]: pam_unix(sshd:auth): authentication failure; logname= uid=0 euid=0 tty=ssh ruser= rhost=80.94.95.116",
    "id": "1789045327.125698510",
    "timestamp": "2026-09-10T18:32:07.870+0530",
    "predecoder": {
      "hostname": "vp",
      "program_name": "sshd",
      "timestamp": "Sep 10 13:02:06"
    },
    "manager": {
      "name": "vp"
    },
    "decoder": {
      "name": "pam"
    },
    "input": {
      "type": "log"
    },
    "@timestamp": "2026-09-10T13:02:07.870Z",
    "location": "journald",
    "GeoLocation": {
      "country_name": "United Kingdom",
      "location": {
        "lon": -0.1224,
        "lat": 51.4964
      }
    }
  },
  {
    "agent": {
      "name": "vp",
      "id": "000"
    },
    "data": {
      "srcuser": "admin",
      "srcip": "80.94.95.116",
      "srcport": "63122"
    },
    "rule": {
      "mail": false,
      "level": 5,
      "hipaa": [
        "164.312.b"
      ],
      "pci_dss": [
        "10.2.4",
        "10.2.5",
        "10.6.1"
      ],
      "tsc": [
        "CC6.1",
        "CC6.8",
        "CC7.2",
        "CC7.3"
      ],
      "description": "sshd: Attempt to login using a non-existent user",
      "groups": [
        "syslog",
        "sshd",
        "authentication_failed",
        "invalid_login"
      ],
      "nist_800_53": [
        "AU.14",
        "AC.7",
        "AU.6"
      ],
      "gdpr": [
        "IV_35.7.d",
        "IV_32.2"
      ],
      "firedtimes": 23,
      "mitre": {
        "technique": [
          "Password Guessing",
          "SSH"
        ],
        "id": [
          "T1110.001",
          "T1021.004"
        ],
        "tactic": [
          "Credential Access",
          "Lateral Movement"
        ]
      },
      "id": "5710",
      "gpg13": [
        "7.1"
      ]
    },
    "full_log": "Sep 10 13:02:06 vp sshd[1957405]: Invalid user admin from 80.94.95.116 port 63122",
    "id": "1789045327.125699001",
    "timestamp": "2026-09-10T18:32:07.869+0530",
    "predecoder": {
      "hostname": "vp",
      "program_name": "sshd",
      "timestamp": "Sep 10 13:02:06"
    },
    "manager": {
      "name": "vp"
    },
    "decoder": {
      "parent": "sshd",
      "name": "sshd"
    },
    "input": {
      "type": "log"
    },
    "@timestamp": "2026-09-10T13:02:07.869Z",
    "location": "journald",
    "GeoLocation": {
      "country_name": "United Kingdom",
      "location": {
        "lon": -0.1224,
        "lat": 51.4964
      }
    }
  },
  {
    "agent": {
      "name": "vp",
      "id": "000"
    },
    "data": {
      "srcip": "101.53.149.227",
      "dstuser": "root",
      "srcport": "37104"
    },
    "rule": {
      "mail": false,
      "level": 5,
      "hipaa": [
        "164.312.b"
      ],
      "pci_dss": [
        "10.2.4",
        "10.2.5"
      ],
      "tsc": [
        "CC6.1",
        "CC6.8",
        "CC7.2",
        "CC7.3"
      ],
      "description": "sshd: authentication failed.",
      "groups": [
        "syslog",
        "sshd",
        "authentication_failed"
      ],
      "nist_800_53": [
        "AU.14",
        "AC.7"
      ],
      "gdpr": [
        "IV_35.7.d",
        "IV_32.2"
      ],
      "firedtimes": 35,
      "mitre": {
        "technique": [
          "Password Guessing",
          "SSH"
        ],
        "id": [
          "T1110.001",
          "T1021.004"
        ],
        "tactic": [
          "Credential Access",
          "Lateral Movement"
        ]
      },
      "id": "5760",
      "gpg13": [
        "7.1"
      ]
    },
    "full_log": "Sep 10 13:01:38 vp sshd[1957398]: Failed password for root from 101.53.149.227 port 37104 ssh2",
    "id": "1789045299.125698048",
    "timestamp": "2026-09-10T18:31:39.862+0530",
    "predecoder": {
      "hostname": "vp",
      "program_name": "sshd",
      "timestamp": "Sep 10 13:01:38"
    },
    "manager": {
      "name": "vp"
    },
    "decoder": {
      "parent": "sshd",
      "name": "sshd"
    },
    "input": {
      "type": "log"
    },
    "@timestamp": "2026-09-10T13:01:39.862Z",
    "location": "journald",
    "GeoLocation": {
      "country_name": "India",
      "location": {
        "lon": 77.0,
        "lat": 20.0
      }
    }
  },
  {
    "agent": {
      "name": "vp",
      "id": "000"
    },
    "data": {
      "uid": "0",
      "srcip": "101.53.149.227",
      "euid": "0",
      "dstuser": "root",
      "tty": "ssh"
    },
    "rule": {
      "mail": false,
      "level": 5,
      "pci_dss": [
        "10.2.4",
        "10.2.5"
      ],
      "hipaa": [
        "164.312.b"
      ],
      "tsc": [
        "CC6.1",
        "CC6.8",
        "CC7.2",
        "CC7.3"
      ],
      "description": "PAM: User login failed.",
      "groups": [
        "pam",
        "syslog",
        "authentication_failed"
      ],
      "nist_800_53": [
        "AU.14",
        "AC.7"
      ],
      "gdpr": [
        "IV_35.7.d",
        "IV_32.2"
      ],
      "firedtimes": 30,
      "mitre": {
        "technique": [
          "Password Guessing"
        ],
        "id": [
          "T1110.001"
        ],
        "tactic": [
          "Credential Access"
        ]
      },
      "id": "5503",
      "gpg13": [
        "7.8"
      ]
    },
    "full_log": "Sep 10 13:01:36 vp sshd[1957398]: pam_unix(sshd:auth): authentication failure; logname= uid=0 euid=0 tty=ssh ruser= rhost=101.53.149.227  user=root",
    "id": "1789045297.125697531",
    "timestamp": "2026-09-10T18:31:37.862+0530",
    "predecoder": {
      "hostname": "vp",
      "program_name": "sshd",
      "timestamp": "Sep 10 13:01:36"
    },
    "manager": {
      "name": "vp"
    },
    "decoder": {
      "name": "pam"
    },
    "input": {
      "type": "log"
    },
    "@timestamp": "2026-09-10T13:01:37.862Z",
    "location": "journald",
    "GeoLocation": {
      "country_name": "India",
      "location": {
        "lon": 77.0,
        "lat": 20.0
      }
    }
  },
  {
    "agent": {
      "name": "vp",
      "id": "000"
    },
    "data": {
      "srcuser": "admin",
      "srcip": "94.154.43.56"
    },
    "rule": {
      "mail": false,
      "level": 5,
      "hipaa": [
        "164.312.b"
      ],
      "pci_dss": [
        "10.2.4",
        "10.2.5",
        "10.6.1"
      ],
      "tsc": [
        "CC6.1",
        "CC6.8",
        "CC7.2",
        "CC7.3"
      ],
      "description": "sshd: Attempt to login using a non-existent user",
      "groups": [
        "syslog",
        "sshd",
        "authentication_failed",
        "invalid_login"
      ],
      "nist_800_53": [
        "AU.14",
        "AC.7",
        "AU.6"
      ],
      "gdpr": [
        "IV_35.7.d",
        "IV_32.2"
      ],
      "firedtimes": 22,
      "mitre": {
        "technique": [
          "Password Guessing",
          "SSH"
        ],
        "id": [
          "T1110.001",
          "T1021.004"
        ],
        "tactic": [
          "Credential Access",
          "Lateral Movement"
        ]
      },
      "id": "5710",
      "gpg13": [
        "7.1"
      ]
    },
    "full_log": "Sep 10 13:00:13 vp sshd[1957386]: Failed password for invalid user admin from 94.154.43.56 port 36266 ssh2",
    "id": "1789045213.125697020",
    "timestamp": "2026-09-10T18:30:13.842+0530",
    "predecoder": {
      "hostname": "vp",
      "program_name": "sshd",
      "timestamp": "Sep 10 13:00:13"
    },
    "manager": {
      "name": "vp"
    },
    "decoder": {
      "parent": "sshd",
      "name": "sshd"
    },
    "input": {
      "type": "log"
    },
    "@timestamp": "2026-09-10T13:00:13.842Z",
    "location": "journald",
    "GeoLocation": {
      "country_name": "Turkey",
      "location": {
        "lon": 28.9948,
        "lat": 41.0214
      }
    }
  },
  {
    "agent": {
      "name": "vp",
      "id": "000"
    },
    "data": {
      "srcuser": "admin",
      "srcip": "94.154.43.56",
      "srcport": "36266"
    },
    "rule": {
      "mail": false,
      "level": 5,
      "hipaa": [
        "164.312.b"
      ],
      "pci_dss": [
        "10.2.4",
        "10.2.5",
        "10.6.1"
      ],
      "tsc": [
        "CC6.1",
        "CC6.8",
        "CC7.2",
        "CC7.3"
      ],
      "description": "sshd: Attempt to login using a non-existent user",
      "groups": [
        "syslog",
        "sshd",
        "authentication_failed",
        "invalid_login"
      ],
      "nist_800_53": [
        "AU.14",
        "AC.7",
        "AU.6"
      ],
      "gdpr": [
        "IV_35.7.d",
        "IV_32.2"
      ],
      "firedtimes": 21,
      "mitre": {
        "technique": [
          "Password Guessing",
          "SSH"
        ],
        "id": [
          "T1110.001",
          "T1021.004"
        ],
        "tactic": [
          "Credential Access",
          "Lateral Movement"
        ]
      },
      "id": "5710",
      "gpg13": [
        "7.1"
      ]
    },
    "full_log": "Sep 10 13:00:10 vp sshd[1957386]: Invalid user admin from 94.154.43.56 port 36266",
    "id": "1789045211.125696027",
    "timestamp": "2026-09-10T18:30:11.841+0530",
    "predecoder": {
      "hostname": "vp",
      "program_name": "sshd",
      "timestamp": "Sep 10 13:00:10"
    },
    "manager": {
      "name": "vp"
    },
    "decoder": {
      "parent": "sshd",
      "name": "sshd"
    },
    "input": {
      "type": "log"
    },
    "@timestamp": "2026-09-10T13:00:11.841Z",
    "location": "journald",
    "GeoLocation": {
      "country_name": "Turkey",
      "location": {
        "lon": 28.9948,
        "lat": 41.0214
      }
    }
  },
  {
    "agent": {
      "name": "vp",
      "id": "000"
    },
    "data": {
      "uid": "0",
      "srcip": "94.154.43.56",
      "euid": "0",
      "tty": "ssh"
    },
    "rule": {
      "mail": false,
      "level": 5,
      "pci_dss": [
        "10.2.4",
        "10.2.5"
      ],
      "hipaa": [
        "164.312.b"
      ],
      "tsc": [
        "CC6.1",
        "CC6.8",
        "CC7.2",
        "CC7.3"
      ],
      "description": "PAM: User login failed.",
      "groups": [
        "pam",
        "syslog",
        "authentication_failed"
      ],
      "nist_800_53": [
        "AU.14",
        "AC.7"
      ],
      "gdpr": [
        "IV_35.7.d",
        "IV_32.2"
      ],
      "firedtimes": 29,
      "mitre": {
        "technique": [
          "Password Guessing"
        ],
        "id": [
          "T1110.001"
        ],
        "tactic": [
          "Credential Access"
        ]
      },
      "id": "5503",
      "gpg13": [
        "7.8"
      ]
    },
    "full_log": "Sep 10 13:00:11 vp sshd[1957386]: pam_unix(sshd:auth): authentication failure; logname= uid=0 euid=0 tty=ssh ruser= rhost=94.154.43.56",
    "id": "1789045211.125696529",
    "timestamp": "2026-09-10T18:30:11.841+0530",
    "predecoder": {
      "hostname": "vp",
      "program_name": "sshd",
      "timestamp": "Sep 10 13:00:11"
    },
    "manager": {
      "name": "vp"
    },
    "decoder": {
      "name": "pam"
    },
    "input": {
      "type": "log"
    },
    "@timestamp": "2026-09-10T13:00:11.841Z",
    "location": "journald",
    "GeoLocation": {
      "country_name": "Turkey",
      "location": {
        "lon": 28.9948,
        "lat": 41.0214
      }
    }
  },
  {
    "agent": {
      "name": "vp",
      "id": "000"
    },
    "data": {
      "srcip": "138.68.61.2",
      "dstuser": "root",
      "srcport": "52398"
    },
    "rule": {
      "mail": false,
      "level": 5,
      "hipaa": [
        "164.312.b"
      ],
      "pci_dss": [
        "10.2.4",
        "10.2.5"
      ],
      "tsc": [
        "CC6.1",
        "CC6.8",
        "CC7.2",
        "CC7.3"
      ],
      "description": "sshd: authentication failed.",
      "groups": [
        "syslog",
        "sshd",
        "authentication_failed"
      ],
      "nist_800_53": [
        "AU.14",
        "AC.7"
      ],
      "gdpr": [
        "IV_35.7.d",
        "IV_32.2"
      ],
      "firedtimes": 34,
      "mitre": {
        "technique": [
          "Password Guessing",
          "SSH"
        ],
        "id": [
          "T1110.001",
          "T1021.004"
        ],
        "tactic": [
          "Credential Access",
          "Lateral Movement"
        ]
      },
      "id": "5760",
      "gpg13": [
        "7.1"
      ]
    },
    "full_log": "Sep 10 13:00:04 vp sshd[1957382]: Failed password for root from 138.68.61.2 port 52398 ssh2",
    "id": "1789045205.125695571",
    "timestamp": "2026-09-10T18:30:05.839+0530",
    "predecoder": {
      "hostname": "vp",
      "program_name": "sshd",
      "timestamp": "Sep 10 13:00:04"
    },
    "manager": {
      "name": "vp"
    },
    "decoder": {
      "parent": "sshd",
      "name": "sshd"
    },
    "input": {
      "type": "log"
    },
    "@timestamp": "2026-09-10T13:00:05.839Z",
    "location": "journald",
    "GeoLocation": {
      "city_name": "Santa Clara",
      "country_name": "United States",
      "region_name": "California",
      "location": {
        "lon": -121.9753,
        "lat": 37.3417
      }
    }
  },
  {
    "agent": {
      "name": "vp",
      "id": "000"
    },
    "data": {
      "uid": "0",
      "srcip": "138.68.61.2",
      "euid": "0",
      "dstuser": "root",
      "tty": "ssh"
    },
    "rule": {
      "mail": false,
      "level": 5,
      "pci_dss": [
        "10.2.4",
        "10.2.5"
      ],
      "hipaa": [
        "164.312.b"
      ],
      "tsc": [
        "CC6.1",
        "CC6.8",
        "CC7.2",
        "CC7.3"
      ],
      "description": "PAM: User login failed.",
      "groups": [
        "pam",
        "syslog",
        "authentication_failed"
      ],
      "nist_800_53": [
        "AU.14",
        "AC.7"
      ],
      "gdpr": [
        "IV_35.7.d",
        "IV_32.2"
      ],
      "firedtimes": 28,
      "mitre": {
        "technique": [
          "Password Guessing"
        ],
        "id": [
          "T1110.001"
        ],
        "tactic": [
          "Credential Access"
        ]
      },
      "id": "5503",
      "gpg13": [
        "7.8"
      ]
    },
    "full_log": "Sep 10 13:00:03 vp sshd[1957382]: pam_unix(sshd:auth): authentication failure; logname= uid=0 euid=0 tty=ssh ruser= rhost=138.68.61.2  user=root",
    "id": "1789045203.125695060",
    "timestamp": "2026-09-10T18:30:03.839+0530",
    "predecoder": {
      "hostname": "vp",
      "program_name": "sshd",
      "timestamp": "Sep 10 13:00:03"
    },
    "manager": {
      "name": "vp"
    },
    "decoder": {
      "name": "pam"
    },
    "input": {
      "type": "log"
    },
    "@timestamp": "2026-09-10T13:00:03.839Z",
    "location": "journald",
    "GeoLocation": {
      "city_name": "Santa Clara",
      "country_name": "United States",
      "region_name": "California",
      "location": {
        "lon": -121.9753,
        "lat": 37.3417
      }
    }
  },
  {
    "agent": {
      "ip": "192.168.88.147",
      "name": "aayat-host-5th-sem",
      "id": "052"
    },
    "manager": {
      "name": "vp"
    },
    "data": {
      "win": {
        "eventdata": {
          "param7": "Its_Aayat_Ansari",
          "param8": "S-1-5-21-1389430602-4060098182-2805721921-1001",
          "param5": "{15C20B67-12E7-4BB6-92BB-7AFF07997402}",
          "param6": "AAYAT",
          "param9": "LocalHost (Using LRPC)",
          "param10": "Unavailable",
          "param11": "Unavailable",
          "param3": "Activation",
          "param4": "{2593F8B9-4EAF-457C-B68A-50F6B8EA6B54}",
          "param1": "application-specific",
          "param2": "Local"
        },
        "system": {
          "eventID": "10016",
          "eventSourceName": "DCOM",
          "keywords": "0x8080000000000000",
          "providerGuid": "{1B562E86-B7AA-4131-BADC-B6F3A001407E}",
          "level": "3",
          "channel": "System",
          "opcode": "0",
          "message": "\"The application-specific permission settings do not grant Local Activation permission for the COM Server application with CLSID \r\n{2593F8B9-4EAF-457C-B68A-50F6B8EA6B54}\r\n and APPID \r\n{15C20B67-12E7-4BB6-92BB-7AFF07997402}\r\n to the user AAYAT\\Its_Aayat_Ansari SID (S-1-5-21-1389430602-4060098182-2805721921-1001) from address LocalHost (Using LRPC) running in the application container Unavailable SID (Unavailable). This security permission can be modified using the Component Services administrative tool.\"",
          "version": "0",
          "systemTime": "2026-09-10T12:58:39.6343899Z",
          "eventRecordID": "305943",
          "threadID": "5468",
          "computer": "Aayat",
          "task": "0",
          "processID": "1876",
          "severityValue": "WARNING",
          "providerName": "Microsoft-Windows-DistributedCOM"
        }
      }
    },
    "rule": {
      "firedtimes": 7,
      "mail": false,
      "level": 10,
      "description": "Windows: Mimikatz credential dump (EventID 4624)",
      "groups": [
        "custom_attacks",
        "windows",
        "credential_access"
      ],
      "mitre": {
        "technique": [
          "LSASS Memory"
        ],
        "id": [
          "T1003.001"
        ],
        "tactic": [
          "Credential Access"
        ]
      },
      "id": "100141"
    },
    "decoder": {
      "name": "windows_eventchannel"
    },
    "full_log": "{\"win\":{\"system\":{\"providerName\":\"Microsoft-Windows-DistributedCOM\",\"providerGuid\":\"{1B562E86-B7AA-4131-BADC-B6F3A001407E}\",\"eventSourceName\":\"DCOM\",\"eventID\":\"10016\",\"version\":\"0\",\"level\":\"3\",\"task\":\"0\",\"opcode\":\"0\",\"keywords\":\"0x8080000000000000\",\"systemTime\":\"2026-09-10T12:58:39.6343899Z\",\"eventRecordID\":\"305943\",\"processID\":\"1876\",\"threadID\":\"5468\",\"channel\":\"System\",\"computer\":\"Aayat\",\"severityValue\":\"WARNING\",\"message\":\"\\\"The application-specific permission settings do not grant Local Activation permission for the COM Server application with CLSID \\r\\n{2593F8B9-4EAF-457C-B68A-50F6B8EA6B54}\\r\\n and APPID \\r\\n{15C20B67-12E7-4BB6-92BB-7AFF07997402}\\r\\n to the user AAYAT\\\\Its_Aayat_Ansari SID (S-1-5-21-1389430602-4060098182-2805721921-1001) from address LocalHost (Using LRPC) running in the application container Unavailable SID (Unavailable). This security permission can be modified using the Component Services administrative tool.\\\"\"},\"eventdata\":{\"param1\":\"application-specific\",\"param2\":\"Local\",\"param3\":\"Activation\",\"param4\":\"{2593F8B9-4EAF-457C-B68A-50F6B8EA6B54}\",\"param5\":\"{15C20B67-12E7-4BB6-92BB-7AFF07997402}\",\"param6\":\"AAYAT\",\"param7\":\"Its_Aayat_Ansari\",\"param8\":\"S-1-5-21-1389430602-4060098182-2805721921-1001\",\"param9\":\"LocalHost (Using LRPC)\",\"param10\":\"Unavailable\",\"param11\":\"Unavailable\"}}}",
    "input": {
      "type": "log"
    },
    "@timestamp": "2026-09-10T12:58:44.131Z",
    "location": "EventChannel",
    "id": "1789045124.125691987",
    "timestamp": "2026-09-10T18:28:44.131+0530"
  },
  {
    "agent": {
      "name": "vp",
      "id": "000"
    },
    "data": {
      "srcip": "45.148.10.157",
      "dstuser": "root",
      "srcport": "45306"
    },
    "rule": {
      "firedtimes": 5,
      "mail": false,
      "level": 10,
      "description": "SSH brute force from 45.148.10.157",
      "groups": [
        "custom_attacks",
        "authentication_failures"
      ],
      "mitre": {
        "technique": [
          "Password Guessing"
        ],
        "id": [
          "T1110.001"
        ],
        "tactic": [
          "Credential Access"
        ]
      },
      "id": "100001",
      "frequency": 5
    },
    "full_log": "Sep 10 12:58:38 vp sshd[1957361]: Failed password for root from 45.148.10.157 port 45306 ssh2",
    "id": "1789045119.125691296",
    "timestamp": "2026-09-10T18:28:39.816+0530",
    "predecoder": {
      "hostname": "vp",
      "program_name": "sshd",
      "timestamp": "Sep 10 12:58:38"
    },
    "previous_output": "Sep 10 12:58:34 vp sshd[1957361]: Failed password for root from 45.148.10.157 port 45306 ssh2\nSep 10 12:58:31 vp sshd[1957361]: Failed password for root from 45.148.10.157 port 45306 ssh2\nSep 10 12:58:27 vp sshd[1957361]: Failed password for root from 45.148.10.157 port 45306 ssh2\nSep 10 12:58:22 vp sshd[1957361]: Failed password for root from 45.148.10.157 port 45306 ssh2",
    "manager": {
      "name": "vp"
    },
    "decoder": {
      "parent": "sshd",
      "name": "sshd"
    },
    "input": {
      "type": "log"
    },
    "@timestamp": "2026-09-10T12:58:39.816Z",
    "location": "journald",
    "GeoLocation": {
      "city_name": "Amsterdam",
      "country_name": "Netherlands",
      "region_name": "North Holland",
      "location": {
        "lon": 4.9087,
        "lat": 52.3534
      }
    }
  },
  {
    "agent": {
      "name": "vp",
      "id": "000"
    },
    "data": {
      "srcip": "45.148.10.157",
      "dstuser": "root",
      "srcport": "45306"
    },
    "rule": {
      "mail": false,
      "level": 5,
      "hipaa": [
        "164.312.b"
      ],
      "pci_dss": [
        "10.2.4",
        "10.2.5"
      ],
      "tsc": [
        "CC6.1",
        "CC6.8",
        "CC7.2",
        "CC7.3"
      ],
      "description": "sshd: authentication failed.",
      "groups": [
        "syslog",
        "sshd",
        "authentication_failed"
      ],
      "nist_800_53": [
        "AU.14",
        "AC.7"
      ],
      "gdpr": [
        "IV_35.7.d",
        "IV_32.2"
      ],
      "firedtimes": 33,
      "mitre": {
        "technique": [
          "Password Guessing",
          "SSH"
        ],
        "id": [
          "T1110.001",
          "T1021.004"
        ],
        "tactic": [
          "Credential Access",
          "Lateral Movement"
        ]
      },
      "id": "5760",
      "gpg13": [
        "7.1"
      ]
    },
    "full_log": "Sep 10 12:58:34 vp sshd[1957361]: Failed password for root from 45.148.10.157 port 45306 ssh2",
    "id": "1789045115.125690836",
    "timestamp": "2026-09-10T18:28:35.814+0530",
    "predecoder": {
      "hostname": "vp",
      "program_name": "sshd",
      "timestamp": "Sep 10 12:58:34"
    },
    "manager": {
      "name": "vp"
    },
    "decoder": {
      "parent": "sshd",
      "name": "sshd"
    },
    "input": {
      "type": "log"
    },
    "@timestamp": "2026-09-10T12:58:35.814Z",
    "location": "journald",
    "GeoLocation": {
      "city_name": "Amsterdam",
      "country_name": "Netherlands",
      "region_name": "North Holland",
      "location": {
        "lon": 4.9087,
        "lat": 52.3534
      }
    }
  },
  {
    "agent": {
      "name": "vp",
      "id": "000"
    },
    "data": {
      "srcip": "45.148.10.157",
      "dstuser": "root",
      "srcport": "45306"
    },
    "rule": {
      "mail": false,
      "level": 5,
      "hipaa": [
        "164.312.b"
      ],
      "pci_dss": [
        "10.2.4",
        "10.2.5"
      ],
      "tsc": [
        "CC6.1",
        "CC6.8",
        "CC7.2",
        "CC7.3"
      ],
      "description": "sshd: authentication failed.",
      "groups": [
        "syslog",
        "sshd",
        "authentication_failed"
      ],
      "nist_800_53": [
        "AU.14",
        "AC.7"
      ],
      "gdpr": [
        "IV_35.7.d",
        "IV_32.2"
      ],
      "firedtimes": 32,
      "mitre": {
        "technique": [
          "Password Guessing",
          "SSH"
        ],
        "id": [
          "T1110.001",
          "T1021.004"
        ],
        "tactic": [
          "Credential Access",
          "Lateral Movement"
        ]
      },
      "id": "5760",
      "gpg13": [
        "7.1"
      ]
    },
    "full_log": "Sep 10 12:58:31 vp sshd[1957361]: Failed password for root from 45.148.10.157 port 45306 ssh2",
    "id": "1789045111.125690376",
    "timestamp": "2026-09-10T18:28:31.812+0530",
    "predecoder": {
      "hostname": "vp",
      "program_name": "sshd",
      "timestamp": "Sep 10 12:58:31"
    },
    "manager": {
      "name": "vp"
    },
    "decoder": {
      "parent": "sshd",
      "name": "sshd"
    },
    "input": {
      "type": "log"
    },
    "@timestamp": "2026-09-10T12:58:31.812Z",
    "location": "journald",
    "GeoLocation": {
      "city_name": "Amsterdam",
      "country_name": "Netherlands",
      "region_name": "North Holland",
      "location": {
        "lon": 4.9087,
        "lat": 52.3534
      }
    }
  },
  {
    "agent": {
      "name": "vp",
      "id": "000"
    },
    "data": {
      "srcip": "45.148.10.157",
      "dstuser": "root",
      "srcport": "45306"
    },
    "rule": {
      "mail": false,
      "level": 5,
      "hipaa": [
        "164.312.b"
      ],
      "pci_dss": [
        "10.2.4",
        "10.2.5"
      ],
      "tsc": [
        "CC6.1",
        "CC6.8",
        "CC7.2",
        "CC7.3"
      ],
      "description": "sshd: authentication failed.",
      "groups": [
        "syslog",
        "sshd",
        "authentication_failed"
      ],
      "nist_800_53": [
        "AU.14",
        "AC.7"
      ],
      "gdpr": [
        "IV_35.7.d",
        "IV_32.2"
      ],
      "firedtimes": 31,
      "mitre": {
        "technique": [
          "Password Guessing",
          "SSH"
        ],
        "id": [
          "T1110.001",
          "T1021.004"
        ],
        "tactic": [
          "Credential Access",
          "Lateral Movement"
        ]
      },
      "id": "5760",
      "gpg13": [
        "7.1"
      ]
    },
    "full_log": "Sep 10 12:58:27 vp sshd[1957361]: Failed password for root from 45.148.10.157 port 45306 ssh2",
    "id": "1789045107.125689916",
    "timestamp": "2026-09-10T18:28:27.810+0530",
    "predecoder": {
      "hostname": "vp",
      "program_name": "sshd",
      "timestamp": "Sep 10 12:58:27"
    },
    "manager": {
      "name": "vp"
    },
    "decoder": {
      "parent": "sshd",
      "name": "sshd"
    },
    "input": {
      "type": "log"
    },
    "@timestamp": "2026-09-10T12:58:27.810Z",
    "location": "journald",
    "GeoLocation": {
      "city_name": "Amsterdam",
      "country_name": "Netherlands",
      "region_name": "North Holland",
      "location": {
        "lon": 4.9087,
        "lat": 52.3534
      }
    }
  },
  {
    "agent": {
      "name": "vp",
      "id": "000"
    },
    "data": {
      "srcip": "45.148.10.157",
      "dstuser": "root",
      "srcport": "45306"
    },
    "rule": {
      "mail": false,
      "level": 5,
      "hipaa": [
        "164.312.b"
      ],
      "pci_dss": [
        "10.2.4",
        "10.2.5"
      ],
      "tsc": [
        "CC6.1",
        "CC6.8",
        "CC7.2",
        "CC7.3"
      ],
      "description": "sshd: authentication failed.",
      "groups": [
        "syslog",
        "sshd",
        "authentication_failed"
      ],
      "nist_800_53": [
        "AU.14",
        "AC.7"
      ],
      "gdpr": [
        "IV_35.7.d",
        "IV_32.2"
      ],
      "firedtimes": 30,
      "mitre": {
        "technique": [
          "Password Guessing",
          "SSH"
        ],
        "id": [
          "T1110.001",
          "T1021.004"
        ],
        "tactic": [
          "Credential Access",
          "Lateral Movement"
        ]
      },
      "id": "5760",
      "gpg13": [
        "7.1"
      ]
    },
    "full_log": "Sep 10 12:58:22 vp sshd[1957361]: Failed password for root from 45.148.10.157 port 45306 ssh2",
    "id": "1789045103.125689456",
    "timestamp": "2026-09-10T18:28:23.809+0530",
    "predecoder": {
      "hostname": "vp",
      "program_name": "sshd",
      "timestamp": "Sep 10 12:58:22"
    },
    "manager": {
      "name": "vp"
    },
    "decoder": {
      "parent": "sshd",
      "name": "sshd"
    },
    "input": {
      "type": "log"
    },
    "@timestamp": "2026-09-10T12:58:23.809Z",
    "location": "journald",
    "GeoLocation": {
      "city_name": "Amsterdam",
      "country_name": "Netherlands",
      "region_name": "North Holland",
      "location": {
        "lon": 4.9087,
        "lat": 52.3534
      }
    }
  },
  {
    "agent": {
      "name": "vp",
      "id": "000"
    },
    "data": {
      "uid": "0",
      "srcip": "45.148.10.157",
      "euid": "0",
      "dstuser": "root",
      "tty": "ssh"
    },
    "rule": {
      "mail": false,
      "level": 5,
      "pci_dss": [
        "10.2.4",
        "10.2.5"
      ],
      "hipaa": [
        "164.312.b"
      ],
      "tsc": [
        "CC6.1",
        "CC6.8",
        "CC7.2",
        "CC7.3"
      ],
      "description": "PAM: User login failed.",
      "groups": [
        "pam",
        "syslog",
        "authentication_failed"
      ],
      "nist_800_53": [
        "AU.14",
        "AC.7"
      ],
      "gdpr": [
        "IV_35.7.d",
        "IV_32.2"
      ],
      "firedtimes": 27,
      "mitre": {
        "technique": [
          "Password Guessing"
        ],
        "id": [
          "T1110.001"
        ],
        "tactic": [
          "Credential Access"
        ]
      },
      "id": "5503",
      "gpg13": [
        "7.8"
      ]
    },
    "full_log": "Sep 10 12:58:20 vp sshd[1957361]: pam_unix(sshd:auth): authentication failure; logname= uid=0 euid=0 tty=ssh ruser= rhost=45.148.10.157  user=root",
    "id": "1789045101.125688941",
    "timestamp": "2026-09-10T18:28:21.809+0530",
    "predecoder": {
      "hostname": "vp",
      "program_name": "sshd",
      "timestamp": "Sep 10 12:58:20"
    },
    "manager": {
      "name": "vp"
    },
    "decoder": {
      "name": "pam"
    },
    "input": {
      "type": "log"
    },
    "@timestamp": "2026-09-10T12:58:21.809Z",
    "location": "journald",
    "GeoLocation": {
      "city_name": "Amsterdam",
      "country_name": "Netherlands",
      "region_name": "North Holland",
      "location": {
        "lon": 4.9087,
        "lat": 52.3534
      }
    }
  },
  {
    "agent": {
      "ip": "192.168.88.147",
      "name": "aayat-host-5th-sem",
      "id": "052"
    },
    "manager": {
      "name": "vp"
    },
    "data": {
      "win": {
        "eventdata": {
          "param7": "SYSTEM",
          "param8": "S-1-5-18",
          "param5": "Unavailable",
          "param6": "NT AUTHORITY",
          "param9": "LocalHost (Using LRPC)",
          "param10": "Unavailable",
          "param11": "Unavailable",
          "param3": "Launch",
          "param4": "Windows.SecurityCenter.SecurityAppBroker",
          "param1": "application-specific",
          "param2": "Local"
        },
        "system": {
          "eventID": "10016",
          "eventSourceName": "DCOM",
          "keywords": "0x8080000000000000",
          "providerGuid": "{1B562E86-B7AA-4131-BADC-B6F3A001407E}",
          "level": "3",
          "channel": "System",
          "opcode": "0",
          "message": "\"The application-specific permission settings do not grant Local Launch permission for the COM Server application with CLSID \r\nWindows.SecurityCenter.SecurityAppBroker\r\n and APPID \r\nUnavailable\r\n to the user NT AUTHORITY\\SYSTEM SID (S-1-5-18) from address LocalHost (Using LRPC) running in the application container Unavailable SID (Unavailable). This security permission can be modified using the Component Services administrative tool.\"",
          "version": "0",
          "systemTime": "2026-09-10T12:57:58.6226129Z",
          "eventRecordID": "305941",
          "threadID": "1892",
          "computer": "Aayat",
          "task": "0",
          "processID": "1876",
          "severityValue": "WARNING",
          "providerName": "Microsoft-Windows-DistributedCOM"
        }
      }
    },
    "rule": {
      "firedtimes": 6,
      "mail": false,
      "level": 10,
      "description": "Windows: Mimikatz credential dump (EventID 4624)",
      "groups": [
        "custom_attacks",
        "windows",
        "credential_access"
      ],
      "mitre": {
        "technique": [
          "LSASS Memory"
        ],
        "id": [
          "T1003.001"
        ],
        "tactic": [
          "Credential Access"
        ]
      },
      "id": "100141"
    },
    "decoder": {
      "name": "windows_eventchannel"
    },
    "full_log": "{\"win\":{\"system\":{\"providerName\":\"Microsoft-Windows-DistributedCOM\",\"providerGuid\":\"{1B562E86-B7AA-4131-BADC-B6F3A001407E}\",\"eventSourceName\":\"DCOM\",\"eventID\":\"10016\",\"version\":\"0\",\"level\":\"3\",\"task\":\"0\",\"opcode\":\"0\",\"keywords\":\"0x8080000000000000\",\"systemTime\":\"2026-09-10T12:57:58.6226129Z\",\"eventRecordID\":\"305941\",\"processID\":\"1876\",\"threadID\":\"1892\",\"channel\":\"System\",\"computer\":\"Aayat\",\"severityValue\":\"WARNING\",\"message\":\"\\\"The application-specific permission settings do not grant Local Launch permission for the COM Server application with CLSID \\r\\nWindows.SecurityCenter.SecurityAppBroker\\r\\n and APPID \\r\\nUnavailable\\r\\n to the user NT AUTHORITY\\\\SYSTEM SID (S-1-5-18) from address LocalHost (Using LRPC) running in the application container Unavailable SID (Unavailable). This security permission can be modified using the Component Services administrative tool.\\\"\"},\"eventdata\":{\"param1\":\"application-specific\",\"param2\":\"Local\",\"param3\":\"Launch\",\"param4\":\"Windows.SecurityCenter.SecurityAppBroker\",\"param5\":\"Unavailable\",\"param6\":\"NT AUTHORITY\",\"param7\":\"SYSTEM\",\"param8\":\"S-1-5-18\",\"param9\":\"LocalHost (Using LRPC)\",\"param10\":\"Unavailable\",\"param11\":\"Unavailable\"}}}",
    "input": {
      "type": "log"
    },
    "@timestamp": "2026-09-10T12:58:03.398Z",
    "location": "EventChannel",
    "id": "1789045083.125686148",
    "timestamp": "2026-09-10T18:28:03.398+0530"
  },
  {
    "agent": {
      "ip": "192.168.88.147",
      "name": "aayat-host-5th-sem",
      "id": "052"
    },
    "manager": {
      "name": "vp"
    },
    "data": {
      "win": {
        "eventdata": {
          "param7": "SYSTEM",
          "param8": "S-1-5-18",
          "param5": "Unavailable",
          "param6": "NT AUTHORITY",
          "param9": "LocalHost (Using LRPC)",
          "param10": "Unavailable",
          "param11": "Unavailable",
          "param3": "Launch",
          "param4": "Windows.SecurityCenter.WscBrokerManager",
          "param1": "application-specific",
          "param2": "Local"
        },
        "system": {
          "eventID": "10016",
          "eventSourceName": "DCOM",
          "keywords": "0x8080000000000000",
          "providerGuid": "{1B562E86-B7AA-4131-BADC-B6F3A001407E}",
          "level": "3",
          "channel": "System",
          "opcode": "0",
          "message": "\"The application-specific permission settings do not grant Local Launch permission for the COM Server application with CLSID \r\nWindows.SecurityCenter.WscBrokerManager\r\n and APPID \r\nUnavailable\r\n to the user NT AUTHORITY\\SYSTEM SID (S-1-5-18) from address LocalHost (Using LRPC) running in the application container Unavailable SID (Unavailable). This security permission can be modified using the Component Services administrative tool.\"",
          "version": "0",
          "systemTime": "2026-09-10T12:57:58.6226129Z",
          "eventRecordID": "305940",
          "threadID": "1776",
          "computer": "Aayat",
          "task": "0",
          "processID": "1876",
          "severityValue": "WARNING",
          "providerName": "Microsoft-Windows-DistributedCOM"
        }
      }
    },
    "rule": {
      "firedtimes": 5,
      "mail": false,
      "level": 10,
      "description": "Windows: Mimikatz credential dump (EventID 4624)",
      "groups": [
        "custom_attacks",
        "windows",
        "credential_access"
      ],
      "mitre": {
        "technique": [
          "LSASS Memory"
        ],
        "id": [
          "T1003.001"
        ],
        "tactic": [
          "Credential Access"
        ]
      },
      "id": "100141"
    },
    "decoder": {
      "name": "windows_eventchannel"
    },
    "full_log": "{\"win\":{\"system\":{\"providerName\":\"Microsoft-Windows-DistributedCOM\",\"providerGuid\":\"{1B562E86-B7AA-4131-BADC-B6F3A001407E}\",\"eventSourceName\":\"DCOM\",\"eventID\":\"10016\",\"version\":\"0\",\"level\":\"3\",\"task\":\"0\",\"opcode\":\"0\",\"keywords\":\"0x8080000000000000\",\"systemTime\":\"2026-09-10T12:57:58.6226129Z\",\"eventRecordID\":\"305940\",\"processID\":\"1876\",\"threadID\":\"1776\",\"channel\":\"System\",\"computer\":\"Aayat\",\"severityValue\":\"WARNING\",\"message\":\"\\\"The application-specific permission settings do not grant Local Launch permission for the COM Server application with CLSID \\r\\nWindows.SecurityCenter.WscBrokerManager\\r\\n and APPID \\r\\nUnavailable\\r\\n to the user NT AUTHORITY\\\\SYSTEM SID (S-1-5-18) from address LocalHost (Using LRPC) running in the application container Unavailable SID (Unavailable). This security permission can be modified using the Component Services administrative tool.\\\"\"},\"eventdata\":{\"param1\":\"application-specific\",\"param2\":\"Local\",\"param3\":\"Launch\",\"param4\":\"Windows.SecurityCenter.WscBrokerManager\",\"param5\":\"Unavailable\",\"param6\":\"NT AUTHORITY\",\"param7\":\"SYSTEM\",\"param8\":\"S-1-5-18\",\"param9\":\"LocalHost (Using LRPC)\",\"param10\":\"Unavailable\",\"param11\":\"Unavailable\"}}}",
    "input": {
      "type": "log"
    },
    "@timestamp": "2026-09-10T12:58:03.388Z",
    "location": "EventChannel",
    "id": "1789045083.125683359",
    "timestamp": "2026-09-10T18:28:03.388+0530"
  },
  {
    "agent": {
      "ip": "192.168.88.147",
      "name": "aayat-host-5th-sem",
      "id": "052"
    },
    "manager": {
      "name": "vp"
    },
    "data": {
      "win": {
        "eventdata": {
          "param7": "SYSTEM",
          "param8": "S-1-5-18",
          "param5": "Unavailable",
          "param6": "NT AUTHORITY",
          "param9": "LocalHost (Using LRPC)",
          "param10": "Unavailable",
          "param11": "Unavailable",
          "param3": "Launch",
          "param4": "Windows.SecurityCenter.WscDataProtection",
          "param1": "application-specific",
          "param2": "Local"
        },
        "system": {
          "eventID": "10016",
          "eventSourceName": "DCOM",
          "keywords": "0x8080000000000000",
          "providerGuid": "{1B562E86-B7AA-4131-BADC-B6F3A001407E}",
          "level": "3",
          "channel": "System",
          "opcode": "0",
          "message": "\"The application-specific permission settings do not grant Local Launch permission for the COM Server application with CLSID \r\nWindows.SecurityCenter.WscDataProtection\r\n and APPID \r\nUnavailable\r\n to the user NT AUTHORITY\\SYSTEM SID (S-1-5-18) from address LocalHost (Using LRPC) running in the application container Unavailable SID (Unavailable). This security permission can be modified using the Component Services administrative tool.\"",
          "version": "0",
          "systemTime": "2026-09-10T12:57:58.6205491Z",
          "eventRecordID": "305939",
          "threadID": "5520",
          "computer": "Aayat",
          "task": "0",
          "processID": "1876",
          "severityValue": "WARNING",
          "providerName": "Microsoft-Windows-DistributedCOM"
        }
      }
    },
    "rule": {
      "firedtimes": 4,
      "mail": false,
      "level": 10,
      "description": "Windows: Mimikatz credential dump (EventID 4624)",
      "groups": [
        "custom_attacks",
        "windows",
        "credential_access"
      ],
      "mitre": {
        "technique": [
          "LSASS Memory"
        ],
        "id": [
          "T1003.001"
        ],
        "tactic": [
          "Credential Access"
        ]
      },
      "id": "100141"
    },
    "decoder": {
      "name": "windows_eventchannel"
    },
    "full_log": "{\"win\":{\"system\":{\"providerName\":\"Microsoft-Windows-DistributedCOM\",\"providerGuid\":\"{1B562E86-B7AA-4131-BADC-B6F3A001407E}\",\"eventSourceName\":\"DCOM\",\"eventID\":\"10016\",\"version\":\"0\",\"level\":\"3\",\"task\":\"0\",\"opcode\":\"0\",\"keywords\":\"0x8080000000000000\",\"systemTime\":\"2026-09-10T12:57:58.6205491Z\",\"eventRecordID\":\"305939\",\"processID\":\"1876\",\"threadID\":\"5520\",\"channel\":\"System\",\"computer\":\"Aayat\",\"severityValue\":\"WARNING\",\"message\":\"\\\"The application-specific permission settings do not grant Local Launch permission for the COM Server application with CLSID \\r\\nWindows.SecurityCenter.WscDataProtection\\r\\n and APPID \\r\\nUnavailable\\r\\n to the user NT AUTHORITY\\\\SYSTEM SID (S-1-5-18) from address LocalHost (Using LRPC) running in the application container Unavailable SID (Unavailable). This security permission can be modified using the Component Services administrative tool.\\\"\"},\"eventdata\":{\"param1\":\"application-specific\",\"param2\":\"Local\",\"param3\":\"Launch\",\"param4\":\"Windows.SecurityCenter.WscDataProtection\",\"param5\":\"Unavailable\",\"param6\":\"NT AUTHORITY\",\"param7\":\"SYSTEM\",\"param8\":\"S-1-5-18\",\"param9\":\"LocalHost (Using LRPC)\",\"param10\":\"Unavailable\",\"param11\":\"Unavailable\"}}}",
    "input": {
      "type": "log"
    },
    "@timestamp": "2026-09-10T12:58:03.385Z",
    "location": "EventChannel",
    "id": "1789045083.125680566",
    "timestamp": "2026-09-10T18:28:03.385+0530"
  },
