  {
    "predecoder": {
      "hostname": "vp",
      "program_name": "sshd",
      "timestamp": "Sep 10 12:57:56"
    },
    "agent": {
      "name": "vp",
      "id": "000"
    },
    "manager": {
      "name": "vp"
    },
    "data": {
      "srcuser": "admin",
      "srcip": "103.60.204.198"
    },
    "rule": {
      "mail": false,
      "level": 5,
      "hipaa": [
        "164.312.b"
      ],
      "pci_dss": [
        "10.2.4",
        "10.2.5",
        "10.6.1"
      ],
      "tsc": [
        "CC6.1",
        "CC6.8",
        "CC7.2",
        "CC7.3"
      ],
      "description": "sshd: Attempt to login using a non-existent user",
      "groups": [
        "syslog",
        "sshd",
        "authentication_failed",
        "invalid_login"
      ],
      "nist_800_53": [
        "AU.14",
        "AC.7",
        "AU.6"
      ],
      "gdpr": [
        "IV_35.7.d",
        "IV_32.2"
      ],
      "firedtimes": 20,
      "mitre": {
        "technique": [
          "Password Guessing",
          "SSH"
        ],
        "id": [
          "T1110.001",
          "T1021.004"
        ],
        "tactic": [
          "Credential Access",
          "Lateral Movement"
        ]
      },
      "id": "5710",
      "gpg13": [
        "7.1"
      ]
    },
    "decoder": {
      "parent": "sshd",
      "name": "sshd"
    },
    "full_log": "Sep 10 12:57:56 vp sshd[1957355]: Failed password for invalid user admin from 103.60.204.198 port 51410 ssh2",
    "input": {
      "type": "log"
    },
    "@timestamp": "2026-09-10T12:57:57.803Z",
    "location": "journald",
    "id": "1789045077.125680051",
    "timestamp": "2026-09-10T18:27:57.803+0530"
  },
  {
    "predecoder": {
      "hostname": "vp",
      "program_name": "sshd",
      "timestamp": "Sep 10 12:57:54"
    },
    "agent": {
      "name": "vp",
      "id": "000"
    },
    "manager": {
      "name": "vp"
    },
    "data": {
      "uid": "0",
      "srcip": "103.60.204.198",
      "euid": "0",
      "tty": "ssh"
    },
    "rule": {
      "mail": false,
      "level": 5,
      "pci_dss": [
        "10.2.4",
        "10.2.5"
      ],
      "hipaa": [
        "164.312.b"
      ],
      "tsc": [
        "CC6.1",
        "CC6.8",
        "CC7.2",
        "CC7.3"
      ],
      "description": "PAM: User login failed.",
      "groups": [
        "pam",
        "syslog",
        "authentication_failed"
      ],
      "nist_800_53": [
        "AU.14",
        "AC.7"
      ],
      "gdpr": [
        "IV_35.7.d",
        "IV_32.2"
      ],
      "firedtimes": 26,
      "mitre": {
        "technique": [
          "Password Guessing"
        ],
        "id": [
          "T1110.001"
        ],
        "tactic": [
          "Credential Access"
        ]
      },
      "id": "5503",
      "gpg13": [
        "7.8"
      ]
    },
    "decoder": {
      "name": "pam"
    },
    "full_log": "Sep 10 12:57:54 vp sshd[1957355]: pam_unix(sshd:auth): authentication failure; logname= uid=0 euid=0 tty=ssh ruser= rhost=103.60.204.198",
    "input": {
      "type": "log"
    },
    "@timestamp": "2026-09-10T12:57:55.802Z",
    "location": "journald",
    "id": "1789045075.125679050",
    "timestamp": "2026-09-10T18:27:55.802+0530"
  },
  {
    "predecoder": {
      "hostname": "vp",
      "program_name": "sshd",
      "timestamp": "Sep 10 12:57:54"
    },
    "agent": {
      "name": "vp",
      "id": "000"
    },
    "manager": {
      "name": "vp"
    },
    "data": {
      "srcuser": "admin",
      "srcip": "103.60.204.198",
      "srcport": "51410"
    },
    "rule": {
      "mail": false,
      "level": 5,
      "hipaa": [
        "164.312.b"
      ],
      "pci_dss": [
        "10.2.4",
        "10.2.5",
        "10.6.1"
      ],
      "tsc": [
        "CC6.1",
        "CC6.8",
        "CC7.2",
        "CC7.3"
      ],
      "description": "sshd: Attempt to login using a non-existent user",
      "groups": [
        "syslog",
        "sshd",
        "authentication_failed",
        "invalid_login"
      ],
      "nist_800_53": [
        "AU.14",
        "AC.7",
        "AU.6"
      ],
      "gdpr": [
        "IV_35.7.d",
        "IV_32.2"
      ],
      "firedtimes": 19,
      "mitre": {
        "technique": [
          "Password Guessing",
          "SSH"
        ],
        "id": [
          "T1110.001",
          "T1021.004"
        ],
        "tactic": [
          "Credential Access",
          "Lateral Movement"
        ]
      },
      "id": "5710",
      "gpg13": [
        "7.1"
      ]
    },
    "decoder": {
      "parent": "sshd",
      "name": "sshd"
    },
    "full_log": "Sep 10 12:57:54 vp sshd[1957355]: Invalid user admin from 103.60.204.198 port 51410",
    "input": {
      "type": "log"
    },
    "@timestamp": "2026-09-10T12:57:55.802Z",
    "location": "journald",
    "id": "1789045075.125679545",
    "timestamp": "2026-09-10T18:27:55.802+0530"
  },
  {
    "agent": {
      "ip": "192.168.88.147",
      "name": "aayat-host-5th-sem",
      "id": "052"
    },
    "manager": {
      "name": "vp"
    },
    "data": {
      "win": {
        "eventdata": {
          "subjectLogonId": "0x3e7",
          "subjectDomainName": "WORKGROUP",
          "targetLinkedLogonId": "0x4908a1",
          "impersonationLevel": "%%1833",
          "ipAddress": "127.0.0.1",
          "authenticationPackageName": "Negotiate",
          "workstationName": "AAYAT",
          "targetLogonId": "0x490902",
          "logonProcessName": "User32",
          "logonGuid": "{00000000-0000-0000-0000-000000000000}",
          "targetUserName": "Its_Aayat_Ansari",
          "keyLength": "0",
          "elevatedToken": "%%1843",
          "subjectUserSid": "S-1-5-18",
          "processId": "0x9ec",
          "processName": "C:\\\\Windows\\\\System32\\\\svchost.exe",
          "ipPort": "0",
          "targetDomainName": "AAYAT",
          "targetUserSid": "S-1-5-21-1389430602-4060098182-2805721921-1001",
          "virtualAccount": "%%1843",
          "logonType": "2",
          "subjectUserName": "AAYAT$"
        },
        "system": {
          "eventID": "4624",
          "keywords": "0x8020000000000000",
          "providerGuid": "{54849625-5478-4994-a5ba-3e3b0328c30d}",
          "level": "0",
          "channel": "Security",
          "opcode": "0",
          "message": "\"An account was successfully logged on.\r\n\r\nSubject:\r\n\tSecurity ID:\t\tS-1-5-18\r\n\tAccount Name:\t\tAAYAT$\r\n\tAccount Domain:\t\tWORKGROUP\r\n\tLogon ID:\t\t0x3E7\r\n\r\nLogon Information:\r\n\tLogon Type:\t\t2\r\n\tRestricted Admin Mode:\t-\r\n\tRemote Credential Guard:\t-\r\n\tVirtual Account:\t\tNo\r\n\tElevated Token:\t\tNo\r\n\r\nImpersonation Level:\t\tImpersonation\r\n\r\nNew Logon:\r\n\tSecurity ID:\t\tS-1-5-21-1389430602-4060098182-2805721921-1001\r\n\tAccount Name:\t\tIts_Aayat_Ansari\r\n\tAccount Domain:\t\tAAYAT\r\n\tLogon ID:\t\t0x490902\r\n\tLinked Logon ID:\t\t0x4908A1\r\n\tNetwork Account Name:\t-\r\n\tNetwork Account Domain:\t-\r\n\tLogon GUID:\t\t{00000000-0000-0000-0000-000000000000}\r\n\r\nProcess Information:\r\n\tProcess ID:\t\t0x9ec\r\n\tProcess Name:\t\tC:\\Windows\\System32\\svchost.exe\r\n\r\nNetwork Information:\r\n\tWorkstation Name:\tAAYAT\r\n\tSource Network Address:\t127.0.0.1\r\n\tSource Port:\t\t0\r\n\r\nDetailed Authentication Information:\r\n\tLogon Process:\t\tUser32 \r\n\tAuthentication Package:\tNegotiate\r\n\tTransited Services:\t-\r\n\tPackage Name (NTLM only):\t-\r\n\tKey Length:\t\t0\r\n\r\nThis event is generated when a logon session is created. It is generated on the computer that was accessed.\r\n\r\nThe subject fields indicate the account on the local system which requested the logon. This is most commonly a service such as the Server service, or a local process such as Winlogon.exe or Services.exe.\r\n\r\nThe logon type field indicates the kind of logon that occurred. The most common types are 2 (interactive) and 3 (network).\r\n\r\nThe New Logon fields indicate the account for whom the new logon was created, i.e. the account that was logged on.\r\n\r\nThe network fields indicate where a remote logon request originated. Workstation name is not always available and may be left blank in some cases.\r\n\r\nThe impersonation level field indicates the extent to which a process in the logon session can impersonate.\r\n\r\nThe authentication information fields provide detailed information about this specific logon request.\r\n\t- Logon GUID is a unique identifier that can be used to correlate this event with a KDC event.\r\n\t- Transited services indicate which intermediate services have participated in this logon request.\r\n\t- Package name indicates which sub-protocol was used among the NTLM protocols.\r\n\t- Key length indicates the length of the generated session key. This will be 0 if no session key was requested.\"",
          "version": "3",
          "systemTime": "2026-09-10T12:57:48.2919959Z",
          "eventRecordID": "4409477",
          "threadID": "1740",
          "computer": "Aayat",
          "task": "12544",
          "processID": "1604",
          "severityValue": "AUDIT_SUCCESS",
          "providerName": "Microsoft-Windows-Security-Auditing"
        }
      }
    },
    "rule": {
      "firedtimes": 2,
      "mail": true,
      "level": 12,
      "description": "Windows: Pass-the-hash / logon anomaly",
      "groups": [
        "custom_attacks",
        "windows"
      ],
      "mitre": {
        "technique": [
          "Pass the Hash"
        ],
        "id": [
          "T1550.002"
        ],
        "tactic": [
          "Defense Evasion",
          "Lateral Movement"
        ]
      },
      "id": "100140"
    },
    "decoder": {
      "name": "windows_eventchannel"
    },
    "full_log": "{\"win\":{\"system\":{\"providerName\":\"Microsoft-Windows-Security-Auditing\",\"providerGuid\":\"{54849625-5478-4994-a5ba-3e3b0328c30d}\",\"eventID\":\"4624\",\"version\":\"3\",\"level\":\"0\",\"task\":\"12544\",\"opcode\":\"0\",\"keywords\":\"0x8020000000000000\",\"systemTime\":\"2026-09-10T12:57:48.2919959Z\",\"eventRecordID\":\"4409477\",\"processID\":\"1604\",\"threadID\":\"1740\",\"channel\":\"Security\",\"computer\":\"Aayat\",\"severityValue\":\"AUDIT_SUCCESS\",\"message\":\"\\\"An account was successfully logged on.\\r\\n\\r\\nSubject:\\r\\n\\tSecurity ID:\\t\\tS-1-5-18\\r\\n\\tAccount Name:\\t\\tAAYAT$\\r\\n\\tAccount Domain:\\t\\tWORKGROUP\\r\\n\\tLogon ID:\\t\\t0x3E7\\r\\n\\r\\nLogon Information:\\r\\n\\tLogon Type:\\t\\t2\\r\\n\\tRestricted Admin Mode:\\t-\\r\\n\\tRemote Credential Guard:\\t-\\r\\n\\tVirtual Account:\\t\\tNo\\r\\n\\tElevated Token:\\t\\tNo\\r\\n\\r\\nImpersonation Level:\\t\\tImpersonation\\r\\n\\r\\nNew Logon:\\r\\n\\tSecurity ID:\\t\\tS-1-5-21-1389430602-4060098182-2805721921-1001\\r\\n\\tAccount Name:\\t\\tIts_Aayat_Ansari\\r\\n\\tAccount Domain:\\t\\tAAYAT\\r\\n\\tLogon ID:\\t\\t0x490902\\r\\n\\tLinked Logon ID:\\t\\t0x4908A1\\r\\n\\tNetwork Account Name:\\t-\\r\\n\\tNetwork Account Domain:\\t-\\r\\n\\tLogon GUID:\\t\\t{00000000-0000-0000-0000-000000000000}\\r\\n\\r\\nProcess Information:\\r\\n\\tProcess ID:\\t\\t0x9ec\\r\\n\\tProcess Name:\\t\\tC:\\\\Windows\\\\System32\\\\svchost.exe\\r\\n\\r\\nNetwork Information:\\r\\n\\tWorkstation Name:\\tAAYAT\\r\\n\\tSource Network Address:\\t127.0.0.1\\r\\n\\tSource Port:\\t\\t0\\r\\n\\r\\nDetailed Authentication Information:\\r\\n\\tLogon Process:\\t\\tUser32 \\r\\n\\tAuthentication Package:\\tNegotiate\\r\\n\\tTransited Services:\\t-\\r\\n\\tPackage Name (NTLM only):\\t-\\r\\n\\tKey Length:\\t\\t0\\r\\n\\r\\nThis event is generated when a logon session is created. It is generated on the computer that was accessed.\\r\\n\\r\\nThe subject fields indicate the account on the local system which requested the logon. This is most commonly a service such as the Server service, or a local process such as Winlogon.exe or Services.exe.\\r\\n\\r\\nThe logon type field indicates the kind of logon that occurred. The most common types are 2 (interactive) and 3 (network).\\r\\n\\r\\nThe New Logon fields indicate the account for whom the new logon was created, i.e. the account that was logged on.\\r\\n\\r\\nThe network fields indicate where a remote logon request originated. Workstation name is not always available and may be left blank in some cases.\\r\\n\\r\\nThe impersonation level field indicates the extent to which a process in the logon session can impersonate.\\r\\n\\r\\nThe authentication information fields provide detailed information about this specific logon request.\\r\\n\\t- Logon GUID is a unique identifier that can be used to correlate this event with a KDC event.\\r\\n\\t- Transited services indicate which intermediate services have participated in this logon request.\\r\\n\\t- Package name indicates which sub-protocol was used among the NTLM protocols.\\r\\n\\t- Key length indicates the length of the generated session key. This will be 0 if no session key was requested.\\\"\"},\"eventdata\":{\"subjectUserSid\":\"S-1-5-18\",\"subjectUserName\":\"AAYAT$\",\"subjectDomainName\":\"WORKGROUP\",\"subjectLogonId\":\"0x3e7\",\"targetUserSid\":\"S-1-5-21-1389430602-4060098182-2805721921-1001\",\"targetUserName\":\"Its_Aayat_Ansari\",\"targetDomainName\":\"AAYAT\",\"targetLogonId\":\"0x490902\",\"logonType\":\"2\",\"logonProcessName\":\"User32\",\"authenticationPackageName\":\"Negotiate\",\"workstationName\":\"AAYAT\",\"logonGuid\":\"{00000000-0000-0000-0000-000000000000}\",\"keyLength\":\"0\",\"processId\":\"0x9ec\",\"processName\":\"C:\\\\\\\\Windows\\\\\\\\System32\\\\\\\\svchost.exe\",\"ipAddress\":\"127.0.0.1\",\"ipPort\":\"0\",\"impersonationLevel\":\"%%1833\",\"virtualAccount\":\"%%1843\",\"targetLinkedLogonId\":\"0x4908a1\",\"elevatedToken\":\"%%1843\"}}}",
    "input": {
      "type": "log"
    },
    "@timestamp": "2026-09-10T12:57:53.037Z",
    "location": "EventChannel",
    "id": "1789045073.125671472",
    "timestamp": "2026-09-10T18:27:53.037+0530"
  },
  {
    "agent": {
      "ip": "192.168.88.147",
      "name": "aayat-host-5th-sem",
      "id": "052"
    },
    "manager": {
      "name": "vp"
    },
    "data": {
      "win": {
        "eventdata": {
          "subjectLogonId": "0x3e7",
          "subjectDomainName": "WORKGROUP",
          "targetLinkedLogonId": "0x490902",
          "impersonationLevel": "%%1833",
          "ipAddress": "127.0.0.1",
          "authenticationPackageName": "Negotiate",
          "workstationName": "AAYAT",
          "targetLogonId": "0x4908a1",
          "logonProcessName": "User32",
          "logonGuid": "{00000000-0000-0000-0000-000000000000}",
          "targetUserName": "Its_Aayat_Ansari",
          "keyLength": "0",
          "elevatedToken": "%%1842",
          "subjectUserSid": "S-1-5-18",
          "processId": "0x9ec",
          "processName": "C:\\\\Windows\\\\System32\\\\svchost.exe",
          "ipPort": "0",
          "targetDomainName": "AAYAT",
          "targetUserSid": "S-1-5-21-1389430602-4060098182-2805721921-1001",
          "virtualAccount": "%%1843",
          "logonType": "2",
          "subjectUserName": "AAYAT$"
        },
        "system": {
          "eventID": "4624",
          "keywords": "0x8020000000000000",
          "providerGuid": "{54849625-5478-4994-a5ba-3e3b0328c30d}",
          "level": "0",
          "channel": "Security",
          "opcode": "0",
          "message": "\"An account was successfully logged on.\r\n\r\nSubject:\r\n\tSecurity ID:\t\tS-1-5-18\r\n\tAccount Name:\t\tAAYAT$\r\n\tAccount Domain:\t\tWORKGROUP\r\n\tLogon ID:\t\t0x3E7\r\n\r\nLogon Information:\r\n\tLogon Type:\t\t2\r\n\tRestricted Admin Mode:\t-\r\n\tRemote Credential Guard:\t-\r\n\tVirtual Account:\t\tNo\r\n\tElevated Token:\t\tYes\r\n\r\nImpersonation Level:\t\tImpersonation\r\n\r\nNew Logon:\r\n\tSecurity ID:\t\tS-1-5-21-1389430602-4060098182-2805721921-1001\r\n\tAccount Name:\t\tIts_Aayat_Ansari\r\n\tAccount Domain:\t\tAAYAT\r\n\tLogon ID:\t\t0x4908A1\r\n\tLinked Logon ID:\t\t0x490902\r\n\tNetwork Account Name:\t-\r\n\tNetwork Account Domain:\t-\r\n\tLogon GUID:\t\t{00000000-0000-0000-0000-000000000000}\r\n\r\nProcess Information:\r\n\tProcess ID:\t\t0x9ec\r\n\tProcess Name:\t\tC:\\Windows\\System32\\svchost.exe\r\n\r\nNetwork Information:\r\n\tWorkstation Name:\tAAYAT\r\n\tSource Network Address:\t127.0.0.1\r\n\tSource Port:\t\t0\r\n\r\nDetailed Authentication Information:\r\n\tLogon Process:\t\tUser32 \r\n\tAuthentication Package:\tNegotiate\r\n\tTransited Services:\t-\r\n\tPackage Name (NTLM only):\t-\r\n\tKey Length:\t\t0\r\n\r\nThis event is generated when a logon session is created. It is generated on the computer that was accessed.\r\n\r\nThe subject fields indicate the account on the local system which requested the logon. This is most commonly a service such as the Server service, or a local process such as Winlogon.exe or Services.exe.\r\n\r\nThe logon type field indicates the kind of logon that occurred. The most common types are 2 (interactive) and 3 (network).\r\n\r\nThe New Logon fields indicate the account for whom the new logon was created, i.e. the account that was logged on.\r\n\r\nThe network fields indicate where a remote logon request originated. Workstation name is not always available and may be left blank in some cases.\r\n\r\nThe impersonation level field indicates the extent to which a process in the logon session can impersonate.\r\n\r\nThe authentication information fields provide detailed information about this specific logon request.\r\n\t- Logon GUID is a unique identifier that can be used to correlate this event with a KDC event.\r\n\t- Transited services indicate which intermediate services have participated in this logon request.\r\n\t- Package name indicates which sub-protocol was used among the NTLM protocols.\r\n\t- Key length indicates the length of the generated session key. This will be 0 if no session key was requested.\"",
          "version": "3",
          "systemTime": "2026-09-10T12:57:48.2919812Z",
          "eventRecordID": "4409476",
          "threadID": "1740",
          "computer": "Aayat",
          "task": "12544",
          "processID": "1604",
          "severityValue": "AUDIT_SUCCESS",
          "providerName": "Microsoft-Windows-Security-Auditing"
        }
      }
    },
    "rule": {
      "firedtimes": 1,
      "mail": true,
      "level": 12,
      "description": "Windows: Pass-the-hash / logon anomaly",
      "groups": [
        "custom_attacks",
        "windows"
      ],
      "mitre": {
        "technique": [
          "Pass the Hash"
        ],
        "id": [
          "T1550.002"
        ],
        "tactic": [
          "Defense Evasion",
          "Lateral Movement"
        ]
      },
      "id": "100140"
    },
    "decoder": {
      "name": "windows_eventchannel"
    },
    "full_log": "{\"win\":{\"system\":{\"providerName\":\"Microsoft-Windows-Security-Auditing\",\"providerGuid\":\"{54849625-5478-4994-a5ba-3e3b0328c30d}\",\"eventID\":\"4624\",\"version\":\"3\",\"level\":\"0\",\"task\":\"12544\",\"opcode\":\"0\",\"keywords\":\"0x8020000000000000\",\"systemTime\":\"2026-09-10T12:57:48.2919812Z\",\"eventRecordID\":\"4409476\",\"processID\":\"1604\",\"threadID\":\"1740\",\"channel\":\"Security\",\"computer\":\"Aayat\",\"severityValue\":\"AUDIT_SUCCESS\",\"message\":\"\\\"An account was successfully logged on.\\r\\n\\r\\nSubject:\\r\\n\\tSecurity ID:\\t\\tS-1-5-18\\r\\n\\tAccount Name:\\t\\tAAYAT$\\r\\n\\tAccount Domain:\\t\\tWORKGROUP\\r\\n\\tLogon ID:\\t\\t0x3E7\\r\\n\\r\\nLogon Information:\\r\\n\\tLogon Type:\\t\\t2\\r\\n\\tRestricted Admin Mode:\\t-\\r\\n\\tRemote Credential Guard:\\t-\\r\\n\\tVirtual Account:\\t\\tNo\\r\\n\\tElevated Token:\\t\\tYes\\r\\n\\r\\nImpersonation Level:\\t\\tImpersonation\\r\\n\\r\\nNew Logon:\\r\\n\\tSecurity ID:\\t\\tS-1-5-21-1389430602-4060098182-2805721921-1001\\r\\n\\tAccount Name:\\t\\tIts_Aayat_Ansari\\r\\n\\tAccount Domain:\\t\\tAAYAT\\r\\n\\tLogon ID:\\t\\t0x4908A1\\r\\n\\tLinked Logon ID:\\t\\t0x490902\\r\\n\\tNetwork Account Name:\\t-\\r\\n\\tNetwork Account Domain:\\t-\\r\\n\\tLogon GUID:\\t\\t{00000000-0000-0000-0000-000000000000}\\r\\n\\r\\nProcess Information:\\r\\n\\tProcess ID:\\t\\t0x9ec\\r\\n\\tProcess Name:\\t\\tC:\\\\Windows\\\\System32\\\\svchost.exe\\r\\n\\r\\nNetwork Information:\\r\\n\\tWorkstation Name:\\tAAYAT\\r\\n\\tSource Network Address:\\t127.0.0.1\\r\\n\\tSource Port:\\t\\t0\\r\\n\\r\\nDetailed Authentication Information:\\r\\n\\tLogon Process:\\t\\tUser32 \\r\\n\\tAuthentication Package:\\tNegotiate\\r\\n\\tTransited Services:\\t-\\r\\n\\tPackage Name (NTLM only):\\t-\\r\\n\\tKey Length:\\t\\t0\\r\\n\\r\\nThis event is generated when a logon session is created. It is generated on the computer that was accessed.\\r\\n\\r\\nThe subject fields indicate the account on the local system which requested the logon. This is most commonly a service such as the Server service, or a local process such as Winlogon.exe or Services.exe.\\r\\n\\r\\nThe logon type field indicates the kind of logon that occurred. The most common types are 2 (interactive) and 3 (network).\\r\\n\\r\\nThe New Logon fields indicate the account for whom the new logon was created, i.e. the account that was logged on.\\r\\n\\r\\nThe network fields indicate where a remote logon request originated. Workstation name is not always available and may be left blank in some cases.\\r\\n\\r\\nThe impersonation level field indicates the extent to which a process in the logon session can impersonate.\\r\\n\\r\\nThe authentication information fields provide detailed information about this specific logon request.\\r\\n\\t- Logon GUID is a unique identifier that can be used to correlate this event with a KDC event.\\r\\n\\t- Transited services indicate which intermediate services have participated in this logon request.\\r\\n\\t- Package name indicates which sub-protocol was used among the NTLM protocols.\\r\\n\\t- Key length indicates the length of the generated session key. This will be 0 if no session key was requested.\\\"\"},\"eventdata\":{\"subjectUserSid\":\"S-1-5-18\",\"subjectUserName\":\"AAYAT$\",\"subjectDomainName\":\"WORKGROUP\",\"subjectLogonId\":\"0x3e7\",\"targetUserSid\":\"S-1-5-21-1389430602-4060098182-2805721921-1001\",\"targetUserName\":\"Its_Aayat_Ansari\",\"targetDomainName\":\"AAYAT\",\"targetLogonId\":\"0x4908a1\",\"logonType\":\"2\",\"logonProcessName\":\"User32\",\"authenticationPackageName\":\"Negotiate\",\"workstationName\":\"AAYAT\",\"logonGuid\":\"{00000000-0000-0000-0000-000000000000}\",\"keyLength\":\"0\",\"processId\":\"0x9ec\",\"processName\":\"C:\\\\\\\\Windows\\\\\\\\System32\\\\\\\\svchost.exe\",\"ipAddress\":\"127.0.0.1\",\"ipPort\":\"0\",\"impersonationLevel\":\"%%1833\",\"virtualAccount\":\"%%1843\",\"targetLinkedLogonId\":\"0x490902\",\"elevatedToken\":\"%%1842\"}}}",
    "input": {
      "type": "log"
    },
    "@timestamp": "2026-09-10T12:57:53.034Z",
    "location": "EventChannel",
    "id": "1789045073.125663892",
    "timestamp": "2026-09-10T18:27:53.034+0530"
  },
  {
    "agent": {
      "ip": "192.168.88.147",
      "name": "aayat-host-5th-sem",
      "id": "052"
    },
    "manager": {
      "name": "vp"
    },
    "data": {
      "win": {
        "eventdata": {
          "originalFileName": "RUNDLL32.EXE",
          "image": "C:\\\\Windows\\\\System32\\\\rundll32.exe",
          "product": "Microsoft\u00ae Windows\u00ae Operating System",
          "parentProcessGuid": "{d42fb54e-a8dd-6aa2-a300-00000000ae05}",
          "description": "Windows host process (Rundll32)",
          "logonGuid": "{d42fb54e-a8da-6aa2-f37e-030000000000}",
          "parentCommandLine": "C:\\\\WINDOWS\\\\system32\\\\svchost.exe -k wsappx -p -s AppXSvc",
          "processGuid": "{d42fb54e-a8ff-6aa2-a201-00000000ae05}",
          "logonId": "0x37ef3",
          "parentProcessId": "9608",
          "processId": "1468",
          "currentDirectory": "C:\\\\WINDOWS\\\\system32\\\\",
          "utcTime": "2026-09-10 12:56:31.872",
          "hashes": "SHA256=F3E73F8A59B991FA8CDB91D4B37E11110C33A9EABDB25AF8AC8AB5CCF9E3BBF5",
          "parentImage": "C:\\\\Windows\\\\System32\\\\svchost.exe",
          "company": "Microsoft Corporation",
          "commandLine": "C:\\\\WINDOWS\\\\system32\\\\rundll32.exe C:\\\\WINDOWS\\\\system32\\\\AppXDeploymentExtensions.OneCore.dll,ShellRefresh",
          "integrityLevel": "Medium",
          "fileVersion": "10.0.26100.9278 (WinBuild.160101.0800)",
          "user": "AAYAT\\\\Its_Aayat_Ansari",
          "terminalSessionId": "1",
          "parentUser": "NT AUTHORITY\\\\SYSTEM"
        },
        "system": {
          "eventID": "1",
          "keywords": "0x8000000000000000",
          "providerGuid": "{5770385f-c22a-43e0-bf4c-06f5698ffbd9}",
          "level": "4",
          "channel": "Microsoft-Windows-Sysmon/Operational",
          "opcode": "0",
          "message": "\"Process Create:\r\nRuleName: -\r\nUtcTime: 2026-09-10 12:56:31.872\r\nProcessGuid: {d42fb54e-a8ff-6aa2-a201-00000000ae05}\r\nProcessId: 1468\r\nImage: C:\\Windows\\System32\\rundll32.exe\r\nFileVersion: 10.0.26100.9278 (WinBuild.160101.0800)\r\nDescription: Windows host process (Rundll32)\r\nProduct: Microsoft\u00ae Windows\u00ae Operating System\r\nCompany: Microsoft Corporation\r\nOriginalFileName: RUNDLL32.EXE\r\nCommandLine: C:\\WINDOWS\\system32\\rundll32.exe C:\\WINDOWS\\system32\\AppXDeploymentExtensions.OneCore.dll,ShellRefresh\r\nCurrentDirectory: C:\\WINDOWS\\system32\\\r\nUser: AAYAT\\Its_Aayat_Ansari\r\nLogonGuid: {d42fb54e-a8da-6aa2-f37e-030000000000}\r\nLogonId: 0x37EF3\r\nTerminalSessionId: 1\r\nIntegrityLevel: Medium\r\nHashes: SHA256=F3E73F8A59B991FA8CDB91D4B37E11110C33A9EABDB25AF8AC8AB5CCF9E3BBF5\r\nParentProcessGuid: {d42fb54e-a8dd-6aa2-a300-00000000ae05}\r\nParentProcessId: 9608\r\nParentImage: C:\\Windows\\System32\\svchost.exe\r\nParentCommandLine: C:\\WINDOWS\\system32\\svchost.exe -k wsappx -p -s AppXSvc\r\nParentUser: NT AUTHORITY\\SYSTEM\"",
          "version": "5",
          "systemTime": "2026-09-10T12:56:31.8794608Z",
          "eventRecordID": "116349",
          "threadID": "7600",
          "computer": "Aayat",
          "task": "1",
          "processID": "6792",
          "severityValue": "INFORMATION",
          "providerName": "Microsoft-Windows-Sysmon"
        }
      }
    },
    "rule": {
      "firedtimes": 2,
      "mail": true,
      "level": 12,
      "description": "LOLBIN execution detected",
      "groups": [
        "windows",
        "sysmon",
        "custom_windows"
      ],
      "mitre": {
        "technique": [
          "System Binary Proxy Execution"
        ],
        "id": [
          "T1218"
        ],
        "tactic": [
          "Defense Evasion"
        ]
      },
      "id": "200006"
    },
    "decoder": {
      "name": "windows_eventchannel"
    },
    "full_log": "{\"win\":{\"system\":{\"providerName\":\"Microsoft-Windows-Sysmon\",\"providerGuid\":\"{5770385f-c22a-43e0-bf4c-06f5698ffbd9}\",\"eventID\":\"1\",\"version\":\"5\",\"level\":\"4\",\"task\":\"1\",\"opcode\":\"0\",\"keywords\":\"0x8000000000000000\",\"systemTime\":\"2026-09-10T12:56:31.8794608Z\",\"eventRecordID\":\"116349\",\"processID\":\"6792\",\"threadID\":\"7600\",\"channel\":\"Microsoft-Windows-Sysmon/Operational\",\"computer\":\"Aayat\",\"severityValue\":\"INFORMATION\",\"message\":\"\\\"Process Create:\\r\\nRuleName: -\\r\\nUtcTime: 2026-09-10 12:56:31.872\\r\\nProcessGuid: {d42fb54e-a8ff-6aa2-a201-00000000ae05}\\r\\nProcessId: 1468\\r\\nImage: C:\\\\Windows\\\\System32\\\\rundll32.exe\\r\\nFileVersion: 10.0.26100.9278 (WinBuild.160101.0800)\\r\\nDescription: Windows host process (Rundll32)\\r\\nProduct: Microsoft\u00ae Windows\u00ae Operating System\\r\\nCompany: Microsoft Corporation\\r\\nOriginalFileName: RUNDLL32.EXE\\r\\nCommandLine: C:\\\\WINDOWS\\\\system32\\\\rundll32.exe C:\\\\WINDOWS\\\\system32\\\\AppXDeploymentExtensions.OneCore.dll,ShellRefresh\\r\\nCurrentDirectory: C:\\\\WINDOWS\\\\system32\\\\\\r\\nUser: AAYAT\\\\Its_Aayat_Ansari\\r\\nLogonGuid: {d42fb54e-a8da-6aa2-f37e-030000000000}\\r\\nLogonId: 0x37EF3\\r\\nTerminalSessionId: 1\\r\\nIntegrityLevel: Medium\\r\\nHashes: SHA256=F3E73F8A59B991FA8CDB91D4B37E11110C33A9EABDB25AF8AC8AB5CCF9E3BBF5\\r\\nParentProcessGuid: {d42fb54e-a8dd-6aa2-a300-00000000ae05}\\r\\nParentProcessId: 9608\\r\\nParentImage: C:\\\\Windows\\\\System32\\\\svchost.exe\\r\\nParentCommandLine: C:\\\\WINDOWS\\\\system32\\\\svchost.exe -k wsappx -p -s AppXSvc\\r\\nParentUser: NT AUTHORITY\\\\SYSTEM\\\"\"},\"eventdata\":{\"utcTime\":\"2026-09-10 12:56:31.872\",\"processGuid\":\"{d42fb54e-a8ff-6aa2-a201-00000000ae05}\",\"processId\":\"1468\",\"image\":\"C:\\\\\\\\Windows\\\\\\\\System32\\\\\\\\rundll32.exe\",\"fileVersion\":\"10.0.26100.9278 (WinBuild.160101.0800)\",\"description\":\"Windows host process (Rundll32)\",\"product\":\"Microsoft\u00ae Windows\u00ae Operating System\",\"company\":\"Microsoft Corporation\",\"originalFileName\":\"RUNDLL32.EXE\",\"commandLine\":\"C:\\\\\\\\WINDOWS\\\\\\\\system32\\\\\\\\rundll32.exe C:\\\\\\\\WINDOWS\\\\\\\\system32\\\\\\\\AppXDeploymentExtensions.OneCore.dll,ShellRefresh\",\"currentDirectory\":\"C:\\\\\\\\WINDOWS\\\\\\\\system32\\\\\\\\\",\"user\":\"AAYAT\\\\\\\\Its_Aayat_Ansari\",\"logonGuid\":\"{d42fb54e-a8da-6aa2-f37e-030000000000}\",\"logonId\":\"0x37ef3\",\"terminalSessionId\":\"1\",\"integrityLevel\":\"Medium\",\"hashes\":\"SHA256=F3E73F8A59B991FA8CDB91D4B37E11110C33A9EABDB25AF8AC8AB5CCF9E3BBF5\",\"parentProcessGuid\":\"{d42fb54e-a8dd-6aa2-a300-00000000ae05}\",\"parentProcessId\":\"9608\",\"parentImage\":\"C:\\\\\\\\Windows\\\\\\\\System32\\\\\\\\svchost.exe\",\"parentCommandLine\":\"C:\\\\\\\\WINDOWS\\\\\\\\system32\\\\\\\\svchost.exe -k wsappx -p -s AppXSvc\",\"parentUser\":\"NT AUTHORITY\\\\\\\\SYSTEM\"}}}",
    "input": {
      "type": "log"
    },
    "@timestamp": "2026-09-10T12:56:41.215Z",
    "location": "EventChannel",
    "id": "1789045001.125658275",
    "timestamp": "2026-09-10T18:26:41.215+0530"
  },
  {
    "agent": {
      "ip": "192.168.88.147",
      "name": "aayat-host-5th-sem",
      "id": "052"
    },
    "manager": {
      "name": "vp"
    },
    "data": {
      "win": {
        "eventdata": {
          "originalFileName": "net.exe",
          "image": "C:\\\\Windows\\\\SysWOW64\\\\net.exe",
          "product": "Microsoft\u00ae Windows\u00ae Operating System",
          "parentProcessGuid": "{d42fb54e-a8e8-6aa2-2801-00000000ae05}",
          "description": "Net Command",
          "logonGuid": "{d42fb54e-a8d9-6aa2-e703-000000000000}",
          "parentCommandLine": "\\\"C:\\\\Program Files (x86)\\\\ossec-agent\\\\wazuh-agent.exe\\\"",
          "processGuid": "{d42fb54e-a8f7-6aa2-5b01-00000000ae05}",
          "logonId": "0x3e7",
          "parentProcessId": "7752",
          "processId": "8600",
          "currentDirectory": "C:\\\\Program Files (x86)\\\\ossec-agent\\\\",
          "utcTime": "2026-09-10 12:56:23.793",
          "hashes": "SHA256=E7A3A04DB13F7D5E65DB45DBED99B80C9AD9907BEEBA3416E2E5428E1EFB791E",
          "parentImage": "C:\\\\Program Files (x86)\\\\ossec-agent\\\\wazuh-agent.exe",
          "company": "Microsoft Corporation",
          "commandLine": "net user",
          "integrityLevel": "System",
          "fileVersion": "10.0.26100.7019 (WinBuild.160101.0800)",
          "user": "NT AUTHORITY\\\\SYSTEM",
          "terminalSessionId": "0",
          "parentUser": "NT AUTHORITY\\\\SYSTEM"
        },
        "system": {
          "eventID": "1",
          "keywords": "0x8000000000000000",
          "providerGuid": "{5770385f-c22a-43e0-bf4c-06f5698ffbd9}",
          "level": "4",
          "channel": "Microsoft-Windows-Sysmon/Operational",
          "opcode": "0",
          "message": "\"Process Create:\r\nRuleName: -\r\nUtcTime: 2026-09-10 12:56:23.793\r\nProcessGuid: {d42fb54e-a8f7-6aa2-5b01-00000000ae05}\r\nProcessId: 8600\r\nImage: C:\\Windows\\SysWOW64\\net.exe\r\nFileVersion: 10.0.26100.7019 (WinBuild.160101.0800)\r\nDescription: Net Command\r\nProduct: Microsoft\u00ae Windows\u00ae Operating System\r\nCompany: Microsoft Corporation\r\nOriginalFileName: net.exe\r\nCommandLine: net user\r\nCurrentDirectory: C:\\Program Files (x86)\\ossec-agent\\\r\nUser: NT AUTHORITY\\SYSTEM\r\nLogonGuid: {d42fb54e-a8d9-6aa2-e703-000000000000}\r\nLogonId: 0x3E7\r\nTerminalSessionId: 0\r\nIntegrityLevel: System\r\nHashes: SHA256=E7A3A04DB13F7D5E65DB45DBED99B80C9AD9907BEEBA3416E2E5428E1EFB791E\r\nParentProcessGuid: {d42fb54e-a8e8-6aa2-2801-00000000ae05}\r\nParentProcessId: 7752\r\nParentImage: C:\\Program Files (x86)\\ossec-agent\\wazuh-agent.exe\r\nParentCommandLine: \"C:\\Program Files (x86)\\ossec-agent\\wazuh-agent.exe\"\r\nParentUser: NT AUTHORITY\\SYSTEM\"",
          "version": "5",
          "systemTime": "2026-09-10T12:56:23.7944165Z",
          "eventRecordID": "116212",
          "threadID": "7600",
          "computer": "Aayat",
          "task": "1",
          "processID": "6792",
          "severityValue": "INFORMATION",
          "providerName": "Microsoft-Windows-Sysmon"
        }
      }
    },
    "rule": {
      "firedtimes": 2,
      "mail": false,
      "level": 10,
      "description": "Discovery command via process creation audit",
      "groups": [
        "windows",
        "security_event",
        "custom_windows"
      ],
      "mitre": {
        "technique": [
          "System Information Discovery"
        ],
        "id": [
          "T1082"
        ],
        "tactic": [
          "Discovery"
        ]
      },
      "id": "200068"
    },
    "decoder": {
      "name": "windows_eventchannel"
    },
    "full_log": "{\"win\":{\"system\":{\"providerName\":\"Microsoft-Windows-Sysmon\",\"providerGuid\":\"{5770385f-c22a-43e0-bf4c-06f5698ffbd9}\",\"eventID\":\"1\",\"version\":\"5\",\"level\":\"4\",\"task\":\"1\",\"opcode\":\"0\",\"keywords\":\"0x8000000000000000\",\"systemTime\":\"2026-09-10T12:56:23.7944165Z\",\"eventRecordID\":\"116212\",\"processID\":\"6792\",\"threadID\":\"7600\",\"channel\":\"Microsoft-Windows-Sysmon/Operational\",\"computer\":\"Aayat\",\"severityValue\":\"INFORMATION\",\"message\":\"\\\"Process Create:\\r\\nRuleName: -\\r\\nUtcTime: 2026-09-10 12:56:23.793\\r\\nProcessGuid: {d42fb54e-a8f7-6aa2-5b01-00000000ae05}\\r\\nProcessId: 8600\\r\\nImage: C:\\\\Windows\\\\SysWOW64\\\\net.exe\\r\\nFileVersion: 10.0.26100.7019 (WinBuild.160101.0800)\\r\\nDescription: Net Command\\r\\nProduct: Microsoft\u00ae Windows\u00ae Operating System\\r\\nCompany: Microsoft Corporation\\r\\nOriginalFileName: net.exe\\r\\nCommandLine: net user\\r\\nCurrentDirectory: C:\\\\Program Files (x86)\\\\ossec-agent\\\\\\r\\nUser: NT AUTHORITY\\\\SYSTEM\\r\\nLogonGuid: {d42fb54e-a8d9-6aa2-e703-000000000000}\\r\\nLogonId: 0x3E7\\r\\nTerminalSessionId: 0\\r\\nIntegrityLevel: System\\r\\nHashes: SHA256=E7A3A04DB13F7D5E65DB45DBED99B80C9AD9907BEEBA3416E2E5428E1EFB791E\\r\\nParentProcessGuid: {d42fb54e-a8e8-6aa2-2801-00000000ae05}\\r\\nParentProcessId: 7752\\r\\nParentImage: C:\\\\Program Files (x86)\\\\ossec-agent\\\\wazuh-agent.exe\\r\\nParentCommandLine: \\\"C:\\\\Program Files (x86)\\\\ossec-agent\\\\wazuh-agent.exe\\\"\\r\\nParentUser: NT AUTHORITY\\\\SYSTEM\\\"\"},\"eventdata\":{\"utcTime\":\"2026-09-10 12:56:23.793\",\"processGuid\":\"{d42fb54e-a8f7-6aa2-5b01-00000000ae05}\",\"processId\":\"8600\",\"image\":\"C:\\\\\\\\Windows\\\\\\\\SysWOW64\\\\\\\\net.exe\",\"fileVersion\":\"10.0.26100.7019 (WinBuild.160101.0800)\",\"description\":\"Net Command\",\"product\":\"Microsoft\u00ae Windows\u00ae Operating System\",\"company\":\"Microsoft Corporation\",\"originalFileName\":\"net.exe\",\"commandLine\":\"net user\",\"currentDirectory\":\"C:\\\\\\\\Program Files (x86)\\\\\\\\ossec-agent\\\\\\\\\",\"user\":\"NT AUTHORITY\\\\\\\\SYSTEM\",\"logonGuid\":\"{d42fb54e-a8d9-6aa2-e703-000000000000}\",\"logonId\":\"0x3e7\",\"terminalSessionId\":\"0\",\"integrityLevel\":\"System\",\"hashes\":\"SHA256=E7A3A04DB13F7D5E65DB45DBED99B80C9AD9907BEEBA3416E2E5428E1EFB791E\",\"parentProcessGuid\":\"{d42fb54e-a8e8-6aa2-2801-00000000ae05}\",\"parentProcessId\":\"7752\",\"parentImage\":\"C:\\\\\\\\Program Files (x86)\\\\\\\\ossec-agent\\\\\\\\wazuh-agent.exe\",\"parentCommandLine\":\"\\\\\\\"C:\\\\\\\\Program Files (x86)\\\\\\\\ossec-agent\\\\\\\\wazuh-agent.exe\\\\\\\"\",\"parentUser\":\"NT AUTHORITY\\\\\\\\SYSTEM\"}}}",
    "input": {
      "type": "log"
    },
    "@timestamp": "2026-09-10T12:56:29.940Z",
    "location": "EventChannel",
    "id": "1789044989.125653049",
    "timestamp": "2026-09-10T18:26:29.940+0530"
  },
  {
    "agent": {
      "ip": "192.168.88.147",
      "name": "aayat-host-5th-sem",
      "id": "052"
    },
    "manager": {
      "name": "vp"
    },
    "data": {
      "win": {
        "eventdata": {
          "originalFileName": "net.exe",
          "image": "C:\\\\Windows\\\\SysWOW64\\\\net.exe",
          "product": "Microsoft\u00ae Windows\u00ae Operating System",
          "parentProcessGuid": "{d42fb54e-a8e8-6aa2-2801-00000000ae05}",
          "description": "Net Command",
          "logonGuid": "{d42fb54e-a8d9-6aa2-e703-000000000000}",
          "parentCommandLine": "\\\"C:\\\\Program Files (x86)\\\\ossec-agent\\\\wazuh-agent.exe\\\"",
          "processGuid": "{d42fb54e-a8f7-6aa2-5801-00000000ae05}",
          "logonId": "0x3e7",
          "parentProcessId": "7752",
          "processId": "8204",
          "currentDirectory": "C:\\\\Program Files (x86)\\\\ossec-agent\\\\",
          "utcTime": "2026-09-10 12:56:23.734",
          "hashes": "SHA256=E7A3A04DB13F7D5E65DB45DBED99B80C9AD9907BEEBA3416E2E5428E1EFB791E",
          "parentImage": "C:\\\\Program Files (x86)\\\\ossec-agent\\\\wazuh-agent.exe",
          "company": "Microsoft Corporation",
          "commandLine": "net user",
          "integrityLevel": "System",
          "fileVersion": "10.0.26100.7019 (WinBuild.160101.0800)",
          "user": "NT AUTHORITY\\\\SYSTEM",
          "terminalSessionId": "0",
          "parentUser": "NT AUTHORITY\\\\SYSTEM"
        },
        "system": {
          "eventID": "1",
          "keywords": "0x8000000000000000",
          "providerGuid": "{5770385f-c22a-43e0-bf4c-06f5698ffbd9}",
          "level": "4",
          "channel": "Microsoft-Windows-Sysmon/Operational",
          "opcode": "0",
          "message": "\"Process Create:\r\nRuleName: -\r\nUtcTime: 2026-09-10 12:56:23.734\r\nProcessGuid: {d42fb54e-a8f7-6aa2-5801-00000000ae05}\r\nProcessId: 8204\r\nImage: C:\\Windows\\SysWOW64\\net.exe\r\nFileVersion: 10.0.26100.7019 (WinBuild.160101.0800)\r\nDescription: Net Command\r\nProduct: Microsoft\u00ae Windows\u00ae Operating System\r\nCompany: Microsoft Corporation\r\nOriginalFileName: net.exe\r\nCommandLine: net user\r\nCurrentDirectory: C:\\Program Files (x86)\\ossec-agent\\\r\nUser: NT AUTHORITY\\SYSTEM\r\nLogonGuid: {d42fb54e-a8d9-6aa2-e703-000000000000}\r\nLogonId: 0x3E7\r\nTerminalSessionId: 0\r\nIntegrityLevel: System\r\nHashes: SHA256=E7A3A04DB13F7D5E65DB45DBED99B80C9AD9907BEEBA3416E2E5428E1EFB791E\r\nParentProcessGuid: {d42fb54e-a8e8-6aa2-2801-00000000ae05}\r\nParentProcessId: 7752\r\nParentImage: C:\\Program Files (x86)\\ossec-agent\\wazuh-agent.exe\r\nParentCommandLine: \"C:\\Program Files (x86)\\ossec-agent\\wazuh-agent.exe\"\r\nParentUser: NT AUTHORITY\\SYSTEM\"",
          "version": "5",
          "systemTime": "2026-09-10T12:56:23.7399194Z",
          "eventRecordID": "116206",
          "threadID": "7600",
          "computer": "Aayat",
          "task": "1",
          "processID": "6792",
          "severityValue": "INFORMATION",
          "providerName": "Microsoft-Windows-Sysmon"
        }
      }
    },
    "rule": {
      "firedtimes": 1,
      "mail": false,
      "level": 10,
      "description": "Discovery command via process creation audit",
      "groups": [
        "windows",
        "security_event",
        "custom_windows"
      ],
      "mitre": {
        "technique": [
          "System Information Discovery"
        ],
        "id": [
          "T1082"
        ],
        "tactic": [
          "Discovery"
        ]
      },
      "id": "200068"
    },
    "decoder": {
      "name": "windows_eventchannel"
    },
    "full_log": "{\"win\":{\"system\":{\"providerName\":\"Microsoft-Windows-Sysmon\",\"providerGuid\":\"{5770385f-c22a-43e0-bf4c-06f5698ffbd9}\",\"eventID\":\"1\",\"version\":\"5\",\"level\":\"4\",\"task\":\"1\",\"opcode\":\"0\",\"keywords\":\"0x8000000000000000\",\"systemTime\":\"2026-09-10T12:56:23.7399194Z\",\"eventRecordID\":\"116206\",\"processID\":\"6792\",\"threadID\":\"7600\",\"channel\":\"Microsoft-Windows-Sysmon/Operational\",\"computer\":\"Aayat\",\"severityValue\":\"INFORMATION\",\"message\":\"\\\"Process Create:\\r\\nRuleName: -\\r\\nUtcTime: 2026-09-10 12:56:23.734\\r\\nProcessGuid: {d42fb54e-a8f7-6aa2-5801-00000000ae05}\\r\\nProcessId: 8204\\r\\nImage: C:\\\\Windows\\\\SysWOW64\\\\net.exe\\r\\nFileVersion: 10.0.26100.7019 (WinBuild.160101.0800)\\r\\nDescription: Net Command\\r\\nProduct: Microsoft\u00ae Windows\u00ae Operating System\\r\\nCompany: Microsoft Corporation\\r\\nOriginalFileName: net.exe\\r\\nCommandLine: net user\\r\\nCurrentDirectory: C:\\\\Program Files (x86)\\\\ossec-agent\\\\\\r\\nUser: NT AUTHORITY\\\\SYSTEM\\r\\nLogonGuid: {d42fb54e-a8d9-6aa2-e703-000000000000}\\r\\nLogonId: 0x3E7\\r\\nTerminalSessionId: 0\\r\\nIntegrityLevel: System\\r\\nHashes: SHA256=E7A3A04DB13F7D5E65DB45DBED99B80C9AD9907BEEBA3416E2E5428E1EFB791E\\r\\nParentProcessGuid: {d42fb54e-a8e8-6aa2-2801-00000000ae05}\\r\\nParentProcessId: 7752\\r\\nParentImage: C:\\\\Program Files (x86)\\\\ossec-agent\\\\wazuh-agent.exe\\r\\nParentCommandLine: \\\"C:\\\\Program Files (x86)\\\\ossec-agent\\\\wazuh-agent.exe\\\"\\r\\nParentUser: NT AUTHORITY\\\\SYSTEM\\\"\"},\"eventdata\":{\"utcTime\":\"2026-09-10 12:56:23.734\",\"processGuid\":\"{d42fb54e-a8f7-6aa2-5801-00000000ae05}\",\"processId\":\"8204\",\"image\":\"C:\\\\\\\\Windows\\\\\\\\SysWOW64\\\\\\\\net.exe\",\"fileVersion\":\"10.0.26100.7019 (WinBuild.160101.0800)\",\"description\":\"Net Command\",\"product\":\"Microsoft\u00ae Windows\u00ae Operating System\",\"company\":\"Microsoft Corporation\",\"originalFileName\":\"net.exe\",\"commandLine\":\"net user\",\"currentDirectory\":\"C:\\\\\\\\Program Files (x86)\\\\\\\\ossec-agent\\\\\\\\\",\"user\":\"NT AUTHORITY\\\\\\\\SYSTEM\",\"logonGuid\":\"{d42fb54e-a8d9-6aa2-e703-000000000000}\",\"logonId\":\"0x3e7\",\"terminalSessionId\":\"0\",\"integrityLevel\":\"System\",\"hashes\":\"SHA256=E7A3A04DB13F7D5E65DB45DBED99B80C9AD9907BEEBA3416E2E5428E1EFB791E\",\"parentProcessGuid\":\"{d42fb54e-a8e8-6aa2-2801-00000000ae05}\",\"parentProcessId\":\"7752\",\"parentImage\":\"C:\\\\\\\\Program Files (x86)\\\\\\\\ossec-agent\\\\\\\\wazuh-agent.exe\",\"parentCommandLine\":\"\\\\\\\"C:\\\\\\\\Program Files (x86)\\\\\\\\ossec-agent\\\\\\\\wazuh-agent.exe\\\\\\\"\",\"parentUser\":\"NT AUTHORITY\\\\\\\\SYSTEM\"}}}",
    "input": {
      "type": "log"
    },
    "@timestamp": "2026-09-10T12:56:29.845Z",
    "location": "EventChannel",
    "id": "1789044989.125647823",
    "timestamp": "2026-09-10T18:26:29.845+0530"
  },
  {
    "agent": {
      "ip": "192.168.88.147",
      "name": "aayat-host-5th-sem",
      "id": "052"
    },
    "manager": {
      "name": "vp"
    },
    "data": {
      "win": {
        "eventdata": {
          "data": "hr=0xC004F074, RuleId=eeba1977-569e-4571-b639-7623d8bfecc0;Action=AutoActivate;AppId=55c92734-d682-4d71-983e-d6ec3f16059f;SkuId=73111121-5638-40f6-bc11-f1d7b0d64300;NotificationInterval=1440;Trigger=NetworkAvailable"
        },
        "system": {
          "eventID": "8198",
          "eventSourceName": "Software Protection Platform Service",
          "keywords": "0x80000000000000",
          "providerGuid": "{E23B33B0-C8C9-472C-A5F9-F2BDFEA0F156}",
          "level": "2",
          "channel": "Application",
          "opcode": "0",
          "message": "\"License Activation (slui.exe) failed with the following error code:\r\nhr=0xC004F074\r\nCommand-line arguments:\r\nRuleId=eeba1977-569e-4571-b639-7623d8bfecc0;Action=AutoActivate;AppId=55c92734-d682-4d71-983e-d6ec3f16059f;SkuId=73111121-5638-40f6-bc11-f1d7b0d64300;NotificationInterval=1440;Trigger=NetworkAvailable\"",
          "version": "0",
          "systemTime": "2026-09-10T12:56:10.9048370Z",
          "eventRecordID": "217274",
          "threadID": "0",
          "computer": "Aayat",
          "task": "0",
          "processID": "9056",
          "severityValue": "ERROR",
          "providerName": "Microsoft-Windows-Security-SPP"
        }
      }
    },
    "rule": {
      "firedtimes": 3,
      "mail": false,
      "level": 5,
      "description": "License activation (slui.exe) failed.",
      "groups": [
        "windows",
        "windows_application"
      ],
      "id": "60646"
    },
    "decoder": {
      "name": "windows_eventchannel"
    },
    "input": {
      "type": "log"
    },
    "@timestamp": "2026-09-10T12:56:23.910Z",
    "location": "EventChannel",
    "id": "1789044983.125645491",
    "timestamp": "2026-09-10T18:26:23.910+0530"
  },
  {
    "agent": {
      "ip": "192.168.88.147",
      "name": "aayat-host-5th-sem",
      "id": "052"
    },
    "manager": {
      "name": "vp"
    },
    "data": {
      "win": {
        "eventdata": {
          "data": "hr=0xC004F074, RuleId=eeba1977-569e-4571-b639-7623d8bfecc0;Action=AutoActivate;AppId=55c92734-d682-4d71-983e-d6ec3f16059f;SkuId=73111121-5638-40f6-bc11-f1d7b0d64300;NotificationInterval=1440;Trigger=NetworkAvailable"
        },
        "system": {
          "eventID": "8198",
          "eventSourceName": "Software Protection Platform Service",
          "keywords": "0x80000000000000",
          "providerGuid": "{E23B33B0-C8C9-472C-A5F9-F2BDFEA0F156}",
          "level": "2",
          "channel": "Application",
          "opcode": "0",
          "message": "\"License Activation (slui.exe) failed with the following error code:\r\nhr=0xC004F074\r\nCommand-line arguments:\r\nRuleId=eeba1977-569e-4571-b639-7623d8bfecc0;Action=AutoActivate;AppId=55c92734-d682-4d71-983e-d6ec3f16059f;SkuId=73111121-5638-40f6-bc11-f1d7b0d64300;NotificationInterval=1440;Trigger=NetworkAvailable\"",
          "version": "0",
          "systemTime": "2026-09-10T12:56:10.6625388Z",
          "eventRecordID": "217271",
          "threadID": "0",
          "computer": "Aayat",
          "task": "0",
          "processID": "9196",
          "severityValue": "ERROR",
          "providerName": "Microsoft-Windows-Security-SPP"
        }
      }
    },
    "rule": {
      "firedtimes": 2,
      "mail": false,
      "level": 5,
      "description": "License activation (slui.exe) failed.",
      "groups": [
        "windows",
        "windows_application"
      ],
      "id": "60646"
    },
    "decoder": {
      "name": "windows_eventchannel"
    },
    "input": {
      "type": "log"
    },
    "@timestamp": "2026-09-10T12:56:23.864Z",
    "location": "EventChannel",
    "id": "1789044983.125643159",
    "timestamp": "2026-09-10T18:26:23.864+0530"
  },
  {
    "agent": {
      "ip": "192.168.88.147",
      "name": "aayat-host-5th-sem",
      "id": "052"
    },
    "manager": {
      "name": "vp"
    },
    "data": {
      "win": {
        "eventdata": {
          "data": "hr=0xC004F074, RuleId=eeba1977-569e-4571-b639-7623d8bfecc0;Action=AutoActivate;AppId=55c92734-d682-4d71-983e-d6ec3f16059f;SkuId=73111121-5638-40f6-bc11-f1d7b0d64300;NotificationInterval=1440;Trigger=NetworkAvailable"
        },
        "system": {
          "eventID": "8198",
          "eventSourceName": "Software Protection Platform Service",
          "keywords": "0x80000000000000",
          "providerGuid": "{E23B33B0-C8C9-472C-A5F9-F2BDFEA0F156}",
          "level": "2",
          "channel": "Application",
          "opcode": "0",
          "message": "\"License Activation (slui.exe) failed with the following error code:\r\nhr=0xC004F074\r\nCommand-line arguments:\r\nRuleId=eeba1977-569e-4571-b639-7623d8bfecc0;Action=AutoActivate;AppId=55c92734-d682-4d71-983e-d6ec3f16059f;SkuId=73111121-5638-40f6-bc11-f1d7b0d64300;NotificationInterval=1440;Trigger=NetworkAvailable\"",
          "version": "0",
          "systemTime": "2026-09-10T12:56:10.1615865Z",
          "eventRecordID": "217267",
          "threadID": "0",
          "computer": "Aayat",
          "task": "0",
          "processID": "17340",
          "severityValue": "ERROR",
          "providerName": "Microsoft-Windows-Security-SPP"
        }
      }
    },
    "rule": {
      "firedtimes": 1,
      "mail": false,
      "level": 5,
      "description": "License activation (slui.exe) failed.",
      "groups": [
        "windows",
        "windows_application"
      ],
      "id": "60646"
    },
    "decoder": {
      "name": "windows_eventchannel"
    },
    "input": {
      "type": "log"
    },
    "@timestamp": "2026-09-10T12:56:23.801Z",
    "location": "EventChannel",
    "id": "1789044983.125640825",
    "timestamp": "2026-09-10T18:26:23.801+0530"
  },
