  {
    "agent": {
      "ip": "192.168.88.66",
      "name": "Simran-Machine-Host-5th-Sem",
      "id": "053"
    },
    "manager": {
      "name": "vp"
    },
    "data": {
      "win": {
        "eventdata": {
          "param7": "simra",
          "param8": "S-1-5-21-2097721581-3874961944-690806462-1001",
          "param5": "{15C20B67-12E7-4BB6-92BB-7AFF07997402}",
          "param6": "LAPTOP-P8C7UUVI",
          "param9": "LocalHost (Using LRPC)",
          "param10": "Unavailable",
          "param11": "Unavailable",
          "param3": "Activation",
          "param4": "{2593F8B9-4EAF-457C-B68A-50F6B8EA6B54}",
          "param1": "application-specific",
          "param2": "Local"
        },
        "system": {
          "eventID": "10016",
          "eventSourceName": "DCOM",
          "keywords": "0x8080000000000000",
          "providerGuid": "{1B562E86-B7AA-4131-BADC-B6F3A001407E}",
          "level": "3",
          "channel": "System",
          "opcode": "0",
          "message": "\"The application-specific permission settings do not grant Local Activation permission for the COM Server application with CLSID \r\n{2593F8B9-4EAF-457C-B68A-50F6B8EA6B54}\r\n and APPID \r\n{15C20B67-12E7-4BB6-92BB-7AFF07997402}\r\n to the user LAPTOP-P8C7UUVI\\simra SID (S-1-5-21-2097721581-3874961944-690806462-1001) from address LocalHost (Using LRPC) running in the application container Unavailable SID (Unavailable). This security permission can be modified using the Component Services administrative tool.\"",
          "version": "0",
          "systemTime": "2026-09-10T12:46:24.7680482Z",
          "eventRecordID": "318912",
          "threadID": "7988",
          "computer": "LAPTOP-P8C7UUVI",
          "task": "0",
          "processID": "1804",
          "severityValue": "WARNING",
          "providerName": "Microsoft-Windows-DistributedCOM"
        }
      }
    },
    "rule": {
      "firedtimes": 14,
      "mail": false,
      "level": 10,
      "description": "Windows: Mimikatz credential dump (EventID 4624)",
      "groups": [
        "custom_attacks",
        "windows",
        "credential_access"
      ],
      "mitre": {
        "technique": [
          "LSASS Memory"
        ],
        "id": [
          "T1003.001"
        ],
        "tactic": [
          "Credential Access"
        ]
      },
      "id": "100141"
    },
    "decoder": {
      "name": "windows_eventchannel"
    },
    "full_log": "{\"win\":{\"system\":{\"providerName\":\"Microsoft-Windows-DistributedCOM\",\"providerGuid\":\"{1B562E86-B7AA-4131-BADC-B6F3A001407E}\",\"eventSourceName\":\"DCOM\",\"eventID\":\"10016\",\"version\":\"0\",\"level\":\"3\",\"task\":\"0\",\"opcode\":\"0\",\"keywords\":\"0x8080000000000000\",\"systemTime\":\"2026-09-10T12:46:24.7680482Z\",\"eventRecordID\":\"318912\",\"processID\":\"1804\",\"threadID\":\"7988\",\"channel\":\"System\",\"computer\":\"LAPTOP-P8C7UUVI\",\"severityValue\":\"WARNING\",\"message\":\"\\\"The application-specific permission settings do not grant Local Activation permission for the COM Server application with CLSID \\r\\n{2593F8B9-4EAF-457C-B68A-50F6B8EA6B54}\\r\\n and APPID \\r\\n{15C20B67-12E7-4BB6-92BB-7AFF07997402}\\r\\n to the user LAPTOP-P8C7UUVI\\\\simra SID (S-1-5-21-2097721581-3874961944-690806462-1001) from address LocalHost (Using LRPC) running in the application container Unavailable SID (Unavailable). This security permission can be modified using the Component Services administrative tool.\\\"\"},\"eventdata\":{\"param1\":\"application-specific\",\"param2\":\"Local\",\"param3\":\"Activation\",\"param4\":\"{2593F8B9-4EAF-457C-B68A-50F6B8EA6B54}\",\"param5\":\"{15C20B67-12E7-4BB6-92BB-7AFF07997402}\",\"param6\":\"LAPTOP-P8C7UUVI\",\"param7\":\"simra\",\"param8\":\"S-1-5-21-2097721581-3874961944-690806462-1001\",\"param9\":\"LocalHost (Using LRPC)\",\"param10\":\"Unavailable\",\"param11\":\"Unavailable\"}}}",
    "input": {
      "type": "log"
    },
    "@timestamp": "2026-09-10T13:02:07.957Z",
    "location": "EventChannel",
    "id": "1789045327.125719121",
    "timestamp": "2026-09-10T18:32:07.957+0530"
  },
  {
    "agent": {
      "ip": "192.168.88.66",
      "name": "Simran-Machine-Host-5th-Sem",
      "id": "053"
    },
    "manager": {
      "name": "vp"
    },
    "data": {
      "win": {
        "eventdata": {
          "param7": "SYSTEM",
          "param8": "S-1-5-18",
          "param5": "Unavailable",
          "param6": "NT AUTHORITY",
          "param9": "LocalHost (Using LRPC)",
          "param10": "Unavailable",
          "param11": "Unavailable",
          "param3": "Launch",
          "param4": "Windows.SecurityCenter.WscDataProtection",
          "param1": "application-specific",
          "param2": "Local"
        },
        "system": {
          "eventID": "10016",
          "eventSourceName": "DCOM",
          "keywords": "0x8080000000000000",
          "providerGuid": "{1B562E86-B7AA-4131-BADC-B6F3A001407E}",
          "level": "3",
          "channel": "System",
          "opcode": "0",
          "message": "\"The application-specific permission settings do not grant Local Launch permission for the COM Server application with CLSID \r\nWindows.SecurityCenter.WscDataProtection\r\n and APPID \r\nUnavailable\r\n to the user NT AUTHORITY\\SYSTEM SID (S-1-5-18) from address LocalHost (Using LRPC) running in the application container Unavailable SID (Unavailable). This security permission can be modified using the Component Services administrative tool.\"",
          "version": "0",
          "systemTime": "2026-09-10T12:46:35.2679246Z",
          "eventRecordID": "318915",
          "threadID": "2120",
          "computer": "LAPTOP-P8C7UUVI",
          "task": "0",
          "processID": "1804",
          "severityValue": "WARNING",
          "providerName": "Microsoft-Windows-DistributedCOM"
        }
      }
    },
    "rule": {
      "firedtimes": 15,
      "mail": false,
      "level": 10,
      "description": "Windows: Mimikatz credential dump (EventID 4624)",
      "groups": [
        "custom_attacks",
        "windows",
        "credential_access"
      ],
      "mitre": {
        "technique": [
          "LSASS Memory"
        ],
        "id": [
          "T1003.001"
        ],
        "tactic": [
          "Credential Access"
        ]
      },
      "id": "100141"
    },
    "decoder": {
      "name": "windows_eventchannel"
    },
    "full_log": "{\"win\":{\"system\":{\"providerName\":\"Microsoft-Windows-DistributedCOM\",\"providerGuid\":\"{1B562E86-B7AA-4131-BADC-B6F3A001407E}\",\"eventSourceName\":\"DCOM\",\"eventID\":\"10016\",\"version\":\"0\",\"level\":\"3\",\"task\":\"0\",\"opcode\":\"0\",\"keywords\":\"0x8080000000000000\",\"systemTime\":\"2026-09-10T12:46:35.2679246Z\",\"eventRecordID\":\"318915\",\"processID\":\"1804\",\"threadID\":\"2120\",\"channel\":\"System\",\"computer\":\"LAPTOP-P8C7UUVI\",\"severityValue\":\"WARNING\",\"message\":\"\\\"The application-specific permission settings do not grant Local Launch permission for the COM Server application with CLSID \\r\\nWindows.SecurityCenter.WscDataProtection\\r\\n and APPID \\r\\nUnavailable\\r\\n to the user NT AUTHORITY\\\\SYSTEM SID (S-1-5-18) from address LocalHost (Using LRPC) running in the application container Unavailable SID (Unavailable). This security permission can be modified using the Component Services administrative tool.\\\"\"},\"eventdata\":{\"param1\":\"application-specific\",\"param2\":\"Local\",\"param3\":\"Launch\",\"param4\":\"Windows.SecurityCenter.WscDataProtection\",\"param5\":\"Unavailable\",\"param6\":\"NT AUTHORITY\",\"param7\":\"SYSTEM\",\"param8\":\"S-1-5-18\",\"param9\":\"LocalHost (Using LRPC)\",\"param10\":\"Unavailable\",\"param11\":\"Unavailable\"}}}",
    "input": {
      "type": "log"
    },
    "@timestamp": "2026-09-10T13:02:07.957Z",
    "location": "EventChannel",
    "id": "1789045327.125722215",
    "timestamp": "2026-09-10T18:32:07.957+0530"
  },
  {
    "agent": {
      "ip": "192.168.88.66",
      "name": "Simran-Machine-Host-5th-Sem",
      "id": "053"
    },
    "manager": {
      "name": "vp"
    },
    "data": {
      "win": {
        "eventdata": {
          "param7": "SYSTEM",
          "param8": "S-1-5-18",
          "param5": "Unavailable",
          "param6": "NT AUTHORITY",
          "param9": "LocalHost (Using LRPC)",
          "param10": "Unavailable",
          "param11": "Unavailable",
          "param3": "Launch",
          "param4": "Windows.SecurityCenter.SecurityAppBroker",
          "param1": "application-specific",
          "param2": "Local"
        },
        "system": {
          "eventID": "10016",
          "eventSourceName": "DCOM",
          "keywords": "0x8080000000000000",
          "providerGuid": "{1B562E86-B7AA-4131-BADC-B6F3A001407E}",
          "level": "3",
          "channel": "System",
          "opcode": "0",
          "message": "\"The application-specific permission settings do not grant Local Launch permission for the COM Server application with CLSID \r\nWindows.SecurityCenter.SecurityAppBroker\r\n and APPID \r\nUnavailable\r\n to the user NT AUTHORITY\\SYSTEM SID (S-1-5-18) from address LocalHost (Using LRPC) running in the application container Unavailable SID (Unavailable). This security permission can be modified using the Component Services administrative tool.\"",
          "version": "0",
          "systemTime": "2026-09-10T12:46:35.2649223Z",
          "eventRecordID": "318914",
          "threadID": "7988",
          "computer": "LAPTOP-P8C7UUVI",
          "task": "0",
          "processID": "1804",
          "severityValue": "WARNING",
          "providerName": "Microsoft-Windows-DistributedCOM"
        }
      }
    },
    "rule": {
      "firedtimes": 16,
      "mail": false,
      "level": 10,
      "description": "Windows: Mimikatz credential dump (EventID 4624)",
      "groups": [
        "custom_attacks",
        "windows",
        "credential_access"
      ],
      "mitre": {
        "technique": [
          "LSASS Memory"
        ],
        "id": [
          "T1003.001"
        ],
        "tactic": [
          "Credential Access"
        ]
      },
      "id": "100141"
    },
    "decoder": {
      "name": "windows_eventchannel"
    },
    "full_log": "{\"win\":{\"system\":{\"providerName\":\"Microsoft-Windows-DistributedCOM\",\"providerGuid\":\"{1B562E86-B7AA-4131-BADC-B6F3A001407E}\",\"eventSourceName\":\"DCOM\",\"eventID\":\"10016\",\"version\":\"0\",\"level\":\"3\",\"task\":\"0\",\"opcode\":\"0\",\"keywords\":\"0x8080000000000000\",\"systemTime\":\"2026-09-10T12:46:35.2649223Z\",\"eventRecordID\":\"318914\",\"processID\":\"1804\",\"threadID\":\"7988\",\"channel\":\"System\",\"computer\":\"LAPTOP-P8C7UUVI\",\"severityValue\":\"WARNING\",\"message\":\"\\\"The application-specific permission settings do not grant Local Launch permission for the COM Server application with CLSID \\r\\nWindows.SecurityCenter.SecurityAppBroker\\r\\n and APPID \\r\\nUnavailable\\r\\n to the user NT AUTHORITY\\\\SYSTEM SID (S-1-5-18) from address LocalHost (Using LRPC) running in the application container Unavailable SID (Unavailable). This security permission can be modified using the Component Services administrative tool.\\\"\"},\"eventdata\":{\"param1\":\"application-specific\",\"param2\":\"Local\",\"param3\":\"Launch\",\"param4\":\"Windows.SecurityCenter.SecurityAppBroker\",\"param5\":\"Unavailable\",\"param6\":\"NT AUTHORITY\",\"param7\":\"SYSTEM\",\"param8\":\"S-1-5-18\",\"param9\":\"LocalHost (Using LRPC)\",\"param10\":\"Unavailable\",\"param11\":\"Unavailable\"}}}",
    "input": {
      "type": "log"
    },
    "@timestamp": "2026-09-10T13:02:07.957Z",
    "location": "EventChannel",
    "id": "1789045327.125725037",
    "timestamp": "2026-09-10T18:32:07.957+0530"
  },
  {
    "agent": {
      "ip": "192.168.88.66",
      "name": "Simran-Machine-Host-5th-Sem",
      "id": "053"
    },
    "manager": {
      "name": "vp"
    },
    "data": {
      "win": {
        "eventdata": {
          "serviceType": "user mode service",
          "accountName": "LocalSystem",
          "imagePath": "\\\"C:\\\\Program Files\\\\McAfee\\\\wps\\\\1.40.161.1\\\\dad\\\\mc-dad.exe\\\"",
          "startType": "demand start",
          "serviceName": "McAfee Scheduled Task - (McAfee-Dynamicappdownloader)"
        },
        "system": {
          "eventID": "7045",
          "eventSourceName": "Service Control Manager",
          "keywords": "0x8080000000000000",
          "providerGuid": "{555908d1-a6d7-4695-8e1e-26931d2012f4}",
          "level": "4",
          "channel": "System",
          "opcode": "0",
          "message": "\"A service was installed in the system.\r\n\r\nService Name:  McAfee Scheduled Task - (McAfee-Dynamicappdownloader)\r\nService File Name:  \"C:\\Program Files\\McAfee\\wps\\1.40.161.1\\dad\\mc-dad.exe\"\r\nService Type:  user mode service\r\nService Start Type:  demand start\r\nService Account:  LocalSystem\"",
          "version": "0",
          "systemTime": "2026-09-10T12:45:27.1210206Z",
          "eventRecordID": "318903",
          "threadID": "1592",
          "computer": "LAPTOP-P8C7UUVI",
          "task": "0",
          "processID": "1428",
          "severityValue": "INFORMATION",
          "providerName": "Service Control Manager"
        }
      }
    },
    "rule": {
      "firedtimes": 1,
      "mail": false,
      "level": 5,
      "description": "New Windows Service Created",
      "groups": [
        "windows",
        "windows_system"
      ],
      "mitre": {
        "technique": [
          "Windows Service"
        ],
        "id": [
          "T1543.003"
        ],
        "tactic": [
          "Persistence",
          "Privilege Escalation"
        ]
      },
      "id": "61138"
    },
    "decoder": {
      "name": "windows_eventchannel"
    },
    "input": {
      "type": "log"
    },
    "@timestamp": "2026-09-10T13:02:07.956Z",
    "location": "EventChannel",
    "id": "1789045327.125708411",
    "timestamp": "2026-09-10T18:32:07.956+0530"
  },
  {
    "agent": {
      "ip": "192.168.88.66",
      "name": "Simran-Machine-Host-5th-Sem",
      "id": "053"
    },
    "manager": {
      "name": "vp"
    },
    "data": {
      "win": {
        "eventdata": {
          "param7": "LOCAL SERVICE",
          "param8": "S-1-5-19",
          "param5": "{4839DDB7-58C2-48F5-8283-E1D1807D0D7D}",
          "param6": "NT AUTHORITY",
          "param9": "LocalHost (Using LRPC)",
          "param10": "Unavailable",
          "param11": "Unavailable",
          "param3": "Activation",
          "param4": "{6B3B8D23-FA8D-40B9-8DBD-B950333E2C52}",
          "param1": "application-specific",
          "param2": "Local"
        },
        "system": {
          "eventID": "10016",
          "eventSourceName": "DCOM",
          "keywords": "0x8080000000000000",
          "providerGuid": "{1B562E86-B7AA-4131-BADC-B6F3A001407E}",
          "level": "3",
          "channel": "System",
          "opcode": "0",
          "message": "\"The application-specific permission settings do not grant Local Activation permission for the COM Server application with CLSID \r\n{6B3B8D23-FA8D-40B9-8DBD-B950333E2C52}\r\n and APPID \r\n{4839DDB7-58C2-48F5-8283-E1D1807D0D7D}\r\n to the user NT AUTHORITY\\LOCAL SERVICE SID (S-1-5-19) from address LocalHost (Using LRPC) running in the application container Unavailable SID (Unavailable). This security permission can be modified using the Component Services administrative tool.\"",
          "version": "0",
          "systemTime": "2026-09-10T12:45:02.6759179Z",
          "eventRecordID": "318888",
          "threadID": "5988",
          "computer": "LAPTOP-P8C7UUVI",
          "task": "0",
          "processID": "1804",
          "severityValue": "WARNING",
          "providerName": "Microsoft-Windows-DistributedCOM"
        }
      }
    },
    "rule": {
      "firedtimes": 8,
      "mail": false,
      "level": 10,
      "description": "Windows: Mimikatz credential dump (EventID 4624)",
      "groups": [
        "custom_attacks",
        "windows",
        "credential_access"
      ],
      "mitre": {
        "technique": [
          "LSASS Memory"
        ],
        "id": [
          "T1003.001"
        ],
        "tactic": [
          "Credential Access"
        ]
      },
      "id": "100141"
    },
    "decoder": {
      "name": "windows_eventchannel"
    },
    "full_log": "{\"win\":{\"system\":{\"providerName\":\"Microsoft-Windows-DistributedCOM\",\"providerGuid\":\"{1B562E86-B7AA-4131-BADC-B6F3A001407E}\",\"eventSourceName\":\"DCOM\",\"eventID\":\"10016\",\"version\":\"0\",\"level\":\"3\",\"task\":\"0\",\"opcode\":\"0\",\"keywords\":\"0x8080000000000000\",\"systemTime\":\"2026-09-10T12:45:02.6759179Z\",\"eventRecordID\":\"318888\",\"processID\":\"1804\",\"threadID\":\"5988\",\"channel\":\"System\",\"computer\":\"LAPTOP-P8C7UUVI\",\"severityValue\":\"WARNING\",\"message\":\"\\\"The application-specific permission settings do not grant Local Activation permission for the COM Server application with CLSID \\r\\n{6B3B8D23-FA8D-40B9-8DBD-B950333E2C52}\\r\\n and APPID \\r\\n{4839DDB7-58C2-48F5-8283-E1D1807D0D7D}\\r\\n to the user NT AUTHORITY\\\\LOCAL SERVICE SID (S-1-5-19) from address LocalHost (Using LRPC) running in the application container Unavailable SID (Unavailable). This security permission can be modified using the Component Services administrative tool.\\\"\"},\"eventdata\":{\"param1\":\"application-specific\",\"param2\":\"Local\",\"param3\":\"Activation\",\"param4\":\"{6B3B8D23-FA8D-40B9-8DBD-B950333E2C52}\",\"param5\":\"{4839DDB7-58C2-48F5-8283-E1D1807D0D7D}\",\"param6\":\"NT AUTHORITY\",\"param7\":\"LOCAL SERVICE\",\"param8\":\"S-1-5-19\",\"param9\":\"LocalHost (Using LRPC)\",\"param10\":\"Unavailable\",\"param11\":\"Unavailable\"}}}",
    "input": {
      "type": "log"
    },
    "@timestamp": "2026-09-10T13:02:07.955Z",
    "location": "EventChannel",
    "id": "1789045327.125699503",
    "timestamp": "2026-09-10T18:32:07.955+0530"
  },
  {
    "agent": {
      "ip": "192.168.88.66",
      "name": "Simran-Machine-Host-5th-Sem",
      "id": "053"
    },
    "manager": {
      "name": "vp"
    },
    "data": {
      "win": {
        "eventdata": {
          "param7": "LOCAL SERVICE",
          "param8": "S-1-5-19",
          "param5": "{4839DDB7-58C2-48F5-8283-E1D1807D0D7D}",
          "param6": "NT AUTHORITY",
          "param9": "LocalHost (Using LRPC)",
          "param10": "Unavailable",
          "param11": "Unavailable",
          "param3": "Activation",
          "param4": "{6B3B8D23-FA8D-40B9-8DBD-B950333E2C52}",
          "param1": "application-specific",
          "param2": "Local"
        },
        "system": {
          "eventID": "10016",
          "eventSourceName": "DCOM",
          "keywords": "0x8080000000000000",
          "providerGuid": "{1B562E86-B7AA-4131-BADC-B6F3A001407E}",
          "level": "3",
          "channel": "System",
          "opcode": "0",
          "message": "\"The application-specific permission settings do not grant Local Activation permission for the COM Server application with CLSID \r\n{6B3B8D23-FA8D-40B9-8DBD-B950333E2C52}\r\n and APPID \r\n{4839DDB7-58C2-48F5-8283-E1D1807D0D7D}\r\n to the user NT AUTHORITY\\LOCAL SERVICE SID (S-1-5-19) from address LocalHost (Using LRPC) running in the application container Unavailable SID (Unavailable). This security permission can be modified using the Component Services administrative tool.\"",
          "version": "0",
          "systemTime": "2026-09-10T12:45:02.6929364Z",
          "eventRecordID": "318889",
          "threadID": "8496",
          "computer": "LAPTOP-P8C7UUVI",
          "task": "0",
          "processID": "1804",
          "severityValue": "WARNING",
          "providerName": "Microsoft-Windows-DistributedCOM"
        }
      }
    },
    "rule": {
      "firedtimes": 10,
      "mail": false,
      "level": 10,
      "description": "Windows: Mimikatz credential dump (EventID 4624)",
      "groups": [
        "custom_attacks",
        "windows",
        "credential_access"
      ],
      "mitre": {
        "technique": [
          "LSASS Memory"
        ],
        "id": [
          "T1003.001"
        ],
        "tactic": [
          "Credential Access"
        ]
      },
      "id": "100141"
    },
    "decoder": {
      "name": "windows_eventchannel"
    },
    "full_log": "{\"win\":{\"system\":{\"providerName\":\"Microsoft-Windows-DistributedCOM\",\"providerGuid\":\"{1B562E86-B7AA-4131-BADC-B6F3A001407E}\",\"eventSourceName\":\"DCOM\",\"eventID\":\"10016\",\"version\":\"0\",\"level\":\"3\",\"task\":\"0\",\"opcode\":\"0\",\"keywords\":\"0x8080000000000000\",\"systemTime\":\"2026-09-10T12:45:02.6929364Z\",\"eventRecordID\":\"318889\",\"processID\":\"1804\",\"threadID\":\"8496\",\"channel\":\"System\",\"computer\":\"LAPTOP-P8C7UUVI\",\"severityValue\":\"WARNING\",\"message\":\"\\\"The application-specific permission settings do not grant Local Activation permission for the COM Server application with CLSID \\r\\n{6B3B8D23-FA8D-40B9-8DBD-B950333E2C52}\\r\\n and APPID \\r\\n{4839DDB7-58C2-48F5-8283-E1D1807D0D7D}\\r\\n to the user NT AUTHORITY\\\\LOCAL SERVICE SID (S-1-5-19) from address LocalHost (Using LRPC) running in the application container Unavailable SID (Unavailable). This security permission can be modified using the Component Services administrative tool.\\\"\"},\"eventdata\":{\"param1\":\"application-specific\",\"param2\":\"Local\",\"param3\":\"Activation\",\"param4\":\"{6B3B8D23-FA8D-40B9-8DBD-B950333E2C52}\",\"param5\":\"{4839DDB7-58C2-48F5-8283-E1D1807D0D7D}\",\"param6\":\"NT AUTHORITY\",\"param7\":\"LOCAL SERVICE\",\"param8\":\"S-1-5-19\",\"param9\":\"LocalHost (Using LRPC)\",\"param10\":\"Unavailable\",\"param11\":\"Unavailable\"}}}",
    "input": {
      "type": "log"
    },
    "@timestamp": "2026-09-10T13:02:07.955Z",
    "location": "EventChannel",
    "id": "1789045327.125705445",
    "timestamp": "2026-09-10T18:32:07.955+0530"
  },
  {
    "agent": {
      "ip": "192.168.88.66",
      "name": "Simran-Machine-Host-5th-Sem",
      "id": "053"
    },
    "manager": {
      "name": "vp"
    },
    "data": {
      "win": {
        "eventdata": {
          "param7": "NETWORK SERVICE",
          "param8": "S-1-5-20",
          "param5": "{2ED83BAA-B2FD-43B1-99BF-E6149C622692}",
          "param6": "NT AUTHORITY",
          "param9": "LocalHost (Using LRPC)",
          "param10": "Unavailable",
          "param11": "Unavailable",
          "param3": "Activation",
          "param4": "{9EA82395-E31B-41CA-8DF7-EC1CEE7194DF}",
          "param1": "application-specific",
          "param2": "Local"
        },
        "system": {
          "eventID": "10016",
          "eventSourceName": "DCOM",
          "keywords": "0x8080000000000000",
          "providerGuid": "{1B562E86-B7AA-4131-BADC-B6F3A001407E}",
          "level": "3",
          "channel": "System",
          "opcode": "0",
          "message": "\"The application-specific permission settings do not grant Local Activation permission for the COM Server application with CLSID \r\n{9EA82395-E31B-41CA-8DF7-EC1CEE7194DF}\r\n and APPID \r\n{2ED83BAA-B2FD-43B1-99BF-E6149C622692}\r\n to the user NT AUTHORITY\\NETWORK SERVICE SID (S-1-5-20) from address LocalHost (Using LRPC) running in the application container Unavailable SID (Unavailable). This security permission can be modified using the Component Services administrative tool.\"",
          "version": "0",
          "systemTime": "2026-09-10T12:45:01.2606666Z",
          "eventRecordID": "318886",
          "threadID": "10424",
          "computer": "LAPTOP-P8C7UUVI",
          "task": "0",
          "processID": "1804",
          "severityValue": "WARNING",
          "providerName": "Microsoft-Windows-DistributedCOM"
        }
      }
    },
    "rule": {
      "firedtimes": 9,
      "mail": false,
      "level": 10,
      "description": "Windows: Mimikatz credential dump (EventID 4624)",
      "groups": [
        "custom_attacks",
        "windows",
        "credential_access"
      ],
      "mitre": {
        "technique": [
          "LSASS Memory"
        ],
        "id": [
          "T1003.001"
        ],
        "tactic": [
          "Credential Access"
        ]
      },
      "id": "100141"
    },
    "decoder": {
      "name": "windows_eventchannel"
    },
    "full_log": "{\"win\":{\"system\":{\"providerName\":\"Microsoft-Windows-DistributedCOM\",\"providerGuid\":\"{1B562E86-B7AA-4131-BADC-B6F3A001407E}\",\"eventSourceName\":\"DCOM\",\"eventID\":\"10016\",\"version\":\"0\",\"level\":\"3\",\"task\":\"0\",\"opcode\":\"0\",\"keywords\":\"0x8080000000000000\",\"systemTime\":\"2026-09-10T12:45:01.2606666Z\",\"eventRecordID\":\"318886\",\"processID\":\"1804\",\"threadID\":\"10424\",\"channel\":\"System\",\"computer\":\"LAPTOP-P8C7UUVI\",\"severityValue\":\"WARNING\",\"message\":\"\\\"The application-specific permission settings do not grant Local Activation permission for the COM Server application with CLSID \\r\\n{9EA82395-E31B-41CA-8DF7-EC1CEE7194DF}\\r\\n and APPID \\r\\n{2ED83BAA-B2FD-43B1-99BF-E6149C622692}\\r\\n to the user NT AUTHORITY\\\\NETWORK SERVICE SID (S-1-5-20) from address LocalHost (Using LRPC) running in the application container Unavailable SID (Unavailable). This security permission can be modified using the Component Services administrative tool.\\\"\"},\"eventdata\":{\"param1\":\"application-specific\",\"param2\":\"Local\",\"param3\":\"Activation\",\"param4\":\"{9EA82395-E31B-41CA-8DF7-EC1CEE7194DF}\",\"param5\":\"{2ED83BAA-B2FD-43B1-99BF-E6149C622692}\",\"param6\":\"NT AUTHORITY\",\"param7\":\"NETWORK SERVICE\",\"param8\":\"S-1-5-20\",\"param9\":\"LocalHost (Using LRPC)\",\"param10\":\"Unavailable\",\"param11\":\"Unavailable\"}}}",
    "input": {
      "type": "log"
    },
    "@timestamp": "2026-09-10T13:02:07.954Z",
    "location": "EventChannel",
    "id": "1789045327.125702469",
    "timestamp": "2026-09-10T18:32:07.954+0530"
  },
